<?xml version="1.0" encoding="UTF-8"?>
<testsuite name="com.company.project.test.errorhandling.ExceptionResponseTest" tests="7" skipped="0" failures="1" errors="0" timestamp="2026-03-10T07:57:48" hostname="LKINDO" time="1.318">
  <properties/>
  <testcase name="인증 실패 예외(AuthenticationException) 발생 시 401 에러 반환 테스트" classname="com.company.project.test.errorhandling.ExceptionResponseTest" time="0.809"/>
  <testcase name="존재하지 않는 리소스(BusinessException: USER_NOT_FOUND) 조회 시 404 에러 반환 테스트" classname="com.company.project.test.errorhandling.ExceptionResponseTest" time="0.1"/>
  <testcase name="인가 실패 예외(AccessDeniedException) 발생 시 403 에러 반환 테스트" classname="com.company.project.test.errorhandling.ExceptionResponseTest" time="0.041">
    <failure message="org.springframework.security.authentication.BadCredentialsException: Authentication required" type="org.springframework.security.authentication.BadCredentialsException">org.springframework.security.authentication.BadCredentialsException: Authentication required
	at app//com.company.project.service.user.UserService.getUserList(UserService.java:59)
	at java.base@21.0.9/jdk.internal.reflect.DirectMethodHandleAccessor.invoke(DirectMethodHandleAccessor.java:103)
	at java.base@21.0.9/java.lang.reflect.Method.invoke(Method.java:580)
	at app//org.springframework.aop.support.AopUtils.invokeJoinpointUsingReflection(AopUtils.java:359)
	at app//org.springframework.aop.framework.ReflectiveMethodInvocation.invokeJoinpoint(ReflectiveMethodInvocation.java:196)
	at app//org.springframework.aop.framework.ReflectiveMethodInvocation.proceed(ReflectiveMethodInvocation.java:163)
	at app//org.springframework.transaction.interceptor.TransactionAspectSupport.invokeWithinTransaction(TransactionAspectSupport.java:380)
	at app//org.springframework.transaction.interceptor.TransactionInterceptor.invoke(TransactionInterceptor.java:119)
	at app//org.springframework.aop.framework.ReflectiveMethodInvocation.proceed(ReflectiveMethodInvocation.java:184)
	at app//org.springframework.aop.framework.CglibAopProxy$DynamicAdvisedInterceptor.intercept(CglibAopProxy.java:727)
	at app//com.company.project.service.user.UserService$$SpringCGLIB$$0.getUserList(&lt;generated&gt;)
	at app//com.company.project.test.errorhandling.ExceptionResponseTest.accessDeniedException_occurs_returns403Error(ExceptionResponseTest.java:136)
	at java.base@21.0.9/java.lang.reflect.Method.invoke(Method.java:580)
	at java.base@21.0.9/java.util.ArrayList.forEach(ArrayList.java:1596)
	at java.base@21.0.9/java.util.ArrayList.forEach(ArrayList.java:1596)
</failure>
  </testcase>
  <testcase name="런타임 예외(RuntimeException) 발생 시 500 에러(INTERNAL_SERVER_ERROR) 반환 테스트" classname="com.company.project.test.errorhandling.ExceptionResponseTest" time="0.232"/>
  <testcase name="비즈니스 예외(BusinessException) 발생 시 매핑된 에러 코드와 응답 반환 테스트" classname="com.company.project.test.errorhandling.ExceptionResponseTest" time="0.038"/>
  <testcase name="유효성 검증 예외(MethodArgumentNotValidException) 발생 시 400 에러 반환 테스트" classname="com.company.project.test.errorhandling.ExceptionResponseTest" time="0.055"/>
  <testcase name="에러 응답 구조의 일관성 검증 테스트" classname="com.company.project.test.errorhandling.ExceptionResponseTest" time="0.031"/>
  <system-out><![CDATA[16:57:16.817 [Test worker] INFO org.springframework.test.context.support.AnnotationConfigContextLoaderUtils -- Could not detect default configuration classes for test class [com.company.project.test.errorhandling.ExceptionResponseTest]: ExceptionResponseTest does not declare any static, non-private, non-final, nested classes annotated with @Configuration.
16:57:17.200 [Test worker] INFO org.springframework.boot.test.context.SpringBootTestContextBootstrapper -- Found @SpringBootConfiguration com.company.project.ApiServerApplication for test class com.company.project.test.errorhandling.ExceptionResponseTest

  .   ____          _            __ _ _
 /\\ / ___'_ __ _ _(_)_ __  __ _ \ \ \ \
( ( )\___ | '_ | '_| | '_ \/ _` | \ \ \ \
 \\/  ___)| |_)| | | | | || (_| |  ) ) ) )
  '  |____| .__|_| |_|_| |_\__, | / / / /
 =========|_|==============|___/=/_/_/_/

 :: Spring Boot ::                (v3.4.1)

2026-03-10 16:57:18 [background-preinit] INFO  o.h.validator.internal.util.Version - HV000001: Hibernate Validator 8.0.2.Final
2026-03-10 16:57:18 [Test worker] INFO  c.c.p.t.e.ExceptionResponseTest - Starting ExceptionResponseTest using Java 21.0.9 with PID 11616 (started by lkind in D:\project\egov-enterprise)
2026-03-10 16:57:18 [Test worker] DEBUG c.c.p.t.e.ExceptionResponseTest - Running with Spring Boot v3.4.1, Spring v6.2.1
2026-03-10 16:57:18 [Test worker] INFO  c.c.p.t.e.ExceptionResponseTest - The following 1 profile is active: "test"
2026-03-10 16:57:18 [Test worker] DEBUG o.s.w.c.s.GenericWebApplicationContext - Refreshing org.springframework.web.context.support.GenericWebApplicationContext@127d2aee
2026-03-10 16:57:18 [Test worker] DEBUG o.s.b.f.s.DefaultListableBeanFactory - Creating shared instance of singleton bean 'org.springframework.context.annotation.internalConfigurationAnnotationProcessor'
2026-03-10 16:57:18 [Test worker] DEBUG o.s.b.f.s.DefaultListableBeanFactory - Creating shared instance of singleton bean 'org.springframework.boot.autoconfigure.internalCachingMetadataReaderFactory'
2026-03-10 16:57:21 [Test worker] INFO  o.s.b.f.s.DefaultListableBeanFactory - Overriding bean definition for bean 'mockUserService' with a different definition: replacing [Root bean: class=null; scope=; abstract=false; lazyInit=null; autowireMode=3; dependencyCheck=0; autowireCandidate=true; primary=true; fallback=false; factoryBeanName=com.company.project.performance.BottleneckIdentificationTest$BottleneckTestConfig; factoryMethodName=mockUserService; initMethodNames=null; destroyMethodNames=[(inferred)]; defined in class path resource [com/company/project/performance/BottleneckIdentificationTest$BottleneckTestConfig.class]] with [Root bean: class=null; scope=; abstract=false; lazyInit=null; autowireMode=3; dependencyCheck=0; autowireCandidate=true; primary=true; fallback=false; factoryBeanName=com.company.project.performance.LoadTest$LoadTestConfig; factoryMethodName=mockUserService; initMethodNames=null; destroyMethodNames=[(inferred)]; defined in class path resource [com/company/project/performance/LoadTest$LoadTestConfig.class]]
2026-03-10 16:57:21 [Test worker] DEBUG o.s.b.f.s.DefaultListableBeanFactory - Overriding bean definition for bean 'mockUserService' with a different definition: replacing [Root bean: class=null; scope=; abstract=false; lazyInit=null; autowireMode=3; dependencyCheck=0; autowireCandidate=true; primary=true; fallback=false; factoryBeanName=com.company.project.performance.BottleneckIdentificationTest$BottleneckTestConfig; factoryMethodName=mockUserService; initMethodNames=null; destroyMethodNames=[(inferred)]; defined in class path resource [com/company/project/performance/BottleneckIdentificationTest$BottleneckTestConfig.class]] with [Root bean: class=null; scope=; abstract=false; lazyInit=null; autowireMode=3; dependencyCheck=0; autowireCandidate=true; primary=true; fallback=false; factoryBeanName=com.company.project.performance.LoadTest$LoadTestConfig; factoryMethodName=mockUserService; initMethodNames=null; destroyMethodNames=[(inferred)]; defined in class path resource [com/company/project/performance/LoadTest$LoadTestConfig.class]]
2026-03-10 16:57:21 [Test worker] INFO  o.s.b.f.s.DefaultListableBeanFactory - Overriding bean definition for bean 'mockUserService' with a different definition: replacing [Root bean: class=null; scope=; abstract=false; lazyInit=null; autowireMode=3; dependencyCheck=0; autowireCandidate=true; primary=true; fallback=false; factoryBeanName=com.company.project.performance.LoadTest$LoadTestConfig; factoryMethodName=mockUserService; initMethodNames=null; destroyMethodNames=[(inferred)]; defined in class path resource [com/company/project/performance/LoadTest$LoadTestConfig.class]] with [Root bean: class=null; scope=; abstract=false; lazyInit=null; autowireMode=3; dependencyCheck=0; autowireCandidate=true; primary=true; fallback=false; factoryBeanName=com.company.project.performance.StressTest$StressTestConfig; factoryMethodName=mockUserService; initMethodNames=null; destroyMethodNames=[(inferred)]; defined in class path resource [com/company/project/performance/StressTest$StressTestConfig.class]]
2026-03-10 16:57:21 [Test worker] DEBUG o.s.b.f.s.DefaultListableBeanFactory - Overriding bean definition for bean 'mockUserService' with a different definition: replacing [Root bean: class=null; scope=; abstract=false; lazyInit=null; autowireMode=3; dependencyCheck=0; autowireCandidate=true; primary=true; fallback=false; factoryBeanName=com.company.project.performance.LoadTest$LoadTestConfig; factoryMethodName=mockUserService; initMethodNames=null; destroyMethodNames=[(inferred)]; defined in class path resource [com/company/project/performance/LoadTest$LoadTestConfig.class]] with [Root bean: class=null; scope=; abstract=false; lazyInit=null; autowireMode=3; dependencyCheck=0; autowireCandidate=true; primary=true; fallback=false; factoryBeanName=com.company.project.performance.StressTest$StressTestConfig; factoryMethodName=mockUserService; initMethodNames=null; destroyMethodNames=[(inferred)]; defined in class path resource [com/company/project/performance/StressTest$StressTestConfig.class]]
2026-03-10 16:57:21 [Test worker] INFO  o.s.b.f.s.DefaultListableBeanFactory - Overriding bean definition for bean 'mockUserService' with a different definition: replacing [Root bean: class=null; scope=; abstract=false; lazyInit=null; autowireMode=3; dependencyCheck=0; autowireCandidate=true; primary=true; fallback=false; factoryBeanName=com.company.project.performance.StressTest$StressTestConfig; factoryMethodName=mockUserService; initMethodNames=null; destroyMethodNames=[(inferred)]; defined in class path resource [com/company/project/performance/StressTest$StressTestConfig.class]] with [Root bean: class=null; scope=; abstract=false; lazyInit=null; autowireMode=3; dependencyCheck=0; autowireCandidate=true; primary=true; fallback=false; factoryBeanName=com.company.project.security.test.PrivilegeEscalationVulnerabilityTest$PrivilegeEscalationTestConfig; factoryMethodName=mockUserService; initMethodNames=null; destroyMethodNames=[(inferred)]; defined in class path resource [com/company/project/security/test/PrivilegeEscalationVulnerabilityTest$PrivilegeEscalationTestConfig.class]]
2026-03-10 16:57:21 [Test worker] DEBUG o.s.b.f.s.DefaultListableBeanFactory - Overriding bean definition for bean 'mockUserService' with a different definition: replacing [Root bean: class=null; scope=; abstract=false; lazyInit=null; autowireMode=3; dependencyCheck=0; autowireCandidate=true; primary=true; fallback=false; factoryBeanName=com.company.project.performance.StressTest$StressTestConfig; factoryMethodName=mockUserService; initMethodNames=null; destroyMethodNames=[(inferred)]; defined in class path resource [com/company/project/performance/StressTest$StressTestConfig.class]] with [Root bean: class=null; scope=; abstract=false; lazyInit=null; autowireMode=3; dependencyCheck=0; autowireCandidate=true; primary=true; fallback=false; factoryBeanName=com.company.project.security.test.PrivilegeEscalationVulnerabilityTest$PrivilegeEscalationTestConfig; factoryMethodName=mockUserService; initMethodNames=null; destroyMethodNames=[(inferred)]; defined in class path resource [com/company/project/security/test/PrivilegeEscalationVulnerabilityTest$PrivilegeEscalationTestConfig.class]]
2026-03-10 16:57:21 [Test worker] INFO  o.s.b.f.s.DefaultListableBeanFactory - Overriding bean definition for bean 'loginUserAuditorAware' with a different definition: replacing [Generic bean: class=com.company.project.security.audit.LoginUserAuditorAware; scope=singleton; abstract=false; lazyInit=null; autowireMode=0; dependencyCheck=0; autowireCandidate=true; primary=false; fallback=false; factoryBeanName=null; factoryMethodName=null; initMethodNames=null; destroyMethodNames=null; defined in URL [jar:file:/D:/project/egov-enterprise/common-security/build/libs/common-security-0.0.1-SNAPSHOT.jar!/com/company/project/security/audit/LoginUserAuditorAware.class]] with [Root bean: class=null; scope=; abstract=false; lazyInit=null; autowireMode=3; dependencyCheck=0; autowireCandidate=true; primary=false; fallback=false; factoryBeanName=com.company.project.config.MinimalTestConfig; factoryMethodName=loginUserAuditorAware; initMethodNames=null; destroyMethodNames=[(inferred)]; defined in class path resource [com/company/project/config/MinimalTestConfig.class]]
2026-03-10 16:57:21 [Test worker] DEBUG o.s.b.f.s.DefaultListableBeanFactory - Overriding bean definition for bean 'loginUserAuditorAware' with a different definition: replacing [Generic bean: class=com.company.project.security.audit.LoginUserAuditorAware; scope=singleton; abstract=false; lazyInit=null; autowireMode=0; dependencyCheck=0; autowireCandidate=true; primary=false; fallback=false; factoryBeanName=null; factoryMethodName=null; initMethodNames=null; destroyMethodNames=null; defined in URL [jar:file:/D:/project/egov-enterprise/common-security/build/libs/common-security-0.0.1-SNAPSHOT.jar!/com/company/project/security/audit/LoginUserAuditorAware.class]] with [Root bean: class=null; scope=; abstract=false; lazyInit=null; autowireMode=3; dependencyCheck=0; autowireCandidate=true; primary=false; fallback=false; factoryBeanName=com.company.project.config.MinimalTestConfig; factoryMethodName=loginUserAuditorAware; initMethodNames=null; destroyMethodNames=[(inferred)]; defined in class path resource [com/company/project/config/MinimalTestConfig.class]]
2026-03-10 16:57:21 [Test worker] INFO  o.s.d.r.c.RepositoryConfigurationDelegate - Bootstrapping Spring Data JPA repositories in DEFAULT mode.
2026-03-10 16:57:22 [Test worker] INFO  o.s.d.r.c.RepositoryConfigurationDelegate - Finished Spring Data repository scanning in 624 ms. Found 102 JPA repository interfaces.
2026-03-10 16:57:22 [Test worker] INFO  o.s.d.r.c.RepositoryConfigurationDelegate - Bootstrapping Spring Data JPA repositories in DEFAULT mode.
2026-03-10 16:57:22 [Test worker] INFO  o.s.b.f.s.DefaultListableBeanFactory - Overriding bean definition for bean 'webLogRepository' with a different definition: replacing [Root bean: class=org.springframework.data.jpa.repository.support.JpaRepositoryFactoryBean; scope=; abstract=false; lazyInit=false; autowireMode=0; dependencyCheck=0; autowireCandidate=true; primary=false; fallback=false; factoryBeanName=null; factoryMethodName=null; initMethodNames=null; destroyMethodNames=null; defined in com.company.project.domain.log.WebLogRepository defined in @EnableJpaRepositories declared on MinimalTestConfig] with [Root bean: class=org.springframework.data.jpa.repository.support.JpaRepositoryFactoryBean; scope=; abstract=false; lazyInit=false; autowireMode=0; dependencyCheck=0; autowireCandidate=true; primary=false; fallback=false; factoryBeanName=null; factoryMethodName=null; initMethodNames=null; destroyMethodNames=null; defined in com.company.project.domain.log.WebLogRepository defined in @EnableJpaRepositories declared on JpaConfig]
2026-03-10 16:57:22 [Test worker] DEBUG o.s.b.f.s.DefaultListableBeanFactory - Overriding bean definition for bean 'webLogRepository' with a different definition: replacing [Root bean: class=org.springframework.data.jpa.repository.support.JpaRepositoryFactoryBean; scope=; abstract=false; lazyInit=false; autowireMode=0; dependencyCheck=0; autowireCandidate=true; primary=false; fallback=false; factoryBeanName=null; factoryMethodName=null; initMethodNames=null; destroyMethodNames=null; defined in com.company.project.domain.log.WebLogRepository defined in @EnableJpaRepositories declared on MinimalTestConfig] with [Root bean: class=org.springframework.data.jpa.repository.support.JpaRepositoryFactoryBean; scope=; abstract=false; lazyInit=false; autowireMode=0; dependencyCheck=0; autowireCandidate=true; primary=false; fallback=false; factoryBeanName=null; factoryMethodName=null; initMethodNames=null; destroyMethodNames=null; defined in com.company.project.domain.log.WebLogRepository defined in @EnableJpaRepositories declared on JpaConfig]
2026-03-10 16:57:22 [Test worker] INFO  o.s.b.f.s.DefaultListableBeanFactory - Overriding bean definition for bean 'restdeRepository' with a different definition: replacing [Root bean: class=org.springframework.data.jpa.repository.support.JpaRepositoryFactoryBean; scope=; abstract=false; lazyInit=false; autowireMode=0; dependencyCheck=0; autowireCandidate=true; primary=false; fallback=false; factoryBeanName=null; factoryMethodName=null; initMethodNames=null; destroyMethodNames=null; defined in com.company.project.domain.calendar.RestdeRepository defined in @EnableJpaRepositories declared on MinimalTestConfig] with [Root bean: class=org.springframework.data.jpa.repository.support.JpaRepositoryFactoryBean; scope=; abstract=false; lazyInit=false; autowireMode=0; dependencyCheck=0; autowireCandidate=true; primary=false; fallback=false; factoryBeanName=null; factoryMethodName=null; initMethodNames=null; destroyMethodNames=null; defined in com.company.project.domain.calendar.RestdeRepository defined in @EnableJpaRepositories declared on JpaConfig]
2026-03-10 16:57:22 [Test worker] DEBUG o.s.b.f.s.DefaultListableBeanFactory - Overriding bean definition for bean 'restdeRepository' with a different definition: replacing [Root bean: class=org.springframework.data.jpa.repository.support.JpaRepositoryFactoryBean; scope=; abstract=false; lazyInit=false; autowireMode=0; dependencyCheck=0; autowireCandidate=true; primary=false; fallback=false; factoryBeanName=null; factoryMethodName=null; initMethodNames=null; destroyMethodNames=null; defined in com.company.project.domain.calendar.RestdeRepository defined in @EnableJpaRepositories declared on MinimalTestConfig] with [Root bean: class=org.springframework.data.jpa.repository.support.JpaRepositoryFactoryBean; scope=; abstract=false; lazyInit=false; autowireMode=0; dependencyCheck=0; autowireCandidate=true; primary=false; fallback=false; factoryBeanName=null; factoryMethodName=null; initMethodNames=null; destroyMethodNames=null; defined in com.company.project.domain.calendar.RestdeRepository defined in @EnableJpaRepositories declared on JpaConfig]
2026-03-10 16:57:22 [Test worker] INFO  o.s.b.f.s.DefaultListableBeanFactory - Overriding bean definition for bean 'blogRepository' with a different definition: replacing [Root bean: class=org.springframework.data.jpa.repository.support.JpaRepositoryFactoryBean; scope=; abstract=false; lazyInit=false; autowireMode=0; dependencyCheck=0; autowireCandidate=true; primary=false; fallback=false; factoryBeanName=null; factoryMethodName=null; initMethodNames=null; destroyMethodNames=null; defined in com.company.project.domain.board.BlogRepository defined in @EnableJpaRepositories declared on MinimalTestConfig] with [Root bean: class=org.springframework.data.jpa.repository.support.JpaRepositoryFactoryBean; scope=; abstract=false; lazyInit=false; autowireMode=0; dependencyCheck=0; autowireCandidate=true; primary=false; fallback=false; factoryBeanName=null; factoryMethodName=null; initMethodNames=null; destroyMethodNames=null; defined in com.company.project.domain.board.BlogRepository defined in @EnableJpaRepositories declared on JpaConfig]
2026-03-10 16:57:22 [Test worker] DEBUG o.s.b.f.s.DefaultListableBeanFactory - Overriding bean definition for bean 'blogRepository' with a different definition: replacing [Root bean: class=org.springframework.data.jpa.repository.support.JpaRepositoryFactoryBean; scope=; abstract=false; lazyInit=false; autowireMode=0; dependencyCheck=0; autowireCandidate=true; primary=false; fallback=false; factoryBeanName=null; factoryMethodName=null; initMethodNames=null; destroyMethodNames=null; defined in com.company.project.domain.board.BlogRepository defined in @EnableJpaRepositories declared on MinimalTestConfig] with [Root bean: class=org.springframework.data.jpa.repository.support.JpaRepositoryFactoryBean; scope=; abstract=false; lazyInit=false; autowireMode=0; dependencyCheck=0; autowireCandidate=true; primary=false; fallback=false; factoryBeanName=null; factoryMethodName=null; initMethodNames=null; destroyMethodNames=null; defined in com.company.project.domain.board.BlogRepository defined in @EnableJpaRepositories declared on JpaConfig]
2026-03-10 16:57:22 [Test worker] INFO  o.s.b.f.s.DefaultListableBeanFactory - Overriding bean definition for bean 'imageMainImageRepository' with a different definition: replacing [Root bean: class=org.springframework.data.jpa.repository.support.JpaRepositoryFactoryBean; scope=; abstract=false; lazyInit=false; autowireMode=0; dependencyCheck=0; autowireCandidate=true; primary=false; fallback=false; factoryBeanName=null; factoryMethodName=null; initMethodNames=null; destroyMethodNames=null; defined in com.company.project.domain.image.MainImageRepository defined in @EnableJpaRepositories declared on MinimalTestConfig] with [Root bean: class=org.springframework.data.jpa.repository.support.JpaRepositoryFactoryBean; scope=; abstract=false; lazyInit=false; autowireMode=0; dependencyCheck=0; autowireCandidate=true; primary=false; fallback=false; factoryBeanName=null; factoryMethodName=null; initMethodNames=null; destroyMethodNames=null; defined in com.company.project.domain.image.MainImageRepository defined in @EnableJpaRepositories declared on JpaConfig]
2026-03-10 16:57:22 [Test worker] DEBUG o.s.b.f.s.DefaultListableBeanFactory - Overriding bean definition for bean 'imageMainImageRepository' with a different definition: replacing [Root bean: class=org.springframework.data.jpa.repository.support.JpaRepositoryFactoryBean; scope=; abstract=false; lazyInit=false; autowireMode=0; dependencyCheck=0; autowireCandidate=true; primary=false; fallback=false; factoryBeanName=null; factoryMethodName=null; initMethodNames=null; destroyMethodNames=null; defined in com.company.project.domain.image.MainImageRepository defined in @EnableJpaRepositories declared on MinimalTestConfig] with [Root bean: class=org.springframework.data.jpa.repository.support.JpaRepositoryFactoryBean; scope=; abstract=false; lazyInit=false; autowireMode=0; dependencyCheck=0; autowireCandidate=true; primary=false; fallback=false; factoryBeanName=null; factoryMethodName=null; initMethodNames=null; destroyMethodNames=null; defined in com.company.project.domain.image.MainImageRepository defined in @EnableJpaRepositories declared on JpaConfig]
2026-03-10 16:57:22 [Test worker] INFO  o.s.b.f.s.DefaultListableBeanFactory - Overriding bean definition for bean 'onlinePollManageRepository' with a different definition: replacing [Root bean: class=org.springframework.data.jpa.repository.support.JpaRepositoryFactoryBean; scope=; abstract=false; lazyInit=false; autowireMode=0; dependencyCheck=0; autowireCandidate=true; primary=false; fallback=false; factoryBeanName=null; factoryMethodName=null; initMethodNames=null; destroyMethodNames=null; defined in com.company.project.domain.survey.OnlinePollManageRepository defined in @EnableJpaRepositories declared on MinimalTestConfig] with [Root bean: class=org.springframework.data.jpa.repository.support.JpaRepositoryFactoryBean; scope=; abstract=false; lazyInit=false; autowireMode=0; dependencyCheck=0; autowireCandidate=true; primary=false; fallback=false; factoryBeanName=null; factoryMethodName=null; initMethodNames=null; destroyMethodNames=null; defined in com.company.project.domain.survey.OnlinePollManageRepository defined in @EnableJpaRepositories declared on JpaConfig]
2026-03-10 16:57:22 [Test worker] DEBUG o.s.b.f.s.DefaultListableBeanFactory - Overriding bean definition for bean 'onlinePollManageRepository' with a different definition: replacing [Root bean: class=org.springframework.data.jpa.repository.support.JpaRepositoryFactoryBean; scope=; abstract=false; lazyInit=false; autowireMode=0; dependencyCheck=0; autowireCandidate=true; primary=false; fallback=false; factoryBeanName=null; factoryMethodName=null; initMethodNames=null; destroyMethodNames=null; defined in com.company.project.domain.survey.OnlinePollManageRepository defined in @EnableJpaRepositories declared on MinimalTestConfig] with [Root bean: class=org.springframework.data.jpa.repository.support.JpaRepositoryFactoryBean; scope=; abstract=false; lazyInit=false; autowireMode=0; dependencyCheck=0; autowireCandidate=true; primary=false; fallback=false; factoryBeanName=null; factoryMethodName=null; initMethodNames=null; destroyMethodNames=null; defined in com.company.project.domain.survey.OnlinePollManageRepository defined in @EnableJpaRepositories declared on JpaConfig]
2026-03-10 16:57:22 [Test worker] INFO  o.s.b.f.s.DefaultListableBeanFactory - Overriding bean definition for bean 'onlinePollResultRepository' with a different definition: replacing [Root bean: class=org.springframework.data.jpa.repository.support.JpaRepositoryFactoryBean; scope=; abstract=false; lazyInit=false; autowireMode=0; dependencyCheck=0; autowireCandidate=true; primary=false; fallback=false; factoryBeanName=null; factoryMethodName=null; initMethodNames=null; destroyMethodNames=null; defined in com.company.project.domain.survey.OnlinePollResultRepository defined in @EnableJpaRepositories declared on MinimalTestConfig] with [Root bean: class=org.springframework.data.jpa.repository.support.JpaRepositoryFactoryBean; scope=; abstract=false; lazyInit=false; autowireMode=0; dependencyCheck=0; autowireCandidate=true; primary=false; fallback=false; factoryBeanName=null; factoryMethodName=null; initMethodNames=null; destroyMethodNames=null; defined in com.company.project.domain.survey.OnlinePollResultRepository defined in @EnableJpaRepositories declared on JpaConfig]
2026-03-10 16:57:22 [Test worker] DEBUG o.s.b.f.s.DefaultListableBeanFactory - Overriding bean definition for bean 'onlinePollResultRepository' with a different definition: replacing [Root bean: class=org.springframework.data.jpa.repository.support.JpaRepositoryFactoryBean; scope=; abstract=false; lazyInit=false; autowireMode=0; dependencyCheck=0; autowireCandidate=true; primary=false; fallback=false; factoryBeanName=null; factoryMethodName=null; initMethodNames=null; destroyMethodNames=null; defined in com.company.project.domain.survey.OnlinePollResultRepository defined in @EnableJpaRepositories declared on MinimalTestConfig] with [Root bean: class=org.springframework.data.jpa.repository.support.JpaRepositoryFactoryBean; scope=; abstract=false; lazyInit=false; autowireMode=0; dependencyCheck=0; autowireCandidate=true; primary=false; fallback=false; factoryBeanName=null; factoryMethodName=null; initMethodNames=null; destroyMethodNames=null; defined in com.company.project.domain.survey.OnlinePollResultRepository defined in @EnableJpaRepositories declared on JpaConfig]
2026-03-10 16:57:22 [Test worker] INFO  o.s.b.f.s.DefaultListableBeanFactory - Overriding bean definition for bean 'qestnrTmplatRepository' with a different definition: replacing [Root bean: class=org.springframework.data.jpa.repository.support.JpaRepositoryFactoryBean; scope=; abstract=false; lazyInit=false; autowireMode=0; dependencyCheck=0; autowireCandidate=true; primary=false; fallback=false; factoryBeanName=null; factoryMethodName=null; initMethodNames=null; destroyMethodNames=null; defined in com.company.project.domain.survey.QestnrTmplatRepository defined in @EnableJpaRepositories declared on MinimalTestConfig] with [Root bean: class=org.springframework.data.jpa.repository.support.JpaRepositoryFactoryBean; scope=; abstract=false; lazyInit=false; autowireMode=0; dependencyCheck=0; autowireCandidate=true; primary=false; fallback=false; factoryBeanName=null; factoryMethodName=null; initMethodNames=null; destroyMethodNames=null; defined in com.company.project.domain.survey.QestnrTmplatRepository defined in @EnableJpaRepositories declared on JpaConfig]
2026-03-10 16:57:22 [Test worker] DEBUG o.s.b.f.s.DefaultListableBeanFactory - Overriding bean definition for bean 'qestnrTmplatRepository' with a different definition: replacing [Root bean: class=org.springframework.data.jpa.repository.support.JpaRepositoryFactoryBean; scope=; abstract=false; lazyInit=false; autowireMode=0; dependencyCheck=0; autowireCandidate=true; primary=false; fallback=false; factoryBeanName=null; factoryMethodName=null; initMethodNames=null; destroyMethodNames=null; defined in com.company.project.domain.survey.QestnrTmplatRepository defined in @EnableJpaRepositories declared on MinimalTestConfig] with [Root bean: class=org.springframework.data.jpa.repository.support.JpaRepositoryFactoryBean; scope=; abstract=false; lazyInit=false; autowireMode=0; dependencyCheck=0; autowireCandidate=true; primary=false; fallback=false; factoryBeanName=null; factoryMethodName=null; initMethodNames=null; destroyMethodNames=null; defined in com.company.project.domain.survey.QestnrTmplatRepository defined in @EnableJpaRepositories declared on JpaConfig]
2026-03-10 16:57:22 [Test worker] INFO  o.s.b.f.s.DefaultListableBeanFactory - Overriding bean definition for bean 'fileItemRepository' with a different definition: replacing [Root bean: class=org.springframework.data.jpa.repository.support.JpaRepositoryFactoryBean; scope=; abstract=false; lazyInit=false; autowireMode=0; dependencyCheck=0; autowireCandidate=true; primary=false; fallback=false; factoryBeanName=null; factoryMethodName=null; initMethodNames=null; destroyMethodNames=null; defined in com.company.project.domain.file.FileItemRepository defined in @EnableJpaRepositories declared on MinimalTestConfig] with [Root bean: class=org.springframework.data.jpa.repository.support.JpaRepositoryFactoryBean; scope=; abstract=false; lazyInit=false; autowireMode=0; dependencyCheck=0; autowireCandidate=true; primary=false; fallback=false; factoryBeanName=null; factoryMethodName=null; initMethodNames=null; destroyMethodNames=null; defined in com.company.project.domain.file.FileItemRepository defined in @EnableJpaRepositories declared on JpaConfig]
2026-03-10 16:57:22 [Test worker] DEBUG o.s.b.f.s.DefaultListableBeanFactory - Overriding bean definition for bean 'fileItemRepository' with a different definition: replacing [Root bean: class=org.springframework.data.jpa.repository.support.JpaRepositoryFactoryBean; scope=; abstract=false; lazyInit=false; autowireMode=0; dependencyCheck=0; autowireCandidate=true; primary=false; fallback=false; factoryBeanName=null; factoryMethodName=null; initMethodNames=null; destroyMethodNames=null; defined in com.company.project.domain.file.FileItemRepository defined in @EnableJpaRepositories declared on MinimalTestConfig] with [Root bean: class=org.springframework.data.jpa.repository.support.JpaRepositoryFactoryBean; scope=; abstract=false; lazyInit=false; autowireMode=0; dependencyCheck=0; autowireCandidate=true; primary=false; fallback=false; factoryBeanName=null; factoryMethodName=null; initMethodNames=null; destroyMethodNames=null; defined in com.company.project.domain.file.FileItemRepository defined in @EnableJpaRepositories declared on JpaConfig]
2026-03-10 16:57:22 [Test worker] INFO  o.s.b.f.s.DefaultListableBeanFactory - Overriding bean definition for bean 'tmplatInfoRepository' with a different definition: replacing [Root bean: class=org.springframework.data.jpa.repository.support.JpaRepositoryFactoryBean; scope=; abstract=false; lazyInit=false; autowireMode=0; dependencyCheck=0; autowireCandidate=true; primary=false; fallback=false; factoryBeanName=null; factoryMethodName=null; initMethodNames=null; destroyMethodNames=null; defined in com.company.project.domain.template.TmplatInfoRepository defined in @EnableJpaRepositories declared on MinimalTestConfig] with [Root bean: class=org.springframework.data.jpa.repository.support.JpaRepositoryFactoryBean; scope=; abstract=false; lazyInit=false; autowireMode=0; dependencyCheck=0; autowireCandidate=true; primary=false; fallback=false; factoryBeanName=null; factoryMethodName=null; initMethodNames=null; destroyMethodNames=null; defined in com.company.project.domain.template.TmplatInfoRepository defined in @EnableJpaRepositories declared on JpaConfig]
2026-03-10 16:57:22 [Test worker] DEBUG o.s.b.f.s.DefaultListableBeanFactory - Overriding bean definition for bean 'tmplatInfoRepository' with a different definition: replacing [Root bean: class=org.springframework.data.jpa.repository.support.JpaRepositoryFactoryBean; scope=; abstract=false; lazyInit=false; autowireMode=0; dependencyCheck=0; autowireCandidate=true; primary=false; fallback=false; factoryBeanName=null; factoryMethodName=null; initMethodNames=null; destroyMethodNames=null; defined in com.company.project.domain.template.TmplatInfoRepository defined in @EnableJpaRepositories declared on MinimalTestConfig] with [Root bean: class=org.springframework.data.jpa.repository.support.JpaRepositoryFactoryBean; scope=; abstract=false; lazyInit=false; autowireMode=0; dependencyCheck=0; autowireCandidate=true; primary=false; fallback=false; factoryBeanName=null; factoryMethodName=null; initMethodNames=null; destroyMethodNames=null; defined in com.company.project.domain.template.TmplatInfoRepository defined in @EnableJpaRepositories declared on JpaConfig]
2026-03-10 16:57:22 [Test worker] INFO  o.s.b.f.s.DefaultListableBeanFactory - Overriding bean definition for bean 'bbsSummaryRepository' with a different definition: replacing [Root bean: class=org.springframework.data.jpa.repository.support.JpaRepositoryFactoryBean; scope=; abstract=false; lazyInit=false; autowireMode=0; dependencyCheck=0; autowireCandidate=true; primary=false; fallback=false; factoryBeanName=null; factoryMethodName=null; initMethodNames=null; destroyMethodNames=null; defined in com.company.project.domain.log.BbsSummaryRepository defined in @EnableJpaRepositories declared on MinimalTestConfig] with [Root bean: class=org.springframework.data.jpa.repository.support.JpaRepositoryFactoryBean; scope=; abstract=false; lazyInit=false; autowireMode=0; dependencyCheck=0; autowireCandidate=true; primary=false; fallback=false; factoryBeanName=null; factoryMethodName=null; initMethodNames=null; destroyMethodNames=null; defined in com.company.project.domain.log.BbsSummaryRepository defined in @EnableJpaRepositories declared on JpaConfig]
2026-03-10 16:57:22 [Test worker] DEBUG o.s.b.f.s.DefaultListableBeanFactory - Overriding bean definition for bean 'bbsSummaryRepository' with a different definition: replacing [Root bean: class=org.springframework.data.jpa.repository.support.JpaRepositoryFactoryBean; scope=; abstract=false; lazyInit=false; autowireMode=0; dependencyCheck=0; autowireCandidate=true; primary=false; fallback=false; factoryBeanName=null; factoryMethodName=null; initMethodNames=null; destroyMethodNames=null; defined in com.company.project.domain.log.BbsSummaryRepository defined in @EnableJpaRepositories declared on MinimalTestConfig] with [Root bean: class=org.springframework.data.jpa.repository.support.JpaRepositoryFactoryBean; scope=; abstract=false; lazyInit=false; autowireMode=0; dependencyCheck=0; autowireCandidate=true; primary=false; fallback=false; factoryBeanName=null; factoryMethodName=null; initMethodNames=null; destroyMethodNames=null; defined in com.company.project.domain.log.BbsSummaryRepository defined in @EnableJpaRepositories declared on JpaConfig]
2026-03-10 16:57:22 [Test worker] INFO  o.s.b.f.s.DefaultListableBeanFactory - Overriding bean definition for bean 'leaderStatusRepository' with a different definition: replacing [Root bean: class=org.springframework.data.jpa.repository.support.JpaRepositoryFactoryBean; scope=; abstract=false; lazyInit=false; autowireMode=0; dependencyCheck=0; autowireCandidate=true; primary=false; fallback=false; factoryBeanName=null; factoryMethodName=null; initMethodNames=null; destroyMethodNames=null; defined in com.company.project.domain.schedule.LeaderStatusRepository defined in @EnableJpaRepositories declared on MinimalTestConfig] with [Root bean: class=org.springframework.data.jpa.repository.support.JpaRepositoryFactoryBean; scope=; abstract=false; lazyInit=false; autowireMode=0; dependencyCheck=0; autowireCandidate=true; primary=false; fallback=false; factoryBeanName=null; factoryMethodName=null; initMethodNames=null; destroyMethodNames=null; defined in com.company.project.domain.schedule.LeaderStatusRepository defined in @EnableJpaRepositories declared on JpaConfig]
2026-03-10 16:57:22 [Test worker] DEBUG o.s.b.f.s.DefaultListableBeanFactory - Overriding bean definition for bean 'leaderStatusRepository' with a different definition: replacing [Root bean: class=org.springframework.data.jpa.repository.support.JpaRepositoryFactoryBean; scope=; abstract=false; lazyInit=false; autowireMode=0; dependencyCheck=0; autowireCandidate=true; primary=false; fallback=false; factoryBeanName=null; factoryMethodName=null; initMethodNames=null; destroyMethodNames=null; defined in com.company.project.domain.schedule.LeaderStatusRepository defined in @EnableJpaRepositories declared on MinimalTestConfig] with [Root bean: class=org.springframework.data.jpa.repository.support.JpaRepositoryFactoryBean; scope=; abstract=false; lazyInit=false; autowireMode=0; dependencyCheck=0; autowireCandidate=true; primary=false; fallback=false; factoryBeanName=null; factoryMethodName=null; initMethodNames=null; destroyMethodNames=null; defined in com.company.project.domain.schedule.LeaderStatusRepository defined in @EnableJpaRepositories declared on JpaConfig]
2026-03-10 16:57:22 [Test worker] INFO  o.s.b.f.s.DefaultListableBeanFactory - Overriding bean definition for bean 'loginLogRepository' with a different definition: replacing [Root bean: class=org.springframework.data.jpa.repository.support.JpaRepositoryFactoryBean; scope=; abstract=false; lazyInit=false; autowireMode=0; dependencyCheck=0; autowireCandidate=true; primary=false; fallback=false; factoryBeanName=null; factoryMethodName=null; initMethodNames=null; destroyMethodNames=null; defined in com.company.project.domain.log.LoginLogRepository defined in @EnableJpaRepositories declared on MinimalTestConfig] with [Root bean: class=org.springframework.data.jpa.repository.support.JpaRepositoryFactoryBean; scope=; abstract=false; lazyInit=false; autowireMode=0; dependencyCheck=0; autowireCandidate=true; primary=false; fallback=false; factoryBeanName=null; factoryMethodName=null; initMethodNames=null; destroyMethodNames=null; defined in com.company.project.domain.log.LoginLogRepository defined in @EnableJpaRepositories declared on JpaConfig]
2026-03-10 16:57:22 [Test worker] DEBUG o.s.b.f.s.DefaultListableBeanFactory - Overriding bean definition for bean 'loginLogRepository' with a different definition: replacing [Root bean: class=org.springframework.data.jpa.repository.support.JpaRepositoryFactoryBean; scope=; abstract=false; lazyInit=false; autowireMode=0; dependencyCheck=0; autowireCandidate=true; primary=false; fallback=false; factoryBeanName=null; factoryMethodName=null; initMethodNames=null; destroyMethodNames=null; defined in com.company.project.domain.log.LoginLogRepository defined in @EnableJpaRepositories declared on MinimalTestConfig] with [Root bean: class=org.springframework.data.jpa.repository.support.JpaRepositoryFactoryBean; scope=; abstract=false; lazyInit=false; autowireMode=0; dependencyCheck=0; autowireCandidate=true; primary=false; fallback=false; factoryBeanName=null; factoryMethodName=null; initMethodNames=null; destroyMethodNames=null; defined in com.company.project.domain.log.LoginLogRepository defined in @EnableJpaRepositories declared on JpaConfig]
2026-03-10 16:57:22 [Test worker] INFO  o.s.b.f.s.DefaultListableBeanFactory - Overriding bean definition for bean 'programRepository' with a different definition: replacing [Root bean: class=org.springframework.data.jpa.repository.support.JpaRepositoryFactoryBean; scope=; abstract=false; lazyInit=false; autowireMode=0; dependencyCheck=0; autowireCandidate=true; primary=false; fallback=false; factoryBeanName=null; factoryMethodName=null; initMethodNames=null; destroyMethodNames=null; defined in com.company.project.domain.program.ProgramRepository defined in @EnableJpaRepositories declared on MinimalTestConfig] with [Root bean: class=org.springframework.data.jpa.repository.support.JpaRepositoryFactoryBean; scope=; abstract=false; lazyInit=false; autowireMode=0; dependencyCheck=0; autowireCandidate=true; primary=false; fallback=false; factoryBeanName=null; factoryMethodName=null; initMethodNames=null; destroyMethodNames=null; defined in com.company.project.domain.program.ProgramRepository defined in @EnableJpaRepositories declared on JpaConfig]
2026-03-10 16:57:22 [Test worker] DEBUG o.s.b.f.s.DefaultListableBeanFactory - Overriding bean definition for bean 'programRepository' with a different definition: replacing [Root bean: class=org.springframework.data.jpa.repository.support.JpaRepositoryFactoryBean; scope=; abstract=false; lazyInit=false; autowireMode=0; dependencyCheck=0; autowireCandidate=true; primary=false; fallback=false; factoryBeanName=null; factoryMethodName=null; initMethodNames=null; destroyMethodNames=null; defined in com.company.project.domain.program.ProgramRepository defined in @EnableJpaRepositories declared on MinimalTestConfig] with [Root bean: class=org.springframework.data.jpa.repository.support.JpaRepositoryFactoryBean; scope=; abstract=false; lazyInit=false; autowireMode=0; dependencyCheck=0; autowireCandidate=true; primary=false; fallback=false; factoryBeanName=null; factoryMethodName=null; initMethodNames=null; destroyMethodNames=null; defined in com.company.project.domain.program.ProgramRepository defined in @EnableJpaRepositories declared on JpaConfig]
2026-03-10 16:57:22 [Test worker] INFO  o.s.b.f.s.DefaultListableBeanFactory - Overriding bean definition for bean 'popupPopupDomainRepository' with a different definition: replacing [Root bean: class=org.springframework.data.jpa.repository.support.JpaRepositoryFactoryBean; scope=; abstract=false; lazyInit=false; autowireMode=0; dependencyCheck=0; autowireCandidate=true; primary=false; fallback=false; factoryBeanName=null; factoryMethodName=null; initMethodNames=null; destroyMethodNames=null; defined in com.company.project.domain.popup.PopupDomainRepository defined in @EnableJpaRepositories declared on MinimalTestConfig] with [Root bean: class=org.springframework.data.jpa.repository.support.JpaRepositoryFactoryBean; scope=; abstract=false; lazyInit=false; autowireMode=0; dependencyCheck=0; autowireCandidate=true; primary=false; fallback=false; factoryBeanName=null; factoryMethodName=null; initMethodNames=null; destroyMethodNames=null; defined in com.company.project.domain.popup.PopupDomainRepository defined in @EnableJpaRepositories declared on JpaConfig]
2026-03-10 16:57:22 [Test worker] DEBUG o.s.b.f.s.DefaultListableBeanFactory - Overriding bean definition for bean 'popupPopupDomainRepository' with a different definition: replacing [Root bean: class=org.springframework.data.jpa.repository.support.JpaRepositoryFactoryBean; scope=; abstract=false; lazyInit=false; autowireMode=0; dependencyCheck=0; autowireCandidate=true; primary=false; fallback=false; factoryBeanName=null; factoryMethodName=null; initMethodNames=null; destroyMethodNames=null; defined in com.company.project.domain.popup.PopupDomainRepository defined in @EnableJpaRepositories declared on MinimalTestConfig] with [Root bean: class=org.springframework.data.jpa.repository.support.JpaRepositoryFactoryBean; scope=; abstract=false; lazyInit=false; autowireMode=0; dependencyCheck=0; autowireCandidate=true; primary=false; fallback=false; factoryBeanName=null; factoryMethodName=null; initMethodNames=null; destroyMethodNames=null; defined in com.company.project.domain.popup.PopupDomainRepository defined in @EnableJpaRepositories declared on JpaConfig]
2026-03-10 16:57:22 [Test worker] INFO  o.s.b.f.s.DefaultListableBeanFactory - Overriding bean definition for bean 'roleInfoRepository' with a different definition: replacing [Root bean: class=org.springframework.data.jpa.repository.support.JpaRepositoryFactoryBean; scope=; abstract=false; lazyInit=false; autowireMode=0; dependencyCheck=0; autowireCandidate=true; primary=false; fallback=false; factoryBeanName=null; factoryMethodName=null; initMethodNames=null; destroyMethodNames=null; defined in com.company.project.domain.auth.RoleInfoRepository defined in @EnableJpaRepositories declared on MinimalTestConfig] with [Root bean: class=org.springframework.data.jpa.repository.support.JpaRepositoryFactoryBean; scope=; abstract=false; lazyInit=false; autowireMode=0; dependencyCheck=0; autowireCandidate=true; primary=false; fallback=false; factoryBeanName=null; factoryMethodName=null; initMethodNames=null; destroyMethodNames=null; defined in com.company.project.domain.auth.RoleInfoRepository defined in @EnableJpaRepositories declared on JpaConfig]
2026-03-10 16:57:22 [Test worker] DEBUG o.s.b.f.s.DefaultListableBeanFactory - Overriding bean definition for bean 'roleInfoRepository' with a different definition: replacing [Root bean: class=org.springframework.data.jpa.repository.support.JpaRepositoryFactoryBean; scope=; abstract=false; lazyInit=false; autowireMode=0; dependencyCheck=0; autowireCandidate=true; primary=false; fallback=false; factoryBeanName=null; factoryMethodName=null; initMethodNames=null; destroyMethodNames=null; defined in com.company.project.domain.auth.RoleInfoRepository defined in @EnableJpaRepositories declared on MinimalTestConfig] with [Root bean: class=org.springframework.data.jpa.repository.support.JpaRepositoryFactoryBean; scope=; abstract=false; lazyInit=false; autowireMode=0; dependencyCheck=0; autowireCandidate=true; primary=false; fallback=false; factoryBeanName=null; factoryMethodName=null; initMethodNames=null; destroyMethodNames=null; defined in com.company.project.domain.auth.RoleInfoRepository defined in @EnableJpaRepositories declared on JpaConfig]
2026-03-10 16:57:22 [Test worker] INFO  o.s.b.f.s.DefaultListableBeanFactory - Overriding bean definition for bean 'wordDicaryRepository' with a different definition: replacing [Root bean: class=org.springframework.data.jpa.repository.support.JpaRepositoryFactoryBean; scope=; abstract=false; lazyInit=false; autowireMode=0; dependencyCheck=0; autowireCandidate=true; primary=false; fallback=false; factoryBeanName=null; factoryMethodName=null; initMethodNames=null; destroyMethodNames=null; defined in com.company.project.domain.help.WordDicaryRepository defined in @EnableJpaRepositories declared on MinimalTestConfig] with [Root bean: class=org.springframework.data.jpa.repository.support.JpaRepositoryFactoryBean; scope=; abstract=false; lazyInit=false; autowireMode=0; dependencyCheck=0; autowireCandidate=true; primary=false; fallback=false; factoryBeanName=null; factoryMethodName=null; initMethodNames=null; destroyMethodNames=null; defined in com.company.project.domain.help.WordDicaryRepository defined in @EnableJpaRepositories declared on JpaConfig]
2026-03-10 16:57:22 [Test worker] DEBUG o.s.b.f.s.DefaultListableBeanFactory - Overriding bean definition for bean 'wordDicaryRepository' with a different definition: replacing [Root bean: class=org.springframework.data.jpa.repository.support.JpaRepositoryFactoryBean; scope=; abstract=false; lazyInit=false; autowireMode=0; dependencyCheck=0; autowireCandidate=true; primary=false; fallback=false; factoryBeanName=null; factoryMethodName=null; initMethodNames=null; destroyMethodNames=null; defined in com.company.project.domain.help.WordDicaryRepository defined in @EnableJpaRepositories declared on MinimalTestConfig] with [Root bean: class=org.springframework.data.jpa.repository.support.JpaRepositoryFactoryBean; scope=; abstract=false; lazyInit=false; autowireMode=0; dependencyCheck=0; autowireCandidate=true; primary=false; fallback=false; factoryBeanName=null; factoryMethodName=null; initMethodNames=null; destroyMethodNames=null; defined in com.company.project.domain.help.WordDicaryRepository defined in @EnableJpaRepositories declared on JpaConfig]
2026-03-10 16:57:22 [Test worker] INFO  o.s.b.f.s.DefaultListableBeanFactory - Overriding bean definition for bean 'fileMasterRepository' with a different definition: replacing [Root bean: class=org.springframework.data.jpa.repository.support.JpaRepositoryFactoryBean; scope=; abstract=false; lazyInit=false; autowireMode=0; dependencyCheck=0; autowireCandidate=true; primary=false; fallback=false; factoryBeanName=null; factoryMethodName=null; initMethodNames=null; destroyMethodNames=null; defined in com.company.project.domain.file.FileMasterRepository defined in @EnableJpaRepositories declared on MinimalTestConfig] with [Root bean: class=org.springframework.data.jpa.repository.support.JpaRepositoryFactoryBean; scope=; abstract=false; lazyInit=false; autowireMode=0; dependencyCheck=0; autowireCandidate=true; primary=false; fallback=false; factoryBeanName=null; factoryMethodName=null; initMethodNames=null; destroyMethodNames=null; defined in com.company.project.domain.file.FileMasterRepository defined in @EnableJpaRepositories declared on JpaConfig]
2026-03-10 16:57:22 [Test worker] DEBUG o.s.b.f.s.DefaultListableBeanFactory - Overriding bean definition for bean 'fileMasterRepository' with a different definition: replacing [Root bean: class=org.springframework.data.jpa.repository.support.JpaRepositoryFactoryBean; scope=; abstract=false; lazyInit=false; autowireMode=0; dependencyCheck=0; autowireCandidate=true; primary=false; fallback=false; factoryBeanName=null; factoryMethodName=null; initMethodNames=null; destroyMethodNames=null; defined in com.company.project.domain.file.FileMasterRepository defined in @EnableJpaRepositories declared on MinimalTestConfig] with [Root bean: class=org.springframework.data.jpa.repository.support.JpaRepositoryFactoryBean; scope=; abstract=false; lazyInit=false; autowireMode=0; dependencyCheck=0; autowireCandidate=true; primary=false; fallback=false; factoryBeanName=null; factoryMethodName=null; initMethodNames=null; destroyMethodNames=null; defined in com.company.project.domain.file.FileMasterRepository defined in @EnableJpaRepositories declared on JpaConfig]
2026-03-10 16:57:22 [Test worker] INFO  o.s.b.f.s.DefaultListableBeanFactory - Overriding bean definition for bean 'webLogSummaryRepository' with a different definition: replacing [Root bean: class=org.springframework.data.jpa.repository.support.JpaRepositoryFactoryBean; scope=; abstract=false; lazyInit=false; autowireMode=0; dependencyCheck=0; autowireCandidate=true; primary=false; fallback=false; factoryBeanName=null; factoryMethodName=null; initMethodNames=null; destroyMethodNames=null; defined in com.company.project.domain.log.WebLogSummaryRepository defined in @EnableJpaRepositories declared on MinimalTestConfig] with [Root bean: class=org.springframework.data.jpa.repository.support.JpaRepositoryFactoryBean; scope=; abstract=false; lazyInit=false; autowireMode=0; dependencyCheck=0; autowireCandidate=true; primary=false; fallback=false; factoryBeanName=null; factoryMethodName=null; initMethodNames=null; destroyMethodNames=null; defined in com.company.project.domain.log.WebLogSummaryRepository defined in @EnableJpaRepositories declared on JpaConfig]
2026-03-10 16:57:22 [Test worker] DEBUG o.s.b.f.s.DefaultListableBeanFactory - Overriding bean definition for bean 'webLogSummaryRepository' with a different definition: replacing [Root bean: class=org.springframework.data.jpa.repository.support.JpaRepositoryFactoryBean; scope=; abstract=false; lazyInit=false; autowireMode=0; dependencyCheck=0; autowireCandidate=true; primary=false; fallback=false; factoryBeanName=null; factoryMethodName=null; initMethodNames=null; destroyMethodNames=null; defined in com.company.project.domain.log.WebLogSummaryRepository defined in @EnableJpaRepositories declared on MinimalTestConfig] with [Root bean: class=org.springframework.data.jpa.repository.support.JpaRepositoryFactoryBean; scope=; abstract=false; lazyInit=false; autowireMode=0; dependencyCheck=0; autowireCandidate=true; primary=false; fallback=false; factoryBeanName=null; factoryMethodName=null; initMethodNames=null; destroyMethodNames=null; defined in com.company.project.domain.log.WebLogSummaryRepository defined in @EnableJpaRepositories declared on JpaConfig]
2026-03-10 16:57:22 [Test worker] INFO  o.s.b.f.s.DefaultListableBeanFactory - Overriding bean definition for bean 'indvdlPgeRepository' with a different definition: replacing [Root bean: class=org.springframework.data.jpa.repository.support.JpaRepositoryFactoryBean; scope=; abstract=false; lazyInit=false; autowireMode=0; dependencyCheck=0; autowireCandidate=true; primary=false; fallback=false; factoryBeanName=null; factoryMethodName=null; initMethodNames=null; destroyMethodNames=null; defined in com.company.project.domain.mypage.IndvdlPgeRepository defined in @EnableJpaRepositories declared on MinimalTestConfig] with [Root bean: class=org.springframework.data.jpa.repository.support.JpaRepositoryFactoryBean; scope=; abstract=false; lazyInit=false; autowireMode=0; dependencyCheck=0; autowireCandidate=true; primary=false; fallback=false; factoryBeanName=null; factoryMethodName=null; initMethodNames=null; destroyMethodNames=null; defined in com.company.project.domain.mypage.IndvdlPgeRepository defined in @EnableJpaRepositories declared on JpaConfig]
2026-03-10 16:57:22 [Test worker] DEBUG o.s.b.f.s.DefaultListableBeanFactory - Overriding bean definition for bean 'indvdlPgeRepository' with a different definition: replacing [Root bean: class=org.springframework.data.jpa.repository.support.JpaRepositoryFactoryBean; scope=; abstract=false; lazyInit=false; autowireMode=0; dependencyCheck=0; autowireCandidate=true; primary=false; fallback=false; factoryBeanName=null; factoryMethodName=null; initMethodNames=null; destroyMethodNames=null; defined in com.company.project.domain.mypage.IndvdlPgeRepository defined in @EnableJpaRepositories declared on MinimalTestConfig] with [Root bean: class=org.springframework.data.jpa.repository.support.JpaRepositoryFactoryBean; scope=; abstract=false; lazyInit=false; autowireMode=0; dependencyCheck=0; autowireCandidate=true; primary=false; fallback=false; factoryBeanName=null; factoryMethodName=null; initMethodNames=null; destroyMethodNames=null; defined in com.company.project.domain.mypage.IndvdlPgeRepository defined in @EnableJpaRepositories declared on JpaConfig]
2026-03-10 16:57:22 [Test worker] INFO  o.s.b.f.s.DefaultListableBeanFactory - Overriding bean definition for bean 'organizationManageRepository' with a different definition: replacing [Root bean: class=org.springframework.data.jpa.repository.support.JpaRepositoryFactoryBean; scope=; abstract=false; lazyInit=false; autowireMode=0; dependencyCheck=0; autowireCandidate=true; primary=false; fallback=false; factoryBeanName=null; factoryMethodName=null; initMethodNames=null; destroyMethodNames=null; defined in com.company.project.domain.organization.OrganizationManageRepository defined in @EnableJpaRepositories declared on MinimalTestConfig] with [Root bean: class=org.springframework.data.jpa.repository.support.JpaRepositoryFactoryBean; scope=; abstract=false; lazyInit=false; autowireMode=0; dependencyCheck=0; autowireCandidate=true; primary=false; fallback=false; factoryBeanName=null; factoryMethodName=null; initMethodNames=null; destroyMethodNames=null; defined in com.company.project.domain.organization.OrganizationManageRepository defined in @EnableJpaRepositories declared on JpaConfig]
2026-03-10 16:57:22 [Test worker] DEBUG o.s.b.f.s.DefaultListableBeanFactory - Overriding bean definition for bean 'organizationManageRepository' with a different definition: replacing [Root bean: class=org.springframework.data.jpa.repository.support.JpaRepositoryFactoryBean; scope=; abstract=false; lazyInit=false; autowireMode=0; dependencyCheck=0; autowireCandidate=true; primary=false; fallback=false; factoryBeanName=null; factoryMethodName=null; initMethodNames=null; destroyMethodNames=null; defined in com.company.project.domain.organization.OrganizationManageRepository defined in @EnableJpaRepositories declared on MinimalTestConfig] with [Root bean: class=org.springframework.data.jpa.repository.support.JpaRepositoryFactoryBean; scope=; abstract=false; lazyInit=false; autowireMode=0; dependencyCheck=0; autowireCandidate=true; primary=false; fallback=false; factoryBeanName=null; factoryMethodName=null; initMethodNames=null; destroyMethodNames=null; defined in com.company.project.domain.organization.OrganizationManageRepository defined in @EnableJpaRepositories declared on JpaConfig]
2026-03-10 16:57:22 [Test worker] INFO  o.s.b.f.s.DefaultListableBeanFactory - Overriding bean definition for bean 'institutionCodeRepository' with a different definition: replacing [Root bean: class=org.springframework.data.jpa.repository.support.JpaRepositoryFactoryBean; scope=; abstract=false; lazyInit=false; autowireMode=0; dependencyCheck=0; autowireCandidate=true; primary=false; fallback=false; factoryBeanName=null; factoryMethodName=null; initMethodNames=null; destroyMethodNames=null; defined in com.company.project.domain.code.InstitutionCodeRepository defined in @EnableJpaRepositories declared on MinimalTestConfig] with [Root bean: class=org.springframework.data.jpa.repository.support.JpaRepositoryFactoryBean; scope=; abstract=false; lazyInit=false; autowireMode=0; dependencyCheck=0; autowireCandidate=true; primary=false; fallback=false; factoryBeanName=null; factoryMethodName=null; initMethodNames=null; destroyMethodNames=null; defined in com.company.project.domain.code.InstitutionCodeRepository defined in @EnableJpaRepositories declared on JpaConfig]
2026-03-10 16:57:22 [Test worker] DEBUG o.s.b.f.s.DefaultListableBeanFactory - Overriding bean definition for bean 'institutionCodeRepository' with a different definition: replacing [Root bean: class=org.springframework.data.jpa.repository.support.JpaRepositoryFactoryBean; scope=; abstract=false; lazyInit=false; autowireMode=0; dependencyCheck=0; autowireCandidate=true; primary=false; fallback=false; factoryBeanName=null; factoryMethodName=null; initMethodNames=null; destroyMethodNames=null; defined in com.company.project.domain.code.InstitutionCodeRepository defined in @EnableJpaRepositories declared on MinimalTestConfig] with [Root bean: class=org.springframework.data.jpa.repository.support.JpaRepositoryFactoryBean; scope=; abstract=false; lazyInit=false; autowireMode=0; dependencyCheck=0; autowireCandidate=true; primary=false; fallback=false; factoryBeanName=null; factoryMethodName=null; initMethodNames=null; destroyMethodNames=null; defined in com.company.project.domain.code.InstitutionCodeRepository defined in @EnableJpaRepositories declared on JpaConfig]
2026-03-10 16:57:22 [Test worker] INFO  o.s.b.f.s.DefaultListableBeanFactory - Overriding bean definition for bean 'imgTempRepository' with a different definition: replacing [Root bean: class=org.springframework.data.jpa.repository.support.JpaRepositoryFactoryBean; scope=; abstract=false; lazyInit=false; autowireMode=0; dependencyCheck=0; autowireCandidate=true; primary=false; fallback=false; factoryBeanName=null; factoryMethodName=null; initMethodNames=null; destroyMethodNames=null; defined in com.company.project.domain.system.ImgTempRepository defined in @EnableJpaRepositories declared on MinimalTestConfig] with [Root bean: class=org.springframework.data.jpa.repository.support.JpaRepositoryFactoryBean; scope=; abstract=false; lazyInit=false; autowireMode=0; dependencyCheck=0; autowireCandidate=true; primary=false; fallback=false; factoryBeanName=null; factoryMethodName=null; initMethodNames=null; destroyMethodNames=null; defined in com.company.project.domain.system.ImgTempRepository defined in @EnableJpaRepositories declared on JpaConfig]
2026-03-10 16:57:22 [Test worker] DEBUG o.s.b.f.s.DefaultListableBeanFactory - Overriding bean definition for bean 'imgTempRepository' with a different definition: replacing [Root bean: class=org.springframework.data.jpa.repository.support.JpaRepositoryFactoryBean; scope=; abstract=false; lazyInit=false; autowireMode=0; dependencyCheck=0; autowireCandidate=true; primary=false; fallback=false; factoryBeanName=null; factoryMethodName=null; initMethodNames=null; destroyMethodNames=null; defined in com.company.project.domain.system.ImgTempRepository defined in @EnableJpaRepositories declared on MinimalTestConfig] with [Root bean: class=org.springframework.data.jpa.repository.support.JpaRepositoryFactoryBean; scope=; abstract=false; lazyInit=false; autowireMode=0; dependencyCheck=0; autowireCandidate=true; primary=false; fallback=false; factoryBeanName=null; factoryMethodName=null; initMethodNames=null; destroyMethodNames=null; defined in com.company.project.domain.system.ImgTempRepository defined in @EnableJpaRepositories declared on JpaConfig]
2026-03-10 16:57:22 [Test worker] INFO  o.s.b.f.s.DefaultListableBeanFactory - Overriding bean definition for bean 'bannerRepository' with a different definition: replacing [Root bean: class=org.springframework.data.jpa.repository.support.JpaRepositoryFactoryBean; scope=; abstract=false; lazyInit=false; autowireMode=0; dependencyCheck=0; autowireCandidate=true; primary=false; fallback=false; factoryBeanName=null; factoryMethodName=null; initMethodNames=null; destroyMethodNames=null; defined in com.company.project.domain.banner.BannerRepository defined in @EnableJpaRepositories declared on MinimalTestConfig] with [Root bean: class=org.springframework.data.jpa.repository.support.JpaRepositoryFactoryBean; scope=; abstract=false; lazyInit=false; autowireMode=0; dependencyCheck=0; autowireCandidate=true; primary=false; fallback=false; factoryBeanName=null; factoryMethodName=null; initMethodNames=null; destroyMethodNames=null; defined in com.company.project.domain.banner.BannerRepository defined in @EnableJpaRepositories declared on JpaConfig]
2026-03-10 16:57:22 [Test worker] DEBUG o.s.b.f.s.DefaultListableBeanFactory - Overriding bean definition for bean 'bannerRepository' with a different definition: replacing [Root bean: class=org.springframework.data.jpa.repository.support.JpaRepositoryFactoryBean; scope=; abstract=false; lazyInit=false; autowireMode=0; dependencyCheck=0; autowireCandidate=true; primary=false; fallback=false; factoryBeanName=null; factoryMethodName=null; initMethodNames=null; destroyMethodNames=null; defined in com.company.project.domain.banner.BannerRepository defined in @EnableJpaRepositories declared on MinimalTestConfig] with [Root bean: class=org.springframework.data.jpa.repository.support.JpaRepositoryFactoryBean; scope=; abstract=false; lazyInit=false; autowireMode=0; dependencyCheck=0; autowireCandidate=true; primary=false; fallback=false; factoryBeanName=null; factoryMethodName=null; initMethodNames=null; destroyMethodNames=null; defined in com.company.project.domain.banner.BannerRepository defined in @EnableJpaRepositories declared on JpaConfig]
2026-03-10 16:57:22 [Test worker] INFO  o.s.b.f.s.DefaultListableBeanFactory - Overriding bean definition for bean 'onlinePollItemRepository' with a different definition: replacing [Root bean: class=org.springframework.data.jpa.repository.support.JpaRepositoryFactoryBean; scope=; abstract=false; lazyInit=false; autowireMode=0; dependencyCheck=0; autowireCandidate=true; primary=false; fallback=false; factoryBeanName=null; factoryMethodName=null; initMethodNames=null; destroyMethodNames=null; defined in com.company.project.domain.survey.OnlinePollItemRepository defined in @EnableJpaRepositories declared on MinimalTestConfig] with [Root bean: class=org.springframework.data.jpa.repository.support.JpaRepositoryFactoryBean; scope=; abstract=false; lazyInit=false; autowireMode=0; dependencyCheck=0; autowireCandidate=true; primary=false; fallback=false; factoryBeanName=null; factoryMethodName=null; initMethodNames=null; destroyMethodNames=null; defined in com.company.project.domain.survey.OnlinePollItemRepository defined in @EnableJpaRepositories declared on JpaConfig]
2026-03-10 16:57:22 [Test worker] DEBUG o.s.b.f.s.DefaultListableBeanFactory - Overriding bean definition for bean 'onlinePollItemRepository' with a different definition: replacing [Root bean: class=org.springframework.data.jpa.repository.support.JpaRepositoryFactoryBean; scope=; abstract=false; lazyInit=false; autowireMode=0; dependencyCheck=0; autowireCandidate=true; primary=false; fallback=false; factoryBeanName=null; factoryMethodName=null; initMethodNames=null; destroyMethodNames=null; defined in com.company.project.domain.survey.OnlinePollItemRepository defined in @EnableJpaRepositories declared on MinimalTestConfig] with [Root bean: class=org.springframework.data.jpa.repository.support.JpaRepositoryFactoryBean; scope=; abstract=false; lazyInit=false; autowireMode=0; dependencyCheck=0; autowireCandidate=true; primary=false; fallback=false; factoryBeanName=null; factoryMethodName=null; initMethodNames=null; destroyMethodNames=null; defined in com.company.project.domain.survey.OnlinePollItemRepository defined in @EnableJpaRepositories declared on JpaConfig]
2026-03-10 16:57:22 [Test worker] INFO  o.s.b.f.s.DefaultListableBeanFactory - Overriding bean definition for bean 'boardMasterRepository' with a different definition: replacing [Root bean: class=org.springframework.data.jpa.repository.support.JpaRepositoryFactoryBean; scope=; abstract=false; lazyInit=false; autowireMode=0; dependencyCheck=0; autowireCandidate=true; primary=false; fallback=false; factoryBeanName=null; factoryMethodName=null; initMethodNames=null; destroyMethodNames=null; defined in com.company.project.domain.board.BoardMasterRepository defined in @EnableJpaRepositories declared on MinimalTestConfig] with [Root bean: class=org.springframework.data.jpa.repository.support.JpaRepositoryFactoryBean; scope=; abstract=false; lazyInit=false; autowireMode=0; dependencyCheck=0; autowireCandidate=true; primary=false; fallback=false; factoryBeanName=null; factoryMethodName=null; initMethodNames=null; destroyMethodNames=null; defined in com.company.project.domain.board.BoardMasterRepository defined in @EnableJpaRepositories declared on JpaConfig]
2026-03-10 16:57:22 [Test worker] DEBUG o.s.b.f.s.DefaultListableBeanFactory - Overriding bean definition for bean 'boardMasterRepository' with a different definition: replacing [Root bean: class=org.springframework.data.jpa.repository.support.JpaRepositoryFactoryBean; scope=; abstract=false; lazyInit=false; autowireMode=0; dependencyCheck=0; autowireCandidate=true; primary=false; fallback=false; factoryBeanName=null; factoryMethodName=null; initMethodNames=null; destroyMethodNames=null; defined in com.company.project.domain.board.BoardMasterRepository defined in @EnableJpaRepositories declared on MinimalTestConfig] with [Root bean: class=org.springframework.data.jpa.repository.support.JpaRepositoryFactoryBean; scope=; abstract=false; lazyInit=false; autowireMode=0; dependencyCheck=0; autowireCandidate=true; primary=false; fallback=false; factoryBeanName=null; factoryMethodName=null; initMethodNames=null; destroyMethodNames=null; defined in com.company.project.domain.board.BoardMasterRepository defined in @EnableJpaRepositories declared on JpaConfig]
2026-03-10 16:57:22 [Test worker] INFO  o.s.b.f.s.DefaultListableBeanFactory - Overriding bean definition for bean 'informalSanctionRepository' with a different definition: replacing [Root bean: class=org.springframework.data.jpa.repository.support.JpaRepositoryFactoryBean; scope=; abstract=false; lazyInit=false; autowireMode=0; dependencyCheck=0; autowireCandidate=true; primary=false; fallback=false; factoryBeanName=null; factoryMethodName=null; initMethodNames=null; destroyMethodNames=null; defined in com.company.project.domain.informalsanction.InformalSanctionRepository defined in @EnableJpaRepositories declared on MinimalTestConfig] with [Root bean: class=org.springframework.data.jpa.repository.support.JpaRepositoryFactoryBean; scope=; abstract=false; lazyInit=false; autowireMode=0; dependencyCheck=0; autowireCandidate=true; primary=false; fallback=false; factoryBeanName=null; factoryMethodName=null; initMethodNames=null; destroyMethodNames=null; defined in com.company.project.domain.informalsanction.InformalSanctionRepository defined in @EnableJpaRepositories declared on JpaConfig]
2026-03-10 16:57:22 [Test worker] DEBUG o.s.b.f.s.DefaultListableBeanFactory - Overriding bean definition for bean 'informalSanctionRepository' with a different definition: replacing [Root bean: class=org.springframework.data.jpa.repository.support.JpaRepositoryFactoryBean; scope=; abstract=false; lazyInit=false; autowireMode=0; dependencyCheck=0; autowireCandidate=true; primary=false; fallback=false; factoryBeanName=null; factoryMethodName=null; initMethodNames=null; destroyMethodNames=null; defined in com.company.project.domain.informalsanction.InformalSanctionRepository defined in @EnableJpaRepositories declared on MinimalTestConfig] with [Root bean: class=org.springframework.data.jpa.repository.support.JpaRepositoryFactoryBean; scope=; abstract=false; lazyInit=false; autowireMode=0; dependencyCheck=0; autowireCandidate=true; primary=false; fallback=false; factoryBeanName=null; factoryMethodName=null; initMethodNames=null; destroyMethodNames=null; defined in com.company.project.domain.informalsanction.InformalSanctionRepository defined in @EnableJpaRepositories declared on JpaConfig]
2026-03-10 16:57:22 [Test worker] INFO  o.s.b.f.s.DefaultListableBeanFactory - Overriding bean definition for bean 'fileDetailRepository' with a different definition: replacing [Root bean: class=org.springframework.data.jpa.repository.support.JpaRepositoryFactoryBean; scope=; abstract=false; lazyInit=false; autowireMode=0; dependencyCheck=0; autowireCandidate=true; primary=false; fallback=false; factoryBeanName=null; factoryMethodName=null; initMethodNames=null; destroyMethodNames=null; defined in com.company.project.domain.file.FileDetailRepository defined in @EnableJpaRepositories declared on MinimalTestConfig] with [Root bean: class=org.springframework.data.jpa.repository.support.JpaRepositoryFactoryBean; scope=; abstract=false; lazyInit=false; autowireMode=0; dependencyCheck=0; autowireCandidate=true; primary=false; fallback=false; factoryBeanName=null; factoryMethodName=null; initMethodNames=null; destroyMethodNames=null; defined in com.company.project.domain.file.FileDetailRepository defined in @EnableJpaRepositories declared on JpaConfig]
2026-03-10 16:57:22 [Test worker] DEBUG o.s.b.f.s.DefaultListableBeanFactory - Overriding bean definition for bean 'fileDetailRepository' with a different definition: replacing [Root bean: class=org.springframework.data.jpa.repository.support.JpaRepositoryFactoryBean; scope=; abstract=false; lazyInit=false; autowireMode=0; dependencyCheck=0; autowireCandidate=true; primary=false; fallback=false; factoryBeanName=null; factoryMethodName=null; initMethodNames=null; destroyMethodNames=null; defined in com.company.project.domain.file.FileDetailRepository defined in @EnableJpaRepositories declared on MinimalTestConfig] with [Root bean: class=org.springframework.data.jpa.repository.support.JpaRepositoryFactoryBean; scope=; abstract=false; lazyInit=false; autowireMode=0; dependencyCheck=0; autowireCandidate=true; primary=false; fallback=false; factoryBeanName=null; factoryMethodName=null; initMethodNames=null; destroyMethodNames=null; defined in com.company.project.domain.file.FileDetailRepository defined in @EnableJpaRepositories declared on JpaConfig]
2026-03-10 16:57:22 [Test worker] INFO  o.s.b.f.s.DefaultListableBeanFactory - Overriding bean definition for bean 'qnaRepository' with a different definition: replacing [Root bean: class=org.springframework.data.jpa.repository.support.JpaRepositoryFactoryBean; scope=; abstract=false; lazyInit=false; autowireMode=0; dependencyCheck=0; autowireCandidate=true; primary=false; fallback=false; factoryBeanName=null; factoryMethodName=null; initMethodNames=null; destroyMethodNames=null; defined in com.company.project.domain.qna.QnaRepository defined in @EnableJpaRepositories declared on MinimalTestConfig] with [Root bean: class=org.springframework.data.jpa.repository.support.JpaRepositoryFactoryBean; scope=; abstract=false; lazyInit=false; autowireMode=0; dependencyCheck=0; autowireCandidate=true; primary=false; fallback=false; factoryBeanName=null; factoryMethodName=null; initMethodNames=null; destroyMethodNames=null; defined in com.company.project.domain.qna.QnaRepository defined in @EnableJpaRepositories declared on JpaConfig]
2026-03-10 16:57:22 [Test worker] DEBUG o.s.b.f.s.DefaultListableBeanFactory - Overriding bean definition for bean 'qnaRepository' with a different definition: replacing [Root bean: class=org.springframework.data.jpa.repository.support.JpaRepositoryFactoryBean; scope=; abstract=false; lazyInit=false; autowireMode=0; dependencyCheck=0; autowireCandidate=true; primary=false; fallback=false; factoryBeanName=null; factoryMethodName=null; initMethodNames=null; destroyMethodNames=null; defined in com.company.project.domain.qna.QnaRepository defined in @EnableJpaRepositories declared on MinimalTestConfig] with [Root bean: class=org.springframework.data.jpa.repository.support.JpaRepositoryFactoryBean; scope=; abstract=false; lazyInit=false; autowireMode=0; dependencyCheck=0; autowireCandidate=true; primary=false; fallback=false; factoryBeanName=null; factoryMethodName=null; initMethodNames=null; destroyMethodNames=null; defined in com.company.project.domain.qna.QnaRepository defined in @EnableJpaRepositories declared on JpaConfig]
2026-03-10 16:57:22 [Test worker] INFO  o.s.b.f.s.DefaultListableBeanFactory - Overriding bean definition for bean 'scrapRepository' with a different definition: replacing [Root bean: class=org.springframework.data.jpa.repository.support.JpaRepositoryFactoryBean; scope=; abstract=false; lazyInit=false; autowireMode=0; dependencyCheck=0; autowireCandidate=true; primary=false; fallback=false; factoryBeanName=null; factoryMethodName=null; initMethodNames=null; destroyMethodNames=null; defined in com.company.project.domain.scrap.ScrapRepository defined in @EnableJpaRepositories declared on MinimalTestConfig] with [Root bean: class=org.springframework.data.jpa.repository.support.JpaRepositoryFactoryBean; scope=; abstract=false; lazyInit=false; autowireMode=0; dependencyCheck=0; autowireCandidate=true; primary=false; fallback=false; factoryBeanName=null; factoryMethodName=null; initMethodNames=null; destroyMethodNames=null; defined in com.company.project.domain.scrap.ScrapRepository defined in @EnableJpaRepositories declared on JpaConfig]
2026-03-10 16:57:22 [Test worker] DEBUG o.s.b.f.s.DefaultListableBeanFactory - Overriding bean definition for bean 'scrapRepository' with a different definition: replacing [Root bean: class=org.springframework.data.jpa.repository.support.JpaRepositoryFactoryBean; scope=; abstract=false; lazyInit=false; autowireMode=0; dependencyCheck=0; autowireCandidate=true; primary=false; fallback=false; factoryBeanName=null; factoryMethodName=null; initMethodNames=null; destroyMethodNames=null; defined in com.company.project.domain.scrap.ScrapRepository defined in @EnableJpaRepositories declared on MinimalTestConfig] with [Root bean: class=org.springframework.data.jpa.repository.support.JpaRepositoryFactoryBean; scope=; abstract=false; lazyInit=false; autowireMode=0; dependencyCheck=0; autowireCandidate=true; primary=false; fallback=false; factoryBeanName=null; factoryMethodName=null; initMethodNames=null; destroyMethodNames=null; defined in com.company.project.domain.scrap.ScrapRepository defined in @EnableJpaRepositories declared on JpaConfig]
2026-03-10 16:57:22 [Test worker] INFO  o.s.b.f.s.DefaultListableBeanFactory - Overriding bean definition for bean 'authorityRoleRepository' with a different definition: replacing [Root bean: class=org.springframework.data.jpa.repository.support.JpaRepositoryFactoryBean; scope=; abstract=false; lazyInit=false; autowireMode=0; dependencyCheck=0; autowireCandidate=true; primary=false; fallback=false; factoryBeanName=null; factoryMethodName=null; initMethodNames=null; destroyMethodNames=null; defined in com.company.project.domain.auth.AuthorityRoleRepository defined in @EnableJpaRepositories declared on MinimalTestConfig] with [Root bean: class=org.springframework.data.jpa.repository.support.JpaRepositoryFactoryBean; scope=; abstract=false; lazyInit=false; autowireMode=0; dependencyCheck=0; autowireCandidate=true; primary=false; fallback=false; factoryBeanName=null; factoryMethodName=null; initMethodNames=null; destroyMethodNames=null; defined in com.company.project.domain.auth.AuthorityRoleRepository defined in @EnableJpaRepositories declared on JpaConfig]
2026-03-10 16:57:22 [Test worker] DEBUG o.s.b.f.s.DefaultListableBeanFactory - Overriding bean definition for bean 'authorityRoleRepository' with a different definition: replacing [Root bean: class=org.springframework.data.jpa.repository.support.JpaRepositoryFactoryBean; scope=; abstract=false; lazyInit=false; autowireMode=0; dependencyCheck=0; autowireCandidate=true; primary=false; fallback=false; factoryBeanName=null; factoryMethodName=null; initMethodNames=null; destroyMethodNames=null; defined in com.company.project.domain.auth.AuthorityRoleRepository defined in @EnableJpaRepositories declared on MinimalTestConfig] with [Root bean: class=org.springframework.data.jpa.repository.support.JpaRepositoryFactoryBean; scope=; abstract=false; lazyInit=false; autowireMode=0; dependencyCheck=0; autowireCandidate=true; primary=false; fallback=false; factoryBeanName=null; factoryMethodName=null; initMethodNames=null; destroyMethodNames=null; defined in com.company.project.domain.auth.AuthorityRoleRepository defined in @EnableJpaRepositories declared on JpaConfig]
2026-03-10 16:57:22 [Test worker] INFO  o.s.b.f.s.DefaultListableBeanFactory - Overriding bean definition for bean 'noteDomainRepository' with a different definition: replacing [Root bean: class=org.springframework.data.jpa.repository.support.JpaRepositoryFactoryBean; scope=; abstract=false; lazyInit=false; autowireMode=0; dependencyCheck=0; autowireCandidate=true; primary=false; fallback=false; factoryBeanName=null; factoryMethodName=null; initMethodNames=null; destroyMethodNames=null; defined in com.company.project.domain.note.NoteDomainRepository defined in @EnableJpaRepositories declared on MinimalTestConfig] with [Root bean: class=org.springframework.data.jpa.repository.support.JpaRepositoryFactoryBean; scope=; abstract=false; lazyInit=false; autowireMode=0; dependencyCheck=0; autowireCandidate=true; primary=false; fallback=false; factoryBeanName=null; factoryMethodName=null; initMethodNames=null; destroyMethodNames=null; defined in com.company.project.domain.note.NoteDomainRepository defined in @EnableJpaRepositories declared on JpaConfig]
[...]
	at org.springframework.security.web.ObservationFilterChainDecorator$VirtualFilterChain.doFilter(ObservationFilterChainDecorator.java:137)
	at org.springframework.security.web.FilterChainProxy.doFilterInternal(FilterChainProxy.java:233)
	at org.springframework.security.web.FilterChainProxy.doFilter(FilterChainProxy.java:191)
	at org.springframework.web.filter.CompositeFilter$VirtualFilterChain.doFilter(CompositeFilter.java:113)
	at org.springframework.web.servlet.handler.HandlerMappingIntrospector.lambda$createCacheFilter$3(HandlerMappingIntrospector.java:243)
	at org.springframework.web.filter.CompositeFilter$VirtualFilterChain.doFilter(CompositeFilter.java:113)
	at org.springframework.web.filter.CompositeFilter.doFilter(CompositeFilter.java:74)
	at org.springframework.security.config.annotation.web.configuration.WebMvcSecurityConfiguration$CompositeFilterChainProxy.doFilter(WebMvcSecurityConfiguration.java:238)
	at org.springframework.web.filter.DelegatingFilterProxy.invokeDelegate(DelegatingFilterProxy.java:362)
	at org.springframework.web.filter.DelegatingFilterProxy.doFilter(DelegatingFilterProxy.java:278)
	at org.springframework.test.web.servlet.setup.MockMvcFilterDecorator.doFilter(MockMvcFilterDecorator.java:162)
	at org.springframework.mock.web.MockFilterChain.doFilter(MockFilterChain.java:132)
	at org.springframework.web.filter.ServerHttpObservationFilter.doFilterInternal(ServerHttpObservationFilter.java:114)
	at org.springframework.web.filter.OncePerRequestFilter.doFilter(OncePerRequestFilter.java:116)
	at org.springframework.test.web.servlet.setup.MockMvcFilterDecorator.doFilter(MockMvcFilterDecorator.java:162)
	at org.springframework.mock.web.MockFilterChain.doFilter(MockFilterChain.java:132)
	at org.springframework.web.filter.CharacterEncodingFilter.doFilterInternal(CharacterEncodingFilter.java:201)
	at org.springframework.web.filter.OncePerRequestFilter.doFilter(OncePerRequestFilter.java:116)
	at org.springframework.test.web.servlet.setup.MockMvcFilterDecorator.doFilter(MockMvcFilterDecorator.java:162)
	at org.springframework.mock.web.MockFilterChain.doFilter(MockFilterChain.java:132)
	at org.springframework.test.web.servlet.MockMvc.perform(MockMvc.java:201)
	at com.company.project.test.errorhandling.ExceptionResponseTest.runtimeException_occurs_returns500Error(ExceptionResponseTest.java:79)
	at java.base/jdk.internal.reflect.DirectMethodHandleAccessor.invoke(DirectMethodHandleAccessor.java:103)
	at java.base/java.lang.reflect.Method.invoke(Method.java:580)
	at org.junit.platform.commons.util.ReflectionUtils.invokeMethod(ReflectionUtils.java:767)
	at org.junit.jupiter.engine.execution.MethodInvocation.proceed(MethodInvocation.java:60)
	at org.junit.jupiter.engine.execution.InvocationInterceptorChain$ValidatingInvocation.proceed(InvocationInterceptorChain.java:131)
	at org.junit.jupiter.engine.extension.TimeoutExtension.intercept(TimeoutExtension.java:156)
	at org.junit.jupiter.engine.extension.TimeoutExtension.interceptTestableMethod(TimeoutExtension.java:147)
	at org.junit.jupiter.engine.extension.TimeoutExtension.interceptTestMethod(TimeoutExtension.java:86)
	at org.junit.jupiter.engine.execution.InterceptingExecutableInvoker$ReflectiveInterceptorCall.lambda$ofVoidMethod$0(InterceptingExecutableInvoker.java:103)
	at org.junit.jupiter.engine.execution.InterceptingExecutableInvoker.lambda$invoke$0(InterceptingExecutableInvoker.java:93)
	at org.junit.jupiter.engine.execution.InvocationInterceptorChain$InterceptedInvocation.proceed(InvocationInterceptorChain.java:106)
	at org.junit.jupiter.engine.execution.InvocationInterceptorChain.proceed(InvocationInterceptorChain.java:64)
	at org.junit.jupiter.engine.execution.InvocationInterceptorChain.chainAndInvoke(InvocationInterceptorChain.java:45)
	at org.junit.jupiter.engine.execution.InvocationInterceptorChain.invoke(InvocationInterceptorChain.java:37)
	at org.junit.jupiter.engine.execution.InterceptingExecutableInvoker.invoke(InterceptingExecutableInvoker.java:92)
	at org.junit.jupiter.engine.execution.InterceptingExecutableInvoker.invoke(InterceptingExecutableInvoker.java:86)
	at org.junit.jupiter.engine.descriptor.TestMethodTestDescriptor.lambda$invokeTestMethod$8(TestMethodTestDescriptor.java:217)
	at org.junit.platform.engine.support.hierarchical.ThrowableCollector.execute(ThrowableCollector.java:73)
	at org.junit.jupiter.engine.descriptor.TestMethodTestDescriptor.invokeTestMethod(TestMethodTestDescriptor.java:213)
	at org.junit.jupiter.engine.descriptor.TestMethodTestDescriptor.execute(TestMethodTestDescriptor.java:138)
	at org.junit.jupiter.engine.descriptor.TestMethodTestDescriptor.execute(TestMethodTestDescriptor.java:68)
	at org.junit.platform.engine.support.hierarchical.NodeTestTask.lambda$executeRecursively$6(NodeTestTask.java:156)
	at org.junit.platform.engine.support.hierarchical.ThrowableCollector.execute(ThrowableCollector.java:73)
	at org.junit.platform.engine.support.hierarchical.NodeTestTask.lambda$executeRecursively$8(NodeTestTask.java:146)
	at org.junit.platform.engine.support.hierarchical.Node.around(Node.java:137)
	at org.junit.platform.engine.support.hierarchical.NodeTestTask.lambda$executeRecursively$9(NodeTestTask.java:144)
	at org.junit.platform.engine.support.hierarchical.ThrowableCollector.execute(ThrowableCollector.java:73)
	at org.junit.platform.engine.support.hierarchical.NodeTestTask.executeRecursively(NodeTestTask.java:143)
	at org.junit.platform.engine.support.hierarchical.NodeTestTask.execute(NodeTestTask.java:100)
	at java.base/java.util.ArrayList.forEach(ArrayList.java:1596)
	at org.junit.platform.engine.support.hierarchical.SameThreadHierarchicalTestExecutorService.invokeAll(SameThreadHierarchicalTestExecutorService.java:41)
	at org.junit.platform.engine.support.hierarchical.NodeTestTask.lambda$executeRecursively$6(NodeTestTask.java:160)
	at org.junit.platform.engine.support.hierarchical.ThrowableCollector.execute(ThrowableCollector.java:73)
	at org.junit.platform.engine.support.hierarchical.NodeTestTask.lambda$executeRecursively$8(NodeTestTask.java:146)
	at org.junit.platform.engine.support.hierarchical.Node.around(Node.java:137)
	at org.junit.platform.engine.support.hierarchical.NodeTestTask.lambda$executeRecursively$9(NodeTestTask.java:144)
	at org.junit.platform.engine.support.hierarchical.ThrowableCollector.execute(ThrowableCollector.java:73)
	at org.junit.platform.engine.support.hierarchical.NodeTestTask.executeRecursively(NodeTestTask.java:143)
	at org.junit.platform.engine.support.hierarchical.NodeTestTask.execute(NodeTestTask.java:100)
	at java.base/java.util.ArrayList.forEach(ArrayList.java:1596)
	at org.junit.platform.engine.support.hierarchical.SameThreadHierarchicalTestExecutorService.invokeAll(SameThreadHierarchicalTestExecutorService.java:41)
	at org.junit.platform.engine.support.hierarchical.NodeTestTask.lambda$executeRecursively$6(NodeTestTask.java:160)
	at org.junit.platform.engine.support.hierarchical.ThrowableCollector.execute(ThrowableCollector.java:73)
	at org.junit.platform.engine.support.hierarchical.NodeTestTask.lambda$executeRecursively$8(NodeTestTask.java:146)
	at org.junit.platform.engine.support.hierarchical.Node.around(Node.java:137)
	at org.junit.platform.engine.support.hierarchical.NodeTestTask.lambda$executeRecursively$9(NodeTestTask.java:144)
	at org.junit.platform.engine.support.hierarchical.ThrowableCollector.execute(ThrowableCollector.java:73)
	at org.junit.platform.engine.support.hierarchical.NodeTestTask.executeRecursively(NodeTestTask.java:143)
	at org.junit.platform.engine.support.hierarchical.NodeTestTask.execute(NodeTestTask.java:100)
	at org.junit.platform.engine.support.hierarchical.SameThreadHierarchicalTestExecutorService.submit(SameThreadHierarchicalTestExecutorService.java:35)
	at org.junit.platform.engine.support.hierarchical.HierarchicalTestExecutor.execute(HierarchicalTestExecutor.java:57)
	at org.junit.platform.engine.support.hierarchical.HierarchicalTestEngine.execute(HierarchicalTestEngine.java:54)
	at org.junit.platform.launcher.core.EngineExecutionOrchestrator.execute(EngineExecutionOrchestrator.java:198)
	at org.junit.platform.launcher.core.EngineExecutionOrchestrator.execute(EngineExecutionOrchestrator.java:169)
	at org.junit.platform.launcher.core.EngineExecutionOrchestrator.execute(EngineExecutionOrchestrator.java:93)
	at org.junit.platform.launcher.core.EngineExecutionOrchestrator.lambda$execute$0(EngineExecutionOrchestrator.java:58)
	at org.junit.platform.launcher.core.EngineExecutionOrchestrator.withInterceptedStreams(EngineExecutionOrchestrator.java:141)
	at org.junit.platform.launcher.core.EngineExecutionOrchestrator.execute(EngineExecutionOrchestrator.java:57)
	at org.junit.platform.launcher.core.DefaultLauncher.execute(DefaultLauncher.java:103)
	at org.junit.platform.launcher.core.DefaultLauncher.execute(DefaultLauncher.java:85)
	at org.junit.platform.launcher.core.DelegatingLauncher.execute(DelegatingLauncher.java:47)
	at org.gradle.api.internal.tasks.testing.junitplatform.JUnitPlatformTestClassProcessor$CollectAllTestClassesExecutor.processAllTestClasses(JUnitPlatformTestClassProcessor.java:124)
	at org.gradle.api.internal.tasks.testing.junitplatform.JUnitPlatformTestClassProcessor$CollectAllTestClassesExecutor.access$000(JUnitPlatformTestClassProcessor.java:99)
	at org.gradle.api.internal.tasks.testing.junitplatform.JUnitPlatformTestClassProcessor.stop(JUnitPlatformTestClassProcessor.java:94)
	at org.gradle.api.internal.tasks.testing.SuiteTestClassProcessor.stop(SuiteTestClassProcessor.java:63)
	at java.base/jdk.internal.reflect.DirectMethodHandleAccessor.invoke(DirectMethodHandleAccessor.java:103)
	at java.base/java.lang.reflect.Method.invoke(Method.java:580)
	at org.gradle.internal.dispatch.ReflectionDispatch.dispatch(ReflectionDispatch.java:36)
	at org.gradle.internal.dispatch.ReflectionDispatch.dispatch(ReflectionDispatch.java:24)
	at org.gradle.internal.dispatch.ContextClassLoaderDispatch.dispatch(ContextClassLoaderDispatch.java:33)
	at org.gradle.internal.dispatch.ProxyDispatchAdapter$DispatchingInvocationHandler.invoke(ProxyDispatchAdapter.java:92)
	at jdk.proxy2/jdk.proxy2.$Proxy6.stop(Unknown Source)
	at org.gradle.api.internal.tasks.testing.worker.TestWorker$3.run(TestWorker.java:200)
	at org.gradle.api.internal.tasks.testing.worker.TestWorker.executeAndMaintainThreadName(TestWorker.java:132)
	at org.gradle.api.internal.tasks.testing.worker.TestWorker.execute(TestWorker.java:103)
	at org.gradle.api.internal.tasks.testing.worker.TestWorker.execute(TestWorker.java:63)
	at org.gradle.process.internal.worker.child.ActionExecutionWorker.execute(ActionExecutionWorker.java:56)
	at org.gradle.process.internal.worker.child.SystemApplicationClassLoaderWorker.call(SystemApplicationClassLoaderWorker.java:121)
	at org.gradle.process.internal.worker.child.SystemApplicationClassLoaderWorker.call(SystemApplicationClassLoaderWorker.java:71)
	at worker.org.gradle.process.internal.worker.GradleWorkerMain.run(GradleWorkerMain.java:69)
	at worker.org.gradle.process.internal.worker.GradleWorkerMain.main(GradleWorkerMain.java:74)
2026-03-10 16:57:49 [Test worker] DEBUG o.s.w.s.m.m.a.HttpEntityMethodProcessor - Using 'application/json', given [*/*] and supported [application/json, application/*+json, application/yaml]
2026-03-10 16:57:49 [Test worker] DEBUG o.s.w.s.m.m.a.HttpEntityMethodProcessor - Writing [ApiResponse[success=false, status=500, code=C004, message=예기치 않은 서버 오류가 발생했습니다., data=null, timestam (truncated)...]
2026-03-10 16:57:49 [Test worker] DEBUG o.s.w.s.m.m.a.ExceptionHandlerExceptionResolver - Resolved [java.lang.RuntimeException: Internal server error]
2026-03-10 16:57:49 [Test worker] DEBUG o.s.s.w.a.AnonymousAuthenticationFilter - Set SecurityContextHolder to anonymous SecurityContext
2026-03-10 16:57:49 [Test worker] DEBUG o.s.security.web.FilterChainProxy - Securing POST /api/v1/users/signup
2026-03-10 16:57:49 [Test worker] DEBUG o.s.security.web.FilterChainProxy - Secured POST /api/v1/users/signup
2026-03-10 16:57:49 [Test worker] DEBUG o.s.w.s.m.m.a.RequestMappingHandlerMapping - Mapped to com.company.project.api.controller.UserController#signup(UserSignupRequest)
2026-03-10 16:57:49 [Test worker] DEBUG o.s.w.s.m.m.a.RequestResponseBodyMethodProcessor - Read "application/json;charset=UTF-8" to [UserSignupRequest[userId=duplicateUser, password=password123!, userNm=중복사용자, role=USER, passwordHint (truncated)...]
2026-03-10 16:57:49 [Test worker] INFO  c.c.p.api.controller.UserController - User signup request: duplicateUser
2026-03-10 16:57:49 [Test worker] DEBUG o.s.w.s.m.m.a.ExceptionHandlerExceptionResolver - Using @ExceptionHandler com.company.project.api.common.exception.GlobalExceptionHandler#handleBusinessException(BusinessException)
2026-03-10 16:57:49 [Test worker] WARN  c.c.p.a.c.e.GlobalExceptionHandler - >>> BusinessException: U002 - Duplicate User ID
2026-03-10 16:57:49 [Test worker] DEBUG o.s.w.s.m.m.a.HttpEntityMethodProcessor - Using 'application/json', given [*/*] and supported [application/json, application/*+json, application/yaml]
2026-03-10 16:57:49 [Test worker] DEBUG o.s.w.s.m.m.a.HttpEntityMethodProcessor - Writing [ApiResponse[success=false, status=409, code=U002, message=Duplicate User ID, data=null, timestamp=20 (truncated)...]
2026-03-10 16:57:49 [Test worker] DEBUG o.s.w.s.m.m.a.ExceptionHandlerExceptionResolver - Resolved [com.company.project.core.exception.BusinessException: Duplicate User ID]
2026-03-10 16:57:49 [Test worker] DEBUG o.s.s.w.a.AnonymousAuthenticationFilter - Set SecurityContextHolder to anonymous SecurityContext
2026-03-10 16:57:49 [Test worker] DEBUG o.s.security.web.FilterChainProxy - Securing POST /api/v1/users/signup
2026-03-10 16:57:49 [Test worker] DEBUG o.s.security.web.FilterChainProxy - Secured POST /api/v1/users/signup
2026-03-10 16:57:49 [Test worker] DEBUG o.s.w.s.m.m.a.RequestMappingHandlerMapping - Mapped to com.company.project.api.controller.UserController#signup(UserSignupRequest)
2026-03-10 16:57:49 [Test worker] DEBUG o.s.w.s.m.m.a.RequestResponseBodyMethodProcessor - Read "application/json;charset=UTF-8" to [UserSignupRequest[userId=, password=123, userNm=, role=null, passwordHint=null, passwordCnsr=null]]
2026-03-10 16:57:49 [Test worker] DEBUG o.s.w.s.m.m.a.ExceptionHandlerExceptionResolver - Using @ExceptionHandler com.company.project.api.common.exception.GlobalExceptionHandler#handleMethodArgumentNotValidException(MethodArgumentNotValidException)
2026-03-10 16:57:49 [Test worker] WARN  c.c.p.a.c.e.GlobalExceptionHandler - >>> Validation Failed: userSignupRequest
2026-03-10 16:57:49 [Test worker] DEBUG o.s.w.s.m.m.a.HttpEntityMethodProcessor - Using 'application/json', given [*/*] and supported [application/json, application/*+json, application/yaml]
2026-03-10 16:57:49 [Test worker] DEBUG o.s.w.s.m.m.a.HttpEntityMethodProcessor - Writing [ApiResponse[success=false, status=400, code=C001, message=??????? 2????긽 60????븯???젰??＜?몄슂., ???踰덊?? (truncated)...]
2026-03-10 16:57:49 [Test worker] DEBUG o.s.w.s.m.m.a.ExceptionHandlerExceptionResolver - Resolved [org.springframework.web.bind.MethodArgumentNotValidException: Validation failed for argument [0] in public org.springframework.http.ResponseEntity<com.company.project.core.response.ApiResponse<com.company.project.service.user.dto.UserResponse>> com.company.project.api.controller.UserController.signup(com.company.project.service.user.dto.UserSignupRequest) with 5 errors: [Field error in object 'userSignupRequest' on field 'userNm': rejected value []; codes [Size.userSignupRequest.userNm,Size.userNm,Size.java.lang.String,Size]; arguments [org.springframework.context.support.DefaultMessageSourceResolvable: codes [userSignupRequest.userNm,userNm]; arguments []; default message [userNm],60,2]; default message [??????? 2????긽 60????븯???젰??＜?몄슂.]] [Field error in object 'userSignupRequest' on field 'password': rejected value [123]; codes [Size.userSignupRequest.password,Size.password,Size.java.lang.String,Size]; arguments [org.springframework.context.support.DefaultMessageSourceResolvable: codes [userSignupRequest.password,password]; arguments []; default message [password],100,8]; default message [???踰덊???8????긽??줈 ??젰??＜?몄슂.]] [Field error in object 'userSignupRequest' on field 'userId': rejected value []; codes [Size.userSignupRequest.userId,Size.userId,Size.java.lang.String,Size]; arguments [org.springframework.context.support.DefaultMessageSourceResolvable: codes [userSignupRequest.userId,userId]; arguments []; default message [userId],20,4]; default message [?꾩씠?붾뒗 4????긽 20????븯???젰??＜?몄슂.]] [Field error in object 'userSignupRequest' on field 'userId': rejected value []; codes [NotBlank.userSignupRequest.userId,NotBlank.userId,NotBlank.java.lang.String,NotBlank]; arguments [org.springframework.context.support.DefaultMessageSourceResolvable: codes [userSignupRequest.userId,userId]; arguments []; default message [userId]]; default message [?꾩씠?붾뒗 ?꾩닔 ??젰 ?????땲??]] [Field error in object 'userSignupRequest' on field 'userNm': rejected value []; codes [NotBlank.userSignupRequest.userNm,NotBlank.userNm,NotBlank.java.lang.String,NotBlank]; arguments [org.springframework.context.support.DefaultMessageSourceResolvable: codes [userSignupRequest.userNm,userNm]; arguments []; default message [userNm]]; default message [??????? ?꾩닔 ??젰 ?????땲??]] ]
2026-03-10 16:57:49 [Test worker] DEBUG o.s.s.w.a.AnonymousAuthenticationFilter - Set SecurityContextHolder to anonymous SecurityContext
2026-03-10 16:57:49 [Test worker] DEBUG o.s.security.web.FilterChainProxy - Securing GET /api/v1/users/nonexistent
2026-03-10 16:57:49 [Test worker] DEBUG o.s.security.web.FilterChainProxy - Secured GET /api/v1/users/nonexistent
2026-03-10 16:57:49 [Test worker] DEBUG o.s.w.s.m.m.a.RequestMappingHandlerMapping - Mapped to com.company.project.api.controller.UserController#getUserById(String)
2026-03-10 16:57:49 [Test worker] INFO  c.c.p.api.controller.UserController - User lookup request: nonexistent
2026-03-10 16:57:49 [Test worker] DEBUG o.s.w.s.m.m.a.ExceptionHandlerExceptionResolver - Using @ExceptionHandler com.company.project.api.common.exception.GlobalExceptionHandler#handleBusinessException(BusinessException)
2026-03-10 16:57:49 [Test worker] WARN  c.c.p.a.c.e.GlobalExceptionHandler - >>> BusinessException: U001 - User Not Found
2026-03-10 16:57:49 [Test worker] DEBUG o.s.w.s.m.m.a.HttpEntityMethodProcessor - Using 'application/json', given [*/*] and supported [application/json, application/*+json, application/yaml]
2026-03-10 16:57:49 [Test worker] DEBUG o.s.w.s.m.m.a.HttpEntityMethodProcessor - Writing [ApiResponse[success=false, status=404, code=U001, message=User Not Found, data=null, timestamp=2026- (truncated)...]
2026-03-10 16:57:49 [Test worker] DEBUG o.s.w.s.m.m.a.ExceptionHandlerExceptionResolver - Resolved [com.company.project.core.exception.BusinessException: User Not Found]
2026-03-10 16:57:49 [Test worker] DEBUG o.s.s.w.a.AnonymousAuthenticationFilter - Set SecurityContextHolder to anonymous SecurityContext
]]></system-out>
  <system-err><![CDATA[Mockito is currently self-attaching to enable the inline-mock-maker. This will no longer work in future releases of the JDK. Please add Mockito as an agent to your build what is described in Mockito's documentation: https://javadoc.io/doc/org.mockito/mockito-core/latest/org/mockito/Mockito.html#0.3
WARNING: A Java agent has been loaded dynamically (C:\Users\lkind\.gradle\caches\modules-2\files-2.1\net.bytebuddy\byte-buddy-agent\1.15.11\a38b16385e867f59a641330f0362ebe742788ed8\byte-buddy-agent-1.15.11.jar)
WARNING: If a serviceability tool is in use, please run with -XX:+EnableDynamicAgentLoading to hide this warning
WARNING: If a serviceability tool is not in use, please run with -Djdk.instrument.traceUsage for more information
WARNING: Dynamic loading of agents will be disallowed by default in a future release
]]></system-err>
</testsuite>
