{"D:\\project\\egov-enterprise\\frontend\\src\\app\\admin\\error.tsx":{"path":"D:\\project\\egov-enterprise\\frontend\\src\\app\\admin\\error.tsx","statementMap":{"0":{"start":{"line":24,"column":22},"end":{"line":24,"column":38}},"1":{"start":{"line":26,"column":2},"end":{"line":29,"column":14}},"2":{"start":{"line":28,"column":4},"end":{"line":28,"column":49}},"3":{"start":{"line":31,"column":22},"end":{"line":34,"column":3}},"4":{"start":{"line":32,"column":4},"end":{"line":32,"column":33}},"5":{"start":{"line":33,"column":4},"end":{"line":33,"column":12}},"6":{"start":{"line":37,"column":21},"end":{"line":37,"column":138}},"7":{"start":{"line":38,"column":16},"end":{"line":38,"column":68}},"8":{"start":{"line":39,"column":16},"end":{"line":39,"column":108}},"9":{"start":{"line":40,"column":16},"end":{"line":40,"column":108}},"10":{"start":{"line":43,"column":2},"end":{"line":66,"column":3}},"11":{"start":{"line":44,"column":4},"end":{"line":65,"column":6}},"12":{"start":{"line":58,"column":16},"end":{"line":58,"column":130}},"13":{"start":{"line":61,"column":81},"end":{"line":61,"column":107}},"14":{"start":{"line":68,"column":2},"end":{"line":84,"column":3}},"15":{"start":{"line":69,"column":4},"end":{"line":83,"column":6}},"16":{"start":{"line":78,"column":93},"end":{"line":78,"column":114}},"17":{"start":{"line":79,"column":81},"end":{"line":79,"column":112}},"18":{"start":{"line":86,"column":2},"end":{"line":102,"column":3}},"19":{"start":{"line":87,"column":4},"end":{"line":101,"column":6}},"20":{"start":{"line":96,"column":93},"end":{"line":96,"column":114}},"21":{"start":{"line":97,"column":81},"end":{"line":97,"column":112}},"22":{"start":{"line":105,"column":2},"end":{"line":120,"column":4}},"23":{"start":{"line":115,"column":79},"end":{"line":115,"column":110}},"24":{"start":{"line":142,"column":2},"end":{"line":161,"column":4}},"25":{"start":{"line":175,"column":2},"end":{"line":187,"column":4}}},"fnMap":{"0":{"name":"AdminError","decl":{"start":{"line":17,"column":24},"end":{"line":17,"column":34}},"loc":{"start":{"line":23,"column":3},"end":{"line":121,"column":1}},"line":23},"1":{"name":"(anonymous_1)","decl":{"start":{"line":26,"column":12},"end":{"line":26,"column":13}},"loc":{"start":{"line":26,"column":18},"end":{"line":29,"column":3}},"line":26},"2":{"name":"(anonymous_2)","decl":{"start":{"line":31,"column":22},"end":{"line":31,"column":23}},"loc":{"start":{"line":31,"column":28},"end":{"line":34,"column":3}},"line":31},"3":{"name":"(anonymous_3)","decl":{"start":{"line":57,"column":23},"end":{"line":57,"column":24}},"loc":{"start":{"line":57,"column":29},"end":{"line":59,"column":15}},"line":57},"4":{"name":"(anonymous_4)","decl":{"start":{"line":61,"column":74},"end":{"line":61,"column":75}},"loc":{"start":{"line":61,"column":81},"end":{"line":61,"column":107}},"line":61},"5":{"name":"(anonymous_5)","decl":{"start":{"line":78,"column":87},"end":{"line":78,"column":88}},"loc":{"start":{"line":78,"column":93},"end":{"line":78,"column":114}},"line":78},"6":{"name":"(anonymous_6)","decl":{"start":{"line":79,"column":74},"end":{"line":79,"column":75}},"loc":{"start":{"line":79,"column":81},"end":{"line":79,"column":112}},"line":79},"7":{"name":"(anonymous_7)","decl":{"start":{"line":96,"column":87},"end":{"line":96,"column":88}},"loc":{"start":{"line":96,"column":93},"end":{"line":96,"column":114}},"line":96},"8":{"name":"(anonymous_8)","decl":{"start":{"line":97,"column":74},"end":{"line":97,"column":75}},"loc":{"start":{"line":97,"column":81},"end":{"line":97,"column":112}},"line":97},"9":{"name":"(anonymous_9)","decl":{"start":{"line":115,"column":72},"end":{"line":115,"column":73}},"loc":{"start":{"line":115,"column":79},"end":{"line":115,"column":110}},"line":115},"10":{"name":"ErrorLayout","decl":{"start":{"line":125,"column":9},"end":{"line":125,"column":20}},"loc":{"start":{"line":141,"column":3},"end":{"line":162,"column":1}},"line":141},"11":{"name":"ActionButton","decl":{"start":{"line":164,"column":9},"end":{"line":164,"column":21}},"loc":{"start":{"line":174,"column":3},"end":{"line":188,"column":1}},"line":174}},"branchMap":{"0":{"loc":{"start":{"line":37,"column":21},"end":{"line":37,"column":138}},"type":"binary-expr","locations":[{"start":{"line":37,"column":21},"end":{"line":37,"column":42}},{"start":{"line":37,"column":46},"end":{"line":37,"column":71}},{"start":{"line":37,"column":75},"end":{"line":37,"column":106}},{"start":{"line":37,"column":110},"end":{"line":37,"column":138}}],"line":37},"1":{"loc":{"start":{"line":38,"column":16},"end":{"line":38,"column":68}},"type":"binary-expr","locations":[{"start":{"line":38,"column":16},"end":{"line":38,"column":34}},{"start":{"line":38,"column":38},"end":{"line":38,"column":68}}],"line":38},"2":{"loc":{"start":{"line":39,"column":16},"end":{"line":39,"column":108}},"type":"binary-expr","locations":[{"start":{"line":39,"column":16},"end":{"line":39,"column":34}},{"start":{"line":39,"column":38},"end":{"line":39,"column":68}},{"start":{"line":39,"column":72},"end":{"line":39,"column":108}}],"line":39},"3":{"loc":{"start":{"line":40,"column":16},"end":{"line":40,"column":108}},"type":"binary-expr","locations":[{"start":{"line":40,"column":16},"end":{"line":40,"column":34}},{"start":{"line":40,"column":38},"end":{"line":40,"column":68}},{"start":{"line":40,"column":72},"end":{"line":40,"column":108}}],"line":40},"4":{"loc":{"start":{"line":43,"column":2},"end":{"line":66,"column":3}},"type":"if","locations":[{"start":{"line":43,"column":2},"end":{"line":66,"column":3}},{"start":{},"end":{}}],"line":43},"5":{"loc":{"start":{"line":68,"column":2},"end":{"line":84,"column":3}},"type":"if","locations":[{"start":{"line":68,"column":2},"end":{"line":84,"column":3}},{"start":{},"end":{}}],"line":68},"6":{"loc":{"start":{"line":86,"column":2},"end":{"line":102,"column":3}},"type":"if","locations":[{"start":{"line":86,"column":2},"end":{"line":102,"column":3}},{"start":{},"end":{}}],"line":86},"7":{"loc":{"start":{"line":154,"column":9},"end":{"line":158,"column":9}},"type":"binary-expr","locations":[{"start":{"line":154,"column":9},"end":{"line":154,"column":15}},{"start":{"line":155,"column":10},"end":{"line":157,"column":14}}],"line":154},"8":{"loc":{"start":{"line":179,"column":8},"end":{"line":181,"column":74}},"type":"cond-expr","locations":[{"start":{"line":180,"column":12},"end":{"line":180,"column":78}},{"start":{"line":181,"column":12},"end":{"line":181,"column":74}}],"line":179}},"s":{"0":0,"1":0,"2":0,"3":0,"4":0,"5":0,"6":0,"7":0,"8":0,"9":0,"10":0,"11":0,"12":0,"13":0,"14":0,"15":0,"16":0,"17":0,"18":0,"19":0,"20":0,"21":0,"22":0,"23":0,"24":0,"25":0},"f":{"0":0,"1":0,"2":0,"3":0,"4":0,"5":0,"6":0,"7":0,"8":0,"9":0,"10":0,"11":0},"b":{"0":[0,0,0,0],"1":[0,0],"2":[0,0,0],"3":[0,0,0],"4":[0,0],"5":[0,0],"6":[0,0],"7":[0,0],"8":[0,0]},"_coverageSchema":"1a1c01bbd47fc00a2c39e90264f33305004495a9","hash":"fb113de619bb4a4d0ae0442115606705cb9de0a2"},"D:\\project\\egov-enterprise\\frontend\\src\\lib\\utils.ts":{"path":"D:\\project\\egov-enterprise\\frontend\\src\\lib\\utils.ts","statementMap":{"0":{"start":{"line":5,"column":1},"end":{"line":5,"column":29}}},"fnMap":{"0":{"name":"cn","decl":{"start":{"line":4,"column":16},"end":{"line":4,"column":18}},"loc":{"start":{"line":4,"column":44},"end":{"line":6,"column":1}},"line":4}},"branchMap":{},"s":{"0":1797},"f":{"0":1797},"b":{},"_coverageSchema":"1a1c01bbd47fc00a2c39e90264f33305004495a9","hash":"cf65ca186386f122e3b3b3dd5281a612291db0cf"},"D:\\project\\egov-enterprise\\frontend\\src\\components\\ui\\button.tsx":{"path":"D:\\project\\egov-enterprise\\frontend\\src\\components\\ui\\button.tsx","statementMap":{"0":{"start":{"line":8,"column":23},"end":{"line":40,"column":1}},"1":{"start":{"line":42,"column":15},"end":{"line":72,"column":2}},"2":{"start":{"line":50,"column":14},"end":{"line":50,"column":44}},"3":{"start":{"line":52,"column":1},"end":{"line":71,"column":2}},"4":{"start":{"line":73,"column":0},"end":{"line":73,"column":29}}},"fnMap":{"0":{"name":"(anonymous_0)","decl":{"start":{"line":49,"column":2},"end":{"line":49,"column":3}},"loc":{"start":{"line":49,"column":97},"end":{"line":72,"column":1}},"line":49}},"branchMap":{"0":{"loc":{"start":{"line":49,"column":31},"end":{"line":49,"column":46}},"type":"default-arg","locations":[{"start":{"line":49,"column":41},"end":{"line":49,"column":46}}],"line":49},"1":{"loc":{"start":{"line":49,"column":48},"end":{"line":49,"column":65}},"type":"default-arg","locations":[{"start":{"line":49,"column":60},"end":{"line":49,"column":65}}],"line":49},"2":{"loc":{"start":{"line":50,"column":14},"end":{"line":50,"column":44}},"type":"cond-expr","locations":[{"start":{"line":50,"column":24},"end":{"line":50,"column":33}},{"start":{"line":50,"column":36},"end":{"line":50,"column":44}}],"line":50},"3":{"loc":{"start":{"line":59,"column":11},"end":{"line":59,"column":38}},"type":"binary-expr","locations":[{"start":{"line":59,"column":11},"end":{"line":59,"column":20}},{"start":{"line":59,"column":24},"end":{"line":59,"column":38}}],"line":59},"4":{"loc":{"start":{"line":62,"column":2},"end":{"line":69,"column":2}},"type":"cond-expr","locations":[{"start":{"line":63,"column":1},"end":{"line":63,"column":9}},{"start":{"line":65,"column":1},"end":{"line":68,"column":8}}],"line":62},"5":{"loc":{"start":{"line":66,"column":2},"end":{"line":66,"column":57}},"type":"cond-expr","locations":[{"start":{"line":66,"column":14},"end":{"line":66,"column":50}},{"start":{"line":66,"column":53},"end":{"line":66,"column":57}}],"line":66}},"s":{"0":1,"1":1,"2":97,"3":97,"4":1},"f":{"0":97},"b":{"0":[97],"1":[97],"2":[0,97],"3":[97,97],"4":[0,97],"5":[0,97]},"_coverageSchema":"1a1c01bbd47fc00a2c39e90264f33305004495a9","hash":"1ddeca896a782c60e3a21b8b4c008cfbb01b6eb0"},"D:\\project\\egov-enterprise\\frontend\\src\\app\\global-error.tsx":{"path":"D:\\project\\egov-enterprise\\frontend\\src\\app\\global-error.tsx","statementMap":{"0":{"start":{"line":14,"column":2},"end":{"line":40,"column":4}},"1":{"start":{"line":32,"column":27},"end":{"line":32,"column":34}}},"fnMap":{"0":{"name":"GlobalError","decl":{"start":{"line":7,"column":24},"end":{"line":7,"column":35}},"loc":{"start":{"line":13,"column":3},"end":{"line":41,"column":1}},"line":13},"1":{"name":"(anonymous_1)","decl":{"start":{"line":32,"column":21},"end":{"line":32,"column":22}},"loc":{"start":{"line":32,"column":27},"end":{"line":32,"column":34}},"line":32}},"branchMap":{"0":{"loc":{"start":{"line":28,"column":67},"end":{"line":28,"column":108}},"type":"binary-expr","locations":[{"start":{"line":28,"column":67},"end":{"line":28,"column":80}},{"start":{"line":28,"column":84},"end":{"line":28,"column":108}}],"line":28},"1":{"loc":{"start":{"line":29,"column":13},"end":{"line":29,"column":86}},"type":"binary-expr","locations":[{"start":{"line":29,"column":13},"end":{"line":29,"column":25}},{"start":{"line":29,"column":29},"end":{"line":29,"column":86}}],"line":29}},"s":{"0":0,"1":0},"f":{"0":0,"1":0},"b":{"0":[0,0],"1":[0,0]},"_coverageSchema":"1a1c01bbd47fc00a2c39e90264f33305004495a9","hash":"a8a48f401889f1f4ce6e36758d8a6ff7a1f362b3"},"D:\\project\\egov-enterprise\\frontend\\src\\app\\components\\theme-provider.tsx":{"path":"D:\\project\\egov-enterprise\\frontend\\src\\app\\components\\theme-provider.tsx","statementMap":{"0":{"start":{"line":9,"column":1},"end":{"line":19,"column":3}}},"fnMap":{"0":{"name":"ThemeProvider","decl":{"start":{"line":8,"column":16},"end":{"line":8,"column":29}},"loc":{"start":{"line":8,"column":74},"end":{"line":20,"column":1}},"line":8}},"branchMap":{},"s":{"0":1},"f":{"0":1},"b":{},"_coverageSchema":"1a1c01bbd47fc00a2c39e90264f33305004495a9","hash":"f1b77560d91f03341087764ee40d78e06020bf3a"},"D:\\project\\egov-enterprise\\frontend\\src\\contexts\\AuthContext.tsx":{"path":"D:\\project\\egov-enterprise\\frontend\\src\\contexts\\AuthContext.tsx","statementMap":{"0":{"start":{"line":14,"column":20},"end":{"line":14,"column":73}},"1":{"start":{"line":23,"column":26},"end":{"line":23,"column":64}},"2":{"start":{"line":24,"column":32},"end":{"line":24,"column":54}},"3":{"start":{"line":26,"column":20},"end":{"line":43,"column":8}},"4":{"start":{"line":27,"column":4},"end":{"line":27,"column":46}},"5":{"start":{"line":27,"column":39},"end":{"line":27,"column":46}},"6":{"start":{"line":29,"column":4},"end":{"line":42,"column":5}},"7":{"start":{"line":31,"column":23},"end":{"line":31,"column":57}},"8":{"start":{"line":32,"column":6},"end":{"line":36,"column":7}},"9":{"start":{"line":33,"column":8},"end":{"line":33,"column":26}},"10":{"start":{"line":35,"column":8},"end":{"line":35,"column":22}},"11":{"start":{"line":39,"column":6},"end":{"line":39,"column":20}},"12":{"start":{"line":41,"column":6},"end":{"line":41,"column":24}},"13":{"start":{"line":45,"column":16},"end":{"line":64,"column":8}},"14":{"start":{"line":46,"column":4},"end":{"line":63,"column":5}},"15":{"start":{"line":48,"column":24},"end":{"line":51,"column":7}},"16":{"start":{"line":54,"column":6},"end":{"line":54,"column":41}},"17":{"start":{"line":57,"column":23},"end":{"line":57,"column":57}},"18":{"start":{"line":58,"column":6},"end":{"line":58,"column":24}},"19":{"start":{"line":60,"column":22},"end":{"line":60,"column":82}},"20":{"start":{"line":61,"column":6},"end":{"line":61,"column":53}},"21":{"start":{"line":62,"column":6},"end":{"line":62,"column":31}},"22":{"start":{"line":66,"column":17},"end":{"line":75,"column":8}},"23":{"start":{"line":67,"column":4},"end":{"line":74,"column":5}},"24":{"start":{"line":69,"column":6},"end":{"line":69,"column":33}},"25":{"start":{"line":71,"column":6},"end":{"line":71,"column":53}},"26":{"start":{"line":73,"column":6},"end":{"line":73,"column":20}},"27":{"start":{"line":77,"column":2},"end":{"line":79,"column":18}},"28":{"start":{"line":78,"column":4},"end":{"line":78,"column":16}},"29":{"start":{"line":81,"column":2},"end":{"line":85,"column":4}},"30":{"start":{"line":88,"column":23},"end":{"line":94,"column":1}},"31":{"start":{"line":89,"column":18},"end":{"line":89,"column":41}},"32":{"start":{"line":90,"column":2},"end":{"line":92,"column":3}},"33":{"start":{"line":91,"column":4},"end":{"line":91,"column":67}},"34":{"start":{"line":93,"column":2},"end":{"line":93,"column":17}}},"fnMap":{"0":{"name":"AuthProvider","decl":{"start":{"line":16,"column":16},"end":{"line":16,"column":28}},"loc":{"start":{"line":22,"column":3},"end":{"line":86,"column":1}},"line":22},"1":{"name":"(anonymous_1)","decl":{"start":{"line":26,"column":32},"end":{"line":26,"column":33}},"loc":{"start":{"line":26,"column":44},"end":{"line":43,"column":3}},"line":26},"2":{"name":"(anonymous_2)","decl":{"start":{"line":45,"column":28},"end":{"line":45,"column":29}},"loc":{"start":{"line":45,"column":75},"end":{"line":64,"column":3}},"line":45},"3":{"name":"(anonymous_3)","decl":{"start":{"line":66,"column":29},"end":{"line":66,"column":30}},"loc":{"start":{"line":66,"column":41},"end":{"line":75,"column":3}},"line":66},"4":{"name":"(anonymous_4)","decl":{"start":{"line":77,"column":12},"end":{"line":77,"column":13}},"loc":{"start":{"line":77,"column":18},"end":{"line":79,"column":3}},"line":77},"5":{"name":"(anonymous_5)","decl":{"start":{"line":88,"column":23},"end":{"line":88,"column":24}},"loc":{"start":{"line":88,"column":29},"end":{"line":94,"column":1}},"line":88}},"branchMap":{"0":{"loc":{"start":{"line":18,"column":2},"end":{"line":18,"column":20}},"type":"default-arg","locations":[{"start":{"line":18,"column":16},"end":{"line":18,"column":20}}],"line":18},"1":{"loc":{"start":{"line":27,"column":4},"end":{"line":27,"column":46}},"type":"if","locations":[{"start":{"line":27,"column":4},"end":{"line":27,"column":46}},{"start":{},"end":{}}],"line":27},"2":{"loc":{"start":{"line":32,"column":6},"end":{"line":36,"column":7}},"type":"if","locations":[{"start":{"line":32,"column":6},"end":{"line":36,"column":7}},{"start":{"line":34,"column":13},"end":{"line":36,"column":7}}],"line":32},"3":{"loc":{"start":{"line":60,"column":22},"end":{"line":60,"column":82}},"type":"cond-expr","locations":[{"start":{"line":60,"column":47},"end":{"line":60,"column":60}},{"start":{"line":60,"column":63},"end":{"line":60,"column":82}}],"line":60},"4":{"loc":{"start":{"line":90,"column":2},"end":{"line":92,"column":3}},"type":"if","locations":[{"start":{"line":90,"column":2},"end":{"line":92,"column":3}},{"start":{},"end":{}}],"line":90}},"s":{"0":1,"1":13,"2":13,"3":13,"4":1,"5":0,"6":1,"7":1,"8":1,"9":1,"10":0,"11":0,"12":1,"13":13,"14":0,"15":0,"16":0,"17":0,"18":0,"19":0,"20":0,"21":0,"22":13,"23":0,"24":0,"25":0,"26":0,"27":13,"28":1,"29":13,"30":1,"31":101,"32":101,"33":0,"34":101},"f":{"0":13,"1":1,"2":0,"3":0,"4":1,"5":101},"b":{"0":[0],"1":[0,1],"2":[1,0],"3":[0,0],"4":[0,101]},"_coverageSchema":"1a1c01bbd47fc00a2c39e90264f33305004495a9","hash":"30f925446cb3cb93697bab6e1fdd5e87db3dd927"},"D:\\project\\egov-enterprise\\frontend\\src\\app\\components\\ui\\toast.tsx":{"path":"D:\\project\\egov-enterprise\\frontend\\src\\app\\components\\ui\\toast.tsx","statementMap":{"0":{"start":{"line":8,"column":24},"end":{"line":35,"column":1}},"1":{"start":{"line":9,"column":16},"end":{"line":24,"column":8}},"2":{"start":{"line":11,"column":27},"end":{"line":13,"column":103}},"3":{"start":{"line":15,"column":4},"end":{"line":23,"column":5}},"4":{"start":{"line":16,"column":6},"end":{"line":16,"column":42}},"5":{"start":{"line":17,"column":11},"end":{"line":23,"column":5}},"6":{"start":{"line":18,"column":6},"end":{"line":18,"column":40}},"7":{"start":{"line":19,"column":11},"end":{"line":23,"column":5}},"8":{"start":{"line":20,"column":6},"end":{"line":20,"column":42}},"9":{"start":{"line":22,"column":6},"end":{"line":22,"column":34}},"10":{"start":{"line":26,"column":18},"end":{"line":26,"column":86}},"11":{"start":{"line":26,"column":51},"end":{"line":26,"column":76}},"12":{"start":{"line":27,"column":16},"end":{"line":27,"column":82}},"13":{"start":{"line":27,"column":49},"end":{"line":27,"column":72}},"14":{"start":{"line":29,"column":2},"end":{"line":34,"column":4}},"15":{"start":{"line":38,"column":20},"end":{"line":38,"column":30}},"16":{"start":{"line":41,"column":2},"end":{"line":54,"column":14}},"17":{"start":{"line":42,"column":27},"end":{"line":50,"column":5}},"18":{"start":{"line":43,"column":21},"end":{"line":43,"column":46}},"19":{"start":{"line":44,"column":6},"end":{"line":44,"column":26}},"20":{"start":{"line":44,"column":19},"end":{"line":44,"column":26}},"21":{"start":{"line":45,"column":34},"end":{"line":45,"column":40}},"22":{"start":{"line":47,"column":6},"end":{"line":49,"column":7}},"23":{"start":{"line":48,"column":8},"end":{"line":48,"column":23}},"24":{"start":{"line":52,"column":4},"end":{"line":52,"column":57}},"25":{"start":{"line":53,"column":4},"end":{"line":53,"column":73}},"26":{"start":{"line":53,"column":17},"end":{"line":53,"column":72}},"27":{"start":{"line":56,"column":2},"end":{"line":56,"column":25}}},"fnMap":{"0":{"name":"(anonymous_0)","decl":{"start":{"line":8,"column":24},"end":{"line":8,"column":25}},"loc":{"start":{"line":8,"column":30},"end":{"line":35,"column":1}},"line":8},"1":{"name":"(anonymous_1)","decl":{"start":{"line":9,"column":28},"end":{"line":9,"column":29}},"loc":{"start":{"line":9,"column":76},"end":{"line":24,"column":3}},"line":9},"2":{"name":"(anonymous_2)","decl":{"start":{"line":26,"column":30},"end":{"line":26,"column":31}},"loc":{"start":{"line":26,"column":51},"end":{"line":26,"column":76}},"line":26},"3":{"name":"(anonymous_3)","decl":{"start":{"line":27,"column":28},"end":{"line":27,"column":29}},"loc":{"start":{"line":27,"column":49},"end":{"line":27,"column":72}},"line":27},"4":{"name":"(anonymous_4)","decl":{"start":{"line":33,"column":17},"end":{"line":33,"column":18}},"loc":{"start":{"line":33,"column":23},"end":{"line":33,"column":25}},"line":33},"5":{"name":"ToastProvider","decl":{"start":{"line":37,"column":16},"end":{"line":37,"column":29}},"loc":{"start":{"line":37,"column":75},"end":{"line":57,"column":1}},"line":37},"6":{"name":"(anonymous_6)","decl":{"start":{"line":41,"column":12},"end":{"line":41,"column":13}},"loc":{"start":{"line":41,"column":18},"end":{"line":54,"column":3}},"line":41},"7":{"name":"(anonymous_7)","decl":{"start":{"line":42,"column":27},"end":{"line":42,"column":28}},"loc":{"start":{"line":42,"column":41},"end":{"line":50,"column":5}},"line":42},"8":{"name":"(anonymous_8)","decl":{"start":{"line":53,"column":11},"end":{"line":53,"column":12}},"loc":{"start":{"line":53,"column":17},"end":{"line":53,"column":72}},"line":53}},"branchMap":{"0":{"loc":{"start":{"line":9,"column":47},"end":{"line":9,"column":71}},"type":"default-arg","locations":[{"start":{"line":9,"column":65},"end":{"line":9,"column":71}}],"line":9},"1":{"loc":{"start":{"line":11,"column":27},"end":{"line":13,"column":103}},"type":"cond-expr","locations":[{"start":{"line":12,"column":8},"end":{"line":12,"column":15}},{"start":{"line":13,"column":9},"end":{"line":13,"column":102}}],"line":11},"2":{"loc":{"start":{"line":13,"column":9},"end":{"line":13,"column":102}},"type":"binary-expr","locations":[{"start":{"line":13,"column":9},"end":{"line":13,"column":51}},{"start":{"line":13,"column":55},"end":{"line":13,"column":78}},{"start":{"line":13,"column":82},"end":{"line":13,"column":102}}],"line":13},"3":{"loc":{"start":{"line":15,"column":4},"end":{"line":23,"column":5}},"type":"if","locations":[{"start":{"line":15,"column":4},"end":{"line":23,"column":5}},{"start":{"line":17,"column":11},"end":{"line":23,"column":5}}],"line":15},"4":{"loc":{"start":{"line":17,"column":11},"end":{"line":23,"column":5}},"type":"if","locations":[{"start":{"line":17,"column":11},"end":{"line":23,"column":5}},{"start":{"line":19,"column":11},"end":{"line":23,"column":5}}],"line":17},"5":{"loc":{"start":{"line":19,"column":11},"end":{"line":23,"column":5}},"type":"if","locations":[{"start":{"line":19,"column":11},"end":{"line":23,"column":5}},{"start":{"line":21,"column":11},"end":{"line":23,"column":5}}],"line":19},"6":{"loc":{"start":{"line":44,"column":6},"end":{"line":44,"column":26}},"type":"if","locations":[{"start":{"line":44,"column":6},"end":{"line":44,"column":26}},{"start":{},"end":{}}],"line":44},"7":{"loc":{"start":{"line":47,"column":6},"end":{"line":49,"column":7}},"type":"if","locations":[{"start":{"line":47,"column":6},"end":{"line":49,"column":7}},{"start":{},"end":{}}],"line":47}},"s":{"0":1,"1":46,"2":2,"3":2,"4":2,"5":0,"6":0,"7":0,"8":0,"9":0,"10":46,"11":0,"12":46,"13":0,"14":46,"15":1,"16":1,"17":1,"18":0,"19":0,"20":0,"21":0,"22":0,"23":0,"24":1,"25":1,"26":0,"27":1},"f":{"0":46,"1":2,"2":0,"3":0,"4":0,"5":1,"6":1,"7":0,"8":0},"b":{"0":[0],"1":[2,0],"2":[0,0,0],"3":[2,0],"4":[0,0],"5":[0,0],"6":[0,0],"7":[0,0]},"_coverageSchema":"1a1c01bbd47fc00a2c39e90264f33305004495a9","hash":"c8245c65351270e65c13712c9a09e3b4e9da176a"},"D:\\project\\egov-enterprise\\frontend\\src\\contexts\\websocket-context.tsx":{"path":"D:\\project\\egov-enterprise\\frontend\\src\\contexts\\websocket-context.tsx","statementMap":{"0":{"start":{"line":13,"column":25},"end":{"line":13,"column":98}},"1":{"start":{"line":15,"column":28},"end":{"line":15,"column":62}},"2":{"start":{"line":15,"column":34},"end":{"line":15,"column":62}},"3":{"start":{"line":18,"column":19},"end":{"line":18,"column":28}},"4":{"start":{"line":19,"column":29},"end":{"line":19,"column":39}},"5":{"start":{"line":20,"column":40},"end":{"line":20,"column":55}},"6":{"start":{"line":21,"column":22},"end":{"line":21,"column":49}},"7":{"start":{"line":22,"column":23},"end":{"line":22,"column":36}},"8":{"start":{"line":24,"column":23},"end":{"line":31,"column":13}},"9":{"start":{"line":25,"column":4},"end":{"line":30,"column":5}},"10":{"start":{"line":26,"column":22},"end":{"line":26,"column":46}},"11":{"start":{"line":27,"column":6},"end":{"line":27,"column":61}},"12":{"start":{"line":29,"column":6},"end":{"line":29,"column":58}},"13":{"start":{"line":33,"column":29},"end":{"line":44,"column":22}},"14":{"start":{"line":34,"column":4},"end":{"line":43,"column":5}},"15":{"start":{"line":35,"column":22},"end":{"line":35,"column":46}},"16":{"start":{"line":36,"column":6},"end":{"line":40,"column":7}},"17":{"start":{"line":37,"column":8},"end":{"line":37,"column":46}},"18":{"start":{"line":39,"column":8},"end":{"line":39,"column":39}},"19":{"start":{"line":42,"column":6},"end":{"line":42,"column":64}},"20":{"start":{"line":46,"column":26},"end":{"line":46,"column":46}},"21":{"start":{"line":47,"column":32},"end":{"line":47,"column":58}},"22":{"start":{"line":49,"column":2},"end":{"line":52,"column":41}},"23":{"start":{"line":50,"column":4},"end":{"line":50,"column":43}},"24":{"start":{"line":51,"column":4},"end":{"line":51,"column":55}},"25":{"start":{"line":54,"column":2},"end":{"line":113,"column":13}},"26":{"start":{"line":55,"column":4},"end":{"line":61,"column":5}},"27":{"start":{"line":56,"column":6},"end":{"line":59,"column":7}},"28":{"start":{"line":57,"column":8},"end":{"line":57,"column":41}},"29":{"start":{"line":58,"column":8},"end":{"line":58,"column":30}},"30":{"start":{"line":60,"column":6},"end":{"line":60,"column":13}},"31":{"start":{"line":63,"column":4},"end":{"line":65,"column":5}},"32":{"start":{"line":64,"column":6},"end":{"line":64,"column":13}},"33":{"start":{"line":67,"column":4},"end":{"line":67,"column":32}},"34":{"start":{"line":69,"column":19},"end":{"line":80,"column":6}},"35":{"start":{"line":71,"column":30},"end":{"line":71,"column":47}},"36":{"start":{"line":76,"column":8},"end":{"line":78,"column":9}},"37":{"start":{"line":77,"column":10},"end":{"line":77,"column":44}},"38":{"start":{"line":82,"column":4},"end":{"line":88,"column":6}},"39":{"start":{"line":83,"column":6},"end":{"line":83,"column":44}},"40":{"start":{"line":84,"column":6},"end":{"line":84,"column":27}},"41":{"start":{"line":85,"column":6},"end":{"line":85,"column":35}},"42":{"start":{"line":87,"column":6},"end":{"line":87,"column":97}},"43":{"start":{"line":87,"column":61},"end":{"line":87,"column":95}},"44":{"start":{"line":90,"column":4},"end":{"line":94,"column":6}},"45":{"start":{"line":91,"column":6},"end":{"line":91,"column":42}},"46":{"start":{"line":92,"column":6},"end":{"line":92,"column":28}},"47":{"start":{"line":93,"column":6},"end":{"line":93,"column":35}},"48":{"start":{"line":96,"column":4},"end":{"line":100,"column":6}},"49":{"start":{"line":97,"column":6},"end":{"line":97,"column":49}},"50":{"start":{"line":98,"column":6},"end":{"line":98,"column":28}},"51":{"start":{"line":99,"column":6},"end":{"line":99,"column":35}},"52":{"start":{"line":102,"column":4},"end":{"line":102,"column":22}},"53":{"start":{"line":103,"column":4},"end":{"line":103,"column":33}},"54":{"start":{"line":105,"column":4},"end":{"line":112,"column":6}},"55":{"start":{"line":106,"column":6},"end":{"line":108,"column":7}},"56":{"start":{"line":107,"column":8},"end":{"line":107,"column":28}},"57":{"start":{"line":109,"column":6},"end":{"line":109,"column":33}},"58":{"start":{"line":110,"column":6},"end":{"line":110,"column":28}},"59":{"start":{"line":111,"column":6},"end":{"line":111,"column":35}},"60":{"start":{"line":115,"column":2},"end":{"line":119,"column":4}}},"fnMap":{"0":{"name":"(anonymous_0)","decl":{"start":{"line":15,"column":28},"end":{"line":15,"column":29}},"loc":{"start":{"line":15,"column":34},"end":{"line":15,"column":62}},"line":15},"1":{"name":"WebSocketProvider","decl":{"start":{"line":17,"column":16},"end":{"line":17,"column":33}},"loc":{"start":{"line":17,"column":79},"end":{"line":120,"column":1}},"line":17},"2":{"name":"(anonymous_2)","decl":{"start":{"line":24,"column":35},"end":{"line":24,"column":36}},"loc":{"start":{"line":24,"column":53},"end":{"line":31,"column":3}},"line":24},"3":{"name":"(anonymous_3)","decl":{"start":{"line":33,"column":41},"end":{"line":33,"column":42}},"loc":{"start":{"line":33,"column":59},"end":{"line":44,"column":3}},"line":33},"4":{"name":"(anonymous_4)","decl":{"start":{"line":49,"column":12},"end":{"line":49,"column":13}},"loc":{"start":{"line":49,"column":18},"end":{"line":52,"column":3}},"line":49},"5":{"name":"(anonymous_5)","decl":{"start":{"line":54,"column":12},"end":{"line":54,"column":13}},"loc":{"start":{"line":54,"column":18},"end":{"line":113,"column":3}},"line":54},"6":{"name":"(anonymous_6)","decl":{"start":{"line":71,"column":24},"end":{"line":71,"column":25}},"loc":{"start":{"line":71,"column":30},"end":{"line":71,"column":47}},"line":71},"7":{"name":"(anonymous_7)","decl":{"start":{"line":75,"column":13},"end":{"line":75,"column":14}},"loc":{"start":{"line":75,"column":22},"end":{"line":79,"column":7}},"line":75},"8":{"name":"(anonymous_8)","decl":{"start":{"line":82,"column":23},"end":{"line":82,"column":24}},"loc":{"start":{"line":82,"column":29},"end":{"line":88,"column":5}},"line":82},"9":{"name":"(anonymous_9)","decl":{"start":{"line":87,"column":52},"end":{"line":87,"column":53}},"loc":{"start":{"line":87,"column":61},"end":{"line":87,"column":95}},"line":87},"10":{"name":"(anonymous_10)","decl":{"start":{"line":90,"column":26},"end":{"line":90,"column":27}},"loc":{"start":{"line":90,"column":37},"end":{"line":94,"column":5}},"line":90},"11":{"name":"(anonymous_11)","decl":{"start":{"line":96,"column":26},"end":{"line":96,"column":27}},"loc":{"start":{"line":96,"column":32},"end":{"line":100,"column":5}},"line":96},"12":{"name":"(anonymous_12)","decl":{"start":{"line":105,"column":11},"end":{"line":105,"column":12}},"loc":{"start":{"line":105,"column":17},"end":{"line":112,"column":5}},"line":105}},"branchMap":{"0":{"loc":{"start":{"line":27,"column":12},"end":{"line":27,"column":51}},"type":"binary-expr","locations":[{"start":{"line":27,"column":12},"end":{"line":27,"column":27}},{"start":{"line":27,"column":31},"end":{"line":27,"column":51}}],"line":27},"1":{"loc":{"start":{"line":36,"column":6},"end":{"line":40,"column":7}},"type":"if","locations":[{"start":{"line":36,"column":6},"end":{"line":40,"column":7}},{"start":{"line":38,"column":13},"end":{"line":40,"column":7}}],"line":36},"2":{"loc":{"start":{"line":55,"column":4},"end":{"line":61,"column":5}},"type":"if","locations":[{"start":{"line":55,"column":4},"end":{"line":61,"column":5}},{"start":{},"end":{}}],"line":55},"3":{"loc":{"start":{"line":56,"column":6},"end":{"line":59,"column":7}},"type":"if","locations":[{"start":{"line":56,"column":6},"end":{"line":59,"column":7}},{"start":{},"end":{}}],"line":56},"4":{"loc":{"start":{"line":63,"column":4},"end":{"line":65,"column":5}},"type":"if","locations":[{"start":{"line":63,"column":4},"end":{"line":65,"column":5}},{"start":{},"end":{}}],"line":63},"5":{"loc":{"start":{"line":63,"column":8},"end":{"line":63,"column":59}},"type":"binary-expr","locations":[{"start":{"line":63,"column":8},"end":{"line":63,"column":28}},{"start":{"line":63,"column":32},"end":{"line":63,"column":59}}],"line":63},"6":{"loc":{"start":{"line":76,"column":8},"end":{"line":78,"column":9}},"type":"if","locations":[{"start":{"line":76,"column":8},"end":{"line":78,"column":9}},{"start":{},"end":{}}],"line":76},"7":{"loc":{"start":{"line":106,"column":6},"end":{"line":108,"column":7}},"type":"if","locations":[{"start":{"line":106,"column":6},"end":{"line":108,"column":7}},{"start":{},"end":{}}],"line":106}},"s":{"0":1,"1":1,"2":19,"3":15,"4":15,"5":15,"6":15,"7":15,"8":15,"9":0,"10":0,"11":0,"12":0,"13":15,"14":0,"15":0,"16":0,"17":0,"18":0,"19":0,"20":15,"21":15,"22":15,"23":1,"24":1,"25":15,"26":2,"27":0,"28":0,"29":0,"30":0,"31":2,"32":0,"33":2,"34":2,"35":2,"36":11,"37":0,"38":2,"39":1,"40":1,"41":1,"42":1,"43":0,"44":2,"45":0,"46":0,"47":0,"48":2,"49":0,"50":0,"51":0,"52":2,"53":2,"54":2,"55":1,"56":1,"57":1,"58":1,"59":1,"60":15},"f":{"0":19,"1":15,"2":0,"3":0,"4":1,"5":2,"6":2,"7":11,"8":1,"9":0,"10":0,"11":0,"12":1},"b":{"0":[0,0],"1":[0,0],"2":[0,2],"3":[0,0],"4":[0,2],"5":[2,2],"6":[0,11],"7":[1,0]},"_coverageSchema":"1a1c01bbd47fc00a2c39e90264f33305004495a9","hash":"b5e86433070dc83eae553186d780bd665aaee9fb"},"D:\\project\\egov-enterprise\\frontend\\src\\contexts\\LayoutContext.tsx":{"path":"D:\\project\\egov-enterprise\\frontend\\src\\contexts\\LayoutContext.tsx","statementMap":{"0":{"start":{"line":14,"column":29},"end":{"line":14,"column":84}},"1":{"start":{"line":17,"column":42},"end":{"line":17,"column":57}},"2":{"start":{"line":18,"column":42},"end":{"line":18,"column":61}},"3":{"start":{"line":19,"column":19},"end":{"line":19,"column":32}},"4":{"start":{"line":22,"column":2},"end":{"line":24,"column":17}},"5":{"start":{"line":23,"column":4},"end":{"line":23,"column":26}},"6":{"start":{"line":26,"column":24},"end":{"line":26,"column":60}},"7":{"start":{"line":26,"column":30},"end":{"line":26,"column":60}},"8":{"start":{"line":28,"column":2},"end":{"line":38,"column":4}},"9":{"start":{"line":42,"column":18},"end":{"line":42,"column":43}},"10":{"start":{"line":43,"column":2},"end":{"line":45,"column":3}},"11":{"start":{"line":44,"column":4},"end":{"line":44,"column":70}},"12":{"start":{"line":46,"column":2},"end":{"line":46,"column":17}}},"fnMap":{"0":{"name":"LayoutProvider","decl":{"start":{"line":16,"column":16},"end":{"line":16,"column":30}},"loc":{"start":{"line":16,"column":76},"end":{"line":39,"column":1}},"line":16},"1":{"name":"(anonymous_1)","decl":{"start":{"line":22,"column":12},"end":{"line":22,"column":13}},"loc":{"start":{"line":22,"column":18},"end":{"line":24,"column":3}},"line":22},"2":{"name":"(anonymous_2)","decl":{"start":{"line":26,"column":24},"end":{"line":26,"column":25}},"loc":{"start":{"line":26,"column":30},"end":{"line":26,"column":60}},"line":26},"3":{"name":"useLayout","decl":{"start":{"line":41,"column":16},"end":{"line":41,"column":25}},"loc":{"start":{"line":41,"column":28},"end":{"line":47,"column":1}},"line":41}},"branchMap":{"0":{"loc":{"start":{"line":43,"column":2},"end":{"line":45,"column":3}},"type":"if","locations":[{"start":{"line":43,"column":2},"end":{"line":45,"column":3}},{"start":{},"end":{}}],"line":43}},"s":{"0":1,"1":13,"2":13,"3":13,"4":13,"5":1,"6":13,"7":0,"8":13,"9":75,"10":75,"11":0,"12":75},"f":{"0":13,"1":1,"2":0,"3":75},"b":{"0":[0,75]},"_coverageSchema":"1a1c01bbd47fc00a2c39e90264f33305004495a9","hash":"1b04bf57c080852ef7870f25abff1834b4a6f226"},"D:\\project\\egov-enterprise\\frontend\\src\\components\\ui\\dialog.tsx":{"path":"D:\\project\\egov-enterprise\\frontend\\src\\components\\ui\\dialog.tsx","statementMap":{"0":{"start":{"line":13,"column":1},"end":{"line":13,"column":62}},"1":{"start":{"line":19,"column":1},"end":{"line":19,"column":73}},"2":{"start":{"line":25,"column":1},"end":{"line":25,"column":71}},"3":{"start":{"line":31,"column":1},"end":{"line":31,"column":69}},"4":{"start":{"line":38,"column":1},"end":{"line":47,"column":2}},"5":{"start":{"line":58,"column":1},"end":{"line":81,"column":2}},"6":{"start":{"line":85,"column":1},"end":{"line":91,"column":2}},"7":{"start":{"line":102,"column":1},"end":{"line":118,"column":2}},"8":{"start":{"line":125,"column":1},"end":{"line":131,"column":2}},"9":{"start":{"line":138,"column":1},"end":{"line":144,"column":2}}},"fnMap":{"0":{"name":"Dialog","decl":{"start":{"line":10,"column":9},"end":{"line":10,"column":15}},"loc":{"start":{"line":12,"column":54},"end":{"line":14,"column":1}},"line":12},"1":{"name":"DialogTrigger","decl":{"start":{"line":16,"column":9},"end":{"line":16,"column":22}},"loc":{"start":{"line":18,"column":57},"end":{"line":20,"column":1}},"line":18},"2":{"name":"DialogPortal","decl":{"start":{"line":22,"column":9},"end":{"line":22,"column":21}},"loc":{"start":{"line":24,"column":56},"end":{"line":26,"column":1}},"line":24},"3":{"name":"DialogClose","decl":{"start":{"line":28,"column":9},"end":{"line":28,"column":20}},"loc":{"start":{"line":30,"column":55},"end":{"line":32,"column":1}},"line":30},"4":{"name":"DialogOverlay","decl":{"start":{"line":34,"column":9},"end":{"line":34,"column":22}},"loc":{"start":{"line":37,"column":57},"end":{"line":48,"column":1}},"line":37},"5":{"name":"DialogContent","decl":{"start":{"line":50,"column":9},"end":{"line":50,"column":22}},"loc":{"start":{"line":57,"column":3},"end":{"line":82,"column":1}},"line":57},"6":{"name":"DialogHeader","decl":{"start":{"line":84,"column":9},"end":{"line":84,"column":21}},"loc":{"start":{"line":84,"column":76},"end":{"line":92,"column":1}},"line":84},"7":{"name":"DialogFooter","decl":{"start":{"line":94,"column":9},"end":{"line":94,"column":21}},"loc":{"start":{"line":101,"column":3},"end":{"line":119,"column":1}},"line":101},"8":{"name":"DialogTitle","decl":{"start":{"line":121,"column":9},"end":{"line":121,"column":20}},"loc":{"start":{"line":124,"column":55},"end":{"line":132,"column":1}},"line":124},"9":{"name":"DialogDescription","decl":{"start":{"line":134,"column":9},"end":{"line":134,"column":26}},"loc":{"start":{"line":137,"column":61},"end":{"line":145,"column":1}},"line":137}},"branchMap":{"0":{"loc":{"start":{"line":53,"column":1},"end":{"line":53,"column":23}},"type":"default-arg","locations":[{"start":{"line":53,"column":19},"end":{"line":53,"column":23}}],"line":53},"1":{"loc":{"start":{"line":70,"column":2},"end":{"line":78,"column":2}},"type":"binary-expr","locations":[{"start":{"line":70,"column":2},"end":{"line":70,"column":17}},{"start":{"line":71,"column":1},"end":{"line":77,"column":25}}],"line":70},"2":{"loc":{"start":{"line":96,"column":1},"end":{"line":96,"column":24}},"type":"default-arg","locations":[{"start":{"line":96,"column":19},"end":{"line":96,"column":24}}],"line":96},"3":{"loc":{"start":{"line":112,"column":2},"end":{"line":116,"column":2}},"type":"binary-expr","locations":[{"start":{"line":112,"column":2},"end":{"line":112,"column":17}},{"start":{"line":113,"column":1},"end":{"line":115,"column":25}}],"line":112}},"s":{"0":5,"1":0,"2":4,"3":0,"4":4,"5":4,"6":2,"7":2,"8":2,"9":2},"f":{"0":5,"1":0,"2":4,"3":0,"4":4,"5":4,"6":2,"7":2,"8":2,"9":2},"b":{"0":[0],"1":[4,0],"2":[2],"3":[2,0]},"_coverageSchema":"1a1c01bbd47fc00a2c39e90264f33305004495a9","hash":"92fb044ed26bf6cd99e1edf0ef8d417fbe1745cd"},"D:\\project\\egov-enterprise\\frontend\\src\\app\\components\\ui\\confirm-modal.tsx":{"path":"D:\\project\\egov-enterprise\\frontend\\src\\app\\components\\ui\\confirm-modal.tsx","statementMap":{"0":{"start":{"line":19,"column":23},"end":{"line":19,"column":79}},"1":{"start":{"line":22,"column":29},"end":{"line":22,"column":44}},"2":{"start":{"line":23,"column":31},"end":{"line":23,"column":68}},"3":{"start":{"line":24,"column":33},"end":{"line":24,"column":82}},"4":{"start":{"line":26,"column":20},"end":{"line":26,"column":52}},"5":{"start":{"line":28,"column":17},"end":{"line":35,"column":7}},"6":{"start":{"line":29,"column":1},"end":{"line":29,"column":70}},"7":{"start":{"line":30,"column":1},"end":{"line":30,"column":18}},"8":{"start":{"line":31,"column":1},"end":{"line":31,"column":17}},"9":{"start":{"line":32,"column":1},"end":{"line":34,"column":4}},"10":{"start":{"line":33,"column":1},"end":{"line":33,"column":28}},"11":{"start":{"line":33,"column":19},"end":{"line":33,"column":26}},"12":{"start":{"line":37,"column":23},"end":{"line":40,"column":2}},"13":{"start":{"line":38,"column":1},"end":{"line":38,"column":18}},"14":{"start":{"line":39,"column":1},"end":{"line":39,"column":18}},"15":{"start":{"line":42,"column":22},"end":{"line":45,"column":2}},"16":{"start":{"line":43,"column":1},"end":{"line":43,"column":18}},"17":{"start":{"line":44,"column":1},"end":{"line":44,"column":19}},"18":{"start":{"line":47,"column":2},"end":{"line":93,"column":4}},"19":{"start":{"line":50,"column":54},"end":{"line":50,"column":80}},"20":{"start":{"line":50,"column":65},"end":{"line":50,"column":80}},"21":{"start":{"line":55,"column":39},"end":{"line":55,"column":58}},"22":{"start":{"line":55,"column":59},"end":{"line":55,"column":89}},"23":{"start":{"line":96,"column":26},"end":{"line":100,"column":1}},"24":{"start":{"line":97,"column":17},"end":{"line":97,"column":43}},"25":{"start":{"line":98,"column":1},"end":{"line":98,"column":81}},"26":{"start":{"line":98,"column":15},"end":{"line":98,"column":81}},"27":{"start":{"line":99,"column":1},"end":{"line":99,"column":24}}},"fnMap":{"0":{"name":"ConfirmProvider","decl":{"start":{"line":21,"column":16},"end":{"line":21,"column":31}},"loc":{"start":{"line":21,"column":77},"end":{"line":94,"column":1}},"line":21},"1":{"name":"(anonymous_1)","decl":{"start":{"line":28,"column":29},"end":{"line":28,"column":30}},"loc":{"start":{"line":28,"column":55},"end":{"line":35,"column":2}},"line":28},"2":{"name":"(anonymous_2)","decl":{"start":{"line":32,"column":29},"end":{"line":32,"column":30}},"loc":{"start":{"line":32,"column":42},"end":{"line":34,"column":2}},"line":32},"3":{"name":"(anonymous_3)","decl":{"start":{"line":33,"column":13},"end":{"line":33,"column":14}},"loc":{"start":{"line":33,"column":19},"end":{"line":33,"column":26}},"line":33},"4":{"name":"(anonymous_4)","decl":{"start":{"line":37,"column":23},"end":{"line":37,"column":24}},"loc":{"start":{"line":37,"column":29},"end":{"line":40,"column":2}},"line":37},"5":{"name":"(anonymous_5)","decl":{"start":{"line":42,"column":22},"end":{"line":42,"column":23}},"loc":{"start":{"line":42,"column":28},"end":{"line":45,"column":2}},"line":42},"6":{"name":"(anonymous_6)","decl":{"start":{"line":50,"column":42},"end":{"line":50,"column":43}},"loc":{"start":{"line":50,"column":52},"end":{"line":50,"column":82}},"line":50},"7":{"name":"(anonymous_7)","decl":{"start":{"line":55,"column":30},"end":{"line":55,"column":31}},"loc":{"start":{"line":55,"column":37},"end":{"line":55,"column":91}},"line":55},"8":{"name":"(anonymous_8)","decl":{"start":{"line":96,"column":26},"end":{"line":96,"column":27}},"loc":{"start":{"line":96,"column":32},"end":{"line":100,"column":1}},"line":96}},"branchMap":{"0":{"loc":{"start":{"line":29,"column":22},"end":{"line":29,"column":69}},"type":"binary-expr","locations":[{"start":{"line":29,"column":23},"end":{"line":29,"column":60}},{"start":{"line":29,"column":65},"end":{"line":29,"column":69}}],"line":29},"1":{"loc":{"start":{"line":50,"column":54},"end":{"line":50,"column":80}},"type":"if","locations":[{"start":{"line":50,"column":54},"end":{"line":50,"column":80}},{"start":{},"end":{}}],"line":50},"2":{"loc":{"start":{"line":51,"column":9},"end":{"line":90,"column":9}},"type":"binary-expr","locations":[{"start":{"line":51,"column":9},"end":{"line":51,"column":16}},{"start":{"line":52,"column":10},"end":{"line":89,"column":26}}],"line":51},"3":{"loc":{"start":{"line":60,"column":16},"end":{"line":60,"column":183}},"type":"cond-expr","locations":[{"start":{"line":60,"column":52},"end":{"line":60,"column":114}},{"start":{"line":60,"column":117},"end":{"line":60,"column":183}}],"line":60},"4":{"loc":{"start":{"line":77,"column":17},"end":{"line":77,"column":43}},"type":"binary-expr","locations":[{"start":{"line":77,"column":17},"end":{"line":77,"column":35}},{"start":{"line":77,"column":39},"end":{"line":77,"column":43}}],"line":77},"5":{"loc":{"start":{"line":83,"column":18},"end":{"line":83,"column":118}},"type":"cond-expr","locations":[{"start":{"line":83,"column":54},"end":{"line":83,"column":83}},{"start":{"line":83,"column":86},"end":{"line":83,"column":118}}],"line":83},"6":{"loc":{"start":{"line":86,"column":17},"end":{"line":86,"column":44}},"type":"binary-expr","locations":[{"start":{"line":86,"column":17},"end":{"line":86,"column":36}},{"start":{"line":86,"column":40},"end":{"line":86,"column":44}}],"line":86},"7":{"loc":{"start":{"line":98,"column":1},"end":{"line":98,"column":81}},"type":"if","locations":[{"start":{"line":98,"column":1},"end":{"line":98,"column":81}},{"start":{},"end":{}}],"line":98}},"s":{"0":1,"1":3,"2":3,"3":3,"4":3,"5":3,"6":1,"7":1,"8":1,"9":1,"10":1,"11":1,"12":3,"13":1,"14":1,"15":3,"16":0,"17":0,"18":3,"19":0,"20":0,"21":1,"22":1,"23":1,"24":11,"25":11,"26":0,"27":11},"f":{"0":3,"1":1,"2":1,"3":1,"4":1,"5":0,"6":0,"7":1,"8":11},"b":{"0":[1,0],"1":[0,0],"2":[3,2],"3":[2,0],"4":[2,2],"5":[2,0],"6":[2,0],"7":[0,11]},"_coverageSchema":"1a1c01bbd47fc00a2c39e90264f33305004495a9","hash":"444a08b5b9bff61ae9ce1c3e84001fed119ce77b"},"D:\\project\\egov-enterprise\\frontend\\src\\app\\components\\ui\\global-shortcut-provider.tsx":{"path":"D:\\project\\egov-enterprise\\frontend\\src\\app\\components\\ui\\global-shortcut-provider.tsx","statementMap":{"0":{"start":{"line":11,"column":24},"end":{"line":11,"column":81}},"1":{"start":{"line":14,"column":19},"end":{"line":14,"column":73}},"2":{"start":{"line":16,"column":26},"end":{"line":23,"column":7}},"3":{"start":{"line":17,"column":17},"end":{"line":17,"column":61}},"4":{"start":{"line":18,"column":1},"end":{"line":18,"column":42}},"5":{"start":{"line":20,"column":1},"end":{"line":22,"column":3}},"6":{"start":{"line":21,"column":1},"end":{"line":21,"column":35}},"7":{"start":{"line":25,"column":1},"end":{"line":40,"column":8}},"8":{"start":{"line":26,"column":23},"end":{"line":36,"column":2}},"9":{"start":{"line":27,"column":1},"end":{"line":27,"column":20}},"10":{"start":{"line":27,"column":13},"end":{"line":27,"column":20}},"11":{"start":{"line":28,"column":20},"end":{"line":28,"column":39}},"12":{"start":{"line":29,"column":16},"end":{"line":29,"column":38}},"13":{"start":{"line":30,"column":17},"end":{"line":30,"column":56}},"14":{"start":{"line":32,"column":1},"end":{"line":35,"column":2}},"15":{"start":{"line":33,"column":1},"end":{"line":33,"column":20}},"16":{"start":{"line":34,"column":1},"end":{"line":34,"column":37}},"17":{"start":{"line":38,"column":1},"end":{"line":38,"column":51}},"18":{"start":{"line":39,"column":1},"end":{"line":39,"column":67}},"19":{"start":{"line":39,"column":14},"end":{"line":39,"column":66}},"20":{"start":{"line":42,"column":1},"end":{"line":46,"column":3}},"21":{"start":{"line":49,"column":27},"end":{"line":57,"column":1}},"22":{"start":{"line":50,"column":17},"end":{"line":50,"column":44}},"23":{"start":{"line":51,"column":1},"end":{"line":51,"column":89}},"24":{"start":{"line":51,"column":15},"end":{"line":51,"column":89}},"25":{"start":{"line":53,"column":1},"end":{"line":56,"column":36}},"26":{"start":{"line":54,"column":20},"end":{"line":54,"column":65}},"27":{"start":{"line":55,"column":1},"end":{"line":55,"column":19}}},"fnMap":{"0":{"name":"GlobalShortcutProvider","decl":{"start":{"line":13,"column":16},"end":{"line":13,"column":38}},"loc":{"start":{"line":13,"column":84},"end":{"line":47,"column":1}},"line":13},"1":{"name":"(anonymous_1)","decl":{"start":{"line":16,"column":38},"end":{"line":16,"column":39}},"loc":{"start":{"line":16,"column":98},"end":{"line":23,"column":2}},"line":16},"2":{"name":"(anonymous_2)","decl":{"start":{"line":20,"column":8},"end":{"line":20,"column":9}},"loc":{"start":{"line":20,"column":14},"end":{"line":22,"column":2}},"line":20},"3":{"name":"(anonymous_3)","decl":{"start":{"line":25,"column":11},"end":{"line":25,"column":12}},"loc":{"start":{"line":25,"column":17},"end":{"line":40,"column":2}},"line":25},"4":{"name":"(anonymous_4)","decl":{"start":{"line":26,"column":23},"end":{"line":26,"column":24}},"loc":{"start":{"line":26,"column":45},"end":{"line":36,"column":2}},"line":26},"5":{"name":"(anonymous_5)","decl":{"start":{"line":39,"column":8},"end":{"line":39,"column":9}},"loc":{"start":{"line":39,"column":14},"end":{"line":39,"column":66}},"line":39},"6":{"name":"(anonymous_6)","decl":{"start":{"line":49,"column":27},"end":{"line":49,"column":28}},"loc":{"start":{"line":49,"column":87},"end":{"line":57,"column":1}},"line":49},"7":{"name":"(anonymous_7)","decl":{"start":{"line":53,"column":11},"end":{"line":53,"column":12}},"loc":{"start":{"line":53,"column":17},"end":{"line":56,"column":2}},"line":53}},"branchMap":{"0":{"loc":{"start":{"line":17,"column":20},"end":{"line":17,"column":39}},"type":"cond-expr","locations":[{"start":{"line":17,"column":27},"end":{"line":17,"column":34}},{"start":{"line":17,"column":37},"end":{"line":17,"column":39}}],"line":17},"1":{"loc":{"start":{"line":27,"column":1},"end":{"line":27,"column":20}},"type":"if","locations":[{"start":{"line":27,"column":1},"end":{"line":27,"column":20}},{"start":{},"end":{}}],"line":27},"2":{"loc":{"start":{"line":29,"column":16},"end":{"line":29,"column":38}},"type":"binary-expr","locations":[{"start":{"line":29,"column":16},"end":{"line":29,"column":25}},{"start":{"line":29,"column":29},"end":{"line":29,"column":38}}],"line":29},"3":{"loc":{"start":{"line":30,"column":20},"end":{"line":30,"column":41}},"type":"cond-expr","locations":[{"start":{"line":30,"column":29},"end":{"line":30,"column":36}},{"start":{"line":30,"column":39},"end":{"line":30,"column":41}}],"line":30},"4":{"loc":{"start":{"line":32,"column":1},"end":{"line":35,"column":2}},"type":"if","locations":[{"start":{"line":32,"column":1},"end":{"line":35,"column":2}},{"start":{},"end":{}}],"line":32},"5":{"loc":{"start":{"line":51,"column":1},"end":{"line":51,"column":89}},"type":"if","locations":[{"start":{"line":51,"column":1},"end":{"line":51,"column":89}},{"start":{},"end":{}}],"line":51}},"s":{"0":1,"1":1,"2":1,"3":2,"4":2,"5":2,"6":1,"7":1,"8":1,"9":1,"10":0,"11":1,"12":1,"13":1,"14":1,"15":0,"16":0,"17":1,"18":1,"19":0,"20":1,"21":1,"22":2,"23":2,"24":0,"25":2,"26":2,"27":2},"f":{"0":1,"1":2,"2":1,"3":1,"4":1,"5":0,"6":2,"7":2},"b":{"0":[2,0],"1":[0,1],"2":[1,1],"3":[0,1],"4":[0,1],"5":[0,2]},"_coverageSchema":"1a1c01bbd47fc00a2c39e90264f33305004495a9","hash":"52e0b989928faa6ef2162c72b64e88476d0ebd58"},"D:\\project\\egov-enterprise\\frontend\\src\\app\\components\\ui\\standard-error-boundary.tsx":{"path":"D:\\project\\egov-enterprise\\frontend\\src\\app\\components\\ui\\standard-error-boundary.tsx","statementMap":{"0":{"start":{"line":16,"column":24},"end":{"line":19,"column":3}},"1":{"start":{"line":22,"column":4},"end":{"line":22,"column":37}},"2":{"start":{"line":27,"column":4},"end":{"line":27,"column":61}},"3":{"start":{"line":28,"column":4},"end":{"line":28,"column":79}},"4":{"start":{"line":32,"column":4},"end":{"line":32,"column":64}},"5":{"start":{"line":33,"column":4},"end":{"line":33,"column":82}},"6":{"start":{"line":36,"column":30},"end":{"line":41,"column":3}},"7":{"start":{"line":38,"column":4},"end":{"line":40,"column":5}},"8":{"start":{"line":39,"column":6},"end":{"line":39,"column":72}},"9":{"start":{"line":43,"column":35},"end":{"line":45,"column":3}},"10":{"start":{"line":44,"column":4},"end":{"line":44,"column":69}},"11":{"start":{"line":48,"column":4},"end":{"line":48,"column":55}},"12":{"start":{"line":52,"column":4},"end":{"line":86,"column":5}},"13":{"start":{"line":53,"column":6},"end":{"line":85,"column":8}},"14":{"start":{"line":65,"column":29},"end":{"line":65,"column":53}},"15":{"start":{"line":72,"column":29},"end":{"line":72,"column":55}},"16":{"start":{"line":88,"column":4},"end":{"line":88,"column":31}}},"fnMap":{"0":{"name":"(anonymous_0)","decl":{"start":{"line":21,"column":2},"end":{"line":21,"column":3}},"loc":{"start":{"line":21,"column":62},"end":{"line":23,"column":3}},"line":21},"1":{"name":"(anonymous_1)","decl":{"start":{"line":25,"column":2},"end":{"line":25,"column":3}},"loc":{"start":{"line":25,"column":29},"end":{"line":29,"column":3}},"line":25},"2":{"name":"(anonymous_2)","decl":{"start":{"line":31,"column":2},"end":{"line":31,"column":3}},"loc":{"start":{"line":31,"column":32},"end":{"line":34,"column":3}},"line":31},"3":{"name":"(anonymous_3)","decl":{"start":{"line":36,"column":30},"end":{"line":36,"column":31}},"loc":{"start":{"line":36,"column":53},"end":{"line":41,"column":3}},"line":36},"4":{"name":"(anonymous_4)","decl":{"start":{"line":43,"column":35},"end":{"line":43,"column":36}},"loc":{"start":{"line":43,"column":69},"end":{"line":45,"column":3}},"line":43},"5":{"name":"(anonymous_5)","decl":{"start":{"line":47,"column":2},"end":{"line":47,"column":3}},"loc":{"start":{"line":47,"column":63},"end":{"line":49,"column":3}},"line":47},"6":{"name":"(anonymous_6)","decl":{"start":{"line":51,"column":2},"end":{"line":51,"column":3}},"loc":{"start":{"line":51,"column":18},"end":{"line":89,"column":3}},"line":51},"7":{"name":"(anonymous_7)","decl":{"start":{"line":65,"column":23},"end":{"line":65,"column":24}},"loc":{"start":{"line":65,"column":29},"end":{"line":65,"column":53}},"line":65},"8":{"name":"(anonymous_8)","decl":{"start":{"line":72,"column":23},"end":{"line":72,"column":24}},"loc":{"start":{"line":72,"column":29},"end":{"line":72,"column":55}},"line":72}},"branchMap":{"0":{"loc":{"start":{"line":38,"column":4},"end":{"line":40,"column":5}},"type":"if","locations":[{"start":{"line":38,"column":4},"end":{"line":40,"column":5}},{"start":{},"end":{}}],"line":38},"1":{"loc":{"start":{"line":38,"column":8},"end":{"line":38,"column":95}},"type":"binary-expr","locations":[{"start":{"line":38,"column":8},"end":{"line":38,"column":44}},{"start":{"line":38,"column":48},"end":{"line":38,"column":95}}],"line":38},"2":{"loc":{"start":{"line":52,"column":4},"end":{"line":86,"column":5}},"type":"if","locations":[{"start":{"line":52,"column":4},"end":{"line":86,"column":5}},{"start":{},"end":{}}],"line":52},"3":{"loc":{"start":{"line":79,"column":11},"end":{"line":83,"column":11}},"type":"binary-expr","locations":[{"start":{"line":79,"column":11},"end":{"line":79,"column":49}},{"start":{"line":80,"column":12},"end":{"line":82,"column":18}}],"line":79}},"s":{"0":1,"1":0,"2":1,"3":1,"4":0,"5":0,"6":1,"7":0,"8":0,"9":1,"10":0,"11":0,"12":1,"13":0,"14":0,"15":0,"16":1},"f":{"0":0,"1":1,"2":0,"3":0,"4":0,"5":0,"6":1,"7":0,"8":0},"b":{"0":[0,0],"1":[0,0],"2":[0,1],"3":[0,0]},"_coverageSchema":"1a1c01bbd47fc00a2c39e90264f33305004495a9","hash":"5137a1bff6fcb96c6186caf4d84b6c35213500cd"},"D:\\project\\egov-enterprise\\frontend\\src\\components\\ui\\tooltip.tsx":{"path":"D:\\project\\egov-enterprise\\frontend\\src\\components\\ui\\tooltip.tsx","statementMap":{"0":{"start":{"line":12,"column":2},"end":{"line":18,"column":3}},"1":{"start":{"line":24,"column":2},"end":{"line":24,"column":65}},"2":{"start":{"line":30,"column":2},"end":{"line":30,"column":76}},"3":{"start":{"line":39,"column":2},"end":{"line":54,"column":3}}},"fnMap":{"0":{"name":"TooltipProvider","decl":{"start":{"line":8,"column":9},"end":{"line":8,"column":24}},"loc":{"start":{"line":11,"column":59},"end":{"line":19,"column":1}},"line":11},"1":{"name":"Tooltip","decl":{"start":{"line":21,"column":9},"end":{"line":21,"column":16}},"loc":{"start":{"line":23,"column":55},"end":{"line":25,"column":1}},"line":23},"2":{"name":"TooltipTrigger","decl":{"start":{"line":27,"column":9},"end":{"line":27,"column":23}},"loc":{"start":{"line":29,"column":58},"end":{"line":31,"column":1}},"line":29},"3":{"name":"TooltipContent","decl":{"start":{"line":33,"column":9},"end":{"line":33,"column":23}},"loc":{"start":{"line":38,"column":58},"end":{"line":55,"column":1}},"line":38}},"branchMap":{"0":{"loc":{"start":{"line":9,"column":2},"end":{"line":9,"column":19}},"type":"default-arg","locations":[{"start":{"line":9,"column":18},"end":{"line":9,"column":19}}],"line":9},"1":{"loc":{"start":{"line":35,"column":2},"end":{"line":35,"column":16}},"type":"default-arg","locations":[{"start":{"line":35,"column":15},"end":{"line":35,"column":16}}],"line":35}},"s":{"0":13,"1":33,"2":33,"3":33},"f":{"0":13,"1":33,"2":33,"3":33},"b":{"0":[1],"1":[33]},"_coverageSchema":"1a1c01bbd47fc00a2c39e90264f33305004495a9","hash":"928a06385c7b31cba799b7bfa6eec9718b9fd96d"},"D:\\project\\egov-enterprise\\frontend\\src\\app\\providers.tsx":{"path":"D:\\project\\egov-enterprise\\frontend\\src\\app\\providers.tsx","statementMap":{"0":{"start":{"line":18,"column":28},"end":{"line":18,"column":143}},"1":{"start":{"line":18,"column":42},"end":{"line":18,"column":126}},"2":{"start":{"line":18,"column":102},"end":{"line":18,"column":125}},"3":{"start":{"line":19,"column":27},"end":{"line":19,"column":140}},"4":{"start":{"line":19,"column":41},"end":{"line":19,"column":123}},"5":{"start":{"line":19,"column":100},"end":{"line":19,"column":122}},"6":{"start":{"line":20,"column":29},"end":{"line":20,"column":146}},"7":{"start":{"line":20,"column":43},"end":{"line":20,"column":129}},"8":{"start":{"line":20,"column":104},"end":{"line":20,"column":128}},"9":{"start":{"line":24,"column":0},"end":{"line":38,"column":3}},"10":{"start":{"line":25,"column":2},"end":{"line":27,"column":3}},"11":{"start":{"line":26,"column":4},"end":{"line":26,"column":45}},"12":{"start":{"line":28,"column":2},"end":{"line":33,"column":3}},"13":{"start":{"line":29,"column":4},"end":{"line":31,"column":5}},"14":{"start":{"line":30,"column":6},"end":{"line":30,"column":41}},"15":{"start":{"line":32,"column":4},"end":{"line":32,"column":60}},"16":{"start":{"line":34,"column":2},"end":{"line":36,"column":3}},"17":{"start":{"line":35,"column":4},"end":{"line":35,"column":61}},"18":{"start":{"line":37,"column":2},"end":{"line":37,"column":57}},"19":{"start":{"line":49,"column":24},"end":{"line":60,"column":3}},"20":{"start":{"line":51,"column":6},"end":{"line":59,"column":8}},"21":{"start":{"line":63,"column":2},"end":{"line":73,"column":9}},"22":{"start":{"line":64,"column":35},"end":{"line":66,"column":5}},"23":{"start":{"line":65,"column":6},"end":{"line":65,"column":70}},"24":{"start":{"line":69,"column":4},"end":{"line":69,"column":29}},"25":{"start":{"line":71,"column":4},"end":{"line":71,"column":72}},"26":{"start":{"line":72,"column":4},"end":{"line":72,"column":88}},"27":{"start":{"line":72,"column":17},"end":{"line":72,"column":87}},"28":{"start":{"line":75,"column":2},"end":{"line":101,"column":4}}},"fnMap":{"0":{"name":"(anonymous_0)","decl":{"start":{"line":18,"column":36},"end":{"line":18,"column":37}},"loc":{"start":{"line":18,"column":42},"end":{"line":18,"column":126}},"line":18},"1":{"name":"(anonymous_1)","decl":{"start":{"line":18,"column":95},"end":{"line":18,"column":96}},"loc":{"start":{"line":18,"column":102},"end":{"line":18,"column":125}},"line":18},"2":{"name":"(anonymous_2)","decl":{"start":{"line":19,"column":35},"end":{"line":19,"column":36}},"loc":{"start":{"line":19,"column":41},"end":{"line":19,"column":123}},"line":19},"3":{"name":"(anonymous_3)","decl":{"start":{"line":19,"column":93},"end":{"line":19,"column":94}},"loc":{"start":{"line":19,"column":100},"end":{"line":19,"column":122}},"line":19},"4":{"name":"(anonymous_4)","decl":{"start":{"line":20,"column":37},"end":{"line":20,"column":38}},"loc":{"start":{"line":20,"column":43},"end":{"line":20,"column":129}},"line":20},"5":{"name":"(anonymous_5)","decl":{"start":{"line":20,"column":97},"end":{"line":20,"column":98}},"loc":{"start":{"line":20,"column":104},"end":{"line":20,"column":128}},"line":20},"6":{"name":"(anonymous_6)","decl":{"start":{"line":24,"column":14},"end":{"line":24,"column":15}},"loc":{"start":{"line":24,"column":25},"end":{"line":38,"column":1}},"line":24},"7":{"name":"Providers","decl":{"start":{"line":42,"column":24},"end":{"line":42,"column":33}},"loc":{"start":{"line":48,"column":3},"end":{"line":102,"column":1}},"line":48},"8":{"name":"(anonymous_8)","decl":{"start":{"line":50,"column":4},"end":{"line":50,"column":5}},"loc":{"start":{"line":51,"column":6},"end":{"line":59,"column":8}},"line":51},"9":{"name":"(anonymous_9)","decl":{"start":{"line":63,"column":12},"end":{"line":63,"column":13}},"loc":{"start":{"line":63,"column":18},"end":{"line":73,"column":3}},"line":63},"10":{"name":"(anonymous_10)","decl":{"start":{"line":64,"column":35},"end":{"line":64,"column":36}},"loc":{"start":{"line":64,"column":41},"end":{"line":66,"column":5}},"line":64},"11":{"name":"(anonymous_11)","decl":{"start":{"line":72,"column":11},"end":{"line":72,"column":12}},"loc":{"start":{"line":72,"column":17},"end":{"line":72,"column":87}},"line":72}},"branchMap":{"0":{"loc":{"start":{"line":25,"column":2},"end":{"line":27,"column":3}},"type":"if","locations":[{"start":{"line":25,"column":2},"end":{"line":27,"column":3}},{"start":{},"end":{}}],"line":25},"1":{"loc":{"start":{"line":25,"column":6},"end":{"line":25,"column":65}},"type":"binary-expr","locations":[{"start":{"line":25,"column":6},"end":{"line":25,"column":37}},{"start":{"line":25,"column":41},"end":{"line":25,"column":65}}],"line":25},"2":{"loc":{"start":{"line":28,"column":2},"end":{"line":33,"column":3}},"type":"if","locations":[{"start":{"line":28,"column":2},"end":{"line":33,"column":3}},{"start":{},"end":{}}],"line":28},"3":{"loc":{"start":{"line":28,"column":6},"end":{"line":28,"column":61}},"type":"binary-expr","locations":[{"start":{"line":28,"column":6},"end":{"line":28,"column":32}},{"start":{"line":28,"column":36},"end":{"line":28,"column":61}}],"line":28},"4":{"loc":{"start":{"line":29,"column":4},"end":{"line":31,"column":5}},"type":"if","locations":[{"start":{"line":29,"column":4},"end":{"line":31,"column":5}},{"start":{},"end":{}}],"line":29},"5":{"loc":{"start":{"line":34,"column":2},"end":{"line":36,"column":3}},"type":"if","locations":[{"start":{"line":34,"column":2},"end":{"line":36,"column":3}},{"start":{},"end":{}}],"line":34},"6":{"loc":{"start":{"line":34,"column":6},"end":{"line":34,"column":59}},"type":"binary-expr","locations":[{"start":{"line":34,"column":6},"end":{"line":34,"column":30}},{"start":{"line":34,"column":34},"end":{"line":34,"column":59}}],"line":34},"7":{"loc":{"start":{"line":37,"column":20},"end":{"line":37,"column":54}},"type":"binary-expr","locations":[{"start":{"line":37,"column":20},"end":{"line":37,"column":33}},{"start":{"line":37,"column":37},"end":{"line":37,"column":54}}],"line":37}},"s":{"0":1,"1":1,"2":1,"3":1,"4":1,"5":1,"6":1,"7":1,"8":1,"9":1,"10":0,"11":0,"12":0,"13":0,"14":0,"15":0,"16":0,"17":0,"18":0,"19":1,"20":1,"21":1,"22":1,"23":1,"24":1,"25":1,"26":1,"27":0,"28":1},"f":{"0":1,"1":1,"2":1,"3":1,"4":1,"5":1,"6":0,"7":1,"8":1,"9":1,"10":1,"11":0},"b":{"0":[0,0],"1":[0,0],"2":[0,0],"3":[0,0],"4":[0,0],"5":[0,0],"6":[0,0],"7":[0,0]},"_coverageSchema":"1a1c01bbd47fc00a2c39e90264f33305004495a9","hash":"017dba2011f8164ce9414e13361a00db2099c57e"},"D:\\project\\egov-enterprise\\frontend\\src\\components\\ui\\sonner.tsx":{"path":"D:\\project\\egov-enterprise\\frontend\\src\\components\\ui\\sonner.tsx","statementMap":{"0":{"start":{"line":13,"column":16},"end":{"line":38,"column":1}},"1":{"start":{"line":14,"column":31},"end":{"line":14,"column":41}},"2":{"start":{"line":16,"column":2},"end":{"line":37,"column":3}}},"fnMap":{"0":{"name":"(anonymous_0)","decl":{"start":{"line":13,"column":16},"end":{"line":13,"column":17}},"loc":{"start":{"line":13,"column":48},"end":{"line":38,"column":1}},"line":13}},"branchMap":{"0":{"loc":{"start":{"line":14,"column":10},"end":{"line":14,"column":26}},"type":"default-arg","locations":[{"start":{"line":14,"column":18},"end":{"line":14,"column":26}}],"line":14}},"s":{"0":1,"1":1,"2":1},"f":{"0":1},"b":{"0":[0]},"_coverageSchema":"1a1c01bbd47fc00a2c39e90264f33305004495a9","hash":"ec2ae98acee3a4c1c4825b928f860f1463d18e49"},"D:\\project\\egov-enterprise\\frontend\\src\\app\\components\\layout\\GlobalUIComponents.tsx":{"path":"D:\\project\\egov-enterprise\\frontend\\src\\app\\components\\layout\\GlobalUIComponents.tsx","statementMap":{"0":{"start":{"line":7,"column":22},"end":{"line":7,"column":110}},"1":{"start":{"line":7,"column":36},"end":{"line":7,"column":93}},"2":{"start":{"line":7,"column":75},"end":{"line":7,"column":92}},"3":{"start":{"line":10,"column":2},"end":{"line":17,"column":4}}},"fnMap":{"0":{"name":"(anonymous_0)","decl":{"start":{"line":7,"column":30},"end":{"line":7,"column":31}},"loc":{"start":{"line":7,"column":36},"end":{"line":7,"column":93}},"line":7},"1":{"name":"(anonymous_1)","decl":{"start":{"line":7,"column":68},"end":{"line":7,"column":69}},"loc":{"start":{"line":7,"column":75},"end":{"line":7,"column":92}},"line":7},"2":{"name":"GlobalUIComponents","decl":{"start":{"line":9,"column":16},"end":{"line":9,"column":34}},"loc":{"start":{"line":9,"column":37},"end":{"line":18,"column":1}},"line":9}},"branchMap":{},"s":{"0":1,"1":1,"2":1,"3":1},"f":{"0":1,"1":1,"2":1},"b":{},"_coverageSchema":"1a1c01bbd47fc00a2c39e90264f33305004495a9","hash":"1cb33a929fbb87a5ed6702ec5a90b8a59ec33832"},"D:\\project\\egov-enterprise\\frontend\\src\\app\\error.tsx":{"path":"D:\\project\\egov-enterprise\\frontend\\src\\app\\error.tsx","statementMap":{"0":{"start":{"line":17,"column":24},"end":{"line":17,"column":40}},"1":{"start":{"line":19,"column":4},"end":{"line":22,"column":16}},"2":{"start":{"line":21,"column":8},"end":{"line":21,"column":46}},"3":{"start":{"line":24,"column":24},"end":{"line":27,"column":5}},"4":{"start":{"line":25,"column":8},"end":{"line":25,"column":37}},"5":{"start":{"line":26,"column":8},"end":{"line":26,"column":16}},"6":{"start":{"line":29,"column":4},"end":{"line":79,"column":6}}},"fnMap":{"0":{"name":"Error","decl":{"start":{"line":10,"column":24},"end":{"line":10,"column":29}},"loc":{"start":{"line":16,"column":3},"end":{"line":80,"column":1}},"line":16},"1":{"name":"(anonymous_1)","decl":{"start":{"line":19,"column":14},"end":{"line":19,"column":15}},"loc":{"start":{"line":19,"column":20},"end":{"line":22,"column":5}},"line":19},"2":{"name":"(anonymous_2)","decl":{"start":{"line":24,"column":24},"end":{"line":24,"column":25}},"loc":{"start":{"line":24,"column":30},"end":{"line":27,"column":5}},"line":24}},"branchMap":{"0":{"loc":{"start":{"line":45,"column":21},"end":{"line":49,"column":21}},"type":"binary-expr","locations":[{"start":{"line":45,"column":21},"end":{"line":45,"column":33}},{"start":{"line":46,"column":24},"end":{"line":48,"column":31}}],"line":45}},"s":{"0":0,"1":0,"2":0,"3":0,"4":0,"5":0,"6":0},"f":{"0":0,"1":0,"2":0},"b":{"0":[0,0]},"_coverageSchema":"1a1c01bbd47fc00a2c39e90264f33305004495a9","hash":"2adad9b603d7b6f18edf47aca54d773647df95ee"},"D:\\project\\egov-enterprise\\frontend\\src\\app\\components\\layout\\page-transition.tsx":{"path":"D:\\project\\egov-enterprise\\frontend\\src\\app\\components\\layout\\page-transition.tsx","statementMap":{"0":{"start":{"line":8,"column":19},"end":{"line":8,"column":32}},"1":{"start":{"line":10,"column":2},"end":{"line":26,"column":4}}},"fnMap":{"0":{"name":"PageTransition","decl":{"start":{"line":7,"column":16},"end":{"line":7,"column":30}},"loc":{"start":{"line":7,"column":76},"end":{"line":27,"column":1}},"line":7}},"branchMap":{},"s":{"0":1,"1":1},"f":{"0":1},"b":{},"_coverageSchema":"1a1c01bbd47fc00a2c39e90264f33305004495a9","hash":"971a63149ade1accecf4ee72e085ac30288ae9f7"},"D:\\project\\egov-enterprise\\frontend\\src\\lib\\hooks\\use-notifications.ts":{"path":"D:\\project\\egov-enterprise\\frontend\\src\\lib\\hooks\\use-notifications.ts","statementMap":{"0":{"start":{"line":20,"column":44},"end":{"line":20,"column":72}},"1":{"start":{"line":21,"column":40},"end":{"line":21,"column":51}},"2":{"start":{"line":22,"column":44},"end":{"line":22,"column":58}},"3":{"start":{"line":23,"column":19},"end":{"line":23,"column":28}},"4":{"start":{"line":24,"column":20},"end":{"line":24,"column":30}},"5":{"start":{"line":26,"column":29},"end":{"line":53,"column":13}},"6":{"start":{"line":27,"column":4},"end":{"line":52,"column":5}},"7":{"start":{"line":29,"column":47},"end":{"line":32,"column":8}},"8":{"start":{"line":30,"column":49},"end":{"line":30,"column":51}},"9":{"start":{"line":31,"column":62},"end":{"line":31,"column":63}},"10":{"start":{"line":34,"column":19},"end":{"line":34,"column":74}},"11":{"start":{"line":35,"column":24},"end":{"line":35,"column":65}},"12":{"start":{"line":37,"column":25},"end":{"line":44,"column":9}},"13":{"start":{"line":37,"column":92},"end":{"line":44,"column":7}},"14":{"start":{"line":45,"column":6},"end":{"line":45,"column":35}},"15":{"start":{"line":46,"column":6},"end":{"line":46,"column":90}},"16":{"start":{"line":49,"column":6},"end":{"line":49,"column":61}},"17":{"start":{"line":51,"column":6},"end":{"line":51,"column":42}},"18":{"start":{"line":55,"column":32},"end":{"line":73,"column":13}},"19":{"start":{"line":56,"column":26},"end":{"line":56,"column":50}},"20":{"start":{"line":59,"column":35},"end":{"line":66,"column":5}},"21":{"start":{"line":68,"column":4},"end":{"line":68,"column":50}},"22":{"start":{"line":68,"column":29},"end":{"line":68,"column":48}},"23":{"start":{"line":69,"column":4},"end":{"line":69,"column":37}},"24":{"start":{"line":69,"column":27},"end":{"line":69,"column":35}},"25":{"start":{"line":72,"column":4},"end":{"line":72,"column":62}},"26":{"start":{"line":76,"column":2},"end":{"line":102,"column":79}},"27":{"start":{"line":77,"column":4},"end":{"line":79,"column":5}},"28":{"start":{"line":78,"column":6},"end":{"line":78,"column":27}},"29":{"start":{"line":81,"column":4},"end":{"line":101,"column":5}},"30":{"start":{"line":83,"column":24},"end":{"line":83,"column":82}},"31":{"start":{"line":86,"column":46},"end":{"line":86,"column":50}},"32":{"start":{"line":87,"column":6},"end":{"line":89,"column":7}},"33":{"start":{"line":88,"column":8},"end":{"line":88,"column":100}},"34":{"start":{"line":91,"column":6},"end":{"line":94,"column":8}},"35":{"start":{"line":92,"column":8},"end":{"line":92,"column":32}},"36":{"start":{"line":93,"column":8},"end":{"line":93,"column":43}},"37":{"start":{"line":93,"column":21},"end":{"line":93,"column":43}},"38":{"start":{"line":97,"column":23},"end":{"line":99,"column":15}},"39":{"start":{"line":98,"column":8},"end":{"line":98,"column":39}},"40":{"start":{"line":98,"column":18},"end":{"line":98,"column":39}},"41":{"start":{"line":100,"column":6},"end":{"line":100,"column":43}},"42":{"start":{"line":100,"column":19},"end":{"line":100,"column":42}},"43":{"start":{"line":104,"column":21},"end":{"line":114,"column":3}},"44":{"start":{"line":105,"column":4},"end":{"line":113,"column":5}},"45":{"start":{"line":106,"column":6},"end":{"line":106,"column":53}},"46":{"start":{"line":108,"column":6},"end":{"line":108,"column":91}},"47":{"start":{"line":108,"column":31},"end":{"line":108,"column":89}},"48":{"start":{"line":108,"column":45},"end":{"line":108,"column":88}},"49":{"start":{"line":109,"column":6},"end":{"line":109,"column":52}},"50":{"start":{"line":109,"column":29},"end":{"line":109,"column":50}},"51":{"start":{"line":111,"column":6},"end":{"line":111,"column":67}},"52":{"start":{"line":112,"column":6},"end":{"line":112,"column":42}},"53":{"start":{"line":116,"column":24},"end":{"line":129,"column":3}},"54":{"start":{"line":117,"column":22},"end":{"line":117,"column":84}},"55":{"start":{"line":117,"column":48},"end":{"line":117,"column":64}},"56":{"start":{"line":117,"column":75},"end":{"line":117,"column":83}},"57":{"start":{"line":118,"column":4},"end":{"line":118,"column":39}},"58":{"start":{"line":118,"column":32},"end":{"line":118,"column":39}},"59":{"start":{"line":120,"column":4},"end":{"line":128,"column":5}},"60":{"start":{"line":121,"column":6},"end":{"line":121,"column":87}},"61":{"start":{"line":121,"column":44},"end":{"line":121,"column":84}},"62":{"start":{"line":122,"column":6},"end":{"line":122,"column":71}},"63":{"start":{"line":122,"column":31},"end":{"line":122,"column":69}},"64":{"start":{"line":122,"column":46},"end":{"line":122,"column":67}},"65":{"start":{"line":123,"column":6},"end":{"line":123,"column":24}},"66":{"start":{"line":124,"column":6},"end":{"line":124,"column":44}},"67":{"start":{"line":126,"column":6},"end":{"line":126,"column":72}},"68":{"start":{"line":127,"column":6},"end":{"line":127,"column":27}},"69":{"start":{"line":131,"column":2},"end":{"line":131,"column":96}}},"fnMap":{"0":{"name":"useNotifications","decl":{"start":{"line":19,"column":16},"end":{"line":19,"column":32}},"loc":{"start":{"line":19,"column":35},"end":{"line":132,"column":1}},"line":19},"1":{"name":"(anonymous_1)","decl":{"start":{"line":26,"column":41},"end":{"line":26,"column":42}},"loc":{"start":{"line":26,"column":53},"end":{"line":53,"column":3}},"line":26},"2":{"name":"(anonymous_2)","decl":{"start":{"line":30,"column":43},"end":{"line":30,"column":44}},"loc":{"start":{"line":30,"column":49},"end":{"line":30,"column":51}},"line":30},"3":{"name":"(anonymous_3)","decl":{"start":{"line":31,"column":56},"end":{"line":31,"column":57}},"loc":{"start":{"line":31,"column":62},"end":{"line":31,"column":63}},"line":31},"4":{"name":"(anonymous_4)","decl":{"start":{"line":37,"column":79},"end":{"line":37,"column":80}},"loc":{"start":{"line":37,"column":92},"end":{"line":44,"column":7}},"line":37},"5":{"name":"(anonymous_5)","decl":{"start":{"line":55,"column":44},"end":{"line":55,"column":45}},"loc":{"start":{"line":55,"column":67},"end":{"line":73,"column":3}},"line":55},"6":{"name":"(anonymous_6)","decl":{"start":{"line":68,"column":21},"end":{"line":68,"column":22}},"loc":{"start":{"line":68,"column":29},"end":{"line":68,"column":48}},"line":68},"7":{"name":"(anonymous_7)","decl":{"start":{"line":69,"column":19},"end":{"line":69,"column":20}},"loc":{"start":{"line":69,"column":27},"end":{"line":69,"column":35}},"line":69},"8":{"name":"(anonymous_8)","decl":{"start":{"line":76,"column":12},"end":{"line":76,"column":13}},"loc":{"start":{"line":76,"column":18},"end":{"line":102,"column":3}},"line":76},"9":{"name":"(anonymous_9)","decl":{"start":{"line":91,"column":13},"end":{"line":91,"column":14}},"loc":{"start":{"line":91,"column":19},"end":{"line":94,"column":7}},"line":91},"10":{"name":"(anonymous_10)","decl":{"start":{"line":97,"column":35},"end":{"line":97,"column":36}},"loc":{"start":{"line":97,"column":41},"end":{"line":99,"column":7}},"line":97},"11":{"name":"(anonymous_11)","decl":{"start":{"line":100,"column":13},"end":{"line":100,"column":14}},"loc":{"start":{"line":100,"column":19},"end":{"line":100,"column":42}},"line":100},"12":{"name":"(anonymous_12)","decl":{"start":{"line":104,"column":21},"end":{"line":104,"column":22}},"loc":{"start":{"line":104,"column":43},"end":{"line":114,"column":3}},"line":104},"13":{"name":"(anonymous_13)","decl":{"start":{"line":108,"column":23},"end":{"line":108,"column":24}},"loc":{"start":{"line":108,"column":31},"end":{"line":108,"column":89}},"line":108},"14":{"name":"(anonymous_14)","decl":{"start":{"line":108,"column":40},"end":{"line":108,"column":41}},"loc":{"start":{"line":108,"column":45},"end":{"line":108,"column":88}},"line":108},"15":{"name":"(anonymous_15)","decl":{"start":{"line":109,"column":21},"end":{"line":109,"column":22}},"loc":{"start":{"line":109,"column":29},"end":{"line":109,"column":50}},"line":109},"16":{"name":"(anonymous_16)","decl":{"start":{"line":116,"column":24},"end":{"line":116,"column":25}},"loc":{"start":{"line":116,"column":36},"end":{"line":129,"column":3}},"line":116},"17":{"name":"(anonymous_17)","decl":{"start":{"line":117,"column":43},"end":{"line":117,"column":44}},"loc":{"start":{"line":117,"column":48},"end":{"line":117,"column":64}},"line":117},"18":{"name":"(anonymous_18)","decl":{"start":{"line":117,"column":70},"end":{"line":117,"column":71}},"loc":{"start":{"line":117,"column":75},"end":{"line":117,"column":83}},"line":117},"19":{"name":"(anonymous_19)","decl":{"start":{"line":121,"column":38},"end":{"line":121,"column":39}},"loc":{"start":{"line":121,"column":44},"end":{"line":121,"column":84}},"line":121},"20":{"name":"(anonymous_20)","decl":{"start":{"line":122,"column":23},"end":{"line":122,"column":24}},"loc":{"start":{"line":122,"column":31},"end":{"line":122,"column":69}},"line":122},"21":{"name":"(anonymous_21)","decl":{"start":{"line":122,"column":40},"end":{"line":122,"column":41}},"loc":{"start":{"line":122,"column":46},"end":{"line":122,"column":67}},"line":122}},"branchMap":{"0":{"loc":{"start":{"line":37,"column":26},"end":{"line":37,"column":73}},"type":"cond-expr","locations":[{"start":{"line":37,"column":48},"end":{"line":37,"column":52}},{"start":{"line":37,"column":56},"end":{"line":37,"column":72}}],"line":37},"1":{"loc":{"start":{"line":37,"column":56},"end":{"line":37,"column":72}},"type":"binary-expr","locations":[{"start":{"line":37,"column":56},"end":{"line":37,"column":66}},{"start":{"line":37,"column":70},"end":{"line":37,"column":72}}],"line":37},"2":{"loc":{"start":{"line":41,"column":16},"end":{"line":41,"column":63}},"type":"binary-expr","locations":[{"start":{"line":41,"column":16},"end":{"line":41,"column":24}},{"start":{"line":41,"column":28},"end":{"line":41,"column":35}},{"start":{"line":41,"column":39},"end":{"line":41,"column":63}}],"line":41},"3":{"loc":{"start":{"line":42,"column":16},"end":{"line":42,"column":31}},"type":"binary-expr","locations":[{"start":{"line":42,"column":16},"end":{"line":42,"column":24}},{"start":{"line":42,"column":28},"end":{"line":42,"column":31}}],"line":42},"4":{"loc":{"start":{"line":43,"column":14},"end":{"line":43,"column":121}},"type":"binary-expr","locations":[{"start":{"line":43,"column":14},"end":{"line":43,"column":20}},{"start":{"line":43,"column":25},"end":{"line":43,"column":120}}],"line":43},"5":{"loc":{"start":{"line":43,"column":25},"end":{"line":43,"column":120}},"type":"cond-expr","locations":[{"start":{"line":43,"column":55},"end":{"line":43,"column":65}},{"start":{"line":43,"column":68},"end":{"line":43,"column":120}}],"line":43},"6":{"loc":{"start":{"line":43,"column":68},"end":{"line":43,"column":120}},"type":"cond-expr","locations":[{"start":{"line":43,"column":99},"end":{"line":43,"column":107}},{"start":{"line":43,"column":110},"end":{"line":43,"column":120}}],"line":43},"7":{"loc":{"start":{"line":46,"column":21},"end":{"line":46,"column":88}},"type":"cond-expr","locations":[{"start":{"line":46,"column":53},"end":{"line":46,"column":62}},{"start":{"line":46,"column":66},"end":{"line":46,"column":87}}],"line":46},"8":{"loc":{"start":{"line":46,"column":66},"end":{"line":46,"column":87}},"type":"binary-expr","locations":[{"start":{"line":46,"column":66},"end":{"line":46,"column":82}},{"start":{"line":46,"column":86},"end":{"line":46,"column":87}}],"line":46},"9":{"loc":{"start":{"line":63,"column":14},"end":{"line":63,"column":75}},"type":"binary-expr","locations":[{"start":{"line":63,"column":14},"end":{"line":63,"column":29}},{"start":{"line":63,"column":33},"end":{"line":63,"column":47}},{"start":{"line":63,"column":51},"end":{"line":63,"column":75}}],"line":63},"10":{"loc":{"start":{"line":64,"column":14},"end":{"line":64,"column":36}},"type":"binary-expr","locations":[{"start":{"line":64,"column":14},"end":{"line":64,"column":29}},{"start":{"line":64,"column":33},"end":{"line":64,"column":36}}],"line":64},"11":{"loc":{"start":{"line":65,"column":12},"end":{"line":65,"column":140}},"type":"binary-expr","locations":[{"start":{"line":65,"column":12},"end":{"line":65,"column":25}},{"start":{"line":65,"column":30},"end":{"line":65,"column":139}}],"line":65},"12":{"loc":{"start":{"line":65,"column":30},"end":{"line":65,"column":139}},"type":"cond-expr","locations":[{"start":{"line":65,"column":67},"end":{"line":65,"column":77}},{"start":{"line":65,"column":80},"end":{"line":65,"column":139}}],"line":65},"13":{"loc":{"start":{"line":65,"column":80},"end":{"line":65,"column":139}},"type":"cond-expr","locations":[{"start":{"line":65,"column":118},"end":{"line":65,"column":126}},{"start":{"line":65,"column":129},"end":{"line":65,"column":139}}],"line":65},"14":{"loc":{"start":{"line":72,"column":10},"end":{"line":72,"column":49}},"type":"binary-expr","locations":[{"start":{"line":72,"column":10},"end":{"line":72,"column":28}},{"start":{"line":72,"column":32},"end":{"line":72,"column":49}}],"line":72},"15":{"loc":{"start":{"line":77,"column":4},"end":{"line":79,"column":5}},"type":"if","locations":[{"start":{"line":77,"column":4},"end":{"line":79,"column":5}},{"start":{},"end":{}}],"line":77},"16":{"loc":{"start":{"line":81,"column":4},"end":{"line":101,"column":5}},"type":"if","locations":[{"start":{"line":81,"column":4},"end":{"line":101,"column":5}},{"start":{"line":95,"column":11},"end":{"line":101,"column":5}}],"line":81},"17":{"loc":{"start":{"line":81,"column":8},"end":{"line":81,"column":31}},"type":"binary-expr","locations":[{"start":{"line":81,"column"
[...]
"line":404,"column":156}}],"line":404},"42":{"loc":{"start":{"line":446,"column":20},"end":{"line":450,"column":21}},"type":"if","locations":[{"start":{"line":446,"column":20},"end":{"line":450,"column":21}},{"start":{"line":448,"column":27},"end":{"line":450,"column":21}}],"line":446},"43":{"loc":{"start":{"line":454,"column":19},"end":{"line":454,"column":92}},"type":"cond-expr","locations":[{"start":{"line":454,"column":43},"end":{"line":454,"column":67}},{"start":{"line":454,"column":70},"end":{"line":454,"column":92}}],"line":454},"44":{"loc":{"start":{"line":455,"column":25},"end":{"line":455,"column":104}},"type":"cond-expr","locations":[{"start":{"line":455,"column":49},"end":{"line":455,"column":56}},{"start":{"line":455,"column":59},"end":{"line":455,"column":104}}],"line":455},"45":{"loc":{"start":{"line":455,"column":59},"end":{"line":455,"column":104}},"type":"cond-expr","locations":[{"start":{"line":455,"column":86},"end":{"line":455,"column":93}},{"start":{"line":455,"column":96},"end":{"line":455,"column":104}}],"line":455},"46":{"loc":{"start":{"line":459,"column":17},"end":{"line":459,"column":67}},"type":"cond-expr","locations":[{"start":{"line":459,"column":41},"end":{"line":459,"column":52}},{"start":{"line":459,"column":55},"end":{"line":459,"column":67}}],"line":459},"47":{"loc":{"start":{"line":474,"column":98},"end":{"line":474,"column":143}},"type":"binary-expr","locations":[{"start":{"line":474,"column":98},"end":{"line":474,"column":107}},{"start":{"line":474,"column":111},"end":{"line":474,"column":143}}],"line":474},"48":{"loc":{"start":{"line":475,"column":115},"end":{"line":475,"column":140}},"type":"binary-expr","locations":[{"start":{"line":475,"column":115},"end":{"line":475,"column":124}},{"start":{"line":475,"column":128},"end":{"line":475,"column":140}}],"line":475},"49":{"loc":{"start":{"line":477,"column":19},"end":{"line":477,"column":61}},"type":"cond-expr","locations":[{"start":{"line":477,"column":43},"end":{"line":477,"column":50}},{"start":{"line":477,"column":53},"end":{"line":477,"column":61}}],"line":477},"50":{"loc":{"start":{"line":479,"column":18},"end":{"line":479,"column":57}},"type":"cond-expr","locations":[{"start":{"line":479,"column":42},"end":{"line":479,"column":49}},{"start":{"line":479,"column":52},"end":{"line":479,"column":57}}],"line":479},"51":{"loc":{"start":{"line":494,"column":115},"end":{"line":494,"column":191}},"type":"cond-expr","locations":[{"start":{"line":494,"column":150},"end":{"line":494,"column":164}},{"start":{"line":494,"column":167},"end":{"line":494,"column":191}}],"line":494},"52":{"loc":{"start":{"line":494,"column":115},"end":{"line":494,"column":147}},"type":"binary-expr","locations":[{"start":{"line":494,"column":115},"end":{"line":494,"column":129}},{"start":{"line":494,"column":133},"end":{"line":494,"column":147}}],"line":494},"53":{"loc":{"start":{"line":524,"column":21},"end":{"line":638,"column":21}},"type":"cond-expr","locations":[{"start":{"line":525,"column":24},"end":{"line":615,"column":30}},{"start":{"line":617,"column":24},"end":{"line":637,"column":26}}],"line":524},"54":{"loc":{"start":{"line":533,"column":36},"end":{"line":547,"column":37}},"type":"if","locations":[{"start":{"line":533,"column":36},"end":{"line":547,"column":37}},{"start":{},"end":{}}],"line":533},"55":{"loc":{"start":{"line":533,"column":40},"end":{"line":533,"column":69}},"type":"binary-expr","locations":[{"start":{"line":533,"column":40},"end":{"line":533,"column":44}},{"start":{"line":533,"column":48},"end":{"line":533,"column":69}}],"line":533},"56":{"loc":{"start":{"line":540,"column":44},"end":{"line":543,"column":45}},"type":"if","locations":[{"start":{"line":540,"column":44},"end":{"line":543,"column":45}},{"start":{},"end":{}}],"line":540},"57":{"loc":{"start":{"line":551,"column":80},"end":{"line":551,"column":94}},"type":"binary-expr","locations":[{"start":{"line":551,"column":80},"end":{"line":551,"column":88}},{"start":{"line":551,"column":92},"end":{"line":551,"column":94}}],"line":551},"58":{"loc":{"start":{"line":558,"column":81},"end":{"line":558,"column":100}},"type":"binary-expr","locations":[{"start":{"line":558,"column":81},"end":{"line":558,"column":92}},{"start":{"line":558,"column":96},"end":{"line":558,"column":100}}],"line":558},"59":{"loc":{"start":{"line":564,"column":33},"end":{"line":576,"column":33}},"type":"binary-expr","locations":[{"start":{"line":564,"column":33},"end":{"line":564,"column":64}},{"start":{"line":564,"column":68},"end":{"line":576,"column":33}}],"line":564},"60":{"loc":{"start":{"line":566,"column":41},"end":{"line":573,"column":48}},"type":"cond-expr","locations":[{"start":{"line":567,"column":44},"end":{"line":572,"column":46}},{"start":{"line":573,"column":44},"end":{"line":573,"column":48}}],"line":566},"61":{"loc":{"start":{"line":578,"column":29},"end":{"line":606,"column":29}},"type":"binary-expr","locations":[{"start":{"line":578,"column":29},"end":{"line":578,"column":43}},{"start":{"line":579,"column":30},"end":{"line":605,"column":36}}],"line":578},"62":{"loc":{"start":{"line":585,"column":38},"end":{"line":591,"column":39}},"type":"if","locations":[{"start":{"line":585,"column":38},"end":{"line":591,"column":39}},{"start":{"line":589,"column":45},"end":{"line":591,"column":39}}],"line":585},"63":{"loc":{"start":{"line":602,"column":35},"end":{"line":602,"column":116}},"type":"cond-expr","locations":[{"start":{"line":602,"column":46},"end":{"line":602,"column":95}},{"start":{"line":602,"column":98},"end":{"line":602,"column":116}}],"line":602},"64":{"loc":{"start":{"line":607,"column":29},"end":{"line":614,"column":29}},"type":"binary-expr","locations":[{"start":{"line":607,"column":29},"end":{"line":607,"column":56}},{"start":{"line":607,"column":60},"end":{"line":607,"column":75}},{"start":{"line":608,"column":32},"end":{"line":613,"column":38}}],"line":607},"65":{"loc":{"start":{"line":624,"column":32},"end":{"line":624,"column":80}},"type":"if","locations":[{"start":{"line":624,"column":32},"end":{"line":624,"column":80}},{"start":{},"end":{}}],"line":624},"66":{"loc":{"start":{"line":634,"column":44},"end":{"line":634,"column":69}},"type":"binary-expr","locations":[{"start":{"line":634,"column":44},"end":{"line":634,"column":64}},{"start":{"line":634,"column":68},"end":{"line":634,"column":69}}],"line":634},"67":{"loc":{"start":{"line":648,"column":13},"end":{"line":766,"column":13}},"type":"cond-expr","locations":[{"start":{"line":649,"column":14},"end":{"line":752,"column":27}},{"start":{"line":754,"column":14},"end":{"line":765,"column":20}}],"line":648},"68":{"loc":{"start":{"line":665,"column":27},"end":{"line":665,"column":136}},"type":"cond-expr","locations":[{"start":{"line":665,"column":51},"end":{"line":665,"column":92}},{"start":{"line":665,"column":95},"end":{"line":665,"column":136}}],"line":665},"69":{"loc":{"start":{"line":670,"column":27},"end":{"line":670,"column":126}},"type":"cond-expr","locations":[{"start":{"line":670,"column":51},"end":{"line":670,"column":87}},{"start":{"line":670,"column":90},"end":{"line":670,"column":126}}],"line":670},"70":{"loc":{"start":{"line":676,"column":27},"end":{"line":680,"column":27}},"type":"binary-expr","locations":[{"start":{"line":676,"column":27},"end":{"line":676,"column":51}},{"start":{"line":677,"column":28},"end":{"line":679,"column":35}}],"line":676},"71":{"loc":{"start":{"line":691,"column":24},"end":{"line":695,"column":25}},"type":"if","locations":[{"start":{"line":691,"column":24},"end":{"line":695,"column":25}},{"start":{"line":693,"column":31},"end":{"line":695,"column":25}}],"line":691},"72":{"loc":{"start":{"line":704,"column":81},"end":{"line":704,"column":163}},"type":"binary-expr","locations":[{"start":{"line":704,"column":81},"end":{"line":704,"column":118}},{"start":{"line":704,"column":123},"end":{"line":704,"column":162}}],"line":704},"73":{"loc":{"start":{"line":704,"column":123},"end":{"line":704,"column":162}},"type":"cond-expr","locations":[{"start":{"line":704,"column":147},"end":{"line":704,"column":154}},{"start":{"line":704,"column":157},"end":{"line":704,"column":162}}],"line":704},"74":{"loc":{"start":{"line":705,"column":79},"end":{"line":705,"column":166}},"type":"binary-expr","locations":[{"start":{"line":705,"column":79},"end":{"line":705,"column":117}},{"start":{"line":705,"column":121},"end":{"line":705,"column":157}},{"start":{"line":705,"column":161},"end":{"line":705,"column":166}}],"line":705},"75":{"loc":{"start":{"line":706,"column":85},"end":{"line":706,"column":170}},"type":"binary-expr","locations":[{"start":{"line":706,"column":85},"end":{"line":706,"column":121}},{"start":{"line":706,"column":125},"end":{"line":706,"column":161}},{"start":{"line":706,"column":165},"end":{"line":706,"column":170}}],"line":706},"76":{"loc":{"start":{"line":774,"column":15},"end":{"line":774,"column":64}},"type":"cond-expr","locations":[{"start":{"line":774,"column":39},"end":{"line":774,"column":50}},{"start":{"line":774,"column":53},"end":{"line":774,"column":64}}],"line":774},"77":{"loc":{"start":{"line":779,"column":23},"end":{"line":779,"column":85}},"type":"cond-expr","locations":[{"start":{"line":779,"column":46},"end":{"line":779,"column":72}},{"start":{"line":779,"column":76},"end":{"line":779,"column":85}}],"line":779},"78":{"loc":{"start":{"line":789,"column":15},"end":{"line":789,"column":62}},"type":"cond-expr","locations":[{"start":{"line":789,"column":39},"end":{"line":789,"column":49}},{"start":{"line":789,"column":52},"end":{"line":789,"column":62}}],"line":789},"79":{"loc":{"start":{"line":794,"column":23},"end":{"line":794,"column":85}},"type":"cond-expr","locations":[{"start":{"line":794,"column":46},"end":{"line":794,"column":72}},{"start":{"line":794,"column":76},"end":{"line":794,"column":85}}],"line":794},"80":{"loc":{"start":{"line":814,"column":15},"end":{"line":814,"column":145}},"type":"binary-expr","locations":[{"start":{"line":814,"column":15},"end":{"line":814,"column":43}},{"start":{"line":814,"column":47},"end":{"line":814,"column":145}}],"line":814},"81":{"loc":{"start":{"line":831,"column":20},"end":{"line":831,"column":132}},"type":"cond-expr","locations":[{"start":{"line":831,"column":46},"end":{"line":831,"column":85}},{"start":{"line":831,"column":88},"end":{"line":831,"column":132}}],"line":831},"82":{"loc":{"start":{"line":838,"column":19},"end":{"line":838,"column":169}},"type":"binary-expr","locations":[{"start":{"line":838,"column":19},"end":{"line":838,"column":42}},{"start":{"line":838,"column":46},"end":{"line":838,"column":169}}],"line":838},"83":{"loc":{"start":{"line":857,"column":18},"end":{"line":863,"column":19}},"type":"if","locations":[{"start":{"line":857,"column":18},"end":{"line":863,"column":19}},{"start":{"line":861,"column":25},"end":{"line":863,"column":19}}],"line":857},"84":{"loc":{"start":{"line":873,"column":15},"end":{"line":873,"column":88}},"type":"cond-expr","locations":[{"start":{"line":873,"column":26},"end":{"line":873,"column":75}},{"start":{"line":873,"column":78},"end":{"line":873,"column":88}}],"line":873},"85":{"loc":{"start":{"line":893,"column":15},"end":{"line":893,"column":145}},"type":"binary-expr","locations":[{"start":{"line":893,"column":15},"end":{"line":893,"column":43}},{"start":{"line":893,"column":47},"end":{"line":893,"column":145}}],"line":893},"86":{"loc":{"start":{"line":907,"column":51},"end":{"line":907,"column":68}},"type":"binary-expr","locations":[{"start":{"line":907,"column":51},"end":{"line":907,"column":62}},{"start":{"line":907,"column":66},"end":{"line":907,"column":68}}],"line":907},"87":{"loc":{"start":{"line":910,"column":22},"end":{"line":910,"column":137}},"type":"cond-expr","locations":[{"start":{"line":910,"column":53},"end":{"line":910,"column":86}},{"start":{"line":910,"column":89},"end":{"line":910,"column":137}}],"line":910},"88":{"loc":{"start":{"line":913,"column":52},"end":{"line":913,"column":121}},"type":"cond-expr","locations":[{"start":{"line":913,"column":83},"end":{"line":913,"column":95}},{"start":{"line":913,"column":98},"end":{"line":913,"column":121}}],"line":913},"89":{"loc":{"start":{"line":932,"column":16},"end":{"line":935,"column":17}},"type":"if","locations":[{"start":{"line":932,"column":16},"end":{"line":935,"column":17}},{"start":{},"end":{}}],"line":932},"90":{"loc":{"start":{"line":939,"column":18},"end":{"line":945,"column":19}},"type":"if","locations":[{"start":{"line":939,"column":18},"end":{"line":945,"column":19}},{"start":{"line":943,"column":25},"end":{"line":945,"column":19}}],"line":939},"91":{"loc":{"start":{"line":955,"column":15},"end":{"line":955,"column":88}},"type":"cond-expr","locations":[{"start":{"line":955,"column":26},"end":{"line":955,"column":75}},{"start":{"line":955,"column":78},"end":{"line":955,"column":88}}],"line":955},"92":{"loc":{"start":{"line":975,"column":15},"end":{"line":975,"column":145}},"type":"binary-expr","locations":[{"start":{"line":975,"column":15},"end":{"line":975,"column":43}},{"start":{"line":975,"column":47},"end":{"line":975,"column":145}}],"line":975},"93":{"loc":{"start":{"line":991,"column":20},"end":{"line":991,"column":130}},"type":"cond-expr","locations":[{"start":{"line":991,"column":44},"end":{"line":991,"column":83}},{"start":{"line":991,"column":86},"end":{"line":991,"column":130}}],"line":991},"94":{"loc":{"start":{"line":997,"column":22},"end":{"line":997,"column":104}},"type":"cond-expr","locations":[{"start":{"line":997,"column":46},"end":{"line":997,"column":69}},{"start":{"line":997,"column":72},"end":{"line":997,"column":104}}],"line":997},"95":{"loc":{"start":{"line":1003,"column":19},"end":{"line":1003,"column":177}},"type":"binary-expr","locations":[{"start":{"line":1003,"column":19},"end":{"line":1003,"column":40}},{"start":{"line":1003,"column":44},"end":{"line":1003,"column":177}}],"line":1003},"96":{"loc":{"start":{"line":1022,"column":18},"end":{"line":1028,"column":19}},"type":"if","locations":[{"start":{"line":1022,"column":18},"end":{"line":1028,"column":19}},{"start":{"line":1026,"column":25},"end":{"line":1028,"column":19}}],"line":1022},"97":{"loc":{"start":{"line":1038,"column":15},"end":{"line":1038,"column":88}},"type":"cond-expr","locations":[{"start":{"line":1038,"column":26},"end":{"line":1038,"column":75}},{"start":{"line":1038,"column":78},"end":{"line":1038,"column":88}}],"line":1038},"98":{"loc":{"start":{"line":1055,"column":8},"end":{"line":1057,"column":90}},"type":"cond-expr","locations":[{"start":{"line":1056,"column":12},"end":{"line":1056,"column":85}},{"start":{"line":1057,"column":12},"end":{"line":1057,"column":90}}],"line":1055},"99":{"loc":{"start":{"line":1062,"column":8},"end":{"line":1062,"column":57}},"type":"cond-expr","locations":[{"start":{"line":1062,"column":17},"end":{"line":1062,"column":31}},{"start":{"line":1062,"column":34},"end":{"line":1062,"column":57}}],"line":1062},"100":{"loc":{"start":{"line":1067,"column":7},"end":{"line":1072,"column":7}},"type":"binary-expr","locations":[{"start":{"line":1067,"column":7},"end":{"line":1067,"column":13}},{"start":{"line":1068,"column":8},"end":{"line":1071,"column":10}}],"line":1067}},"s":{"0":1,"1":1,"2":1,"3":0,"4":0,"5":0,"6":11,"7":11,"8":11,"9":11,"10":11,"11":11,"12":11,"13":11,"14":11,"15":11,"16":11,"17":11,"18":11,"19":11,"20":11,"21":11,"22":11,"23":11,"24":11,"25":11,"26":11,"27":11,"28":11,"29":11,"30":3,"31":11,"32":5,"33":5,"34":11,"35":0,"36":11,"37":11,"38":11,"39":11,"40":2,"41":2,"42":11,"43":2,"44":0,"45":0,"46":11,"47":11,"48":1,"49":1,"50":1,"51":1,"52":0,"53":0,"54":1,"55":1,"56":0,"57":11,"58":0,"59":0,"60":0,"61":0,"62":0,"63":0,"64":0,"65":0,"66":0,"67":11,"68":1,"69":0,"70":1,"71":1,"72":1,"73":1,"74":1,"75":1,"76":1,"77":0,"78":11,"79":0,"80":0,"81":0,"82":0,"83":0,"84":0,"85":0,"86":0,"87":0,"88":11,"89":0,"90":0,"91":0,"92":0,"93":0,"94":0,"95":11,"96":1,"97":0,"98":0,"99":11,"100":1,"101":0,"102":11,"103":7,"104":6,"105":1,"106":1,"107":1,"108":0,"109":0,"110":0,"111":0,"112":11,"113":90,"114":11,"115":1,"116":1,"117":0,"118":1,"119":0,"120":0,"121":0,"122":0,"123":0,"124":0,"125":0,"126":0,"127":0,"128":0,"129":0,"130":0,"131":0,"132":1,"133":0,"134":0,"135":0,"136":0,"137":0,"138":0,"139":0,"140":0,"141":0,"142":0,"143":0,"144":0,"145":0,"146":0,"147":0,"148":0,"149":0,"150":0,"151":0,"152":0,"153":0,"154":0,"155":0,"156":0,"157":0,"158":0,"159":0,"160":0,"161":0,"162":0,"163":0,"164":0,"165":0,"166":1,"167":1,"168":0,"169":0,"170":0,"171":0,"172":0,"173":15,"174":0,"175":0,"176":0,"177":0,"178":0,"179":0,"180":33,"181":0,"182":0,"183":0,"184":0,"185":0,"186":0,"187":0,"188":0,"189":0,"190":0,"191":0,"192":0,"193":0,"194":0,"195":0,"196":0,"197":0,"198":0,"199":0,"200":0,"201":0,"202":0,"203":0,"204":0,"205":0,"206":0,"207":0,"208":0,"209":0,"210":0,"211":0,"212":0,"213":0,"214":0,"215":22,"216":0,"217":0,"218":0,"219":0,"220":0,"221":0,"222":0,"223":0,"224":0,"225":0,"226":0,"227":0,"228":0,"229":44,"230":12},"f":{"0":0,"1":11,"2":3,"3":5,"4":0,"5":2,"6":2,"7":1,"8":0,"9":1,"10":0,"11":0,"12":0,"13":0,"14":0,"15":1,"16":1,"17":7,"18":1,"19":0,"20":90,"21":1,"22":0,"23":0,"24":0,"25":0,"26":0,"27":0,"28":0,"29":0,"30":0,"31":1,"32":0,"33":0,"34":0,"35":0,"36":0,"37":0,"38":0,"39":0,"40":0,"41":0,"42":0,"43":0,"44":0,"45":1,"46":0,"47":0,"48":15,"49":0,"50":0,"51":0,"52":0,"53":0,"54":0,"55":33,"56":0,"57":0,"58":0,"59":0,"60":0,"61":0,"62":0,"63":0,"64":0,"65":0,"66":0,"67":0,"68":0,"69":22,"70":0,"71":0,"72":0,"73":0,"74":44,"75":12},"b":{"0":[0],"1":[0,0],"2":[0,0],"3":[0,0],"4":[0,0],"5":[0,0,0],"6":[0,0],"7":[0,0,0],"8":[0,0],"9":[0,0],"10":[0,0],"11":[0,0],"12":[0,0],"13":[0,0],"14":[0],"15":[11,0],"16":[4,7],"17":[11,11],"18":[4,1],"19":[4,7],"20":[11,11],"21":[1,1],"22":[0,2],"23":[2,0],"24":[1,0],"25":[0,0],"26":[0,1],"27":[1,0],"28":[0,0],"29":[0,0],"30":[0,1],"31":[0,0],"32":[0,1],"33":[6,1],"34":[1,0],"35":[1,0],"36":[1,0],"37":[0,0],"38":[0,0],"39":[0,90],"40":[0,90],"41":[0,90],"42":[0,1],"43":[0,11],"44":[0,11],"45":[0,11],"46":[0,11],"47":[11,0],"48":[11,0],"49":[0,11],"50":[0,11],"51":[1,10],"52":[11,10],"53":[0,11],"54":[0,0],"55":[0,0],"56":[0,0],"57":[0,0],"58":[0,0],"59":[0,0],"60":[0,0],"61":[0,0],"62":[0,0],"63":[0,0],"64":[0,0,0],"65":[1,0],"66":[11,2],"67":[3,8],"68":[0,3],"69":[0,3],"70":[3,0],"71":[0,0],"72":[3,3],"73":[0,3],"74":[3,3,3],"75":[3,3,3],"76":[11,0],"77":[0,11],"78":[11,0],"79":[0,11],"80":[11,0],"81":[11,22],"82":[33,11],"83":[0,0],"84":[0,11],"85":[11,0],"86":[0,0],"87":[0,0],"88":[0,0],"89":[0,0],"90":[0,0],"91":[0,11],"92":[11,0],"93":[11,11],"94":[11,11],"95":[22,11],"96":[0,0],"97":[0,11],"98":[11,33],"99":[11,33],"100":[44,11]},"_coverageSchema":"1a1c01bbd47fc00a2c39e90264f33305004495a9","hash":"1d2582ff12f81404f21cf1863b68d837ecba6729"},"D:\\project\\egov-enterprise\\frontend\\src\\app\\admin\\community\\boards\\master\\page.tsx":{"path":"D:\\project\\egov-enterprise\\frontend\\src\\app\\admin\\community\\boards\\master\\page.tsx","statementMap":{"0":{"start":{"line":6,"column":30},"end":{"line":9,"column":1}},"1":{"start":{"line":7,"column":8},"end":{"line":7,"column":80}},"2":{"start":{"line":7,"column":54},"end":{"line":7,"column":79}},"3":{"start":{"line":16,"column":2},"end":{"line":16,"column":35}}},"fnMap":{"0":{"name":"(anonymous_0)","decl":{"start":{"line":7,"column":2},"end":{"line":7,"column":3}},"loc":{"start":{"line":7,"column":8},"end":{"line":7,"column":80}},"line":7},"1":{"name":"(anonymous_1)","decl":{"start":{"line":7,"column":47},"end":{"line":7,"column":48}},"loc":{"start":{"line":7,"column":54},"end":{"line":7,"column":79}},"line":7},"2":{"name":"BoardMasterListPage","decl":{"start":{"line":15,"column":24},"end":{"line":15,"column":43}},"loc":{"start":{"line":15,"column":46},"end":{"line":17,"column":1}},"line":15}},"branchMap":{},"s":{"0":1,"1":0,"2":0,"3":0},"f":{"0":0,"1":0,"2":0},"b":{},"_coverageSchema":"1a1c01bbd47fc00a2c39e90264f33305004495a9","hash":"1d83d0245b260aa53f7eb5e27abb04267e7abde9"}}