{"D:\\project\\egov-enterprise\\frontend\\src\\app\\admin\\error.tsx":{"path":"D:\\project\\egov-enterprise\\frontend\\src\\app\\admin\\error.tsx","statementMap":{"0":{"start":{"line":23,"column":2},"end":{"line":26,"column":14}},"1":{"start":{"line":25,"column":4},"end":{"line":25,"column":49}},"2":{"start":{"line":29,"column":16},"end":{"line":29,"column":46}},"3":{"start":{"line":30,"column":16},"end":{"line":30,"column":86}},"4":{"start":{"line":31,"column":16},"end":{"line":31,"column":86}},"5":{"start":{"line":34,"column":2},"end":{"line":57,"column":3}},"6":{"start":{"line":35,"column":4},"end":{"line":56,"column":6}},"7":{"start":{"line":49,"column":16},"end":{"line":49,"column":130}},"8":{"start":{"line":52,"column":81},"end":{"line":52,"column":107}},"9":{"start":{"line":59,"column":2},"end":{"line":75,"column":3}},"10":{"start":{"line":60,"column":4},"end":{"line":74,"column":6}},"11":{"start":{"line":69,"column":93},"end":{"line":69,"column":114}},"12":{"start":{"line":70,"column":81},"end":{"line":70,"column":112}},"13":{"start":{"line":77,"column":2},"end":{"line":93,"column":3}},"14":{"start":{"line":78,"column":4},"end":{"line":92,"column":6}},"15":{"start":{"line":87,"column":93},"end":{"line":87,"column":114}},"16":{"start":{"line":88,"column":81},"end":{"line":88,"column":112}},"17":{"start":{"line":96,"column":2},"end":{"line":111,"column":4}},"18":{"start":{"line":106,"column":79},"end":{"line":106,"column":110}},"19":{"start":{"line":133,"column":2},"end":{"line":152,"column":4}},"20":{"start":{"line":166,"column":2},"end":{"line":178,"column":4}}},"fnMap":{"0":{"name":"AdminError","decl":{"start":{"line":16,"column":24},"end":{"line":16,"column":34}},"loc":{"start":{"line":22,"column":3},"end":{"line":112,"column":1}},"line":22},"1":{"name":"(anonymous_1)","decl":{"start":{"line":23,"column":12},"end":{"line":23,"column":13}},"loc":{"start":{"line":23,"column":18},"end":{"line":26,"column":3}},"line":23},"2":{"name":"(anonymous_2)","decl":{"start":{"line":48,"column":23},"end":{"line":48,"column":24}},"loc":{"start":{"line":48,"column":29},"end":{"line":50,"column":15}},"line":48},"3":{"name":"(anonymous_3)","decl":{"start":{"line":52,"column":74},"end":{"line":52,"column":75}},"loc":{"start":{"line":52,"column":81},"end":{"line":52,"column":107}},"line":52},"4":{"name":"(anonymous_4)","decl":{"start":{"line":69,"column":87},"end":{"line":69,"column":88}},"loc":{"start":{"line":69,"column":93},"end":{"line":69,"column":114}},"line":69},"5":{"name":"(anonymous_5)","decl":{"start":{"line":70,"column":74},"end":{"line":70,"column":75}},"loc":{"start":{"line":70,"column":81},"end":{"line":70,"column":112}},"line":70},"6":{"name":"(anonymous_6)","decl":{"start":{"line":87,"column":87},"end":{"line":87,"column":88}},"loc":{"start":{"line":87,"column":93},"end":{"line":87,"column":114}},"line":87},"7":{"name":"(anonymous_7)","decl":{"start":{"line":88,"column":74},"end":{"line":88,"column":75}},"loc":{"start":{"line":88,"column":81},"end":{"line":88,"column":112}},"line":88},"8":{"name":"(anonymous_8)","decl":{"start":{"line":106,"column":72},"end":{"line":106,"column":73}},"loc":{"start":{"line":106,"column":79},"end":{"line":106,"column":110}},"line":106},"9":{"name":"ErrorLayout","decl":{"start":{"line":116,"column":9},"end":{"line":116,"column":20}},"loc":{"start":{"line":132,"column":3},"end":{"line":153,"column":1}},"line":132},"10":{"name":"ActionButton","decl":{"start":{"line":155,"column":9},"end":{"line":155,"column":21}},"loc":{"start":{"line":165,"column":3},"end":{"line":179,"column":1}},"line":165}},"branchMap":{"0":{"loc":{"start":{"line":30,"column":16},"end":{"line":30,"column":86}},"type":"binary-expr","locations":[{"start":{"line":30,"column":16},"end":{"line":30,"column":46}},{"start":{"line":30,"column":50},"end":{"line":30,"column":86}}],"line":30},"1":{"loc":{"start":{"line":31,"column":16},"end":{"line":31,"column":86}},"type":"binary-expr","locations":[{"start":{"line":31,"column":16},"end":{"line":31,"column":46}},{"start":{"line":31,"column":50},"end":{"line":31,"column":86}}],"line":31},"2":{"loc":{"start":{"line":34,"column":2},"end":{"line":57,"column":3}},"type":"if","locations":[{"start":{"line":34,"column":2},"end":{"line":57,"column":3}},{"start":{},"end":{}}],"line":34},"3":{"loc":{"start":{"line":59,"column":2},"end":{"line":75,"column":3}},"type":"if","locations":[{"start":{"line":59,"column":2},"end":{"line":75,"column":3}},{"start":{},"end":{}}],"line":59},"4":{"loc":{"start":{"line":77,"column":2},"end":{"line":93,"column":3}},"type":"if","locations":[{"start":{"line":77,"column":2},"end":{"line":93,"column":3}},{"start":{},"end":{}}],"line":77},"5":{"loc":{"start":{"line":145,"column":9},"end":{"line":149,"column":9}},"type":"binary-expr","locations":[{"start":{"line":145,"column":9},"end":{"line":145,"column":15}},{"start":{"line":146,"column":10},"end":{"line":148,"column":14}}],"line":145},"6":{"loc":{"start":{"line":170,"column":8},"end":{"line":172,"column":72}},"type":"cond-expr","locations":[{"start":{"line":171,"column":12},"end":{"line":171,"column":66}},{"start":{"line":172,"column":12},"end":{"line":172,"column":72}}],"line":170}},"s":{"0":0,"1":0,"2":0,"3":0,"4":0,"5":0,"6":0,"7":0,"8":0,"9":0,"10":0,"11":0,"12":0,"13":0,"14":0,"15":0,"16":0,"17":0,"18":0,"19":0,"20":0},"f":{"0":0,"1":0,"2":0,"3":0,"4":0,"5":0,"6":0,"7":0,"8":0,"9":0,"10":0},"b":{"0":[0,0],"1":[0,0],"2":[0,0],"3":[0,0],"4":[0,0],"5":[0,0],"6":[0,0]},"_coverageSchema":"1a1c01bbd47fc00a2c39e90264f33305004495a9","hash":"7bac27afea30ec30c1151e90d46cc0204bf58bc4"},"D:\\project\\egov-enterprise\\frontend\\src\\app\\components\\theme-provider.tsx":{"path":"D:\\project\\egov-enterprise\\frontend\\src\\app\\components\\theme-provider.tsx","statementMap":{"0":{"start":{"line":9,"column":1},"end":{"line":19,"column":3}}},"fnMap":{"0":{"name":"ThemeProvider","decl":{"start":{"line":8,"column":16},"end":{"line":8,"column":29}},"loc":{"start":{"line":8,"column":74},"end":{"line":20,"column":1}},"line":8}},"branchMap":{},"s":{"0":1},"f":{"0":1},"b":{},"_coverageSchema":"1a1c01bbd47fc00a2c39e90264f33305004495a9","hash":"f1b77560d91f03341087764ee40d78e06020bf3a"},"D:\\project\\egov-enterprise\\frontend\\src\\contexts\\AuthContext.tsx":{"path":"D:\\project\\egov-enterprise\\frontend\\src\\contexts\\AuthContext.tsx","statementMap":{"0":{"start":{"line":14,"column":20},"end":{"line":14,"column":73}},"1":{"start":{"line":23,"column":26},"end":{"line":23,"column":64}},"2":{"start":{"line":24,"column":32},"end":{"line":24,"column":54}},"3":{"start":{"line":26,"column":20},"end":{"line":64,"column":8}},"4":{"start":{"line":27,"column":4},"end":{"line":27,"column":46}},"5":{"start":{"line":27,"column":39},"end":{"line":27,"column":46}},"6":{"start":{"line":28,"column":18},"end":{"line":28,"column":53}},"7":{"start":{"line":31,"column":4},"end":{"line":37,"column":5}},"8":{"start":{"line":32,"column":6},"end":{"line":32,"column":20}},"9":{"start":{"line":33,"column":6},"end":{"line":33,"column":24}},"10":{"start":{"line":35,"column":6},"end":{"line":35,"column":86}},"11":{"start":{"line":36,"column":6},"end":{"line":36,"column":13}},"12":{"start":{"line":40,"column":22},"end":{"line":40,"column":95}},"13":{"start":{"line":40,"column":59},"end":{"line":40,"column":94}},"14":{"start":{"line":41,"column":4},"end":{"line":43,"column":5}},"15":{"start":{"line":42,"column":6},"end":{"line":42,"column":84}},"16":{"start":{"line":45,"column":4},"end":{"line":63,"column":5}},"17":{"start":{"line":46,"column":23},"end":{"line":46,"column":57}},"18":{"start":{"line":47,"column":6},"end":{"line":51,"column":7}},"19":{"start":{"line":48,"column":8},"end":{"line":48,"column":26}},"20":{"start":{"line":50,"column":8},"end":{"line":50,"column":22}},"21":{"start":{"line":54,"column":6},"end":{"line":56,"column":7}},"22":{"start":{"line":55,"column":8},"end":{"line":55,"column":59}},"23":{"start":{"line":57,"column":6},"end":{"line":57,"column":20}},"24":{"start":{"line":58,"column":6},"end":{"line":58,"column":45}},"25":{"start":{"line":59,"column":6},"end":{"line":59,"column":86}},"26":{"start":{"line":60,"column":6},"end":{"line":60,"column":83}},"27":{"start":{"line":62,"column":6},"end":{"line":62,"column":24}},"28":{"start":{"line":66,"column":16},"end":{"line":99,"column":8}},"29":{"start":{"line":67,"column":4},"end":{"line":98,"column":5}},"30":{"start":{"line":69,"column":24},"end":{"line":72,"column":7}},"31":{"start":{"line":73,"column":19},"end":{"line":73,"column":53}},"32":{"start":{"line":75,"column":6},"end":{"line":93,"column":7}},"33":{"start":{"line":77,"column":8},"end":{"line":77,"column":62}},"34":{"start":{"line":80,"column":8},"end":{"line":80,"column":97}},"35":{"start":{"line":81,"column":8},"end":{"line":83,"column":9}},"36":{"start":{"line":82,"column":10},"end":{"line":82,"column":89}},"37":{"start":{"line":86,"column":25},"end":{"line":86,"column":59}},"38":{"start":{"line":87,"column":8},"end":{"line":87,"column":26}},"39":{"start":{"line":92,"column":8},"end":{"line":92,"column":45}},"40":{"start":{"line":95,"column":22},"end":{"line":95,"column":82}},"41":{"start":{"line":96,"column":6},"end":{"line":96,"column":53}},"42":{"start":{"line":97,"column":6},"end":{"line":97,"column":31}},"43":{"start":{"line":101,"column":17},"end":{"line":114,"column":8}},"44":{"start":{"line":102,"column":4},"end":{"line":113,"column":5}},"45":{"start":{"line":103,"column":6},"end":{"line":103,"column":33}},"46":{"start":{"line":105,"column":6},"end":{"line":105,"column":53}},"47":{"start":{"line":107,"column":6},"end":{"line":107,"column":20}},"48":{"start":{"line":108,"column":6},"end":{"line":112,"column":7}},"49":{"start":{"line":109,"column":8},"end":{"line":109,"column":47}},"50":{"start":{"line":110,"column":8},"end":{"line":110,"column":88}},"51":{"start":{"line":111,"column":8},"end":{"line":111,"column":85}},"52":{"start":{"line":116,"column":2},"end":{"line":118,"column":18}},"53":{"start":{"line":117,"column":4},"end":{"line":117,"column":16}},"54":{"start":{"line":120,"column":2},"end":{"line":124,"column":4}},"55":{"start":{"line":127,"column":23},"end":{"line":133,"column":1}},"56":{"start":{"line":128,"column":18},"end":{"line":128,"column":41}},"57":{"start":{"line":129,"column":2},"end":{"line":131,"column":3}},"58":{"start":{"line":130,"column":4},"end":{"line":130,"column":67}},"59":{"start":{"line":132,"column":2},"end":{"line":132,"column":17}}},"fnMap":{"0":{"name":"AuthProvider","decl":{"start":{"line":16,"column":16},"end":{"line":16,"column":28}},"loc":{"start":{"line":22,"column":3},"end":{"line":125,"column":1}},"line":22},"1":{"name":"(anonymous_1)","decl":{"start":{"line":26,"column":32},"end":{"line":26,"column":33}},"loc":{"start":{"line":26,"column":44},"end":{"line":64,"column":3}},"line":26},"2":{"name":"(anonymous_2)","decl":{"start":{"line":40,"column":54},"end":{"line":40,"column":55}},"loc":{"start":{"line":40,"column":59},"end":{"line":40,"column":94}},"line":40},"3":{"name":"(anonymous_3)","decl":{"start":{"line":66,"column":28},"end":{"line":66,"column":29}},"loc":{"start":{"line":66,"column":75},"end":{"line":99,"column":3}},"line":66},"4":{"name":"(anonymous_4)","decl":{"start":{"line":101,"column":29},"end":{"line":101,"column":30}},"loc":{"start":{"line":101,"column":41},"end":{"line":114,"column":3}},"line":101},"5":{"name":"(anonymous_5)","decl":{"start":{"line":116,"column":12},"end":{"line":116,"column":13}},"loc":{"start":{"line":116,"column":18},"end":{"line":118,"column":3}},"line":116},"6":{"name":"(anonymous_6)","decl":{"start":{"line":127,"column":23},"end":{"line":127,"column":24}},"loc":{"start":{"line":127,"column":29},"end":{"line":133,"column":1}},"line":127}},"branchMap":{"0":{"loc":{"start":{"line":18,"column":2},"end":{"line":18,"column":20}},"type":"default-arg","locations":[{"start":{"line":18,"column":16},"end":{"line":18,"column":20}}],"line":18},"1":{"loc":{"start":{"line":27,"column":4},"end":{"line":27,"column":46}},"type":"if","locations":[{"start":{"line":27,"column":4},"end":{"line":27,"column":46}},{"start":{},"end":{}}],"line":27},"2":{"loc":{"start":{"line":31,"column":4},"end":{"line":37,"column":5}},"type":"if","locations":[{"start":{"line":31,"column":4},"end":{"line":37,"column":5}},{"start":{},"end":{}}],"line":31},"3":{"loc":{"start":{"line":41,"column":4},"end":{"line":43,"column":5}},"type":"if","locations":[{"start":{"line":41,"column":4},"end":{"line":43,"column":5}},{"start":{},"end":{}}],"line":41},"4":{"loc":{"start":{"line":41,"column":8},"end":{"line":41,"column":27}},"type":"binary-expr","locations":[{"start":{"line":41,"column":8},"end":{"line":41,"column":18}},{"start":{"line":41,"column":22},"end":{"line":41,"column":27}}],"line":41},"5":{"loc":{"start":{"line":47,"column":6},"end":{"line":51,"column":7}},"type":"if","locations":[{"start":{"line":47,"column":6},"end":{"line":51,"column":7}},{"start":{"line":49,"column":13},"end":{"line":51,"column":7}}],"line":47},"6":{"loc":{"start":{"line":54,"column":6},"end":{"line":56,"column":7}},"type":"if","locations":[{"start":{"line":54,"column":6},"end":{"line":56,"column":7}},{"start":{},"end":{}}],"line":54},"7":{"loc":{"start":{"line":75,"column":6},"end":{"line":93,"column":7}},"type":"if","locations":[{"start":{"line":75,"column":6},"end":{"line":93,"column":7}},{"start":{"line":91,"column":13},"end":{"line":93,"column":7}}],"line":75},"8":{"loc":{"start":{"line":75,"column":10},"end":{"line":75,"column":34}},"type":"binary-expr","locations":[{"start":{"line":75,"column":10},"end":{"line":75,"column":14}},{"start":{"line":75,"column":18},"end":{"line":75,"column":34}}],"line":75},"9":{"loc":{"start":{"line":81,"column":8},"end":{"line":83,"column":9}},"type":"if","locations":[{"start":{"line":81,"column":8},"end":{"line":83,"column":9}},{"start":{},"end":{}}],"line":81},"10":{"loc":{"start":{"line":95,"column":22},"end":{"line":95,"column":82}},"type":"cond-expr","locations":[{"start":{"line":95,"column":47},"end":{"line":95,"column":60}},{"start":{"line":95,"column":63},"end":{"line":95,"column":82}}],"line":95},"11":{"loc":{"start":{"line":108,"column":6},"end":{"line":112,"column":7}},"type":"if","locations":[{"start":{"line":108,"column":6},"end":{"line":112,"column":7}},{"start":{},"end":{}}],"line":108},"12":{"loc":{"start":{"line":129,"column":2},"end":{"line":131,"column":3}},"type":"if","locations":[{"start":{"line":129,"column":2},"end":{"line":131,"column":3}},{"start":{},"end":{}}],"line":129}},"s":{"0":1,"1":13,"2":13,"3":13,"4":1,"5":0,"6":1,"7":1,"8":0,"9":0,"10":0,"11":0,"12":1,"13":1,"14":1,"15":0,"16":1,"17":1,"18":1,"19":1,"20":0,"21":0,"22":0,"23":0,"24":0,"25":0,"26":0,"27":1,"28":13,"29":0,"30":0,"31":0,"32":0,"33":0,"34":0,"35":0,"36":0,"37":0,"38":0,"39":0,"40":0,"41":0,"42":0,"43":13,"44":0,"45":0,"46":0,"47":0,"48":0,"49":0,"50":0,"51":0,"52":13,"53":1,"54":13,"55":1,"56":106,"57":106,"58":0,"59":106},"f":{"0":13,"1":1,"2":1,"3":0,"4":0,"5":1,"6":106},"b":{"0":[0],"1":[0,1],"2":[0,1],"3":[0,1],"4":[1,0],"5":[1,0],"6":[0,0],"7":[0,0],"8":[0,0],"9":[0,0],"10":[0,0],"11":[0,0],"12":[0,106]},"_coverageSchema":"1a1c01bbd47fc00a2c39e90264f33305004495a9","hash":"755d91dd5bcf88a99ca93a2e8ba18ad978fc09d5"},"D:\\project\\egov-enterprise\\frontend\\src\\lib\\utils.ts":{"path":"D:\\project\\egov-enterprise\\frontend\\src\\lib\\utils.ts","statementMap":{"0":{"start":{"line":5,"column":1},"end":{"line":5,"column":29}}},"fnMap":{"0":{"name":"cn","decl":{"start":{"line":4,"column":16},"end":{"line":4,"column":18}},"loc":{"start":{"line":4,"column":44},"end":{"line":6,"column":1}},"line":4}},"branchMap":{},"s":{"0":1612},"f":{"0":1612},"b":{},"_coverageSchema":"1a1c01bbd47fc00a2c39e90264f33305004495a9","hash":"cf65ca186386f122e3b3b3dd5281a612291db0cf"},"D:\\project\\egov-enterprise\\frontend\\src\\app\\components\\ui\\toast.tsx":{"path":"D:\\project\\egov-enterprise\\frontend\\src\\app\\components\\ui\\toast.tsx","statementMap":{"0":{"start":{"line":22,"column":21},"end":{"line":22,"column":75}},"1":{"start":{"line":25,"column":30},"end":{"line":25,"column":51}},"2":{"start":{"line":27,"column":22},"end":{"line":29,"column":8}},"3":{"start":{"line":28,"column":4},"end":{"line":28,"column":57}},"4":{"start":{"line":28,"column":24},"end":{"line":28,"column":55}},"5":{"start":{"line":28,"column":43},"end":{"line":28,"column":54}},"6":{"start":{"line":31,"column":16},"end":{"line":43,"column":19}},"7":{"start":{"line":33,"column":27},"end":{"line":35,"column":103}},"8":{"start":{"line":37,"column":15},"end":{"line":37,"column":57}},"9":{"start":{"line":38,"column":4},"end":{"line":38,"column":74}},"10":{"start":{"line":38,"column":24},"end":{"line":38,"column":72}},"11":{"start":{"line":40,"column":4},"end":{"line":42,"column":5}},"12":{"start":{"line":41,"column":6},"end":{"line":41,"column":46}},"13":{"start":{"line":41,"column":23},"end":{"line":41,"column":38}},"14":{"start":{"line":45,"column":18},"end":{"line":45,"column":86}},"15":{"start":{"line":45,"column":51},"end":{"line":45,"column":76}},"16":{"start":{"line":46,"column":16},"end":{"line":46,"column":82}},"17":{"start":{"line":46,"column":49},"end":{"line":46,"column":72}},"18":{"start":{"line":49,"column":2},"end":{"line":62,"column":14}},"19":{"start":{"line":50,"column":27},"end":{"line":58,"column":5}},"20":{"start":{"line":51,"column":21},"end":{"line":51,"column":46}},"21":{"start":{"line":52,"column":6},"end":{"line":52,"column":26}},"22":{"start":{"line":52,"column":19},"end":{"line":52,"column":26}},"23":{"start":{"line":53,"column":34},"end":{"line":53,"column":40}},"24":{"start":{"line":55,"column":6},"end":{"line":57,"column":7}},"25":{"start":{"line":56,"column":8},"end":{"line":56,"column":23}},"26":{"start":{"line":60,"column":4},"end":{"line":60,"column":57}},"27":{"start":{"line":61,"column":4},"end":{"line":61,"column":73}},"28":{"start":{"line":61,"column":17},"end":{"line":61,"column":72}},"29":{"start":{"line":64,"column":2},"end":{"line":95,"column":4}},"30":{"start":{"line":69,"column":10},"end":{"line":91,"column":16}},"31":{"start":{"line":88,"column":35},"end":{"line":88,"column":52}},"32":{"start":{"line":98,"column":24},"end":{"line":102,"column":1}},"33":{"start":{"line":99,"column":18},"end":{"line":99,"column":42}},"34":{"start":{"line":100,"column":2},"end":{"line":100,"column":78}},"35":{"start":{"line":100,"column":16},"end":{"line":100,"column":78}},"36":{"start":{"line":101,"column":2},"end":{"line":101,"column":17}}},"fnMap":{"0":{"name":"ToastProvider","decl":{"start":{"line":24,"column":16},"end":{"line":24,"column":29}},"loc":{"start":{"line":24,"column":75},"end":{"line":96,"column":1}},"line":24},"1":{"name":"(anonymous_1)","decl":{"start":{"line":27,"column":34},"end":{"line":27,"column":35}},"loc":{"start":{"line":27,"column":50},"end":{"line":29,"column":3}},"line":27},"2":{"name":"(anonymous_2)","decl":{"start":{"line":28,"column":14},"end":{"line":28,"column":15}},"loc":{"start":{"line":28,"column":24},"end":{"line":28,"column":55}},"line":28},"3":{"name":"(anonymous_3)","decl":{"start":{"line":28,"column":36},"end":{"line":28,"column":37}},"loc":{"start":{"line":28,"column":43},"end":{"line":28,"column":54}},"line":28},"4":{"name":"(anonymous_4)","decl":{"start":{"line":31,"column":28},"end":{"line":31,"column":29}},"loc":{"start":{"line":31,"column":76},"end":{"line":43,"column":3}},"line":31},"5":{"name":"(anonymous_5)","decl":{"start":{"line":38,"column":14},"end":{"line":38,"column":15}},"loc":{"start":{"line":38,"column":24},"end":{"line":38,"column":72}},"line":38},"6":{"name":"(anonymous_6)","decl":{"start":{"line":41,"column":17},"end":{"line":41,"column":18}},"loc":{"start":{"line":41,"column":23},"end":{"line":41,"column":38}},"line":41},"7":{"name":"(anonymous_7)","decl":{"start":{"line":45,"column":30},"end":{"line":45,"column":31}},"loc":{"start":{"line":45,"column":51},"end":{"line":45,"column":76}},"line":45},"8":{"name":"(anonymous_8)","decl":{"start":{"line":46,"column":28},"end":{"line":46,"column":29}},"loc":{"start":{"line":46,"column":49},"end":{"line":46,"column":72}},"line":46},"9":{"name":"(anonymous_9)","decl":{"start":{"line":49,"column":12},"end":{"line":49,"column":13}},"loc":{"start":{"line":49,"column":18},"end":{"line":62,"column":3}},"line":49},"10":{"name":"(anonymous_10)","decl":{"start":{"line":50,"column":27},"end":{"line":50,"column":28}},"loc":{"start":{"line":50,"column":41},"end":{"line":58,"column":5}},"line":50},"11":{"name":"(anonymous_11)","decl":{"start":{"line":61,"column":11},"end":{"line":61,"column":12}},"loc":{"start":{"line":61,"column":17},"end":{"line":61,"column":72}},"line":61},"12":{"name":"(anonymous_12)","decl":{"start":{"line":68,"column":20},"end":{"line":68,"column":21}},"loc":{"start":{"line":69,"column":10},"end":{"line":91,"column":16}},"line":69},"13":{"name":"(anonymous_13)","decl":{"start":{"line":88,"column":29},"end":{"line":88,"column":30}},"loc":{"start":{"line":88,"column":35},"end":{"line":88,"column":52}},"line":88},"14":{"name":"(anonymous_14)","decl":{"start":{"line":98,"column":24},"end":{"line":98,"column":25}},"loc":{"start":{"line":98,"column":30},"end":{"line":102,"column":1}},"line":98}},"branchMap":{"0":{"loc":{"start":{"line":31,"column":47},"end":{"line":31,"column":71}},"type":"default-arg","locations":[{"start":{"line":31,"column":65},"end":{"line":31,"column":71}}],"line":31},"1":{"loc":{"start":{"line":33,"column":27},"end":{"line":35,"column":103}},"type":"cond-expr","locations":[{"start":{"line":34,"column":8},"end":{"line":34,"column":15}},{"start":{"line":35,"column":9},"end":{"line":35,"column":102}}],"line":33},"2":{"loc":{"start":{"line":35,"column":9},"end":{"line":35,"column":102}},"type":"binary-expr","locations":[{"start":{"line":35,"column":9},"end":{"line":35,"column":51}},{"start":{"line":35,"column":55},"end":{"line":35,"column":78}},{"start":{"line":35,"column":82},"end":{"line":35,"column":102}}],"line":35},"3":{"loc":{"start":{"line":40,"column":4},"end":{"line":42,"column":5}},"type":"if","locations":[{"start":{"line":40,"column":4},"end":{"line":42,"column":5}},{"start":{},"end":{}}],"line":40},"4":{"loc":{"start":{"line":52,"column":6},"end":{"line":52,"column":26}},"type":"if","locations":[{"start":{"line":52,"column":6},"end":{"line":52,"column":26}},{"start":{},"end":{}}],"line":52},"5":{"loc":{"start":{"line":55,"column":6},"end":{"line":57,"column":7}},"type":"if","locations":[{"start":{"line":55,"column":6},"end":{"line":57,"column":7}},{"start":{},"end":{}}],"line":55},"6":{"loc":{"start":{"line":73,"column":14},"end":{"line":73,"column":146}},"type":"binary-expr","locations":[{"start":{"line":73,"column":14},"end":{"line":73,"column":34}},{"start":{"line":73,"column":38},"end":{"line":73,"column":146}}],"line":73},"7":{"loc":{"start":{"line":74,"column":14},"end":{"line":74,"column":132}},"type":"binary-expr","locations":[{"start":{"line":74,"column":14},"end":{"line":74,"column":32}},{"start":{"line":74,"column":36},"end":{"line":74,"column":132}}],"line":74},"8":{"loc":{"start":{"line":75,"column":14},"end":{"line":75,"column":137}},"type":"binary-expr","locations":[{"start":{"line":75,"column":14},"end":{"line":75,"column":31}},{"start":{"line":75,"column":35},"end":{"line":75,"column":137}}],"line":75},"9":{"loc":{"start":{"line":76,"column":14},"end":{"line":76,"column":95}},"type":"binary-expr","locations":[{"start":{"line":76,"column":14},"end":{"line":76,"column":34}},{"start":{"line":76,"column":38},"end":{"line":76,"column":95}}],"line":76},"10":{"loc":{"start":{"line":82,"column":15},"end":{"line":82,"column":70}},"type":"cond-expr","locations":[{"start":{"line":82,"column":38},"end":{"line":82,"column":63}},{"start":{"line":82,"column":66},"end":{"line":82,"column":70}}],"line":82},"11":{"loc":{"start":{"line":83,"column":15},"end":{"line":83,"column":68}},"type":"cond-expr","locations":[{"start":{"line":83,"column":36},"end":{"line":83,"column":61}},{"start":{"line":83,"column":64},"end":{"line":83,"column":68}}],"line":83},"12":{"loc":{"start":{"line":84,"column":15},"end":{"line":84,"column":60}},"type":"cond-expr","locations":[{"start":{"line":84,"column":35},"end":{"line":84,"column":53}},{"start":{"line":84,"column":56},"end":{"line":84,"column":60}}],"line":84},"13":{"loc":{"start":{"line":85,"column":15},"end":{"line":85,"column":91}},"type":"cond-expr","locations":[{"start":{"line":85,"column":38},"end":{"line":85,"column":84}},{"start":{"line":85,"column":87},"end":{"line":85,"column":91}}],"line":85},"14":{"loc":{"start":{"line":100,"column":2},"end":{"line":100,"column":78}},"type":"if","locations":[{"start":{"line":100,"column":2},"end":{"line":100,"column":78}},{"start":{},"end":{}}],"line":100}},"s":{"0":1,"1":3,"2":3,"3":0,"4":0,"5":0,"6":3,"7":2,"8":2,"9":2,"10":2,"11":2,"12":2,"13":0,"14":3,"15":0,"16":3,"17":0,"18":3,"19":1,"20":0,"21":0,"22":0,"23":0,"24":0,"25":0,"26":1,"27":1,"28":0,"29":3,"30":3,"31":0,"32":1,"33":52,"34":52,"35":0,"36":52},"f":{"0":3,"1":0,"2":0,"3":0,"4":2,"5":2,"6":0,"7":0,"8":0,"9":1,"10":0,"11":0,"12":3,"13":0,"14":52},"b":{"0":[0],"1":[2,0],"2":[0,0,0],"3":[2,0],"4":[0,0],"5":[0,0],"6":[3,3],"7":[3,0],"8":[3,0],"9":[3,0],"10":[3,0],"11":[0,3],"12":[0,3],"13":[0,3],"14":[0,52]},"_coverageSchema":"1a1c01bbd47fc00a2c39e90264f33305004495a9","hash":"3a7728bf93b05f891304758471449540ee537dc5"},"D:\\project\\egov-enterprise\\frontend\\src\\contexts\\websocket-context.tsx":{"path":"D:\\project\\egov-enterprise\\frontend\\src\\contexts\\websocket-context.tsx","statementMap":{"0":{"start":{"line":13,"column":25},"end":{"line":13,"column":98}},"1":{"start":{"line":15,"column":28},"end":{"line":15,"column":62}},"2":{"start":{"line":15,"column":34},"end":{"line":15,"column":62}},"3":{"start":{"line":18,"column":19},"end":{"line":18,"column":28}},"4":{"start":{"line":19,"column":29},"end":{"line":19,"column":39}},"5":{"start":{"line":20,"column":40},"end":{"line":20,"column":55}},"6":{"start":{"line":21,"column":22},"end":{"line":21,"column":49}},"7":{"start":{"line":22,"column":23},"end":{"line":22,"column":36}},"8":{"start":{"line":24,"column":23},"end":{"line":31,"column":13}},"9":{"start":{"line":25,"column":4},"end":{"line":30,"column":5}},"10":{"start":{"line":26,"column":22},"end":{"line":26,"column":46}},"11":{"start":{"line":27,"column":6},"end":{"line":27,"column":61}},"12":{"start":{"line":29,"column":6},"end":{"line":29,"column":58}},"13":{"start":{"line":33,"column":29},"end":{"line":44,"column":22}},"14":{"start":{"line":34,"column":4},"end":{"line":43,"column":5}},"15":{"start":{"line":35,"column":22},"end":{"line":35,"column":46}},"16":{"start":{"line":36,"column":6},"end":{"line":40,"column":7}},"17":{"start":{"line":37,"column":8},"end":{"line":37,"column":46}},"18":{"start":{"line":39,"column":8},"end":{"line":39,"column":39}},"19":{"start":{"line":42,"column":6},"end":{"line":42,"column":64}},"20":{"start":{"line":46,"column":26},"end":{"line":46,"column":46}},"21":{"start":{"line":47,"column":32},"end":{"line":47,"column":58}},"22":{"start":{"line":49,"column":2},"end":{"line":52,"column":41}},"23":{"start":{"line":50,"column":4},"end":{"line":50,"column":43}},"24":{"start":{"line":51,"column":4},"end":{"line":51,"column":55}},"25":{"start":{"line":54,"column":2},"end":{"line":115,"column":13}},"26":{"start":{"line":55,"column":4},"end":{"line":61,"column":5}},"27":{"start":{"line":56,"column":6},"end":{"line":59,"column":7}},"28":{"start":{"line":57,"column":8},"end":{"line":57,"column":41}},"29":{"start":{"line":58,"column":8},"end":{"line":58,"column":30}},"30":{"start":{"line":60,"column":6},"end":{"line":60,"column":13}},"31":{"start":{"line":63,"column":4},"end":{"line":65,"column":5}},"32":{"start":{"line":64,"column":6},"end":{"line":64,"column":13}},"33":{"start":{"line":67,"column":4},"end":{"line":67,"column":32}},"34":{"start":{"line":69,"column":20},"end":{"line":69,"column":85}},"35":{"start":{"line":70,"column":22},"end":{"line":70,"column":55}},"36":{"start":{"line":72,"column":19},"end":{"line":82,"column":6}},"37":{"start":{"line":73,"column":30},"end":{"line":73,"column":51}},"38":{"start":{"line":78,"column":8},"end":{"line":80,"column":9}},"39":{"start":{"line":79,"column":10},"end":{"line":79,"column":44}},"40":{"start":{"line":84,"column":4},"end":{"line":90,"column":6}},"41":{"start":{"line":85,"column":6},"end":{"line":85,"column":44}},"42":{"start":{"line":86,"column":6},"end":{"line":86,"column":27}},"43":{"start":{"line":87,"column":6},"end":{"line":87,"column":35}},"44":{"start":{"line":88,"column":6},"end":{"line":88,"column":80}},"45":{"start":{"line":88,"column":50},"end":{"line":88,"column":78}},"46":{"start":{"line":89,"column":6},"end":{"line":89,"column":97}},"47":{"start":{"line":89,"column":61},"end":{"line":89,"column":95}},"48":{"start":{"line":92,"column":4},"end":{"line":96,"column":6}},"49":{"start":{"line":93,"column":6},"end":{"line":93,"column":42}},"50":{"start":{"line":94,"column":6},"end":{"line":94,"column":28}},"51":{"start":{"line":95,"column":6},"end":{"line":95,"column":35}},"52":{"start":{"line":98,"column":4},"end":{"line":102,"column":6}},"53":{"start":{"line":99,"column":6},"end":{"line":99,"column":49}},"54":{"start":{"line":100,"column":6},"end":{"line":100,"column":28}},"55":{"start":{"line":101,"column":6},"end":{"line":101,"column":35}},"56":{"start":{"line":104,"column":4},"end":{"line":104,"column":22}},"57":{"start":{"line":105,"column":4},"end":{"line":105,"column":33}},"58":{"start":{"line":107,"column":4},"end":{"line":114,"column":6}},"59":{"start":{"line":108,"column":6},"end":{"line":110,"column":7}},"60":{"start":{"line":109,"column":8},"end":{"line":109,"column":28}},"61":{"start":{"line":111,"column":6},"end":{"line":111,"column":33}},"62":{"start":{"line":112,"column":6},"end":{"line":112,"column":28}},"63":{"start":{"line":113,"column":6},"end":{"line":113,"column":35}},"64":{"start":{"line":117,"column":2},"end":{"line":121,"column":4}}},"fnMap":{"0":{"name":"(anonymous_0)","decl":{"start":{"line":15,"column":28},"end":{"line":15,"column":29}},"loc":{"start":{"line":15,"column":34},"end":{"line":15,"column":62}},"line":15},"1":{"name":"WebSocketProvider","decl":{"start":{"line":17,"column":16},"end":{"line":17,"column":33}},"loc":{"start":{"line":17,"column":79},"end":{"line":122,"column":1}},"line":17},"2":{"name":"(anonymous_2)","decl":{"start":{"line":24,"column":35},"end":{"line":24,"column":36}},"loc":{"start":{"line":24,"column":53},"end":{"line":31,"column":3}},"line":24},"3":{"name":"(anonymous_3)","decl":{"start":{"line":33,"column":41},"end":{"line":33,"column":42}},"loc":{"start":{"line":33,"column":59},"end":{"line":44,"column":3}},"line":33},"4":{"name":"(anonymous_4)","decl":{"start":{"line":49,"column":12},"end":{"line":49,"column":13}},"loc":{"start":{"line":49,"column":18},"end":{"line":52,"column":3}},"line":49},"5":{"name":"(anonymous_5)","decl":{"start":{"line":54,"column":12},"end":{"line":54,"column":13}},"loc":{"start":{"line":54,"column":18},"end":{"line":115,"column":3}},"line":54},"6":{"name":"(anonymous_6)","decl":{"start":{"line":73,"column":24},"end":{"line":73,"column":25}},"loc":{"start":{"line":73,"column":30},"end":{"line":73,"column":51}},"line":73},"7":{"name":"(anonymous_7)","decl":{"start":{"line":77,"column":13},"end":{"line":77,"column":14}},"loc":{"start":{"line":77,"column":22},"end":{"line":81,"column":7}},"line":77},"8":{"name":"(anonymous_8)","decl":{"start":{"line":84,"column":23},"end":{"line":84,"column":24}},"loc":{"start":{"line":84,"column":29},"end":{"line":90,"column":5}},"line":84},"9":{"name":"(anonymous_9)","decl":{"start":{"line":88,"column":41},"end":{"line":88,"column":42}},"loc":{"start":{"line":88,"column":50},"end":{"line":88,"column":78}},"line":88},"10":{"name":"(anonymous_10)","decl":{"start":{"line":89,"column":52},"end":{"line":89,"column":53}},"loc":{"start":{"line":89,"column":61},"end":{"line":89,"column":95}},"line":89},"11":{"name":"(anonymous_11)","decl":{"start":{"line":92,"column":26},"end":{"line":92,"column":27}},"loc":{"start":{"line":92,"column":37},"end":{"line":96,"column":5}},"line":92},"12":{"name":"(anonymous_12)","decl":{"start":{"line":98,"column":26},"end":{"line":98,"column":27}},"loc":{"start":{"line":98,"column":32},"end":{"line":102,"column":5}},"line":98},"13":{"name":"(anonymous_13)","decl":{"start":{"line":107,"column":11},"end":{"line":107,"column":12}},"loc":{"start":{"line":107,"column":17},"end":{"line":114,"column":5}},"line":107}},"branchMap":{"0":{"loc":{"start":{"line":27,"column":12},"end":{"line":27,"column":51}},"type":"binary-expr","locations":[{"start":{"line":27,"column":12},"end":{"line":27,"column":27}},{"start":{"line":27,"column":31},"end":{"line":27,"column":51}}],"line":27},"1":{"loc":{"start":{"line":36,"column":6},"end":{"line":40,"column":7}},"type":"if","locations":[{"start":{"line":36,"column":6},"end":{"line":40,"column":7}},{"start":{"line":38,"column":13},"end":{"line":40,"column":7}}],"line":36},"2":{"loc":{"start":{"line":55,"column":4},"end":{"line":61,"column":5}},"type":"if","locations":[{"start":{"line":55,"column":4},"end":{"line":61,"column":5}},{"start":{},"end":{}}],"line":55},"3":{"loc":{"start":{"line":56,"column":6},"end":{"line":59,"column":7}},"type":"if","locations":[{"start":{"line":56,"column":6},"end":{"line":59,"column":7}},{"start":{},"end":{}}],"line":56},"4":{"loc":{"start":{"line":63,"column":4},"end":{"line":65,"column":5}},"type":"if","locations":[{"start":{"line":63,"column":4},"end":{"line":65,"column":5}},{"start":{},"end":{}}],"line":63},"5":{"loc":{"start":{"line":63,"column":8},"end":{"line":63,"column":59}},"type":"binary-expr","locations":[{"start":{"line":63,"column":8},"end":{"line":63,"column":28}},{"start":{"line":63,"column":32},"end":{"line":63,"column":59}}],"line":63},"6":{"loc":{"start":{"line":69,"column":20},"end":{"line":69,"column":85}},"type":"binary-expr","locations":[{"start":{"line":69,"column":20},"end":{"line":69,"column":51}},{"start":{"line":69,"column":55},"end":{"line":69,"column":85}}],"line":69},"7":{"loc":{"start":{"line":78,"column":8},"end":{"line":80,"column":9}},"type":"if","locations":[{"start":{"line":78,"column":8},"end":{"line":80,"column":9}},{"start":{},"end":{}}],"line":78},"8":{"loc":{"start":{"line":108,"column":6},"end":{"line":110,"column":7}},"type":"if","locations":[{"start":{"line":108,"column":6},"end":{"line":110,"column":7}},{"start":{},"end":{}}],"line":108}},"s":{"0":1,"1":1,"2":19,"3":20,"4":20,"5":20,"6":20,"7":20,"8":20,"9":0,"10":0,"11":0,"12":0,"13":20,"14":0,"15":0,"16":0,"17":0,"18":0,"19":0,"20":20,"21":20,"22":20,"23":1,"24":1,"25":20,"26":2,"27":0,"28":0,"29":0,"30":0,"31":2,"32":0,"33":2,"34":2,"35":2,"36":2,"37":2,"38":26,"39":0,"40":2,"41":2,"42":2,"43":2,"44":2,"45":0,"46":2,"47":0,"48":2,"49":0,"50":0,"51":0,"52":2,"53":1,"54":1,"55":1,"56":2,"57":2,"58":2,"59":1,"60":1,"61":1,"62":1,"63":1,"64":20},"f":{"0":19,"1":20,"2":0,"3":0,"4":1,"5":2,"6":2,"7":26,"8":2,"9":0,"10":0,"11":0,"12":1,"13":1},"b":{"0":[0,0],"1":[0,0],"2":[0,2],"3":[0,0],"4":[0,2],"5":[2,2],"6":[2,0],"7":[0,26],"8":[1,0]},"_coverageSchema":"1a1c01bbd47fc00a2c39e90264f33305004495a9","hash":"4c2a8cc3fd97c84eec1541f7d22f5813718ce89c"},"D:\\project\\egov-enterprise\\frontend\\src\\contexts\\LayoutContext.tsx":{"path":"D:\\project\\egov-enterprise\\frontend\\src\\contexts\\LayoutContext.tsx","statementMap":{"0":{"start":{"line":14,"column":29},"end":{"line":14,"column":84}},"1":{"start":{"line":17,"column":42},"end":{"line":17,"column":57}},"2":{"start":{"line":18,"column":42},"end":{"line":18,"column":61}},"3":{"start":{"line":19,"column":19},"end":{"line":19,"column":32}},"4":{"start":{"line":22,"column":2},"end":{"line":24,"column":17}},"5":{"start":{"line":23,"column":4},"end":{"line":23,"column":26}},"6":{"start":{"line":26,"column":24},"end":{"line":26,"column":60}},"7":{"start":{"line":26,"column":30},"end":{"line":26,"column":60}},"8":{"start":{"line":28,"column":2},"end":{"line":38,"column":4}},"9":{"start":{"line":42,"column":18},"end":{"line":42,"column":43}},"10":{"start":{"line":43,"column":2},"end":{"line":45,"column":3}},"11":{"start":{"line":44,"column":4},"end":{"line":44,"column":70}},"12":{"start":{"line":46,"column":2},"end":{"line":46,"column":17}}},"fnMap":{"0":{"name":"LayoutProvider","decl":{"start":{"line":16,"column":16},"end":{"line":16,"column":30}},"loc":{"start":{"line":16,"column":76},"end":{"line":39,"column":1}},"line":16},"1":{"name":"(anonymous_1)","decl":{"start":{"line":22,"column":12},"end":{"line":22,"column":13}},"loc":{"start":{"line":22,"column":18},"end":{"line":24,"column":3}},"line":22},"2":{"name":"(anonymous_2)","decl":{"start":{"line":26,"column":24},"end":{"line":26,"column":25}},"loc":{"start":{"line":26,"column":30},"end":{"line":26,"column":60}},"line":26},"3":{"name":"useLayout","decl":{"start":{"line":41,"column":16},"end":{"line":41,"column":25}},"loc":{"start":{"line":41,"column":28},"end":{"line":47,"column":1}},"line":41}},"branchMap":{"0":{"loc":{"start":{"line":43,"column":2},"end":{"line":45,"column":3}},"type":"if","locations":[{"start":{"line":43,"column":2},"end":{"line":45,"column":3}},{"start":{},"end":{}}],"line":43}},"s":{"0":1,"1":13,"2":13,"3":13,"4":13,"5":1,"6":13,"7":0,"8":13,"9":75,"10":75,"11":0,"12":75},"f":{"0":13,"1":1,"2":0,"3":75},"b":{"0":[0,75]},"_coverageSchema":"1a1c01bbd47fc00a2c39e90264f33305004495a9","hash":"1b04bf57c080852ef7870f25abff1834b4a6f226"},"D:\\project\\egov-enterprise\\frontend\\src\\app\\components\\ui\\confirm-modal.tsx":{"path":"D:\\project\\egov-enterprise\\frontend\\src\\app\\components\\ui\\confirm-modal.tsx","statementMap":{"0":{"start":{"line":18,"column":23},"end":{"line":18,"column":79}},"1":{"start":{"line":21,"column":29},"end":{"line":21,"column":44}},"2":{"start":{"line":22,"column":31},"end":{"line":22,"column":68}},"3":{"start":{"line":23,"column":33},"end":{"line":23,"column":82}},"4":{"start":{"line":25,"column":17},"end":{"line":31,"column":7}},"5":{"start":{"line":26,"column":1},"end":{"line":26,"column":18}},"6":{"start":{"line":27,"column":1},"end":{"line":27,"column":17}},"7":{"start":{"line":28,"column":1},"end":{"line":30,"column":4}},"8":{"start":{"line":29,"column":1},"end":{"line":29,"column":28}},"9":{"start":{"line":29,"column":19},"end":{"line":29,"column":26}},"10":{"start":{"line":33,"column":23},"end":{"line":36,"column":2}},"11":{"start":{"line":34,"column":1},"end":{"line":34,"column":18}},"12":{"start":{"line":35,"column":1},"end":{"line":35,"column":18}},"13":{"start":{"line":38,"column":22},"end":{"line":41,"column":2}},"14":{"start":{"line":39,"column":1},"end":{"line":39,"column":18}},"15":{"start":{"line":40,"column":1},"end":{"line":40,"column":19}},"16":{"start":{"line":43,"column":1},"end":{"line":83,"column":3}},"17":{"start":{"line":86,"column":26},"end":{"line":90,"column":1}},"18":{"start":{"line":87,"column":17},"end":{"line":87,"column":43}},"19":{"start":{"line":88,"column":1},"end":{"line":88,"column":81}},"20":{"start":{"line":88,"column":15},"end":{"line":88,"column":81}},"21":{"start":{"line":89,"column":1},"end":{"line":89,"column":24}}},"fnMap":{"0":{"name":"ConfirmProvider","decl":{"start":{"line":20,"column":16},"end":{"line":20,"column":31}},"loc":{"start":{"line":20,"column":77},"end":{"line":84,"column":1}},"line":20},"1":{"name":"(anonymous_1)","decl":{"start":{"line":25,"column":29},"end":{"line":25,"column":30}},"loc":{"start":{"line":25,"column":55},"end":{"line":31,"column":2}},"line":25},"2":{"name":"(anonymous_2)","decl":{"start":{"line":28,"column":29},"end":{"line":28,"column":30}},"loc":{"start":{"line":28,"column":42},"end":{"line":30,"column":2}},"line":28},"3":{"name":"(anonymous_3)","decl":{"start":{"line":29,"column":13},"end":{"line":29,"column":14}},"loc":{"start":{"line":29,"column":19},"end":{"line":29,"column":26}},"line":29},"4":{"name":"(anonymous_4)","decl":{"start":{"line":33,"column":23},"end":{"line":33,"column":24}},"loc":{"start":{"line":33,"column":29},"end":{"line":36,"column":2}},"line":33},"5":{"name":"(anonymous_5)","decl":{"start":{"line":38,"column":22},"end":{"line":38,"column":23}},"loc":{"start":{"line":38,"column":28},"end":{"line":41,"column":2}},"line":38},"6":{"name":"(anonymous_6)","decl":{"start":{"line":86,"column":26},"end":{"line":86,"column":27}},"loc":{"start":{"line":86,"column":32},"end":{"line":90,"column":1}},"line":86}},"branchMap":{"0":{"loc":{"start":{"line":46,"column":2},"end":{"line":81,"column":2}},"type":"binary-expr","locations":[{"start":{"line":46,"column":2},"end":{"line":46,"column":8}},{"start":{"line":46,"column":12},"end":{"line":46,"column":19}},{"start":{"line":47,"column":1},"end":{"line":80,"column":7}}],"line":46},"1":{"loc":{"start":{"line":52,"column":1},"end":{"line":52,"column":92}},"type":"cond-expr","locations":[{"start":{"line":52,"column":37},"end":{"line":52,"column":62}},{"start":{"line":52,"column":65},"end":{"line":52,"column":92}}],"line":52},"2":{"loc":{"start":{"line":67,"column":2},"end":{"line":67,"column":28}},"type":"binary-expr","locations":[{"start":{"line":67,"column":2},"end":{"line":67,"column":20}},{"start":{"line":67,"column":24},"end":{"line":67,"column":28}}],"line":67},"3":{"loc":{"start":{"line":73,"column":1},"end":{"line":73,"column":101}},"type":"cond-expr","locations":[{"start":{"line":73,"column":37},"end":{"line":73,"column":66}},{"start":{"line":73,"column":69},"end":{"line":73,"column":101}}],"line":73},"4":{"loc":{"start":{"line":76,"column":2},"end":{"line":76,"column":29}},"type":"binary-expr","locations":[{"start":{"line":76,"column":2},"end":{"line":76,"column":21}},{"start":{"line":76,"column":25},"end":{"line":76,"column":29}}],"line":76},"5":{"loc":{"start":{"line":88,"column":1},"end":{"line":88,"column":81}},"type":"if","locations":[{"start":{"line":88,"column":1},"end":{"line":88,"column":81}},{"start":{},"end":{}}],"line":88}},"s":{"0":1,"1":3,"2":3,"3":3,"4":3,"5":1,"6":1,"7":1,"8":1,"9":1,"10":3,"11":1,"12":1,"13":3,"14":0,"15":0,"16":3,"17":1,"18":10,"19":10,"20":0,"21":10},"f":{"0":3,"1":1,"2":1,"3":1,"4":1,"5":0,"6":10},"b":{"0":[3,1,1],"1":[1,0],"2":[1,1],"3":[1,0],"4":[1,0],"5":[0,10]},"_coverageSchema":"1a1c01bbd47fc00a2c39e90264f33305004495a9","hash":"375ebd09522798f468f402c29fa56e97fe26ae9c"},"D:\\project\\egov-enterprise\\frontend\\src\\app\\components\\ui\\global-shortcut-provider.tsx":{"path":"D:\\project\\egov-enterprise\\frontend\\src\\app\\components\\ui\\global-shortcut-provider.tsx","statementMap":{"0":{"start":{"line":11,"column":24},"end":{"line":11,"column":81}},"1":{"start":{"line":14,"column":19},"end":{"line":14,"column":73}},"2":{"start":{"line":16,"column":26},"end":{"line":23,"column":7}},"3":{"start":{"line":17,"column":17},"end":{"line":17,"column":61}},"4":{"start":{"line":18,"column":1},"end":{"line":18,"column":42}},"5":{"start":{"line":20,"column":1},"end":{"line":22,"column":3}},"6":{"start":{"line":21,"column":1},"end":{"line":21,"column":35}},"7":{"start":{"line":25,"column":1},"end":{"line":40,"column":8}},"8":{"start":{"line":26,"column":23},"end":{"line":36,"column":2}},"9":{"start":{"line":27,"column":1},"end":{"line":27,"column":20}},"10":{"start":{"line":27,"column":13},"end":{"line":27,"column":20}},"11":{"start":{"line":28,"column":20},"end":{"line":28,"column":39}},"12":{"start":{"line":29,"column":16},"end":{"line":29,"column":38}},"13":{"start":{"line":30,"column":17},"end":{"line":30,"column":56}},"14":{"start":{"line":32,"column":1},"end":{"line":35,"column":2}},"15":{"start":{"line":33,"column":1},"end":{"line":33,"column":20}},"16":{"start":{"line":34,"column":1},"end":{"line":34,"column":37}},"17":{"start":{"line":38,"column":1},"end":{"line":38,"column":51}},"18":{"start":{"line":39,"column":1},"end":{"line":39,"column":67}},"19":{"start":{"line":39,"column":14},"end":{"line":39,"column":66}},"20":{"start":{"line":42,"column":1},"end":{"line":46,"column":3}},"21":{"start":{"line":49,"column":27},"end":{"line":57,"column":1}},"22":{"start":{"line":50,"column":17},"end":{"line":50,"column":44}},"23":{"start":{"line":51,"column":1},"end":{"line":51,"column":89}},"24":{"start":{"line":51,"column":15},"end":{"line":51,"column":89}},"25":{"start":{"line":53,"column":1},"end":{"line":56,"column":36}},"26":{"start":{"line":54,"column":20},"end":{"line":54,"column":65}},"27":{"start":{"line":55,"column":1},"end":{"line":55,"column":19}}},"fnMap":{"0":{"name":"GlobalShortcutProvider","decl":{"start":{"line":13,"column":16},"end":{"line":13,"column":38}},"loc":{"start":{"line":13,"column":84},"end":{"line":47,"column":1}},"line":13},"1":{"name":"(anonymous_1)","decl":{"start":{"line":16,"column":38},"end":{"line":16,"column":39}},"loc":{"start":{"line":16,"column":98},"end":{"line":23,"column":2}},"line":16},"2":{"name":"(anonymous_2)","decl":{"start":{"line":20,"column":8},"end":{"line":20,"column":9}},"loc":{"start":{"line":20,"column":14},"end":{"line":22,"column":2}},"line":20},"3":{"name":"(anonymous_3)","decl":{"start":{"line":25,"column":11},"end":{"line":25,"column":12}},"loc":{"start":{"line":25,"column":17},"end":{"line":40,"column":2}},"line":25},"4":{"name":"(anonymous_4)","decl":{"start":{"line":26,"column":23},"end":{"line":26,"column":24}},"loc":{"start":{"line":26,"column":45},"end":{"line":36,"column":2}},"line":26},"5":{"name":"(anonymous_5)","decl":{"start":{"line":39,"column":8},"end":{"line":39,"column":9}},"loc":{"start":{"line":39,"column":14},"end":{"line":39,"column":66}},"line":39},"6":{"name":"(anonymous_6)","decl":{"start":{"line":49,"column":27},"end":{"line":49,"column":28}},"loc":{"start":{"line":49,"column":87},"end":{"line":57,"column":1}},"line":49},"7":{"name":"(anonymous_7)","decl":{"start":{"line":53,"column":11},"end":{"line":53,"column":12}},"loc":{"start":{"line":53,"column":17},"end":{"line":56,"column":2}},"line":53}},"branchMap":{"0":{"loc":{"start":{"line":17,"column":20},"end":{"line":17,"column":39}},"type":"cond-expr","locations":[{"start":{"line":17,"column":27},"end":{"line":17,"column":34}},{"start":{"line":17,"column":37},"end":{"line":17,"column":39}}],"line":17},"1":{"loc":{"start":{"line":27,"column":1},"end":{"line":27,"column":20}},"type":"if","locations":[{"start":{"line":27,"column":1},"end":{"line":27,"column":20}},{"start":{},"end":{}}],"line":27},"2":{"loc":{"start":{"line":29,"column":16},"end":{"line":29,"column":38}},"type":"binary-expr","locations":[{"start":{"line":29,"column":16},"end":{"line":29,"column":25}},{"start":{"line":29,"column":29},"end":{"line":29,"column":38}}],"line":29},"3":{"loc":{"start":{"line":30,"column":20},"end":{"line":30,"column":41}},"type":"cond-expr","locations":[{"start":{"line":30,"column":29},"end":{"line":30,"column":36}},{"start":{"line":30,"column":39},"end":{"line":30,"column":41}}],"line":30},"4":{"loc":{"start":{"line":32,"column":1},"end":{"line":35,"column":2}},"type":"if","locations":[{"start":{"line":32,"column":1},"end":{"line":35,"column":2}},{"start":{},"end":{}}],"line":32},"5":{"loc":{"start":{"line":51,"column":1},"end":{"line":51,"column":89}},"type":"if","locations":[{"start":{"line":51,"column":1},"end":{"line":51,"column":89}},{"start":{},"end":{}}],"line":51}},"s":{"0":1,"1":1,"2":1,"3":1,"4":1,"5":1,"6":0,"7":1,"8":1,"9":1,"10":0,"11":1,"12":1,"13":1,"14":1,"15":0,"16":0,"17":1,"18":1,"19":0,"20":1,"21":1,"22":2,"23":2,"24":0,"25":2,"26":1,"27":1},"f":{"0":1,"1":1,"2":0,"3":1,"4":1,"5":0,"6":2,"7":1},"b":{"0":[1,0],"1":[0,1],"2":[1,1],"3":[0,1],"4":[0,1],"5":[0,2]},"_coverageSchema":"1a1c01bbd47fc00a2c39e90264f33305004495a9","hash":"52e0b989928faa6ef2162c72b64e88476d0ebd58"},"D:\\project\\egov-enterprise\\frontend\\src\\app\\components\\ui\\api-error-notifier.tsx":{"path":"D:\\project\\egov-enterprise\\frontend\\src\\app\\components\\ui\\api-error-notifier.tsx","statementMap":{"0":{"start":{"line":7,"column":22},"end":{"line":7,"column":32}},"1":{"start":{"line":9,"column":4},"end":{"line":22,"column":16}},"2":{"start":{"line":10,"column":31},"end":{"line":18,"column":9}},"3":{"start":{"line":11,"column":12},"end":{"line":11,"column":38}},"4":{"start":{"line":11,"column":31},"end":{"line":11,"column":38}},"5":{"start":{"line":12,"column":40},"end":{"line":12,"column":52}},"6":{"start":{"line":15,"column":12},"end":{"line":15,"column":39}},"7":{"start":{"line":15,"column":32},"end":{"line":15,"column":39}},"8":{"start":{"line":17,"column":12},"end":{"line":17,"column":61}},"9":{"start":{"line":20,"column":8},"end":{"line":20,"column":61}},"10":{"start":{"line":21,"column":8},"end":{"line":21,"column":77}},"11":{"start":{"line":21,"column":21},"end":{"line":21,"column":76}},"12":{"start":{"line":24,"column":4},"end":{"line":24,"column":16}}},"fnMap":{"0":{"name":"ApiErrorNotifier","decl":{"start":{"line":6,"column":16},"end":{"line":6,"column":32}},"loc":{"start":{"line":6,"column":35},"end":{"line":25,"column":1}},"line":6},"1":{"name":"(anonymous_1)","decl":{"start":{"line":9,"column":14},"end":{"line":9,"column":15}},"loc":{"start":{"line":9,"column":20},"end":{"line":22,"column":5}},"line":9},"2":{"name":"(anonymous_2)","decl":{"start":{"line":10,"column":31},"end":{"line":10,"column":32}},"loc":{"start":{"line":10,"column":47},"end":{"line":18,"column":9}},"line":10},"3":{"name":"(anonymous_3)","decl":{"start":{"line":21,"column":15},"end":{"line":21,"column":16}},"loc":{"start":{"line":21,"column":21},"end":{"line":21,"column":76}},"line":21}},"branchMap":{"0":{"loc":{"start":{"line":11,"column":12},"end":{"line":11,"column":38}},"type":"if","locations":[{"start":{"line":11,"column":12},"end":{"line":11,"column":38}},{"start":{},"end":{}}],"line":11},"1":{"loc":{"start":{"line":15,"column":12},"end":{"line":15,"column":39}},"type":"if","locations":[{"start":{"line":15,"column":12},"end":{"line":15,"column":39}},{"start":{},"end":{}}],"line":15},"2":{"loc":{"start":{"line":17,"column":18},"end":{"line":17,"column":50}},"type":"binary-expr","locations":[{"start":{"line":17,"column":18},"end":{"line":17,"column":25}},{"start":{"line":17,"column":29},"end":{"line":17,"column":50}}],"line":17}},"s":{"0":3,"1":3,"2":1,"3":0,"4":0,"5":0,"6":0,"7":0,"8":0,"9":1,"10":1,"11":0,"12":3},"f":{"0":3,"1":1,"2":0,"3":0},"b":{"0":[0,0],"1":[0,0],"2":[0,0]},"_coverageSchema":"1a1c01bbd47fc00a2c39e90264f33305004495a9","hash":"1d26e0bb976c5ea3f3ca0f4a87e0f233c3178978"},"D:\\project\\egov-enterprise\\frontend\\src\\app\\components\\ui\\standard-error-boundary.tsx":{"path":"D:\\project\\egov-enterprise\\frontend\\src\\app\\components\\ui\\standard-error-boundary.tsx","statementMap":{"0":{"start":{"line":16,"column":24},"end":{"line":19,"column":3}},"1":{"start":{"line":22,"column":4},"end":{"line":22,"column":37}},"2":{"start":{"line":27,"column":4},"end":{"line":27,"column":61}},"3":{"start":{"line":28,"column":4},"end":{"line":28,"column":79}},"4":{"start":{"line":32,"column":4},"end":{"line":32,"column":64}},"5":{"start":{"line":33,"column":4},"end":{"line":33,"column":82}},"6":{"start":{"line":36,"column":30},"end":{"line":41,"column":3}},"7":{"start":{"line":38,"column":4},"end":{"line":40,"column":5}},"8":{"start":{"line":39,"column":6},"end":{"line":39,"column":72}},"9":{"start":{"line":43,"column":35},"end":{"line":45,"column":3}},"10":{"start":{"line":44,"column":4},"end":{"line":44,"column":69}},"11":{"start":{"line":48,"column":4},"end":{"line":48,"column":55}},"12":{"start":{"line":52,"column":4},"end":{"line":86,"column":5}},"13":{"start":{"line":53,"column":6},"end":{"line":85,"column":8}},"14":{"start":{"line":65,"column":29},"end":{"line":65,"column":53}},"15":{"start":{"line":72,"column":29},"end":{"line":72,"column":55}},"16":{"start":{"line":88,"column":4},"end":{"line":88,"column":31}}},"fnMap":{"0":{"name":"(anonymous_0)","decl":{"start":{"line":21,"column":2},"end":{"line":21,"column":3}},"loc":{"start":{"line":21,"column":62},"end":{"line":23,"column":3}},"line":21},"1":{"name":"(anonymous_1)","decl":{"start":{"line":25,"column":2},"end":{"line":25,"column":3}},"loc":{"start":{"line":25,"column":29},"end":{"line":29,"column":3}},"line":25},"2":{"name":"(anonymous_2)","decl":{"start":{"line":31,"column":2},"end":{"line":31,"column":3}},"loc":{"start":{"line":31,"column":32},"end":{"line":34,"column":3}},"line":31},"3":{"name":"(anonymous_3)","decl":{"start":{"line":36,"column":30},"end":{"line":36,"column":31}},"loc":{"start":{"line":36,"column":53},"end":{"line":41,"column":3}},"line":36},"4":{"name":"(anonymous_4)","decl":{"start":{"line":43,"column":35},"end":{"line":43,"column":36}},"loc":{"start":{"line":43,"column":69},"end":{"line":45,"column":3}},"line":43},"5":{"name":"(anonymous_5)","decl":{"start":{"line":47,"column":2},"end":{"line":47,"column":3}},"loc":{"start":{"line":47,"column":63},"end":{"line":49,"column":3}},"line":47},"6":{"name":"(anonymous_6)","decl":{"start":{"line":51,"column":2},"end":{"line":51,"column":3}},"loc":{"start":{"line":51,"column":18},"end":{"line":89,"column":3}},"line":51},"7":{"name":"(anonymous_7)","decl":{"start":{"line":65,"column":23},"end":{"line":65,"column":24}},"loc":{"start":{"line":65,"column":29},"end":{"line":65,"column":53}},"line":65},"8":{"name":"(anonymous_8)","decl":{"start":{"line":72,"column":23},"end":{"line":72,"column":24}},"loc":{"start":{"line":72,"column":29},"end":{"line":72,"column":55}},"line":72}},"branchMap":{"0":{"loc":{"start":{"line":38,"column":4},"end":{"line":40,"column":5}},"type":"if","locations":[{"start":{"line":38,"column":4},"end":{"line":40,"column":5}},{"start":{},"end":{}}],"line":38},"1":{"loc":{"start":{"line":38,"column":8},"end":{"line":38,"column":95}},"type":"binary-expr","locations":[{"start":{"line":38,"column":8},"end":{"line":38,"column":44}},{"start":{"line":38,"column":48},"end":{"line":38,"column":95}}],"line":38},"2":{"loc":{"start":{"line":52,"column":4},"end":{"line":86,"column":5}},"type":"if","locations":[{"start":{"line":52,"column":4},"end":{"line":86,"column":5}},{"start":{},"end":{}}],"line":52},"3":{"loc":{"start":{"line":79,"column":11},"end":{"line":83,"column":11}},"type":"binary-expr","locations":[{"start":{"line":79,"column":11},"end":{"line":79,"column":49}},{"start":{"line":80,"column":12},"end":{"line":82,"column":18}}],"line":79}},"s":{"0":1,"1":0,"2":1,"3":1,"4":0,"5":0,"6":1,"7":0,"8":0,"9":1,"10":0,"11":0,"12":1,"13":0,"14":0,"15":0,"16":1},"f":{"0":0,"1":1,"2":0,"3":0,"4":0,"5":0,"6":1,"7":0,"8":0},"b":{"0":[0,0],"1":[0,0],"2":[0,1],"3":[0,0]},"_coverageSchema":"1a1c01bbd47fc00a2c39e90264f33305004495a9","hash":"5137a1bff6fcb96c6186caf4d84b6c35213500cd"},"D:\\project\\egov-enterprise\\frontend\\src\\components\\ui\\tooltip.tsx":{"path":"D:\\project\\egov-enterprise\\frontend\\src\\components\\ui\\tooltip.tsx","statementMap":{"0":{"start":{"line":12,"column":2},"end":{"line":18,"column":3}},"1":{"start":{"line":24,"column":2},"end":{"line":24,"column":65}},"2":{"start":{"line":30,"column":2},"end":{"line":30,"column":76}},"3":{"start":{"line":39,"column":2},"end":{"line":54,"column":3}}},"fnMap":{"0":{"name":"TooltipProvider","decl":{"start":{"line":8,"column":9},"end":{"line":8,"column":24}},"loc":{"start":{"line":11,"column":59},"end":{"line":19,"column":1}},"line":11},"1":{"name":"Tooltip","decl":{"start":{"line":21,"column":9},"end":{"line":21,"column":16}},"loc":{"start":{"line":23,"column":55},"end":{"line":25,"column":1}},"line":23},"2":{"name":"TooltipTrigger","decl":{"start":{"line":27,"column":9},"end":{"line":27,"column":23}},"loc":{"start":{"line":29,"column":58},"end":{"line":31,"column":1}},"line":29},"3":{"name":"TooltipContent","decl":{"start":{"line":33,"column":9},"end":{"line":33,"column":23}},"loc":{"start":{"line":38,"column":58},"end":{"line":55,"column":1}},"line":38}},"branchMap":{"0":{"loc":{"start":{"line":9,"column":2},"end":{"line":9,"column":19}},"type":"default-arg","locations":[{"start":{"line":9,"column":18},"end":{"line":9,"column":19}}],"line":9},"1":{"loc":{"start":{"line":35,"column":2},"end":{"line":35,"column":16}},"type":"default-arg","locations":[{"start":{"line":35,"column":15},"end":{"line":35,"column":16}}],"line":35}},"s":{"0":12,"1":30,"2":30,"3":30},"f":{"0":12,"1":30,"2":30,"3":30},"b":{"0":[1],"1":[30]},"_coverageSchema":"1a1c01bbd47fc00a2c39e90264f33305004495a9","hash":"928a06385c7b31cba799b7bfa6eec9718b9fd96d"},"D:\\project\\egov-enterprise\\frontend\\src\\app\\providers.tsx":{"path":"D:\\project\\egov-enterprise\\frontend\\src\\app\\providers.tsx","statementMap":{"0":{"start":{"line":17,"column":28},"end":{"line":17,"column":143}},"1":{"start":{"line":17,"column":42},"end":{"line":17,"column":126}},"2":{"start":{"line":17,"column":102},"end":{"line":17,"column":125}},"3":{"start":{"line":18,"column":27},"end":{"line":18,"column":140}},"4":{"start":{"line":18,"column":41},"end":{"line":18,"column":123}},"5":{"start":{"line":18,"column":100},"end":{"line":18,"column":122}},"6":{"start":{"line":19,"column":29},"end":{"line":19,"column":146}},"7":{"start":{"line":19,"column":43},"end":{"line":19,"column":129}},"8":{"start":{"line":19,"column":104},"end":{"line":19,"column":128}},"9":{"start":{"line":31,"column":24},"end":{"line":42,"column":3}},"10":{"start":{"line":33,"column":6},"end":{"line":41,"column":8}},"11":{"start":{"line":45,"column":2},"end":{"line":55,"column":9}},"12":{"start":{"line":46,"column":35},"end":{"line":48,"column":5}},"13":{"start":{"line":47,"column":6},"end":{"line":47,"column":70}},"14":{"start":{"line":51,"column":4},"end":{"line":51,"column":29}},"15":{"start":{"line":53,"column":4},"end":{"line":53,"column":72}},"16":{"start":{"line":54,"column":4},"end":{"line":54,"column":88}},"17":{"start":{"line":54,"column":17},"end":{"line":54,"column":87}},"18":{"start":{"line":57,"column":2},"end":{"line":82,"column":4}}},"fnMap":{"0":{"name":"(anonymous_0)","decl":{"start":{"line":17,"column":36},"end":{"line":17,"column":37}},"loc":{"start":{"line":17,"column":42},"end":{"line":17,"column":126}},"line":17},"1":{"name":"(anonymous_1)","decl":{"start":{"line":17,"column":95},"end":{"line":17,"column":96}},"loc":{"start":{"line":17,"column":102},"end":{"line":17,"column":125}},"line":17},"2":{"name":"(anonymous_2)","decl":{"start":{"line":18,"column":35},"end":{"line":18,"column":36}},"loc":{"start":{"line":18,"column":41},"end":{"line":18,"column":123}},"line":18},"3":{"name":"(anonymous_3)","decl":{"start":{"line":18,"column":93},"end":{"line":18,"column":94}},"loc":{"start":{"line":18,"column":100},"end":{"line":18,"column":122}},"line":18},"4":{"name":"(anonymous_4)","decl":{"start":{"line":19,"column":37},"end":{"line":19,"column":38}},"loc":{"start":{"line":19,"column":43},"end":{"line":19,"column":129}},"line":19},"5":{"name":"(anonymous_5)","decl":{"start":{"line":19,"column":97},"end":{"line":19,"column":98}},"loc":{"start":{"line":19,"column":104},"end":{"line":19,"column":128}},"line":19},"6":{"name":"Providers","decl":{"start":{"line":24,"column":24},"end":{"line":24,"column":33}},"loc":{"start":{"line":30,"column":3},"end":{"line":83,"column":1}},"line":30},"7":{"name":"(anonymous_7)","decl":{"start":{"line":32,"column":4},"end":{"line":32,"column":5}},"loc":{"start":{"line":33,"column":6},"end":{"line":41,"column":8}},"line":33},"8":{"name":"(anonymous_8)","decl":{"start":{"line":45,"column":12},"end":{"line":45,"column":13}},"loc":{"start":{"line":45,"column":18},"end":{"line":55,"column":3}},"line":45},"9":{"name":"(anonymous_9)","decl":{"start":{"line":46,"column":35},"end":{"line":46,"column":36}},"loc":{"start":{"line":46,"column":41},"end":{"line":48,"column":5}},"line":46},"10":{"name":"(anonymous_10)","decl":{"start":{"line":54,"column":11},"end":{"line":54,"column":12}},"loc":{"start":{"line":54,"column":17},"end":{"line":54,"column":87}},"line":54}},"branchMap":{},"s":{"0":1,"1":1,"2":1,"3":1,"4":1,"5":1,"6":1,"7":1,"8":1,"9":1,"10":1,"11":1,"12":1,"13":1,"14":1,"15":1,"16":1,"17":0,"18":1},"f":{"0":1,"1":1,"2":1,"3":1,"4":1,"5":1,"6":1,"7":1,"8":1,"9":1,"10":0},"b":{},"_coverageSchema":"1a1c01bbd47fc00a2c39e90264f33305004495a9","hash":"188966cd58726bda6eb1dd16f5e6c5d7f71d5499"},"D:\\project\\egov-enterprise\\frontend\\src\\app\\components\\ui\\session-expiry-warning.tsx":{"path":"D:\\project\\egov-enterprise\\frontend\\src\\app\\components\\ui\\session-expiry-warning.tsx","statementMap":{"0":{"start":{"line":18,"column":27},"end":{"line":18,"column":36}},"1":{"start":{"line":19,"column":40},"end":{"line":19,"column":55}},"2":{"start":{"line":20,"column":50},"end":{"line":20,"column":63}},"3":{"start":{"line":21,"column":19},"end":{"line":21,"column":54}},"4":{"start":{"line":22,"column":23},"end":{"line":22,"column":58}},"5":{"start":{"line":24,"column":25},"end":{"line":35,"column":8}},"6":{"start":{"line":25,"column":4},"end":{"line":25,"column":51}},"7":{"start":{"line":25,"column":39},"end":{"line":25,"column":51}},"8":{"start":{"line":26,"column":18},"end":{"line":26,"column":53}},"9":{"start":{"line":27,"column":4},"end":{"line":27,"column":28}},"10":{"start":{"line":27,"column":16},"end":{"line":27,"column":28}},"11":{"start":{"line":29,"column":4},"end":{"line":34,"column":5}},"12":{"start":{"line":30,"column":22},"end":{"line":30,"column":59}},"13":{"start":{"line":31,"column":6},"end":{"line":31,"column":53}},"14":{"start":{"line":33,"column":6},"end":{"line":33,"column":18}},"15":{"start":{"line":37,"column":30},"end":{"line":51,"column":8}},"16":{"start":{"line":38,"column":4},"end":{"line":49,"column":5}},"17":{"start":{"line":40,"column":34},"end":{"line":40,"column":66}},"18":{"start":{"line":41,"column":23},"end":{"line":41,"column":70}},"19":{"start":{"line":43,"column":6},"end":{"line":46,"column":7}},"20":{"start":{"line":44,"column":8},"end":{"line":44,"column":61}},"21":{"start":{"line":45,"column":8},"end":{"line":45,"column":96}},"22":{"start":{"line":50,"column":4},"end":{"line":50,"column":26}},"23":{"start":{"line":53,"column":23},"end":{"line":57,"column":14}},"24":{"start":{"line":54,"column":4},"end":{"line":54,"column":26}},"25":{"start":{"line":55,"column":4},"end":{"line":55,"column":19}},"26":{"start":{"line":56,"column":4},"end":{"line":56,"column":49}},"27":{"start":{"line":59,"column":2},"end":{"line":100,"column":56}},"28":{"start":{"line":60,"column":4},"end":{"line":71,"column":5}},"29":{"start":{"line":61,"column":6},"end":{"line":61,"column":28}},"30":{"start":{"line":62,"column":6},"end":{"line":65,"column":7}},"31":{"start":{"line":63,"column":8},"end":{"line":63,"column":40}},"32":{"start":{"line":64,"column":8},"end":{"line":64,"column":32}},"33":{"start":{"line":66,"column":6},"end":{"line":69,"column":7}},"34":{"start":{"line":67,"column":8},"end":{"line":67,"column":44}},"35":{"start":{"line":68,"column":8},"end":{"line":68,"column":36}},"36":{"start":{"line":70,"column":6},"end":{"line":70,"column":13}},"37":{"start":{"line":73,"column":30},"end":{"line":73,"column":43}},"38":{"start":{"line":74,"column":27},"end":{"line":74,"column":36}},"39":{"start":{"line":76,"column":24},"end":{"line":91,"column":5}},"40":{"start":{"line":77,"column":21},"end":{"line":77,"column":37}},"41":{"start":{"line":78,"column":6},"end":{"line":78,"column":26}},"42":{"start":{"line":78,"column":19},"end":{"line":78,"column":26}},"43":{"start":{"line":80,"column":18},"end":{"line":80,"column":28}},"44":{"start":{"line":81,"column":23},"end":{"line":81,"column":35}},"45":{"start":{"line":83,"column":6},"end":{"line":90,"column":7}},"46":{"start":{"line":85,"column":8},"end":{"line":85,"column":23}},"47":{"start":{"line":86,"column":13},"end":{"line":90,"column":7}},"48":{"start":{"line":88,"column":8},"end":{"line":88,"column":57}},"49":{"start":{"line":89,"column":8},"end":{"line":89,"column":29}},"50":{"start":{"line":94,"column":4},"end":{"line":94,"column":64}},"51":{"start":{"line":95,"column":4},"end":{"line":95,"column":18}},"52":{"start":{"line":97,"column":4},"end":{"line":99,"column":6}},"53":{"start":{"line":98,"column":6},"end":{"line":98,"column":60}},"54":{"start":{"line":98,"column":28},"end":{"line":98,"column":60}},"55":{"start":{"line":103,"column":2},"end":{"line":122,"column":34}},"56":{"start":{"line":104,"column":4},"end":{"line":107,"column":5}},"57":{"start":{"line":105,"column":6},"end":{"line":105,"column":68}},"58":{"start":{"line":105,"column":32},"end":{"line":105,"column":68}},"59":{"start":{"line":106,"column":6},"end":{"line":106,"column":13}},"60":{"start":{"line":109,"column":4},"end":{"line":117,"column":13}},"61":{"start":{"line":110,"column":6},"end":{"line":116,"column":9}},"62":{"start":{"line":111,"column":8},"end":{"line":114,"column":9}},"63":{"start":{"line":112,"column":10},"end":{"line":112,"column":25}},"64":{"start":{"line":113,"column":10},"end":{"line":113,"column":19}},"65":{"start":{"line":115,"column":8},"end":{"line":115,"column":24}},"66":{"start":{"line":119,"column":4},"end":{"line":121,"column":6}},"67":{"start":{"line":120,"column":6},"end":{"line":120,"column":68}},"68":{"start":{"line":120,"column":32},"end":{"line":120,"column":68}},"69":{"start":{"line":124,"column":21},"end":{"line":128,"column":3}},"70":{"start":{"line":125,"column":14},"end":{"line":125,"column":38}},"71":{"start":{"line":126,"column":14},"end":{"line":126,"column":26}},"72":{"start":{"line":127,"column":4},"end":{"line":127,"column":51}},"73":{"start":{"line":130,"column":2},"end":{"line":203,"column":4}},"74":{"start":{"line":140,"column":27},"end":{"line":140,"column":48}},"75":{"start":{"line":161,"column":33},"end":{"line":161,"column":54}}},"fnMap":{"0":{"name":"SessionExpiryWarning","decl":{"start":{"line":17,"column":16},"end":{"line":17,"column":36}},"loc":{"start":{"line":17,"column":39},"end":{"line":204,"column":1}},"line":17},"1":{"name":"(anonymous_1)","decl":{"start":{"line":24,"column":37},"end":{"line":24,"column":38}},"loc":{"start":{"line":24,"column":58},"end":{"line":35,"column":3}},"line":24},"2":{"name":"(anonymous_2)","decl":{"start":{"line":37,"column":42},"end":{"line":37,"column":43}},"loc":{"start":{"line":37,"column":54},"end":{"line":51,"column":3}},"line":37},"3":{"name":"(anonymous_3)","decl":{"start":{"line":53,"column":35},"end":{"line":53,"column":36}},"loc":{"start":{"line":53,"column":47},"end":{"line":57,"column":3}},"line":53},"4":{"name":"(anonymous_4)","decl":{"start":{"line":59,"column":12},"end":{"line":59,"column":13}},"loc":{"start":{"line":59,"column":18},"end":{"line":100,"column":3}},"line":59},"5":{"name":"(anonymous_5)","decl":{"start":{"line":76,"column":24},"end":{"line":76,"column":25}},"loc":{"start":{"line":76,"column":30},"end":{"line":91,"column":5}},"line":76},"6":{"name":"(anonymous_6)","decl":{"start":{"line":97,"column":11},"end":{"line":97,"column":12}},"loc":{"start":{"line":97,"column":17},"end":{"line":99,"column":5}},"line":97},"7":{"name":"(anonymous_7)","decl":{"start":{"line":103,"column":12},"end":{"line":103,"column":13}},"loc":{"start":{"line":103,"column":18},"end":{"line":122,"column":3}},"line":103},"8":{"name":"(anonymous_8)","decl":{"start":{"line":109,"column":39},"end":{"line":109,"column":40}},"loc":{"start":{"line":109,"column":45},"end":{"line":117,"column":5}},"line":109},"9":{"name":"(anonymous_9)","decl":{"start":{"line":110,"column":26},"end":{"line":110,"column":27}},"loc":{"start":{"line":110,"column":34},"end":{"line":116,"column":7}},"line":110},"10":{"name":"(anonymous_10)","decl":{"start":{"line":119,"column":11},"end":{"line":119,"column":12}},"loc":{"start":{"line":119,"column":17},"end":{"line":121,"column":5}},"line":119},"11":{"name":"(anonymous_11)","decl":{"start":{"line":124,"column":21},"end":{"line":124,"column":22}},"loc":{"start":{"line":124,"column":42},"end":{"line":128,"column":3}},"line":124},"12":{"name":"(anonymous_12)","decl":{"start":{"line":140,"column":21},"end":{"line":140,"column":22}},"loc":{"start":{"line":140,"column":27},"end":{"line":140,"column":48}},"line":140},"13":{"name":"(anonymous_13)","decl":{"start":{"line":161,"column":27},"end":{"line":161,"column":28}},"loc":{"start":{"line":161,"column":33},"end":{"line":161,"column":54}},"line":161}},"branchMap":{"0":{"loc":{"start":{"line":25,"column":4},"end":{"line":25,"column":51}},"type":"if","locations":[{"start":{"line":25,"column":4},"end":{"line":25,"column":51}},{"start":{},"end":{}}],"line":25},"1":{"loc":{"start":{"line":27,"column":4},"end":{"line":27,"column":28}},"type":"if","locations":[{"start":{"line":27,"column":4},"end":{"line":27,"column":28}},{"start":{},"end":{}}],"line":27},"2":{"loc":{"start":{"line":31,"column":13},"end":{"line":31,"column":52}},"type":"cond-expr","locations":[{"start":{"line":31,"column":27},"end":{"line":31,"column":45}},{"start":{"line":31,"column":48},"end":{"line":31,"column":52}}],"line":31},"3":{"loc":{"start":{"line":43,"column":6},"end":{"line":46,"column":7}},"type":"if","locations":[{"start":{"line":43,"column":6},"end":{"line":46,"column":7}},{"start":{},"end":{}}],"line":43},"4":{"loc":{"start":{"line":60,"column":4},"end":{"line":71,"column":5}},"type":"if","locations":[{"start":{"line":60,"column":4},"end":{"line":71,"column":5}},{"start":{},"end":{}}],"line":60},"5":{"loc":{"start":{"line":62,"column":6},"end":{"line":65,"column":7}},"type":"if","locations":[{"start":{"line":62,"column":6},"end":{"line":65,"column":7}},{"start":{},"end":{}}],"line":62},"6":{"loc":{"start":{"line":66,"column":6},"end":{"line":69,"column":7}},"type":"if","locations":[{"start":{"line":66,"column":6},"end":{"line":69,"column":7}},{"start":{},"end":{}}],"line":66},"7":{"loc":{"start":{"line":78,"column":6},"end":{"line":78,"column":26}},"type":"if","locations":[{"start":{"line":78,"column":6},"end":{"line":78,"column":26}},{"start":{},"end":{}}],"line":78},"8":{"loc":{"start":{"line":83,"column":6},"end":{"line":90,"column":7}},"type":"if","locations":[{"start":{"line":83,"column":6},"end":{"line":90,"column":7}},{"start":{"line":86,"column":13},"end":{"line":90,"column":7}}],"line":83},"9":{"loc":{"start":{"line":86,"column":13},"end":{"line":90,"column":7}},"type":"if","locations":[{"start":{"line":86,"column":13},"end":{"line":90,"column":7}},{"start":{},"end":{}}],"line":86},"10":{"loc":{"start":{"line":86,"column":17},"end":{"line":86,"column":62}},"type":"binary-expr","locations":[{"start":{"line":86,"column":17},"end":{"line":86,"column":46}},{"start":{"line":86,"column":50},"end":{"line":86,"column":62}}],"line":86},"11":{"loc":{"start":{"line":98,"column":6},"end":{"line":98,"column":60}},"type":"if","locations":[{"start":{"line":98,"column":6},"end":{"line":98,"column":60}},{"start":{},"end":{}}],"line":98},"12":{"loc":{"start":{"line":104,"column":4},"end":{"line":107,"column":5}},"type":"if","locations":[{"start":{"line":104,"column":4},"end":{"line":107,"column":5}},{"start":{},"end":{}}],"line":104},"13":{"loc":{"start":{"line":105,"column":6},"end":{"line":105,"column":68}},"type":"if","locations":[{"start":{"line":105,"column":6},"end":{"line":105,"column":68}},{"start":{},"end":{}}],"line":105},"14":{"loc":{"start":{"line":111,"column":8},"end":{"line":114,"column":9}},"type":"if","locations":[{"start":{"line":111,"column":8},"end":{"line":114,"column":9}},{"start":{},"end":{}}],"line":111},"15":{"loc":{"start":{"line":120,"column":6},"end":{"line":120,"column":68}},"type":"if","locations":[{"start":{"line":120,"column":6},"end":{"line":120,"column":68}},{"start":{},"end":{}}],"line":120},"16":{"loc":{"start":{"line":132,"column":7},"end":{"line":201,"column":7}},"type":"binary-expr","locations":[{"start":{"line":132,"column":7},"end":{"line":132,"column":18}},{"start":{"line":133,"column":8},"end":{"line":200,"column":11}}],"line":132}},"s":{"0":2,"1":2,"2":2,"3":2,"4":2,"5":2,"6":1,"7":0,"8":1,"9":1,"10":0,"11":1,"12":1,"13":1,"14":0,"15":2,"16":0,"17":0,"18":0,"19":0,"20":0,"21":0,"22":0,"23":2,"24":0,"25":0,"26":0,"27":2,"28":1,"29":0,"30":0,"31":0,"32":0,"33":0,"34":0,"35":0,"36":0,"37":1,"38":1,"39":1,"40":1,"41":1,"42":0,"43":1,"44":1,"45":1,"46":0,"47":1,"48":0,"49":0,"50":1,"51":1,"52":1,"53":0,"54":0,"55":2,"56":1,"57":1,"58":0,"59":1,"60":0,"61":0,"62":0,"63":0,"64":0,"65":0,"66":0,"67":0,"68":0,"69":2,"70":0,"71":0,"72":0,"73":2,"74":0,"75":0},"f":{"0":2,"1":1,"2":0,"3":0,"4":1,"5":1,"6":0,"7":1,"8":0,"9":0,"10":0,"11":0,"12":0,"13":0},"b":{"0":[0,1],"1":[0,1],"2":[1,0],"3":[0,0],"4":[0,1],"5":[0,0],"6":[0,0],"7":[0,1],"8":[0,1],"9":[0,1],"10":[1,0],"11":[0,0],"12":[1,0],"13":[0,1],"14":[0,0],"15":[0,0],"16":[2,0]},"_coverageSchema":"1a1c01bbd47fc00a2c39e90264f33305004495a9","hash":"c7deb3f41fcb9332fe105466eed67586ee6fd8a1"},"D:\\project\\egov-enterprise\\frontend\\src\\app\\components\\ui\\global-command-center.tsx":{"path":"D:\\project\\egov-enterprise\\frontend\\src\\app\\components\\ui\\global-command-center.tsx","statementMap":{"0":{"start":{"line":42,"column":30},"end":{"line":42,"column":45}},"1":{"start":{"line":43,"column":30},"end":{"line":43,"column":42}},"2":{"start":{"line":44,"column":44},"end":{"line":44,"column":55}},"3":{"start":{"line":45,"column":28},"end":{"line":45,"column":55}},"4":{"start":{"line":46,"column":40},"end":{"line":46,"column":55}},"5":{"start":{"line":48,"column":17},"end":{"line":48,"column":28}},"6":{"start":{"line":49,"column":21},"end":{"line":49,"column":30}},"7":{"start":{"line":50,"column":19},"end":{"line":50,"column":49}},"8":{"start":{"line":53,"column":2},"end":{"line":62,"column":5}},"9":{"start":{"line":54,"column":4},"end":{"line":61,"column":7}},"10":{"start":{"line":55,"column":19},"end":{"line":55,"column":24}},"11":{"start":{"line":56,"column":6},"end":{"line":59,"column":7}},"12":{"start":{"line":57,"column":8},"end":{"line":57,"column":28}},"13":{"start":{"line":58,"column":8},"end":{"line":58,"column":22}},"14":{"start":{"line":60,"column":6},"end":{"line":60,"column":18}},"15":{"start":{"line":65,"column":2},"end":{"line":110,"column":29}},"16":{"start":{"line":67,"column":6},"end":{"line":67,"column":26}},"17":{"start":{"line":67,"column":19},"end":{"line":67,"column":26}},"18":{"start":{"line":69,"column":6},"end":{"line":69,"column":27}},"19":{"start":{"line":70,"column":6},"end":{"line":107,"column":7}},"20":{"start":{"line":71,"column":21},"end":{"line":71,"column":53}},"21":{"start":{"line":72,"column":8},"end":{"line":102,"column":9}},"22":{"start":{"line":73,"column":41},"end":{"line":79,"column":13}},"23":{"start":{"line":73,"column":56},"end":{"line":79,"column":11}},"24":{"start":{"line":81,"column":10},"end":{"line":81,"column":28}},"25":{"start":{"line":84,"column":10},"end":{"line":101,"column":11}},"26":{"start":{"line":85,"column":12},"end":{"line":100,"column":15}},"27":{"start":{"line":86,"column":14},"end":{"line":99,"column":15}},"28":{"start":{"line":87,"column":48},"end":{"line":93,"column":19}},"29":{"start":{"line":87,"column":70},"end":{"line":93,"column":17}},"30":{"start":{"line":94,"column":16},"end":{"line":98,"column":19}},"31":{"start":{"line":95,"column":38},"end":{"line":95,"column":66}},"32":{"start":{"line":95,"column":60},"end":{"line":95,"column":64}},"33":{"start":{"line":96,"column":35},"end":{"line":96,"column":79}},"34":{"start":{"line":96,"column":56},"end":{"line":96,"column":78}},"35":{"start":{"line":97,"column":18},"end":{"line":97,"column":48}},"36":{"start":{"line":104,"column":8},"end":{"line":104,"column":57}},"37":{"start":{"line":106,"column":8},"end":{"line":106,"column":30}},"38":{"start":{"line":109,"column":4},"end":{"line":109,"column":54}},"39":{"start":{"line":109,"column":38},"end":{"line":109,"column":54}},"40":{"start":{"line":113,"column":38},"end":{"line":123,"column":3}},"41":{"start":{"line":126,"column":24},"end":{"line":149,"column":35}},"42":{"start":{"line":127,"column":21},"end":{"line":127,"column":48}},"43":{"start":{"line":130,"column":18},"end":{"line":135,"column":16}},"44":{"start":{"line":132,"column":8},"end":{"line":133,"column":76}},"45":{"start":{"line":138,"column":4},"end":{"line":146,"column":5}},"46":{"start":{"line":139,"column":6},"end":{"line":145,"column":9}},"47":{"start":{"line":148,"column":4},"end":{"line":148,"column":32}},"48":{"start":{"line":152,"column":2},"end":{"line":156,"column":15}},"49":{"start":{"line":153,"column":4},"end":{"line":155,"column":5}},"50":{"start":{"line":154,"column":6},"end":{"line":154,"column":55}},"51":{"start":{"line":154,"column":23},"end":{"line":154,"column":48}},"52":{"start":{"line":158,"column":23},"end":{"line":167,"column":14}},"53":{"start":{"line":159,"column":4},"end":{"line":159,"column":22}},"54":{"start":{"line":159,"column":15},"end":{"line":159,"column":22}},"55":{"start":{"line":160,"column":4},"end":{"line":164,"column":5}},"56":{"start":{"line":161,"column":6},"end":{"line":161,"column":20}},"57":{"start":{"line":162,"column":11},"end":{"line":164,"column":5}},"58":{"start":{"line":163,"column":6},"end":{"line":163,"column":28}},"59":{"start":{"line":165,"column":4},"end":{"line":165,"column":21}},"60":{"start":{"line":166,"column":4},"end":{"line":166,"column":18}},"61":{"start":{"line":169,"column":24},"end":{"line":182,"column":3}},"62":{"start":{"line":170,"column":4},"end":{"line":181,"column":5}},"63":{"start":{"line":171,"column":6},"end":{"line":171,"column":25}},"64":{"start":{"line":172,"column":6},"end":{"line":172,"column":66}},"65":{"start":{"line":172,"column":31},"end":{"line":172,"column":64}},"66":{"start":{"line":173,"column":11},"end":{"line":181,"column":5}},"67":{"start":{"line":174,"column":6},"end":{"line":174,"column":25}},"68":{"start":{"line":175,"column":6},"end":{"line":175,"column":89}},"69":{"start":{"line":175,"column":31},"end":{"line":175,"column":87}},"70":{"start":{"line":176,"column":11},"end":{"line":181,"column":5}},"71":{"start":{"line":177,"column":6},"end":{"line":177,"column":25}},"72":{"start":{"line":178,"column":6},"end":{"line":178,"column":49}},"73":{"start":{"line":179,"column":11},"end":{"line":181,"column":5}},"74":{"start":{"line":180,"column":6},"end":{"line":180,"column":23}},"75":{"start":{"line":184,"column":2},"end":{"line":184,"column":27}},"76":{"start":{"line":184,"column":15},"end":{"line":184,"column":27}},"77":{"start":{"line":186,"column":2},"end":{"line":319,"column":4}},"78":{"start":{"line":190,"column":23},"end":{"line":190,"column":39}},"79":{"start":{"line":208,"column":14},"end":{"line":208,"column":40}},"80":{"start":{"line":209,"column":14},"end":{"line":209,"column":34}},"81":{"start":{"line":222,"column":33},"end":{"line":222,"column":84}},"82":{"start":{"line":222,"column":62},"end":{"line":222,"column":83}},"83":{"start":{"line":223,"column":16},"end":{"line":223,"column":55}},"84":{"start":{"line":223,"column":43},"end":{"line":223,"column":55}},"85":{"start":{"line":225,"column":16},"end":{"line":278,"column":18}},"86":{"start":{"line":233,"column":44},"end":{"line":233,"column":71}},"87":{"start":{"line":234,"column":42},"end":{"line":234,"column":71}},"88":{"start":{"line":236,"column":24},"end":{"line":274,"column":26}},"89":{"start":{"line":245,"column":43},"end":{"line":245,"column":61}},"90":{"start":{"line":246,"column":48},"end":{"line":246,"column":77}}},"fnMap":{"0":{"name":"GlobalCommandCenter","decl":{"start":{"line":41,"column":16},"end":{"line":41,"column":35}},"loc":{"start":{"line":41,"column":38},"end":{"line":320,"column":1}},"line":41},"1":{"name":"(anonymous_1)","decl":{"start":{"line":53,"column":25},"end":{"line":53,"column":26}},"loc":{"start":{"line":53,"column":31},"end":{"line":62,"column":3}},"line":53},"2":{"name":"(anonymous_2)","decl":{"start":{"line":54,"column":14},"end":{"line":54,"column":15}},"loc":{"start":{"line":54,"column":22},"end":{"line":61,"column":5}},"line":54},"3":{"name":"(anonymous_3)","decl":{"start":{"line":65,"column":12},"end":{"line":65,"column":13}},"loc":{"start":{"line":65,"column":18},"end":{"line":110,"column":3}},"line":65},"4":{"name":"fetchAllMenus","decl":{"start":{"
[...]
l":{"start":{"line":268,"column":35},"end":{"line":268,"column":36}},"loc":{"start":{"line":268,"column":44},"end":{"line":268,"column":69}},"line":268},"28":{"name":"(anonymous_28)","decl":{"start":{"line":278,"column":10},"end":{"line":278,"column":11}},"loc":{"start":{"line":278,"column":16},"end":{"line":278,"column":38}},"line":278},"29":{"name":"(anonymous_29)","decl":{"start":{"line":290,"column":11},"end":{"line":290,"column":12}},"loc":{"start":{"line":290,"column":18},"end":{"line":290,"column":77}},"line":290},"30":{"name":"(anonymous_30)","decl":{"start":{"line":290,"column":30},"end":{"line":290,"column":31}},"loc":{"start":{"line":290,"column":39},"end":{"line":290,"column":75}},"line":290},"31":{"name":"(anonymous_31)","decl":{"start":{"line":303,"column":11},"end":{"line":303,"column":12}},"loc":{"start":{"line":303,"column":18},"end":{"line":303,"column":77}},"line":303},"32":{"name":"(anonymous_32)","decl":{"start":{"line":303,"column":30},"end":{"line":303,"column":31}},"loc":{"start":{"line":303,"column":39},"end":{"line":303,"column":75}},"line":303},"33":{"name":"(anonymous_33)","decl":{"start":{"line":317,"column":11},"end":{"line":317,"column":12}},"loc":{"start":{"line":317,"column":18},"end":{"line":317,"column":77}},"line":317},"34":{"name":"(anonymous_34)","decl":{"start":{"line":317,"column":30},"end":{"line":317,"column":31}},"loc":{"start":{"line":317,"column":39},"end":{"line":317,"column":75}},"line":317},"35":{"name":"(anonymous_35)","decl":{"start":{"line":327,"column":13},"end":{"line":327,"column":14}},"loc":{"start":{"line":327,"column":19},"end":{"line":327,"column":41}},"line":327}},"branchMap":{"0":{"loc":{"start":{"line":74,"column":31},"end":{"line":74,"column":47}},"type":"binary-expr","locations":[{"start":{"line":74,"column":31},"end":{"line":74,"column":41}},{"start":{"line":74,"column":45},"end":{"line":74,"column":47}}],"line":74},"1":{"loc":{"start":{"line":75,"column":20},"end":{"line":80,"column":9}},"type":"cond-expr","locations":[{"start":{"line":75,"column":27},"end":{"line":80,"column":2}},{"start":{"line":80,"column":5},"end":{"line":80,"column":9}}],"line":75},"2":{"loc":{"start":{"line":129,"column":1},"end":{"line":129,"column":38}},"type":"if","locations":[{"start":{"line":129,"column":1},"end":{"line":129,"column":38}},{"start":{},"end":{}}],"line":129},"3":{"loc":{"start":{"line":134,"column":1},"end":{"line":138,"column":2}},"type":"if","locations":[{"start":{"line":134,"column":1},"end":{"line":138,"column":2}},{"start":{"line":136,"column":8},"end":{"line":138,"column":2}}],"line":134},"4":{"loc":{"start":{"line":162,"column":105},"end":{"line":162,"column":137}},"type":"binary-expr","locations":[{"start":{"line":162,"column":105},"end":{"line":162,"column":117}},{"start":{"line":162,"column":121},"end":{"line":162,"column":137}}],"line":162},"5":{"loc":{"start":{"line":171,"column":2},"end":{"line":171,"column":27}},"type":"binary-expr","locations":[{"start":{"line":171,"column":2},"end":{"line":171,"column":18}},{"start":{"line":171,"column":22},"end":{"line":171,"column":27}}],"line":171},"6":{"loc":{"start":{"line":225,"column":44},"end":{"line":225,"column":77}},"type":"binary-expr","locations":[{"start":{"line":225,"column":44},"end":{"line":225,"column":72}},{"start":{"line":225,"column":76},"end":{"line":225,"column":77}}],"line":225},"7":{"loc":{"start":{"line":243,"column":8},"end":{"line":243,"column":34}},"type":"binary-expr","locations":[{"start":{"line":243,"column":8},"end":{"line":243,"column":28}},{"start":{"line":243,"column":32},"end":{"line":243,"column":34}}],"line":243},"8":{"loc":{"start":{"line":264,"column":2},"end":{"line":271,"column":2}},"type":"binary-expr","locations":[{"start":{"line":264,"column":2},"end":{"line":264,"column":12}},{"start":{"line":265,"column":1},"end":{"line":270,"column":7}}],"line":264},"9":{"loc":{"start":{"line":279,"column":8},"end":{"line":279,"column":58}},"type":"cond-expr","locations":[{"start":{"line":279,"column":23},"end":{"line":279,"column":38}},{"start":{"line":279,"column":41},"end":{"line":279,"column":58}}],"line":279},"10":{"loc":{"start":{"line":289,"column":8},"end":{"line":289,"column":30}},"type":"binary-expr","locations":[{"start":{"line":289,"column":8},"end":{"line":289,"column":24}},{"start":{"line":289,"column":28},"end":{"line":289,"column":30}}],"line":289},"11":{"loc":{"start":{"line":302,"column":8},"end":{"line":302,"column":30}},"type":"binary-expr","locations":[{"start":{"line":302,"column":8},"end":{"line":302,"column":24}},{"start":{"line":302,"column":28},"end":{"line":302,"column":30}}],"line":302},"12":{"loc":{"start":{"line":316,"column":8},"end":{"line":316,"column":30}},"type":"binary-expr","locations":[{"start":{"line":316,"column":8},"end":{"line":316,"column":24}},{"start":{"line":316,"column":28},"end":{"line":316,"column":30}}],"line":316},"13":{"loc":{"start":{"line":332,"column":42},"end":{"line":332,"column":94}},"type":"binary-expr","locations":[{"start":{"line":332,"column":42},"end":{"line":332,"column":66}},{"start":{"line":332,"column":70},"end":{"line":332,"column":94}}],"line":332},"14":{"loc":{"start":{"line":333,"column":2},"end":{"line":333,"column":163}},"type":"cond-expr","locations":[{"start":{"line":333,"column":59},"end":{"line":333,"column":105}},{"start":{"line":333,"column":108},"end":{"line":333,"column":163}}],"line":333},"15":{"loc":{"start":{"line":333,"column":3},"end":{"line":333,"column":55}},"type":"binary-expr","locations":[{"start":{"line":333,"column":3},"end":{"line":333,"column":27}},{"start":{"line":333,"column":31},"end":{"line":333,"column":55}}],"line":333},"16":{"loc":{"start":{"line":334,"column":25},"end":{"line":334,"column":60}},"type":"cond-expr","locations":[{"start":{"line":334,"column":40},"end":{"line":334,"column":47}},{"start":{"line":334,"column":50},"end":{"line":334,"column":60}}],"line":334}},"s":{"0":0,"1":0,"2":0,"3":0,"4":0,"5":0,"6":0,"7":0,"8":0,"9":0,"10":0,"11":0,"12":0,"13":0,"14":0,"15":0,"16":0,"17":0,"18":0,"19":0,"20":0,"21":0,"22":0,"23":0,"24":0,"25":0,"26":0,"27":0,"28":0,"29":0,"30":0,"31":0,"32":0,"33":0,"34":0,"35":0,"36":0,"37":0,"38":0,"39":0,"40":0,"41":0,"42":0,"43":0,"44":0,"45":0,"46":0,"47":0,"48":0,"49":0,"50":0,"51":0,"52":0,"53":0,"54":0,"55":0,"56":0,"57":0,"58":0,"59":0,"60":0,"61":0,"62":0,"63":0,"64":0,"65":0,"66":0,"67":0},"f":{"0":0,"1":0,"2":0,"3":0,"4":0,"5":0,"6":0,"7":0,"8":0,"9":0,"10":0,"11":0,"12":0,"13":0,"14":0,"15":0,"16":0,"17":0,"18":0,"19":0,"20":0,"21":0,"22":0,"23":0,"24":0,"25":0,"26":0,"27":0,"28":0,"29":0,"30":0,"31":0,"32":0,"33":0,"34":0,"35":0},"b":{"0":[0,0],"1":[0,0],"2":[0,0],"3":[0,0],"4":[0,0],"5":[0,0],"6":[0,0],"7":[0,0],"8":[0,0],"9":[0,0],"10":[0,0],"11":[0,0],"12":[0,0],"13":[0,0],"14":[0,0],"15":[0,0],"16":[0,0]},"_coverageSchema":"1a1c01bbd47fc00a2c39e90264f33305004495a9","hash":"9c5af0ab2abedf622f9d8bc6cedd84dcc42ce797"},"D:\\project\\egov-enterprise\\frontend\\src\\app\\admin\\community\\boards\\master\\page.tsx":{"path":"D:\\project\\egov-enterprise\\frontend\\src\\app\\admin\\community\\boards\\master\\page.tsx","statementMap":{"0":{"start":{"line":6,"column":30},"end":{"line":9,"column":1}},"1":{"start":{"line":7,"column":8},"end":{"line":7,"column":80}},"2":{"start":{"line":7,"column":54},"end":{"line":7,"column":79}},"3":{"start":{"line":16,"column":2},"end":{"line":16,"column":35}}},"fnMap":{"0":{"name":"(anonymous_0)","decl":{"start":{"line":7,"column":2},"end":{"line":7,"column":3}},"loc":{"start":{"line":7,"column":8},"end":{"line":7,"column":80}},"line":7},"1":{"name":"(anonymous_1)","decl":{"start":{"line":7,"column":47},"end":{"line":7,"column":48}},"loc":{"start":{"line":7,"column":54},"end":{"line":7,"column":79}},"line":7},"2":{"name":"BoardMasterListPage","decl":{"start":{"line":15,"column":24},"end":{"line":15,"column":43}},"loc":{"start":{"line":15,"column":46},"end":{"line":17,"column":1}},"line":15}},"branchMap":{},"s":{"0":1,"1":0,"2":0,"3":0},"f":{"0":0,"1":0,"2":0},"b":{},"_coverageSchema":"1a1c01bbd47fc00a2c39e90264f33305004495a9","hash":"1d83d0245b260aa53f7eb5e27abb04267e7abde9"},"D:\\project\\egov-enterprise\\frontend\\src\\app\\admin\\work-hub\\WorkHubClient.tsx":{"path":"D:\\project\\egov-enterprise\\frontend\\src\\app\\admin\\work-hub\\WorkHubClient.tsx","statementMap":{"0":{"start":{"line":39,"column":17},"end":{"line":39,"column":28}},"1":{"start":{"line":40,"column":23},"end":{"line":40,"column":40}},"2":{"start":{"line":41,"column":22},"end":{"line":41,"column":38}},"3":{"start":{"line":43,"column":19},"end":{"line":43,"column":42}},"4":{"start":{"line":44,"column":21},"end":{"line":47,"column":173}},"5":{"start":{"line":49,"column":35},"end":{"line":49,"column":86}},"6":{"start":{"line":50,"column":44},"end":{"line":50,"column":56}},"7":{"start":{"line":51,"column":40},"end":{"line":51,"column":60}},"8":{"start":{"line":53,"column":17},"end":{"line":58,"column":3}},"9":{"start":{"line":54,"column":4},"end":{"line":54,"column":21}},"10":{"start":{"line":55,"column":19},"end":{"line":55,"column":52}},"11":{"start":{"line":56,"column":4},"end":{"line":56,"column":27}},"12":{"start":{"line":57,"column":4},"end":{"line":57,"column":75}},"13":{"start":{"line":60,"column":53},"end":{"line":64,"column":4}},"14":{"start":{"line":62,"column":19},"end":{"line":62,"column":83}},"15":{"start":{"line":65,"column":15},"end":{"line":65,"column":34}},"16":{"start":{"line":67,"column":59},"end":{"line":71,"column":4}},"17":{"start":{"line":69,"column":19},"end":{"line":69,"column":92}},"18":{"start":{"line":72,"column":18},"end":{"line":72,"column":40}},"19":{"start":{"line":74,"column":36},"end":{"line":105,"column":3}},"20":{"start":{"line":77,"column":30},"end":{"line":77,"column":140}},"21":{"start":{"line":83,"column":8},"end":{"line":86,"column":14}},"22":{"start":{"line":91,"column":26},"end":{"line":91,"column":131}},"23":{"start":{"line":97,"column":8},"end":{"line":101,"column":14}},"24":{"start":{"line":107,"column":39},"end":{"line":138,"column":3}},"25":{"start":{"line":110,"column":30},"end":{"line":110,"column":140}},"26":{"start":{"line":116,"column":8},"end":{"line":119,"column":14}},"27":{"start":{"line":124,"column":26},"end":{"line":124,"column":112}},"28":{"start":{"line":130,"column":8},"end":{"line":134,"column":14}},"29":{"start":{"line":140,"column":2},"end":{"line":218,"column":4}},"30":{"start":{"line":159,"column":32},"end":{"line":159,"column":45}},"31":{"start":{"line":167,"column":32},"end":{"line":167,"column":48}},"32":{"start":{"line":198,"column":33},"end":{"line":198,"column":65}}},"fnMap":{"0":{"name":"WorkHubClient","decl":{"start":{"line":38,"column":24},"end":{"line":38,"column":37}},"loc":{"start":{"line":38,"column":121},"end":{"line":219,"column":1}},"line":38},"1":{"name":"(anonymous_1)","decl":{"start":{"line":53,"column":17},"end":{"line":53,"column":18}},"loc":{"start":{"line":53,"column":57},"end":{"line":58,"column":3}},"line":53},"2":{"name":"(anonymous_2)","decl":{"start":{"line":62,"column":13},"end":{"line":62,"column":14}},"loc":{"start":{"line":62,"column":19},"end":{"line":62,"column":83}},"line":62},"3":{"name":"(anonymous_3)","decl":{"start":{"line":69,"column":13},"end":{"line":69,"column":14}},"loc":{"start":{"line":69,"column":19},"end":{"line":69,"column":92}},"line":69},"4":{"name":"(anonymous_4)","decl":{"start":{"line":77,"column":16},"end":{"line":77,"column":17}},"loc":{"start":{"line":77,"column":30},"end":{"line":77,"column":140}},"line":77},"5":{"name":"(anonymous_5)","decl":{"start":{"line":82,"column":16},"end":{"line":82,"column":17}},"loc":{"start":{"line":83,"column":8},"end":{"line":86,"column":14}},"line":83},"6":{"name":"(anonymous_6)","decl":{"start":{"line":91,"column":16},"end":{"line":91,"column":17}},"loc":{"start":{"line":91,"column":26},"end":{"line":91,"column":131}},"line":91},"7":{"name":"(anonymous_7)","decl":{"start":{"line":96,"column":16},"end":{"line":96,"column":17}},"loc":{"start":{"line":97,"column":8},"end":{"line":101,"column":14}},"line":97},"8":{"name":"(anonymous_8)","decl":{"start":{"line":110,"column":16},"end":{"line":110,"column":17}},"loc":{"start":{"line":110,"column":30},"end":{"line":110,"column":140}},"line":110},"9":{"name":"(anonymous_9)","decl":{"start":{"line":115,"column":16},"end":{"line":115,"column":17}},"loc":{"start":{"line":116,"column":8},"end":{"line":119,"column":14}},"line":116},"10":{"name":"(anonymous_10)","decl":{"start":{"line":124,"column":16},"end":{"line":124,"column":17}},"loc":{"start":{"line":124,"column":26},"end":{"line":124,"column":112}},"line":124},"11":{"name":"(anonymous_11)","decl":{"start":{"line":129,"column":16},"end":{"line":129,"column":17}},"loc":{"start":{"line":130,"column":8},"end":{"line":134,"column":14}},"line":130},"12":{"name":"(anonymous_12)","decl":{"start":{"line":159,"column":26},"end":{"line":159,"column":27}},"loc":{"start":{"line":159,"column":32},"end":{"line":159,"column":45}},"line":159},"13":{"name":"(anonymous_13)","decl":{"start":{"line":167,"column":26},"end":{"line":167,"column":27}},"loc":{"start":{"line":167,"column":32},"end":{"line":167,"column":48}},"line":167},"14":{"name":"(anonymous_14)","decl":{"start":{"line":198,"column":26},"end":{"line":198,"column":27}},"loc":{"start":{"line":198,"column":33},"end":{"line":198,"column":65}},"line":198}},"branchMap":{"0":{"loc":{"start":{"line":38,"column":46},"end":{"line":38,"column":62}},"type":"default-arg","locations":[{"start":{"line":38,"column":60},"end":{"line":38,"column":62}}],"line":38},"1":{"loc":{"start":{"line":38,"column":73},"end":{"line":38,"column":92}},"type":"default-arg","locations":[{"start":{"line":38,"column":90},"end":{"line":38,"column":92}}],"line":38},"2":{"loc":{"start":{"line":38,"column":94},"end":{"line":38,"column":112}},"type":"default-arg","locations":[{"start":{"line":38,"column":107},"end":{"line":38,"column":112}}],"line":38},"3":{"loc":{"start":{"line":44,"column":22},"end":{"line":47,"column":139}},"type":"cond-expr","locations":[{"start":{"line":44,"column":48},"end":{"line":44,"column":58}},{"start":{"line":45,"column":4},"end":{"line":47,"column":139}}],"line":44},"4":{"loc":{"start":{"line":45,"column":4},"end":{"line":47,"column":139}},"type":"cond-expr","locations":[{"start":{"line":45,"column":28},"end":{"line":45,"column":36}},{"start":{"line":46,"column":6},"end":{"line":47,"column":139}}],"line":45},"5":{"loc":{"start":{"line":46,"column":6},"end":{"line":47,"column":139}},"type":"cond-expr","locations":[{"start":{"line":46,"column":60},"end":{"line":46,"column":68}},{"start":{"line":47,"column":8},"end":{"line":47,"column":139}}],"line":46},"6":{"loc":{"start":{"line":46,"column":7},"end":{"line":46,"column":23}},"type":"binary-expr","locations":[{"start":{"line":46,"column":7},"end":{"line":46,"column":17}},{"start":{"line":46,"column":21},"end":{"line":46,"column":23}}],"line":46},"7":{"loc":{"start":{"line":47,"column":8},"end":{"line":47,"column":139}},"type":"cond-expr","locations":[{"start":{"line":47,"column":121},"end":{"line":47,"column":131}},{"start":{"line":47,"column":134},"end":{"line":47,"column":139}}],"line":47},"8":{"loc":{"start":{"line":47,"column":8},"end":{"line":47,"column":118}},"type":"binary-expr","locations":[{"start":{"line":47,"column":8},"end":{"line":47,"column":61}},{"start":{"line":47,"column":65},"end":{"line":47,"column":118}}],"line":47},"9":{"loc":{"start":{"line":47,"column":9},"end":{"line":47,"column":25}},"type":"binary-expr","locations":[{"start":{"line":47,"column":9},"end":{"line":47,"column":19}},{"start":{"line":47,"column":23},"end":{"line":47,"column":25}}],"line":47},"10":{"loc":{"start":{"line":47,"column":66},"end":{"line":47,"column":82}},"type":"binary-expr","locations":[{"start":{"line":47,"column":66},"end":{"line":47,"column":76}},{"start":{"line":47,"column":80},"end":{"line":47,"column":82}}],"line":47},"11":{"loc":{"start":{"line":65,"column":15},"end":{"line":65,"column":34}},"type":"binary-expr","locations":[{"start":{"line":65,"column":15},"end":{"line":65,"column":28}},{"start":{"line":65,"column":32},"end":{"line":65,"column":34}}],"line":65},"12":{"loc":{"start":{"line":72,"column":18},"end":{"line":72,"column":40}},"type":"binary-expr","locations":[{"start":{"line":72,"column":18},"end":{"line":72,"column":34}},{"start":{"line":72,"column":38},"end":{"line":72,"column":40}}],"line":72},"13":{"loc":{"start":{"line":91,"column":103},"end":{"line":91,"column":123}},"type":"binary-expr","locations":[{"start":{"line":91,"column":103},"end":{"line":91,"column":114}},{"start":{"line":91,"column":118},"end":{"line":91,"column":123}}],"line":91},"14":{"loc":{"start":{"line":158,"column":102},"end":{"line":158,"column":176}},"type":"cond-expr","locations":[{"start":{"line":158,"column":124},"end":{"line":158,"column":157}},{"start":{"line":158,"column":160},"end":{"line":158,"column":176}}],"line":158},"15":{"loc":{"start":{"line":166,"column":102},"end":{"line":166,"column":179}},"type":"cond-expr","locations":[{"start":{"line":166,"column":127},"end":{"line":166,"column":160}},{"start":{"line":166,"column":163},"end":{"line":166,"column":179}}],"line":166},"16":{"loc":{"start":{"line":187,"column":15},"end":{"line":187,"column":69}},"type":"cond-expr","locations":[{"start":{"line":187,"column":37},"end":{"line":187,"column":52}},{"start":{"line":187,"column":55},"end":{"line":187,"column":69}}],"line":187},"17":{"loc":{"start":{"line":188,"column":21},"end":{"line":188,"column":116}},"type":"cond-expr","locations":[{"start":{"line":188,"column":43},"end":{"line":188,"column":78}},{"start":{"line":188,"column":81},"end":{"line":188,"column":116}}],"line":188},"18":{"loc":{"start":{"line":189,"column":14},"end":{"line":189,"column":60}},"type":"cond-expr","locations":[{"start":{"line":189,"column":36},"end":{"line":189,"column":49}},{"start":{"line":189,"column":52},"end":{"line":189,"column":60}}],"line":189},"19":{"loc":{"start":{"line":207,"column":23},"end":{"line":207,"column":71}},"type":"cond-expr","locations":[{"start":{"line":207,"column":45},"end":{"line":207,"column":55}},{"start":{"line":207,"column":58},"end":{"line":207,"column":71}}],"line":207},"20":{"loc":{"start":{"line":208,"column":20},"end":{"line":208,"column":56}},"type":"cond-expr","locations":[{"start":{"line":208,"column":42},"end":{"line":208,"column":46}},{"start":{"line":208,"column":49},"end":{"line":208,"column":56}}],"line":208},"21":{"loc":{"start":{"line":209,"column":23},"end":{"line":209,"column":75}},"type":"cond-expr","locations":[{"start":{"line":209,"column":45},"end":{"line":209,"column":57}},{"start":{"line":209,"column":60},"end":{"line":209,"column":75}}],"line":209}},"s":{"0":0,"1":0,"2":0,"3":0,"4":0,"5":0,"6":0,"7":0,"8":0,"9":0,"10":0,"11":0,"12":0,"13":0,"14":0,"15":0,"16":0,"17":0,"18":0,"19":0,"20":0,"21":0,"22":0,"23":0,"24":0,"25":0,"26":0,"27":0,"28":0,"29":0,"30":0,"31":0,"32":0},"f":{"0":0,"1":0,"2":0,"3":0,"4":0,"5":0,"6":0,"7":0,"8":0,"9":0,"10":0,"11":0,"12":0,"13":0,"14":0},"b":{"0":[0],"1":[0],"2":[0],"3":[0,0],"4":[0,0],"5":[0,0],"6":[0,0],"7":[0,0],"8":[0,0],"9":[0,0],"10":[0,0],"11":[0,0],"12":[0,0],"13":[0,0],"14":[0,0],"15":[0,0],"16":[0,0],"17":[0,0],"18":[0,0],"19":[0,0],"20":[0,0],"21":[0,0]},"_coverageSchema":"1a1c01bbd47fc00a2c39e90264f33305004495a9","hash":"85bcf234c2be7a6fa202046bdf720fc240f2a9c0"},"D:\\project\\egov-enterprise\\frontend\\src\\app\\admin\\work-hub\\page.tsx":{"path":"D:\\project\\egov-enterprise\\frontend\\src\\app\\admin\\work-hub\\page.tsx","statementMap":{"0":{"start":{"line":7,"column":1},"end":{"line":7,"column":26}}},"fnMap":{"0":{"name":"WorkHubPage","decl":{"start":{"line":6,"column":24},"end":{"line":6,"column":35}},"loc":{"start":{"line":6,"column":38},"end":{"line":8,"column":1}},"line":6}},"branchMap":{},"s":{"0":0},"f":{"0":0},"b":{},"_coverageSchema":"1a1c01bbd47fc00a2c39e90264f33305004495a9","hash":"5f2fd136cbcfb086c3cf54dd134c1d30fb1277e0"}}