{"D:\\project\\egov-enterprise\\frontend\\src\\contexts\\AuthContext.tsx":{"path":"D:\\project\\egov-enterprise\\frontend\\src\\contexts\\AuthContext.tsx","statementMap":{"0":{"start":{"line":14,"column":20},"end":{"line":14,"column":73}},"1":{"start":{"line":23,"column":26},"end":{"line":23,"column":64}},"2":{"start":{"line":24,"column":32},"end":{"line":24,"column":54}},"3":{"start":{"line":26,"column":20},"end":{"line":64,"column":8}},"4":{"start":{"line":27,"column":4},"end":{"line":27,"column":46}},"5":{"start":{"line":27,"column":39},"end":{"line":27,"column":46}},"6":{"start":{"line":28,"column":18},"end":{"line":28,"column":53}},"7":{"start":{"line":31,"column":4},"end":{"line":37,"column":5}},"8":{"start":{"line":32,"column":6},"end":{"line":32,"column":20}},"9":{"start":{"line":33,"column":6},"end":{"line":33,"column":24}},"10":{"start":{"line":35,"column":6},"end":{"line":35,"column":86}},"11":{"start":{"line":36,"column":6},"end":{"line":36,"column":13}},"12":{"start":{"line":40,"column":22},"end":{"line":40,"column":95}},"13":{"start":{"line":40,"column":59},"end":{"line":40,"column":94}},"14":{"start":{"line":41,"column":4},"end":{"line":43,"column":5}},"15":{"start":{"line":42,"column":6},"end":{"line":42,"column":84}},"16":{"start":{"line":45,"column":4},"end":{"line":63,"column":5}},"17":{"start":{"line":46,"column":23},"end":{"line":46,"column":57}},"18":{"start":{"line":47,"column":6},"end":{"line":51,"column":7}},"19":{"start":{"line":48,"column":8},"end":{"line":48,"column":26}},"20":{"start":{"line":50,"column":8},"end":{"line":50,"column":22}},"21":{"start":{"line":54,"column":6},"end":{"line":56,"column":7}},"22":{"start":{"line":55,"column":8},"end":{"line":55,"column":59}},"23":{"start":{"line":57,"column":6},"end":{"line":57,"column":20}},"24":{"start":{"line":58,"column":6},"end":{"line":58,"column":45}},"25":{"start":{"line":59,"column":6},"end":{"line":59,"column":86}},"26":{"start":{"line":60,"column":6},"end":{"line":60,"column":83}},"27":{"start":{"line":62,"column":6},"end":{"line":62,"column":24}},"28":{"start":{"line":66,"column":16},"end":{"line":99,"column":8}},"29":{"start":{"line":67,"column":4},"end":{"line":98,"column":5}},"30":{"start":{"line":69,"column":24},"end":{"line":72,"column":7}},"31":{"start":{"line":73,"column":19},"end":{"line":73,"column":53}},"32":{"start":{"line":75,"column":6},"end":{"line":93,"column":7}},"33":{"start":{"line":77,"column":8},"end":{"line":77,"column":62}},"34":{"start":{"line":80,"column":8},"end":{"line":80,"column":97}},"35":{"start":{"line":81,"column":8},"end":{"line":83,"column":9}},"36":{"start":{"line":82,"column":10},"end":{"line":82,"column":89}},"37":{"start":{"line":86,"column":25},"end":{"line":86,"column":59}},"38":{"start":{"line":87,"column":8},"end":{"line":87,"column":26}},"39":{"start":{"line":92,"column":8},"end":{"line":92,"column":45}},"40":{"start":{"line":95,"column":22},"end":{"line":95,"column":82}},"41":{"start":{"line":96,"column":6},"end":{"line":96,"column":53}},"42":{"start":{"line":97,"column":6},"end":{"line":97,"column":31}},"43":{"start":{"line":101,"column":17},"end":{"line":114,"column":8}},"44":{"start":{"line":102,"column":4},"end":{"line":113,"column":5}},"45":{"start":{"line":103,"column":6},"end":{"line":103,"column":33}},"46":{"start":{"line":105,"column":6},"end":{"line":105,"column":53}},"47":{"start":{"line":107,"column":6},"end":{"line":107,"column":20}},"48":{"start":{"line":108,"column":6},"end":{"line":112,"column":7}},"49":{"start":{"line":109,"column":8},"end":{"line":109,"column":47}},"50":{"start":{"line":110,"column":8},"end":{"line":110,"column":88}},"51":{"start":{"line":111,"column":8},"end":{"line":111,"column":85}},"52":{"start":{"line":116,"column":2},"end":{"line":118,"column":18}},"53":{"start":{"line":117,"column":4},"end":{"line":117,"column":16}},"54":{"start":{"line":120,"column":2},"end":{"line":124,"column":4}},"55":{"start":{"line":127,"column":23},"end":{"line":133,"column":1}},"56":{"start":{"line":128,"column":18},"end":{"line":128,"column":41}},"57":{"start":{"line":129,"column":2},"end":{"line":131,"column":3}},"58":{"start":{"line":130,"column":4},"end":{"line":130,"column":67}},"59":{"start":{"line":132,"column":2},"end":{"line":132,"column":17}}},"fnMap":{"0":{"name":"AuthProvider","decl":{"start":{"line":16,"column":16},"end":{"line":16,"column":28}},"loc":{"start":{"line":22,"column":3},"end":{"line":125,"column":1}},"line":22},"1":{"name":"(anonymous_1)","decl":{"start":{"line":26,"column":32},"end":{"line":26,"column":33}},"loc":{"start":{"line":26,"column":44},"end":{"line":64,"column":3}},"line":26},"2":{"name":"(anonymous_2)","decl":{"start":{"line":40,"column":54},"end":{"line":40,"column":55}},"loc":{"start":{"line":40,"column":59},"end":{"line":40,"column":94}},"line":40},"3":{"name":"(anonymous_3)","decl":{"start":{"line":66,"column":28},"end":{"line":66,"column":29}},"loc":{"start":{"line":66,"column":75},"end":{"line":99,"column":3}},"line":66},"4":{"name":"(anonymous_4)","decl":{"start":{"line":101,"column":29},"end":{"line":101,"column":30}},"loc":{"start":{"line":101,"column":41},"end":{"line":114,"column":3}},"line":101},"5":{"name":"(anonymous_5)","decl":{"start":{"line":116,"column":12},"end":{"line":116,"column":13}},"loc":{"start":{"line":116,"column":18},"end":{"line":118,"column":3}},"line":116},"6":{"name":"(anonymous_6)","decl":{"start":{"line":127,"column":23},"end":{"line":127,"column":24}},"loc":{"start":{"line":127,"column":29},"end":{"line":133,"column":1}},"line":127}},"branchMap":{"0":{"loc":{"start":{"line":18,"column":2},"end":{"line":18,"column":20}},"type":"default-arg","locations":[{"start":{"line":18,"column":16},"end":{"line":18,"column":20}}],"line":18},"1":{"loc":{"start":{"line":27,"column":4},"end":{"line":27,"column":46}},"type":"if","locations":[{"start":{"line":27,"column":4},"end":{"line":27,"column":46}},{"start":{},"end":{}}],"line":27},"2":{"loc":{"start":{"line":31,"column":4},"end":{"line":37,"column":5}},"type":"if","locations":[{"start":{"line":31,"column":4},"end":{"line":37,"column":5}},{"start":{},"end":{}}],"line":31},"3":{"loc":{"start":{"line":41,"column":4},"end":{"line":43,"column":5}},"type":"if","locations":[{"start":{"line":41,"column":4},"end":{"line":43,"column":5}},{"start":{},"end":{}}],"line":41},"4":{"loc":{"start":{"line":41,"column":8},"end":{"line":41,"column":27}},"type":"binary-expr","locations":[{"start":{"line":41,"column":8},"end":{"line":41,"column":18}},{"start":{"line":41,"column":22},"end":{"line":41,"column":27}}],"line":41},"5":{"loc":{"start":{"line":47,"column":6},"end":{"line":51,"column":7}},"type":"if","locations":[{"start":{"line":47,"column":6},"end":{"line":51,"column":7}},{"start":{"line":49,"column":13},"end":{"line":51,"column":7}}],"line":47},"6":{"loc":{"start":{"line":54,"column":6},"end":{"line":56,"column":7}},"type":"if","locations":[{"start":{"line":54,"column":6},"end":{"line":56,"column":7}},{"start":{},"end":{}}],"line":54},"7":{"loc":{"start":{"line":75,"column":6},"end":{"line":93,"column":7}},"type":"if","locations":[{"start":{"line":75,"column":6},"end":{"line":93,"column":7}},{"start":{"line":91,"column":13},"end":{"line":93,"column":7}}],"line":75},"8":{"loc":{"start":{"line":75,"column":10},"end":{"line":75,"column":34}},"type":"binary-expr","locations":[{"start":{"line":75,"column":10},"end":{"line":75,"column":14}},{"start":{"line":75,"column":18},"end":{"line":75,"column":34}}],"line":75},"9":{"loc":{"start":{"line":81,"column":8},"end":{"line":83,"column":9}},"type":"if","locations":[{"start":{"line":81,"column":8},"end":{"line":83,"column":9}},{"start":{},"end":{}}],"line":81},"10":{"loc":{"start":{"line":95,"column":22},"end":{"line":95,"column":82}},"type":"cond-expr","locations":[{"start":{"line":95,"column":47},"end":{"line":95,"column":60}},{"start":{"line":95,"column":63},"end":{"line":95,"column":82}}],"line":95},"11":{"loc":{"start":{"line":108,"column":6},"end":{"line":112,"column":7}},"type":"if","locations":[{"start":{"line":108,"column":6},"end":{"line":112,"column":7}},{"start":{},"end":{}}],"line":108},"12":{"loc":{"start":{"line":129,"column":2},"end":{"line":131,"column":3}},"type":"if","locations":[{"start":{"line":129,"column":2},"end":{"line":131,"column":3}},{"start":{},"end":{}}],"line":129}},"s":{"0":1,"1":8,"2":8,"3":8,"4":1,"5":0,"6":1,"7":1,"8":1,"9":1,"10":1,"11":1,"12":0,"13":0,"14":0,"15":0,"16":0,"17":0,"18":0,"19":0,"20":0,"21":0,"22":0,"23":0,"24":0,"25":0,"26":0,"27":0,"28":8,"29":1,"30":1,"31":1,"32":1,"33":1,"34":1,"35":1,"36":1,"37":1,"38":1,"39":0,"40":0,"41":0,"42":0,"43":8,"44":0,"45":0,"46":0,"47":0,"48":0,"49":0,"50":0,"51":0,"52":8,"53":1,"54":8,"55":1,"56":47,"57":47,"58":0,"59":47},"f":{"0":8,"1":1,"2":0,"3":1,"4":0,"5":1,"6":47},"b":{"0":[0],"1":[0,1],"2":[1,0],"3":[0,0],"4":[0,0],"5":[0,0],"6":[0,0],"7":[1,0],"8":[1,1],"9":[1,0],"10":[0,0],"11":[0,0],"12":[0,47]},"_coverageSchema":"1a1c01bbd47fc00a2c39e90264f33305004495a9","hash":"755d91dd5bcf88a99ca93a2e8ba18ad978fc09d5"},"D:\\project\\egov-enterprise\\frontend\\src\\lib\\utils.ts":{"path":"D:\\project\\egov-enterprise\\frontend\\src\\lib\\utils.ts","statementMap":{"0":{"start":{"line":5,"column":1},"end":{"line":5,"column":29}}},"fnMap":{"0":{"name":"cn","decl":{"start":{"line":4,"column":16},"end":{"line":4,"column":18}},"loc":{"start":{"line":4,"column":44},"end":{"line":6,"column":1}},"line":4}},"branchMap":{},"s":{"0":270},"f":{"0":270},"b":{},"_coverageSchema":"1a1c01bbd47fc00a2c39e90264f33305004495a9","hash":"cf65ca186386f122e3b3b3dd5281a612291db0cf"},"D:\\project\\egov-enterprise\\frontend\\src\\components\\ui\\button.tsx":{"path":"D:\\project\\egov-enterprise\\frontend\\src\\components\\ui\\button.tsx","statementMap":{"0":{"start":{"line":8,"column":23},"end":{"line":40,"column":1}},"1":{"start":{"line":42,"column":15},"end":{"line":72,"column":2}},"2":{"start":{"line":50,"column":14},"end":{"line":50,"column":44}},"3":{"start":{"line":52,"column":1},"end":{"line":71,"column":2}},"4":{"start":{"line":73,"column":0},"end":{"line":73,"column":29}}},"fnMap":{"0":{"name":"(anonymous_0)","decl":{"start":{"line":49,"column":2},"end":{"line":49,"column":3}},"loc":{"start":{"line":49,"column":97},"end":{"line":72,"column":1}},"line":49}},"branchMap":{"0":{"loc":{"start":{"line":49,"column":31},"end":{"line":49,"column":46}},"type":"default-arg","locations":[{"start":{"line":49,"column":41},"end":{"line":49,"column":46}}],"line":49},"1":{"loc":{"start":{"line":49,"column":48},"end":{"line":49,"column":65}},"type":"default-arg","locations":[{"start":{"line":49,"column":60},"end":{"line":49,"column":65}}],"line":49},"2":{"loc":{"start":{"line":50,"column":14},"end":{"line":50,"column":44}},"type":"cond-expr","locations":[{"start":{"line":50,"column":24},"end":{"line":50,"column":33}},{"start":{"line":50,"column":36},"end":{"line":50,"column":44}}],"line":50},"3":{"loc":{"start":{"line":59,"column":11},"end":{"line":59,"column":38}},"type":"binary-expr","locations":[{"start":{"line":59,"column":11},"end":{"line":59,"column":20}},{"start":{"line":59,"column":24},"end":{"line":59,"column":38}}],"line":59},"4":{"loc":{"start":{"line":62,"column":2},"end":{"line":69,"column":2}},"type":"cond-expr","locations":[{"start":{"line":63,"column":1},"end":{"line":63,"column":9}},{"start":{"line":65,"column":1},"end":{"line":68,"column":8}}],"line":62},"5":{"loc":{"start":{"line":66,"column":2},"end":{"line":66,"column":57}},"type":"cond-expr","locations":[{"start":{"line":66,"column":14},"end":{"line":66,"column":50}},{"start":{"line":66,"column":53},"end":{"line":66,"column":57}}],"line":66}},"s":{"0":1,"1":1,"2":67,"3":67,"4":1},"f":{"0":67},"b":{"0":[67],"1":[67],"2":[0,67],"3":[67,67],"4":[0,67],"5":[0,67]},"_coverageSchema":"1a1c01bbd47fc00a2c39e90264f33305004495a9","hash":"1ddeca896a782c60e3a21b8b4c008cfbb01b6eb0"},"D:\\project\\egov-enterprise\\frontend\\src\\components\\ui\\input.tsx":{"path":"D:\\project\\egov-enterprise\\frontend\\src\\components\\ui\\input.tsx","statementMap":{"0":{"start":{"line":5,"column":14},"end":{"line":22,"column":1}},"1":{"start":{"line":7,"column":1},"end":{"line":20,"column":2}},"2":{"start":{"line":23,"column":0},"end":{"line":23,"column":27}}},"fnMap":{"0":{"name":"(anonymous_0)","decl":{"start":{"line":6,"column":1},"end":{"line":6,"column":2}},"loc":{"start":{"line":6,"column":41},"end":{"line":21,"column":2}},"line":6}},"branchMap":{},"s":{"0":1,"1":18,"2":1},"f":{"0":18},"b":{},"_coverageSchema":"1a1c01bbd47fc00a2c39e90264f33305004495a9","hash":"f9b25737170a9a58067b118a143d67c41ace0ba1"},"D:\\project\\egov-enterprise\\frontend\\src\\components\\ui\\label.tsx":{"path":"D:\\project\\egov-enterprise\\frontend\\src\\components\\ui\\label.tsx","statementMap":{"0":{"start":{"line":6,"column":1},"end":{"line":15,"column":2}}},"fnMap":{"0":{"name":"Label","decl":{"start":{"line":5,"column":9},"end":{"line":5,"column":14}},"loc":{"start":{"line":5,"column":71},"end":{"line":16,"column":1}},"line":5}},"branchMap":{},"s":{"0":24},"f":{"0":24},"b":{},"_coverageSchema":"1a1c01bbd47fc00a2c39e90264f33305004495a9","hash":"c60380f03e4ac28e6dc2ac57b1dd3e98b77ba510"},"D:\\project\\egov-enterprise\\frontend\\src\\components\\ui\\checkbox.tsx":{"path":"D:\\project\\egov-enterprise\\frontend\\src\\components\\ui\\checkbox.tsx","statementMap":{"0":{"start":{"line":13,"column":1},"end":{"line":29,"column":2}}},"fnMap":{"0":{"name":"Checkbox","decl":{"start":{"line":9,"column":9},"end":{"line":9,"column":17}},"loc":{"start":{"line":12,"column":56},"end":{"line":30,"column":1}},"line":12}},"branchMap":{},"s":{"0":8},"f":{"0":8},"b":{},"_coverageSchema":"1a1c01bbd47fc00a2c39e90264f33305004495a9","hash":"589b54e8c5d43148a19f0b27b5cf67d1dfae10e2"},"D:\\project\\egov-enterprise\\frontend\\src\\components\\ui\\card.tsx":{"path":"D:\\project\\egov-enterprise\\frontend\\src\\components\\ui\\card.tsx","statementMap":{"0":{"start":{"line":6,"column":1},"end":{"line":15,"column":2}},"1":{"start":{"line":19,"column":1},"end":{"line":28,"column":2}},"2":{"start":{"line":32,"column":1},"end":{"line":38,"column":2}},"3":{"start":{"line":42,"column":1},"end":{"line":48,"column":2}},"4":{"start":{"line":52,"column":1},"end":{"line":61,"column":2}},"5":{"start":{"line":65,"column":1},"end":{"line":71,"column":2}},"6":{"start":{"line":75,"column":1},"end":{"line":81,"column":2}}},"fnMap":{"0":{"name":"Card","decl":{"start":{"line":5,"column":9},"end":{"line":5,"column":13}},"loc":{"start":{"line":5,"column":68},"end":{"line":16,"column":1}},"line":5},"1":{"name":"CardHeader","decl":{"start":{"line":18,"column":9},"end":{"line":18,"column":19}},"loc":{"start":{"line":18,"column":74},"end":{"line":29,"column":1}},"line":18},"2":{"name":"CardTitle","decl":{"start":{"line":31,"column":9},"end":{"line":31,"column":18}},"loc":{"start":{"line":31,"column":73},"end":{"line":39,"column":1}},"line":31},"3":{"name":"CardDescription","decl":{"start":{"line":41,"column":9},"end":{"line":41,"column":24}},"loc":{"start":{"line":41,"column":79},"end":{"line":49,"column":1}},"line":41},"4":{"name":"CardAction","decl":{"start":{"line":51,"column":9},"end":{"line":51,"column":19}},"loc":{"start":{"line":51,"column":74},"end":{"line":62,"column":1}},"line":51},"5":{"name":"CardContent","decl":{"start":{"line":64,"column":9},"end":{"line":64,"column":20}},"loc":{"start":{"line":64,"column":75},"end":{"line":72,"column":1}},"line":64},"6":{"name":"CardFooter","decl":{"start":{"line":74,"column":9},"end":{"line":74,"column":19}},"loc":{"start":{"line":74,"column":74},"end":{"line":82,"column":1}},"line":74}},"branchMap":{},"s":{"0":8,"1":8,"2":8,"3":8,"4":0,"5":8,"6":8},"f":{"0":8,"1":8,"2":8,"3":8,"4":0,"5":8,"6":8},"b":{},"_coverageSchema":"1a1c01bbd47fc00a2c39e90264f33305004495a9","hash":"ce5461d932e2bd679bb2e920ef31115566fd8cf2"},"D:\\project\\egov-enterprise\\frontend\\src\\constants\\messages.ts":{"path":"D:\\project\\egov-enterprise\\frontend\\src\\constants\\messages.ts","statementMap":{"0":{"start":{"line":4,"column":24},"end":{"line":125,"column":10}}},"fnMap":{},"branchMap":{},"s":{"0":1},"f":{},"b":{},"_coverageSchema":"1a1c01bbd47fc00a2c39e90264f33305004495a9","hash":"65529c4b285346d30781eb97318ab397a8532840"},"D:\\project\\egov-enterprise\\frontend\\src\\hooks\\useMessage.ts":{"path":"D:\\project\\egov-enterprise\\frontend\\src\\hooks\\useMessage.ts","statementMap":{"0":{"start":{"line":8,"column":12},"end":{"line":34,"column":8}},"1":{"start":{"line":9,"column":17},"end":{"line":9,"column":35}},"2":{"start":{"line":10,"column":27},"end":{"line":10,"column":35}},"3":{"start":{"line":12,"column":4},"end":{"line":19,"column":5}},"4":{"start":{"line":13,"column":6},"end":{"line":18,"column":7}},"5":{"start":{"line":14,"column":8},"end":{"line":14,"column":60}},"6":{"start":{"line":16,"column":8},"end":{"line":16,"column":58}},"7":{"start":{"line":17,"column":8},"end":{"line":17,"column":23}},"8":{"start":{"line":21,"column":4},"end":{"line":24,"column":5}},"9":{"start":{"line":22,"column":6},"end":{"line":22,"column":62}},"10":{"start":{"line":23,"column":6},"end":{"line":23,"column":21}},"11":{"start":{"line":26,"column":26},"end":{"line":26,"column":33}},"12":{"start":{"line":27,"column":4},"end":{"line":31,"column":5}},"13":{"start":{"line":28,"column":6},"end":{"line":30,"column":9}},"14":{"start":{"line":29,"column":8},"end":{"line":29,"column":64}},"15":{"start":{"line":33,"column":4},"end":{"line":33,"column":19}},"16":{"start":{"line":36,"column":2},"end":{"line":36,"column":15}}},"fnMap":{"0":{"name":"useMessage","decl":{"start":{"line":7,"column":16},"end":{"line":7,"column":26}},"loc":{"start":{"line":7,"column":29},"end":{"line":37,"column":1}},"line":7},"1":{"name":"(anonymous_1)","decl":{"start":{"line":8,"column":24},"end":{"line":8,"column":25}},"loc":{"start":{"line":8,"column":95},"end":{"line":34,"column":3}},"line":8},"2":{"name":"(anonymous_2)","decl":{"start":{"line":28,"column":37},"end":{"line":28,"column":38}},"loc":{"start":{"line":28,"column":55},"end":{"line":30,"column":7}},"line":28}},"branchMap":{"0":{"loc":{"start":{"line":13,"column":6},"end":{"line":18,"column":7}},"type":"if","locations":[{"start":{"line":13,"column":6},"end":{"line":18,"column":7}},{"start":{"line":15,"column":13},"end":{"line":18,"column":7}}],"line":13},"1":{"loc":{"start":{"line":13,"column":10},"end":{"line":13,"column":75}},"type":"binary-expr","locations":[{"start":{"line":13,"column":10},"end":{"line":13,"column":37}},{"start":{"line":13,"column":41},"end":{"line":13,"column":57}},{"start":{"line":13,"column":61},"end":{"line":13,"column":75}}],"line":13},"2":{"loc":{"start":{"line":21,"column":4},"end":{"line":24,"column":5}},"type":"if","locations":[{"start":{"line":21,"column":4},"end":{"line":24,"column":5}},{"start":{},"end":{}}],"line":21},"3":{"loc":{"start":{"line":27,"column":4},"end":{"line":31,"column":5}},"type":"if","locations":[{"start":{"line":27,"column":4},"end":{"line":31,"column":5}},{"start":{},"end":{}}],"line":27}},"s":{"0":8,"1":0,"2":0,"3":0,"4":0,"5":0,"6":0,"7":0,"8":0,"9":0,"10":0,"11":0,"12":0,"13":0,"14":0,"15":0,"16":8},"f":{"0":8,"1":0,"2":0},"b":{"0":[0,0],"1":[0,0,0],"2":[0,0],"3":[0,0]},"_coverageSchema":"1a1c01bbd47fc00a2c39e90264f33305004495a9","hash":"b935726bf1b4bf596f88b42c310934a3447a00b8"},"D:\\project\\egov-enterprise\\frontend\\src\\app\\login\\page.tsx":{"path":"D:\\project\\egov-enterprise\\frontend\\src\\app\\login\\page.tsx","statementMap":{"0":{"start":{"line":17,"column":18},"end":{"line":17,"column":30}},"1":{"start":{"line":18,"column":24},"end":{"line":18,"column":36}},"2":{"start":{"line":19,"column":36},"end":{"line":19,"column":48}},"3":{"start":{"line":20,"column":44},"end":{"line":20,"column":59}},"4":{"start":{"line":21,"column":30},"end":{"line":21,"column":42}},"5":{"start":{"line":22,"column":44},"end":{"line":22,"column":59}},"6":{"start":{"line":23,"column":36},"end":{"line":23,"column":47}},"7":{"start":{"line":24,"column":37},"end":{"line":24,"column":46}},"8":{"start":{"line":25,"column":19},"end":{"line":25,"column":30}},"9":{"start":{"line":28,"column":4},"end":{"line":32,"column":32}},"10":{"start":{"line":29,"column":8},"end":{"line":31,"column":9}},"11":{"start":{"line":30,"column":12},"end":{"line":30,"column":46}},"12":{"start":{"line":34,"column":25},"end":{"line":34,"column":42}},"13":{"start":{"line":35,"column":24},"end":{"line":35,"column":73}},"14":{"start":{"line":37,"column":25},"end":{"line":66,"column":5}},"15":{"start":{"line":38,"column":8},"end":{"line":38,"column":27}},"16":{"start":{"line":39,"column":8},"end":{"line":42,"column":9}},"17":{"start":{"line":40,"column":12},"end":{"line":40,"column":44}},"18":{"start":{"line":41,"column":12},"end":{"line":41,"column":19}},"19":{"start":{"line":44,"column":8},"end":{"line":44,"column":21}},"20":{"start":{"line":45,"column":8},"end":{"line":45,"column":30}},"21":{"start":{"line":46,"column":8},"end":{"line":46,"column":23}},"22":{"start":{"line":48,"column":8},"end":{"line":65,"column":9}},"23":{"start":{"line":49,"column":12},"end":{"line":49,"column":42}},"24":{"start":{"line":53,"column":12},"end":{"line":53,"column":67}},"25":{"start":{"line":53,"column":41},"end":{"line":53,"column":65}},"26":{"start":{"line":54,"column":12},"end":{"line":54,"column":58}},"27":{"start":{"line":56,"column":12},"end":{"line":59,"column":20}},"28":{"start":{"line":57,"column":16},"end":{"line":57,"column":44}},"29":{"start":{"line":58,"column":16},"end":{"line":58,"column":33}},"30":{"start":{"line":61,"column":12},"end":{"line":61,"column":31}},"31":{"start":{"line":62,"column":12},"end":{"line":62,"column":60}},"32":{"start":{"line":63,"column":12},"end":{"line":63,"column":35}},"33":{"start":{"line":64,"column":12},"end":{"line":64,"column":27}},"34":{"start":{"line":68,"column":4},"end":{"line":239,"column":6}},"35":{"start":{"line":150,"column":57},"end":{"line":150,"column":78}},"36":{"start":{"line":172,"column":57},"end":{"line":172,"column":84}},"37":{"start":{"line":180,"column":55},"end":{"line":180,"column":85}},"38":{"start":{"line":243,"column":4},"end":{"line":247,"column":6}}},"fnMap":{"0":{"name":"LoginContent","decl":{"start":{"line":16,"column":9},"end":{"line":16,"column":21}},"loc":{"start":{"line":16,"column":24},"end":{"line":240,"column":1}},"line":16},"1":{"name":"(anonymous_1)","decl":{"start":{"line":28,"column":20},"end":{"line":28,"column":21}},"loc":{"start":{"line":28,"column":26},"end":{"line":32,"column":5}},"line":28},"2":{"name":"(anonymous_2)","decl":{"start":{"line":37,"column":25},"end":{"line":37,"column":26}},"loc":{"start":{"line":37,"column":55},"end":{"line":66,"column":5}},"line":37},"3":{"name":"(anonymous_3)","decl":{"start":{"line":53,"column":30},"end":{"line":53,"column":31}},"loc":{"start":{"line":53,"column":41},"end":{"line":53,"column":65}},"line":53},"4":{"name":"(anonymous_4)","decl":{"start":{"line":56,"column":23},"end":{"line":56,"column":24}},"loc":{"start":{"line":56,"column":29},"end":{"line":59,"column":13}},"line":56},"5":{"name":"(anonymous_5)","decl":{"start":{"line":150,"column":50},"end":{"line":150,"column":51}},"loc":{"start":{"line":150,"column":57},"end":{"line":150,"column":78}},"line":150},"6":{"name":"(anonymous_6)","decl":{"start":{"line":172,"column":50},"end":{"line":172,"column":51}},"loc":{"start":{"line":172,"column":57},"end":{"line":172,"column":84}},"line":172},"7":{"name":"(anonymous_7)","decl":{"start":{"line":180,"column":49},"end":{"line":180,"column":50}},"loc":{"start":{"line":180,"column":55},"end":{"line":180,"column":85}},"line":180},"8":{"name":"LoginPage","decl":{"start":{"line":242,"column":24},"end":{"line":242,"column":33}},"loc":{"start":{"line":242,"column":36},"end":{"line":248,"column":1}},"line":242}},"branchMap":{"0":{"loc":{"start":{"line":29,"column":8},"end":{"line":31,"column":9}},"type":"if","locations":[{"start":{"line":29,"column":8},"end":{"line":31,"column":9}},{"start":{},"end":{}}],"line":29},"1":{"loc":{"start":{"line":29,"column":12},"end":{"line":29,"column":28}},"type":"binary-expr","locations":[{"start":{"line":29,"column":12},"end":{"line":29,"column":20}},{"start":{"line":29,"column":24},"end":{"line":29,"column":28}}],"line":29},"2":{"loc":{"start":{"line":35,"column":24},"end":{"line":35,"column":73}},"type":"binary-expr","locations":[{"start":{"line":35,"column":24},"end":{"line":35,"column":52}},{"start":{"line":35,"column":56},"end":{"line":35,"column":73}}],"line":35},"3":{"loc":{"start":{"line":39,"column":8},"end":{"line":42,"column":9}},"type":"if","locations":[{"start":{"line":39,"column":8},"end":{"line":42,"column":9}},{"start":{},"end":{}}],"line":39},"4":{"loc":{"start":{"line":39,"column":12},"end":{"line":39,"column":28}},"type":"binary-expr","locations":[{"start":{"line":39,"column":12},"end":{"line":39,"column":15}},{"start":{"line":39,"column":19},"end":{"line":39,"column":28}}],"line":39},"5":{"loc":{"start":{"line":62,"column":21},"end":{"line":62,"column":58}},"type":"binary-expr","locations":[{"start":{"line":62,"column":21},"end":{"line":62,"column":32}},{"start":{"line":62,"column":36},"end":{"line":62,"column":58}}],"line":62},"6":{"loc":{"start":{"line":86,"column":25},"end":{"line":114,"column":25}},"type":"binary-expr","locations":[{"start":{"line":86,"column":25},"end":{"line":86,"column":37}},{"start":{"line":87,"column":28},"end":{"line":113,"column":41}}],"line":86},"7":{"loc":{"start":{"line":98,"column":37},"end":{"line":102,"column":37}},"type":"cond-expr","locations":[{"start":{"line":99,"column":40},"end":{"line":99,"column":99}},{"start":{"line":101,"column":40},"end":{"line":101,"column":94}}],"line":98},"8":{"loc":{"start":{"line":107,"column":41},"end":{"line":107,"column":78}},"type":"cond-expr","locations":[{"start":{"line":107,"column":58},"end":{"line":107,"column":68}},{"start":{"line":107,"column":71},"end":{"line":107,"column":78}}],"line":107},"9":{"loc":{"start":{"line":110,"column":41},"end":{"line":110,"column":100}},"type":"cond-expr","locations":[{"start":{"line":110,"column":58},"end":{"line":110,"column":77}},{"start":{"line":110,"column":80},"end":{"line":110,"column":100}}],"line":110},"10":{"loc":{"start":{"line":169,"column":46},"end":{"line":169,"column":80}},"type":"cond-expr","locations":[{"start":{"line":169,"column":61},"end":{"line":169,"column":67}},{"start":{"line":169,"column":70},"end":{"line":169,"column":80}}],"line":169},"11":{"loc":{"start":{"line":183,"column":41},"end":{"line":183,"column":116}},"type":"cond-expr","locations":[{"start":{"line":183,"column":56},"end":{"line":183,"column":86}},{"start":{"line":183,"column":89},"end":{"line":183,"column":116}}],"line":183},"12":{"loc":{"start":{"line":203,"column":29},"end":{"line":212,"column":29}},"type":"binary-expr","locations":[{"start":{"line":203,"column":29},"end":{"line":203,"column":34}},{"start":{"line":204,"column":32},"end":{"line":211,"column":45}}],"line":203}},"s":{"0":8,"1":8,"2":8,"3":8,"4":8,"5":8,"6":8,"7":8,"8":8,"9":8,"10":3,"11":1,"12":8,"13":8,"14":8,"15":1,"16":1,"17":0,"18":0,"19":1,"20":1,"21":1,"22":1,"23":1,"24":1,"25":1,"26":0,"27":0,"28":0,"29":0,"30":0,"31":0,"32":0,"33":0,"34":8,"35":1,"36":1,"37":0,"38":2},"f":{"0":8,"1":3,"2":1,"3":1,"4":0,"5":1,"6":1,"7":0,"8":2},"b":{"0":[1,2],"1":[3,2],"2":[8,8],"3":[0,1],"4":[1,1],"5":[0,0],"6":[8,3],"7":[3,0],"8":[3,0],"9":[3,0],"10":[0,8],"11":[0,8],"12":[8,0]},"_coverageSchema":"1a1c01bbd47fc00a2c39e90264f33305004495a9","hash":"7b5c9640ce92f613845c35c379ea372d976ffae7"},"D:\\project\\egov-enterprise\\frontend\\src\\app\\components\\theme-provider.tsx":{"path":"D:\\project\\egov-enterprise\\frontend\\src\\app\\components\\theme-provider.tsx","statementMap":{"0":{"start":{"line":9,"column":1},"end":{"line":19,"column":3}}},"fnMap":{"0":{"name":"ThemeProvider","decl":{"start":{"line":8,"column":16},"end":{"line":8,"column":29}},"loc":{"start":{"line":8,"column":74},"end":{"line":20,"column":1}},"line":8}},"branchMap":{},"s":{"0":1},"f":{"0":1},"b":{},"_coverageSchema":"1a1c01bbd47fc00a2c39e90264f33305004495a9","hash":"f1b77560d91f03341087764ee40d78e06020bf3a"},"D:\\project\\egov-enterprise\\frontend\\src\\app\\components\\ui\\toast.tsx":{"path":"D:\\project\\egov-enterprise\\frontend\\src\\app\\components\\ui\\toast.tsx","statementMap":{"0":{"start":{"line":22,"column":21},"end":{"line":22,"column":75}},"1":{"start":{"line":25,"column":30},"end":{"line":25,"column":51}},"2":{"start":{"line":27,"column":22},"end":{"line":29,"column":8}},"3":{"start":{"line":28,"column":4},"end":{"line":28,"column":57}},"4":{"start":{"line":28,"column":24},"end":{"line":28,"column":55}},"5":{"start":{"line":28,"column":43},"end":{"line":28,"column":54}},"6":{"start":{"line":31,"column":16},"end":{"line":43,"column":19}},"7":{"start":{"line":33,"column":27},"end":{"line":35,"column":103}},"8":{"start":{"line":37,"column":15},"end":{"line":37,"column":57}},"9":{"start":{"line":38,"column":4},"end":{"line":38,"column":74}},"10":{"start":{"line":38,"column":24},"end":{"line":38,"column":72}},"11":{"start":{"line":40,"column":4},"end":{"line":42,"column":5}},"12":{"start":{"line":41,"column":6},"end":{"line":41,"column":46}},"13":{"start":{"line":41,"column":23},"end":{"line":41,"column":38}},"14":{"start":{"line":45,"column":18},"end":{"line":45,"column":86}},"15":{"start":{"line":45,"column":51},"end":{"line":45,"column":76}},"16":{"start":{"line":46,"column":16},"end":{"line":46,"column":82}},"17":{"start":{"line":46,"column":49},"end":{"line":46,"column":72}},"18":{"start":{"line":49,"column":2},"end":{"line":62,"column":14}},"19":{"start":{"line":50,"column":27},"end":{"line":58,"column":5}},"20":{"start":{"line":51,"column":21},"end":{"line":51,"column":46}},"21":{"start":{"line":52,"column":6},"end":{"line":52,"column":26}},"22":{"start":{"line":52,"column":19},"end":{"line":52,"column":26}},"23":{"start":{"line":53,"column":34},"end":{"line":53,"column":40}},"24":{"start":{"line":55,"column":6},"end":{"line":57,"column":7}},"25":{"start":{"line":56,"column":8},"end":{"line":56,"column":23}},"26":{"start":{"line":60,"column":4},"end":{"line":60,"column":57}},"27":{"start":{"line":61,"column":4},"end":{"line":61,"column":73}},"28":{"start":{"line":61,"column":17},"end":{"line":61,"column":72}},"29":{"start":{"line":64,"column":2},"end":{"line":95,"column":4}},"30":{"start":{"line":69,"column":10},"end":{"line":91,"column":16}},"31":{"start":{"line":88,"column":35},"end":{"line":88,"column":52}},"32":{"start":{"line":98,"column":24},"end":{"line":102,"column":1}},"33":{"start":{"line":99,"column":18},"end":{"line":99,"column":42}},"34":{"start":{"line":100,"column":2},"end":{"line":100,"column":78}},"35":{"start":{"line":100,"column":16},"end":{"line":100,"column":78}},"36":{"start":{"line":101,"column":2},"end":{"line":101,"column":17}}},"fnMap":{"0":{"name":"ToastProvider","decl":{"start":{"line":24,"column":16},"end":{"line":24,"column":29}},"loc":{"start":{"line":24,"column":75},"end":{"line":96,"column":1}},"line":24},"1":{"name":"(anonymous_1)","decl":{"start":{"line":27,"column":34},"end":{"line":27,"column":35}},"loc":{"start":{"line":27,"column":50},"end":{"line":29,"column":3}},"line":27},"2":{"name":"(anonymous_2)","decl":{"start":{"line":28,"column":14},"end":{"line":28,"column":15}},"loc":{"start":{"line":28,"column":24},"end":{"line":28,"column":55}},"line":28},"3":{"name":"(anonymous_3)","decl":{"start":{"line":28,"column":36},"end":{"line":28,"column":37}},"loc":{"start":{"line":28,"column":43},"end":{"line":28,"column":54}},"line":28},"4":{"name":"(anonymous_4)","decl":{"start":{"line":31,"column":28},"end":{"line":31,"column":29}},"loc":{"start":{"line":31,"column":76},"end":{"line":43,"column":3}},"line":31},"5":{"name":"(anonymous_5)","decl":{"start":{"line":38,"column":14},"end":{"line":38,"column":15}},"loc":{"start":{"line":38,"column":24},"end":{"line":38,"column":72}},"line":38},"6":{"name":"(anonymous_6)","decl":{"start":{"line":41,"column":17},"end":{"line":41,"column":18}},"loc":{"start":{"line":41,"column":23},"end":{"line":41,"column":38}},"line":41},"7":{"name":"(anonymous_7)","decl":{"start":{"line":45,"column":30},"end":{"line":45,"column":31}},"loc":{"start":{"line":45,"column":51},"end":{"line":45,"column":76}},"line":45},"8":{"name":"(anonymous_8)","decl":{"start":{"line":46,"column":28},"end":{"line":46,"column":29}},"loc":{"start":{"line":46,"column":49},"end":{"line":46,"column":72}},"line":46},"9":{"name":"(anonymous_9)","decl":{"start":{"line":49,"column":12},"end":{"line":49,"column":13}},"loc":{"start":{"line":49,"column":18},"end":{"line":62,"column":3}},"line":49},"10":{"name":"(anonymous_10)","decl":{"start":{"line":50,"column":27},"end":{"line":50,"column":28}},"loc":{"start":{"line":50,"column":41},"end":{"line":58,"column":5}},"line":50},"11":{"name":"(anonymous_11)","decl":{"start":{"line":61,"column":11},"end":{"line":61,"column":12}},"loc":{"start":{"line":61,"column":17},"end":{"line":61,"column":72}},"line":61},"12":{"name":"(anonymous_12)","decl":{"start":{"line":68,"column":20},"end":{"line":68,"column":21}},"loc":{"start":{"line":69,"column":10},"end":{"line":91,"column":16}},"line":69},"13":{"name":"(anonymous_13)","decl":{"start":{"line":88,"column":29},"end":{"line":88,"column":30}},"loc":{"start":{"line":88,"column":35},"end":{"line":88,"column":52}},"line":88},"14":{"name":"(anonymous_14)","decl":{"start":{"line":98,"column":24},"end":{"line":98,"column":25}},"loc":{"start":{"line":98,"column":30},"end":{"line":102,"column":1}},"line":98}},"branchMap":{"0":{"loc":{"start":{"line":31,"column":47},"end":{"line":31,"column":71}},"type":"default-arg","locations":[{"start":{"line":31,"column":65},"end":{"line":31,"column":71}}],"line":31},"1":{"loc":{"start":{"line":33,"column":27},"end":{"line":35,"column":103}},"type":"cond-expr","locations":[{"start":{"line":34,"column":8},"end":{"line":34,"column":15}},{"start":{"line":35,"column":9},"end":{"line":35,"column":102}}],"line":33},"2":{"loc":{"start":{"line":35,"column":9},"end":{"line":35,"column":102}},"type":"binary-expr","locations":[{"start":{"line":35,"column":9},"end":{"line":35,"column":51}},{"start":{"line":35,"column":55},"end":{"line":35,"column":78}},{"start":{"line":35,"column":82},"end":{"line":35,"column":102}}],"line":35},"3":{"loc":{"start":{"line":40,"column":4},"end":{"line":42,"column":5}},"type":"if","locations":[{"start":{"line":40,"column":4},"end":{"line":42,"column":5}},{"start":{},"end":{}}],"line":40},"4":{"loc":{"start":{"line":52,"column":6},"end":{"line":52,"column":26}},"type":"if","locations":[{"start":{"line":52,"column":6},"end":{"line":52,"column":26}},{"start":{},"end":{}}],"line":52},"5":{"loc":{"start":{"line":55,"column":6},"end":{"line":57,"column":7}},"type":"if","locations":[{"start":{"line":55,"column":6},"end":{"line":57,"column":7}},{"start":{},"end":{}}],"line":55},"6":{"loc":{"start":{"line":73,"column":14},"end":{"line":73,"column":146}},"type":"binary-expr","locations":[{"start":{"line":73,"column":14},"end":{"line":73,"column":34}},{"start":{"line":73,"column":38},"end":{"line":73,"column":146}}],"line":73},"7":{"loc":{"start":{"line":74,"column":14},"end":{"line":74,"column":132}},"type":"binary-expr","locations":[{"start":{"line":74,"column":14},"end":{"line":74,"column":32}},{"start":{"line":74,"column":36},"end":{"line":74,"column":132}}],"line":74},"8":{"loc":{"start":{"line":75,"column":14},"end":{"line":75,"column":137}},"type":"binary-expr","locations":[{"start":{"line":75,"column":14},"end":{"line":75,"column":31}},{"start":{"line":75,"column":35},"end":{"line":75,"column":137}}],"line":75},"9":{"loc":{"start":{"line":76,"column":14},"end":{"line":76,"column":95}},"type":"binary-expr","locations":[{"start":{"line":76,"column":14},"end":{"line":76,"column":34}},{"start":{"line":76,"column":38},"end":{"line":76,"column":95}}],"line":76},"10":{"loc":{"start":{"line":82,"column":15},"end":{"line":82,"column":70}},"type":"cond-expr","locations":[{"start":{"line":82,"column":38},"end":{"line":82,"column":63}},{"start":{"line":82,"column":66},"end":{"line":82,"column":70}}],"line":82},"11":{"loc":{"start":{"line":83,"column":15},"end":{"line":83,"column":68}},"type":"cond-expr","locations":[{"start":{"line":83,"column":36},"end":{"line":83,"column":61}},{"start":{"line":83,"column":64},"end":{"line":83,"column":68}}],"line":83},"12":{"loc":{"start":{"line":84,"column":15},"end":{"line":84,"column":60}},"type":"cond-expr","locations":[{"start":{"line":84,"column":35},"end":{"line":84,"column":53}},{"start":{"line":84,"column":56},"end":{"line":84,"column":60}}],"line":84},"13":{"loc":{"start":{"line":85,"column":15},"end":{"line":85,"column":91}},"type":"cond-expr","locations":[{"start":{"line":85,"column":38},"end":{"line":85,"column":84}},{"start":{"line":85,"column":87},"end":{"line":85,"column":91}}],"line":85},"14":{"loc":{"start":{"line":100,"column":2},"end":{"line":100,"column":78}},"type":"if","locations":[{"start":{"line":100,"column":2},"end":{"line":100,"column":78}},{"start":{},"end":{}}],"line":100}},"s":{"0":1,"1":1,"2":1,"3":0,"4":0,"5":0,"6":1,"7":0,"8":0,"9":0,"10":0,"11":0,"12":0,"13":0,"14":1,"15":0,"16":1,"17":0,"18":1,"19":1,"20":0,"21":0,"22":0,"23":0,"24":0,"25":0,"26":1,"27":1,"28":0,"29":1,"30":0,"31":0,"32":1,"33":20,"34":20,"35":0,"36":20},"f":{"0":1,"1":0,"2":0,"3":0,"4":0,"5":0,"6":0,"7":0,"8":0,"9":1,"10":0,"11":0,"12":0,"13":0,"14":20},"b":{"0":[0],"1":[0,0],"2":[0,0,0],"3":[0,0],"4":[0,0],"5":[0,0],"6":[0,0],"7":[0,0],"8":[0,0],"9":[0,0],"10":[0,0],"11":[0,0],"12":[0,0],"13":[0,0],"14":[0,20]},"_coverageSchema":"1a1c01bbd47fc00a2c39e90264f33305004495a9","hash":"3a7728bf93b05f891304758471449540ee537dc5"},"D:\\project\\egov-enterprise\\frontend\\src\\contexts\\websocket-context.tsx":{"path":"D:\\project\\egov-enterprise\\frontend\\src\\contexts\\websocket-context.tsx","statementMap":{"0":{"start":{"line":13,"column":25},"end":{"line":13,"column":98}},"1":{"start":{"line":15,"column":28},"end":{"line":15,"column":62}},"2":{"start":{"line":15,"column":34},"end":{"line":15,"column":62}},"3":{"start":{"line":18,"column":19},"end":{"line":18,"column":28}},"4":{"start":{"line":19,"column":29},"end":{"line":19,"column":39}},"5":{"start":{"line":20,"column":40},"end":{"line":20,"column":55}},"6":{"start":{"line":21,"column":22},"end":{"line":21,"column":49}},"7":{"start":{"line":22,"column":23},"end":{"line":22,"column":36}},"8":{"start":{"line":24,"column":23},"end":{"line":31,"column":13}},"9":{"start":{"line":25,"column":4},"end":{"line":30,"column":5}},"10":{"start":{"line":26,"column":22},"end":{"line":26,"column":46}},"11":{"start":{"line":27,"column":6},"end":{"line":27,"column":61}},"12":{"start":{"line":29,"column":6},"end":{"line":29,"column":58}},"13":{"start":{"line":33,"column":29},"end":{"line":44,"column":22}},"14":{"start":{"line":34,"column":4},"end":{"line":43,"column":5}},"15":{"start":{"line":35,"column":22},"end":{"line":35,"column":46}},"16":{"start":{"line":36,"column":6},"end":{"line":40,"column":7}},"17":{"start":{"line":37,"column":8},"end":{"line":37,"column":46}},"18":{"start":{"line":39,"column":8},"end":{"line":39,"column":39}},"19":{"start":{"line":42,"column":6},"end":{"line":42,"column":64}},"20":{"start":{"line":46,"column":26},"end":{"line":46,"column":46}},"21":{"start":{"line":47,"column":32},"end":{"line":47,"column":58}},"22":{"start":{"line":49,"column":2},"end":{"line":52,"column":41}},"23":{"start":{"line":50,"column":4},"end":{"line":50,"column":43}},"24":{"start":{"line":51,"column":4},"end":{"line":51,"column":55}},"25":{"start":{"line":54,"column":2},"end":{"line":115,"column":13}},"26":{"start":{"line":55,"column":4},"end":{"line":61,"column":5}},"27":{"start":{"line":56,"column":6},"end":{"line":59,"column":7}},"28":{"start":{"line":57,"column":8},"end":{"line":57,"column":41}},"29":{"start":{"line":58,"column":8},"end":{"line":58,"column":30}},"30":{"start":{"line":60,"column":6},"end":{"line":60,"column":13}},"31":{"start":{"line":63,"column":4},"end":{"line":65,"column":5}},"32":{"start":{"line":64,"column":6},"end":{"line":64,"column":13}},"33":{"start":{"line":67,"column":4},"end":{"line":67,"column":32}},"34":{"start":{"line":69,"column":20},"end":{"line":69,"column":85}},"35":{"start":{"line":70,"column":22},"end":{"line":70,"column":55}},"36":{"start":{"line":72,"column":19},"end":{"line":82,"column":6}},"37":{"start":{"line":73,"column":30},"end":{"line":73,"column":51}},"38":{"start":{"line":78,"column":8},"end":{"line":80,"column":9}},"39":{"start":{"line":79,"column":10},"end":{"line":79,"column":44}},"40":{"start":{"line":84,"column":4},"end":{"line":90,"column":6}},"41":{"start":{"line":85,"column":6},"end":{"line":85,"column":44}},"42":{"start":{"line":86,"column":6},"end":{"line":86,"column":27}},"43":{"start":{"line":87,"column":6},"end":{"line":87,"column":35}},"44":{"start":{"line":88,"column":6},"end":{"line":88,"column":80}},"45":{"start":{"line":88,"column":50},"end":{"line":88,"column":78}},"46":{"start":{"line":89,"column":6},"end":{"line":89,"column":97}},"47":{"start":{"line":89,"column":61},"end":{"line":89,"column":95}},"48":{"start":{"line":92,"column":4},"end":{"line":96,"column":6}},"49":{"start":{"line":93,"column":6},"end":{"line":93,"column":42}},"50":{"start":{"line":94,"column":6},"end":{"line":94,"column":28}},"51":{"start":{"line":95,"column":6},"end":{"line":95,"column":35}},"52":{"start":{"line":98,"column":4},"end":{"line":102,"column":6}},"53":{"start":{"line":99,"column":6},"end":{"line":99,"column":49}},"54":{"start":{"line":100,"column":6},"end":{"line":100,"column":28}},"55":{"start":{"line":101,"column":6},"end":{"line":101,"column":35}},"56":{"start":{"line":104,"column":4},"end":{"line":104,"column":22}},"57":{"start":{"line":105,"column":4},"end":{"line":105,"column":33}},"58":{"start":{"line":107,"column":4},"end":{"line":114,"column":6}},"59":{"start":{"line":108,"column":6},"end":{"line":110,"column":7}},"60":{"start":{"line":109,"column":8},"end":{"line":109,"column":28}},"61":{"start":{"line":111,"column":6},"end":{"line":111,"column":33}},"62":{"start":{"line":112,"column":6},"end":{"line":112,"column":28}},"63":{"start":{"line":113,"column":6},"end":{"line":113,"column":35}},"64":{"start":{"line":117,"column":2},"end":{"line":121,"column":4}}},"fnMap":{"0":{"name":"(anonymous_0)","decl":{"start":{"line":15,"column":28},"end":{"line":15,"column":29}},"loc":{"start":{"line":15,"column":34},"end":{"line":15,"column":62}},"line":15},"1":{"name":"WebSocketProvider","decl":{"start":{"line":17,"column":16},"end":{"line":17,"column":33}},"loc":{"start":{"line":17,"column":79},"end":{"line":122,"column":1}},"line":17},"2":{"name":"(anonymous_2)","decl":{"start":{"line":24,"column":35},"end":{"line":24,"column":36}},"loc":{"start":{"line":24,"column":53},"end":{"line":31,"column":3}},"line":24},"3":{"name":"(anonymous_3)","decl":{"start":{"line":33,"column":41},"end":{"line":33,"column":42}},"loc":{"start":{"line":33,"column":59},"end":{"line":44,"column":3}},"line":33},"4":{"name":"(anonymous_4)","decl":{"start":{"line":49,"column":12},"end":{"line":49,"column":13}},"loc":{"start":{"line":49,"column":18},"end":{"line":52,"column":3}},"line":49},"5":{"name":"(anonymous_5)","decl":{"start":{"line":54,"column":12},"end":{"line":54,"column":13}},"loc":{"start":{"line":54,"column":18},"end":{"line":115,"column":3}},"line":54},"6":{"name":"(anonymous_6)","decl":{"start":{"line":73,"column":24},"end":{"line":73,"column":25}},"loc":{"start":{"line":73,"column":30},"end":{"line":73,"column":51}},"line":73},"7":{"name":"(anonymous_7)","decl":{"start":{"line":77,"column":13},"end":{"line":77,"column":14}},"loc":{"start":{"line":77,"column":22},"end":{"line":81,"column":7}},"line":77},"8":{"name":"(anonymous_8)","decl":{"start":{"line":84,"column":23},"end":{"line":84,"column":24}},"loc":{"start":{"line":84,"column":29},"end":{"line":90,"column":5}},"line":84},"9":{"name":"(anonymous_9)","decl":{"start":{"line":88,"column":41},"end":{"line":88,"column":42}},"loc":{"start":{"line":88,"column":50},"end":{"line":88,"column":78}},"line":88},"10":{"name":"(anonymous_10)","decl":{"start":{"line":89,"column":52},"end":{"line":89,"column":53}},"loc":{"start":{"line":89,"column":61},"end":{"line":89,"column":95}},"line":89},"11":{"name":"(anonymous_11)","decl":{"start":{"line":92,"column":26},"end":{"line":92,"column":27}},"loc":{"start":{"line":92,"column":37},"end":{"line":96,"column":5}},"line":92},"12":{"name":"(anonymous_12)","decl":{"start":{"line":98,"column":26},"end":{"line":98,"column":27}},"loc":{"start":{"line":98,"column":32},"end":{"line":102,"column":5}},"line":98},"13":{"name":"(anonymous_13)","decl":{"start":{"line":107,"column":11},"end":{"line":107,"column":12}},"loc":{"start":{"line":107,"column":17},"end":{"line":114,"column":5}},"line":107}},"branchMap":{"0":{"loc":{"start":{"line":27,"column":12},"end":{"line":27,"column":51}},"type":"binary-expr","locations":[{"start":{"line":27,"column":12},"end":{"line":27,"column":27}},{"start":{"line":27,"column":31},"end":{"line":27,"column":51}}],"line":27},"1":{"loc":{"start":{"line":36,"column":6},"end":{"line":40,"column":7}},"type":"if","locations":[{"start":{"line":36,"column":6},"end":{"line":40,"column":7}},{"start":{"line":38,"column":13},"end":{"line":40,"column":7}}],"line":36},"2":{"loc":{"start":{"line":55,"column":4},"end":{"line":61,"column":5}},"type":"if","locations":[{"start":{"line":55,"column":4},"end":{"line":61,"column":5}},{"start":{},"end":{}}],"line":55},"3":{"loc":{"start":{"line":56,"column":6},"end":{"line":59,"column":7}},"type":"if","locations":[{"start":{"line":56,"column":6},"end":{"line":59,"column":7}},{"start":{},"end":{}}],"line":56},"4":{"loc":{"start":{"line":63,"column":4},"end":{"line":65,"column":5}},"type":"if","locations":[{"start":{"line":63,"column":4},"end":{"line":65,"column":5}},{"start":{},"end":{}}],"line":63},"5":{"loc":{"start":{"line":63,"column":8},"end":{"line":63,"column":59}},"type":"binary-expr","locations":[{"start":{"line":63,"column":8},"end":{"line":63,"column":28}},{"start":{"line":63,"column":32},"end":{"line":63,"column":59}}],"line":63},"6":{"loc":{"start":{"line":69,"column":20},"end":{"line":69,"column":85}},"type":"binary-expr","locations":[{"start":{"line":69,"column":20},"end":{"line":69,"column":51}},{"start":{"line":69,"column":55},"end":{"line":69,"column":85}}],"line":69},"7":{"loc":{"start":{"line":78,"column":8},"end":{"line":80,"column":9}},"type":"if","locations":[{"start":{"line":78,"column":8},"end":{"line":80,"column":9}},{"start":{},"end":{}}],"line":78},"8":{"loc":{"start":{"line":108,"column":6},"end":{"line":110,"column":7}},"type":"if","locations":[{"start":{"line":108,"column":6},"end":{"line":110,"column":7}},{"start":{},"end":{}}],"line":108}},"s":{"0":1,"1":1,"2":10,"3":9,"4":9,"5":9,"6":9,"7":9,"8":9,"9":0,"10":0,"11":0,"12":0,"13":9,"14":0,"15":0,"16":0,"17":0,"18":0,"19":0,"20":9,"21":9,"22":9,"23":1,"24":1,"25":9,"26":2,"27":1,"28":0,"29":0,"30":1,"31":1,"32":0,"33":1,"34":1,"35":1,"36":1,"37":1,"38":10,"39":0,"40":1,"41":1,"42":1,"43":1,"44":1,"45":0,"46":1,"47":0,"48":1,"49":0,"50":0,"51":0,"52":1,"53":0,"54":0,"55":0,"56":1,"57":1,"58":1,"59":0,"60":0,"61":0,"62":0,"63":0,"64":9},"f":{"0":10,"1":9,"2":0,"3":0,"4":1,"5":2,"6":1,"7":10,"8":1,"9":0,"10":0,"11":0,"12":0,"13":0},"b":{"0":[0,0],"1":[0,0],"2":[1,1],"3":[0,1],"4":[0,1],"5":[1,1],"6":[1,0],"7":[0,10],"8":[0,0]},"_coverageSchema":"1a1c01bbd47fc00a2c39e90264f33305004495a9","hash":"4c2a8cc3fd97c84eec1541f7d22f5813718ce89c"},"D:\\project\\egov-enterprise\\frontend\\src\\contexts\\LayoutContext.tsx":{"path":"D:\\project\\egov-enterprise\\frontend\\src\\contexts\\LayoutContext.tsx","statementMap":{"0":{"start":{"line":14,"column":29},"end":{"line":14,"column":84}},"1":{"start":{"line":17,"column":42},"end":{"line":17,"column":57}},"2":{"start":{"line":18,"column":42},"end":{"line":18,"column":61}},"3":{"start":{"line":19,"column":19},"end":{"line":19,"column":32}},"4":{"start":{"line":22,"column":2},"end":{"line":24,"column":17}},"5":{"start":{"line":23,"column":4},"end":{"line":23,"column":26}},"6":{"start":{"line":26,"column":24},"end":{"line":26,"column":60}},"7":{"start":{"line":26,"column":30},"end":{"line":26,"column":60}},"8":{"start":{"line":28,"column":2},"end":{"line":38,"column":4}},"9":{"start":{"line":42,"column":18},"end":{"line":42,"column":43}},"10":{"start":{"line":43,"column":2},"end":{"line":45,"column":3}},"11":{"start":{"line":44,"column":4},"end":{"line":44,"column":70}},"12":{"start":{"line":46,"column":2},"end":{"line":46,"column":17}}},"fnMap":{"0":{"name":"LayoutProvider","decl":{"start":{"line":16,"column":16},"end":{"line":16,"column":30}},"loc":{"start":{"line":16,"column":76},"end":{"line":39,"column":1}},"line":16},"1":{"name":"(anonymous_1)","decl":{"start":{"line":22,"column":12},"end":{"line":22,"column":13}},"loc":{"start":{"line":22,"column":18},"end":{"line":24,"column":3}},"line":22},"2":{"name":"(anonymous_2)","decl":{"start":{"line":26,"column":24},"end":{"line":26,"column":25}},"loc":{"start":{"line":26,"column":30},"end":{"line":26,"column":60}},"line":26},"3":{"name":"useLayout","decl":{"start":{"line":41,"column":16},"end":{"line":41,"column":25}},"loc":{"start":{"line":41,"column":28},"end":{"line":47,"column":1}},"line":41}},"branchMap":{"0":{"loc":{"start":{"line":43,"column":2},"end":{"line":45,"column":3}},"type":"if","locations":[{"start":{"line":43,"column":2},"end":{"line":45,"column":3}},{"start":{},"end":{}}],"line":43}},"s":{"0":1,"1":4,"2":4,"3":4,"4":4,"5":2,"6":4,"7":0,"8":4,"9":12,"10":12,"11":0,"12":12},"f":{"0":4,"1":2,"2":0,"3":12},"b":{"0":[0,12]},"_coverageSchema":"1a1c01bbd47fc00a2c39e90264f33305004495a9","hash":"1b04bf57c080852ef7870f25abff1834b4a6f226"},"D:\\project\\egov-enterprise\\frontend\\src\\app\\components\\ui\\confirm-modal.tsx":{"path":"D:\\project\\egov-enterprise\\frontend\\src\\app\\components\\ui\\confirm-modal.tsx","statementMap":{"0":{"start":{"line":18,"column":23},"end":{"line":18,"column":79}},"1":{"start":{"line":21,"column":29},"end":{"line":21,"column":44}},"2":{"start":{"line":22,"column":31},"end":{"line":22,"column":68}},"3":{"start":{"line":23,"column":33},"end":{"line":23,"column":82}},"4":{"start":{"line":25,"column":17},"end":{"line":31,"column":7}},"5":{"start":{"line":26,"column":1},"end":{"line":26,"column":18}},"6":{"start":{"line":27,"column":1},"end":{"line":27,"column":17}},"7":{"start":{"line":28,"column":1},"end":{"line":30,"column":4}},"8":{"start":{"line":29,"column":1},"end":{"line":29,"column":28}},"9":{"start":{"line":29,"column":19},"end":{"line":29,"column":26}},"10":{"start":{"line":33,"column":23},"end":{"line":36,"column":2}},"11":{"start":{"line":34,"column":1},"end":{"line":34,"column":18}},"12":{"start":{"line":35,"column":1},"end":{"line":35,"column":18}},"13":{"start":{"line":38,"column":22},"end":{"line":41,"column":2}},"14":{"start":{"line":39,"column":1},"end":{"line":39,"column":18}},"15":{"start":{"line":40,"column":1},"end":{"line":40,"column":19}},"16":{"start":{"line":43,"column":1},"end":{"line":83,"column":3}},"17":{"start":{"line":86,"column":26},"end":{"line":90,"column":1}},"18":{"start":{"line":87,"column":17},"end":{"line":87,"column":43}},"19":{"start":{"line":88,"column":1},"end":{"line":88,"column":81}},"20":{"start":{"line":88,"column":15},"end":{"line":88,"column":81}},"21":{"start":{"line":89,"column":1},"end":{"line":89,"column":24}}},"fnMap":{"0":{"name":"ConfirmProvider","decl":{"start":{"line":20,"column":16},"end":{"line":20,"column":31}},"loc":{"start":{"line":20,"column":77},"end":{"line":84,"column":1}},"line":20},"1":{"name":"(anonymous_1)","decl":{"start":{"line":25,"column":29},"end":{"line":25,"column":30}},"loc":{"start":{"line":25,"column":55},"end":{"line":31,"column":2}},"line":25},"2":{"name":"(anonymous_2)","decl":{"start":{"line":28,"column":29},"end":{"line":28,"column":30}},"loc":{"start":{"line":28,"column":42},"end":{"line":30,"column":2}},"line":28},"3":{"name":"(anonymous_3)","decl":{"start":{"line":29,"column":13},"end":{"line":29,"column":14}},"loc":{"start":{"line":29,"column":19},"end":{"line":29,"column":26}},"line":29},"4":{"name":"(anonymous_4)","decl":{"start":{"line":33,"column":23},"end":{"line":33,"column":24}},"loc":{"start":{"line":33,"column":29},"end":{"line":36,"column":2}},"line":33},"5":{"name":"(anonymous_5)","decl":{"start":{"line":38,"column":22},"end":{"line":38,"column":23}},"loc":{"start":{"line":38,"column":28},"end":{"line":41,"column":2}},"line":38},"6":{"name":"(anonymous_6)","decl":{"start":{"line":86,"column":26},"end":{"line":86,"column":27}},"loc":{"start":{"line":86,"column":32},"end":{"line":90,"column":1}},"line":86}},"branchMap":{"0":{"loc":{"start":{"line":46,"column":2},"end":{"line":81,"column":2}},"type":"binary-expr","locations":[{"start":{"line":46,"column":2},"end":{"line":46,"column":8}},{"start":{"line":46,"column":12},"end":{"line":46,"column":19}},{"start":{"line":47,"column":1},"end":{"line":80,"column":7}}],"line":46},"1":{"loc":{"start":{"line":52,"column":1},"end":{"line":52,"column":92}},"type":"cond-expr","locations":[{"start":{"line":52,"column":37},"end":{"line":52,"column":62}},{"start":{"line":52,"column":65},"end":{"line":52,"column":92}}],"line":52},"2":{"loc":{"start":{"line":67,"column":2},"end":{"line":67,"column":28}},"type":"binary-expr","locations":[{"start":{"line":67,"column":2},"end":{"line":67,"column":20}},{"start":{"line":67,"column":24},"end":{"line":67,"column":28}}],"line":67},"3":{"loc":{"start":{"line":73,"column":1},"end":{"line":73,"column":101}},"type":"cond-expr","locations":[{"start":{"line":73,"column":37},"end":{"line":73,"column":66}},{"start":{"line":73,"column":69},"end":{"line":73,"column":101}}],"line":73},"4":{"loc":{"start":{"line":76,"column":2},"end":{"line":76,"column":29}},"type":"binary-expr","locations":[{"start":{"line":76,"column":2},"end":{"line":76,"column":21}},{"start":{"line":76,"column":25},"end":{"line":76,"column":29}}],"line":76},"5":{"loc":{"start":{"line":88,"column":1},"end":{"line":88,"column":81}},"type":"if","locations":[{"start":{"line":88,"column":1},"end":{"line":88,"column":81}},{"start":{},"end":{}}],"line":88}},"s":{"0":1,"1":1,"2":1,"3":1,"4":1,"5":0,"6":0,"7":0,"8":0,"9":0,"10":1,"11":0,"12":0,"13":1,"14":0,"15":0,"16":1,"17":1,"18":0,"19":0,"20":0,"21":0},"f":{"0":1,"1":0,"2":0,"3":0,"4":0,"5":0,"6":0},"b":{"0":[1,0,0],"1":[0,0],"2":[0,0],"3":[0,0],"4":[0,0],"5":[0,0]},"_coverageSchema":"1a1c01bbd47fc00a2c39e90264f33305004495a9","hash":"375ebd09522798f468f402c29fa56e97fe26ae9c"},"D:\\project\\egov-enterprise\\frontend\\src\\app\\components\\ui\\global-shortcut-provider.tsx":{"path":"D:\\project\\egov-enterprise\\frontend\\src\\app\\components\\ui\\global-shortcut-provider.tsx","statementMap":{"0":{"start":{"line":11,"column":24},"end":{"line":11,"column":81}},"1":{"start":{"line":14,"column":19},"end":{"line":14,"column":73}},"2":{"start":{"line":16,"column":26},"end":{"line":23,"column":7}},"3":{"start":{"line":17,"column":17},"end":{"line":17,"column":61}},"4":{"start":{"line":18,"column":1},"end":{"line":18,"column":42}},"5":{"start":{"line":20,"column":1},"end":{"line":22,"column":3}},"6":{"start":{"line":21,"column":1},"end":{"line":21,"column":35}},"7":{"start":{"line":25,"column":1},"end":{"line":40,"column":8}},"8":{"start":{"line":26,"column":23},"end":{"line":36,"column":2}},"9":{"start":{"line":27,"column":1},"end":{"line":27,"column":20}},"10":{"start":{"line":27,"column":13},"end":{"line":27,"column":20}},"11":{"start":{"line":28,"column":20},"end":{"line":28,"column":39}},"12":{"start":{"line":29,"column":16},"end":{"line":29,"column":38}},"13":{"start":{"line":30,"column":17},"end":{"line":30,"column":56}},"14":{"start":{"line":32,"column":1},"end":{"line":35,"column":2}},"15":{"start":{"line":33,"column":1},"end":{"line":33,"column":20}},"16":{"start":{"line":34,"column":1},"end":{"line":34,"column":37}},"17":{"start":{"line":38,"column":1},"end":{"line":38,"column":51}},"18":{"start":{"line":39,"column":1},"end":{"line":39,"column":67}},"19":{"start":{"line":39,"column":14},"end":{"line":39,"column":66}},"20":{"start":{"line":42,"column":1},"end":{"line":46,"column":3}},"21":{"start":{"line":49,"column":27},"end":{"line":57,"column":1}},"22":{"start":{"line":50,"column":17},"end":{"line":50,"column":44}},"23":{"start":{"line":51,"column":1},"end":{"line":51,"column":89}},"24":{"start":{"line":51,"column":15},"end":{"line":51,"column":89}},"25":{"start":{"line":53,"column":1},"end":{"line":56,"column":36}},"26":{"start":{"line":54,"column":20},"end":{"line":54,"column":65}},"27":{"start":{"line":55,"column":1},"end":{"line":55,"column":19}}},"fnMap":{"0":{"name":"GlobalShortcutProvider","decl":{"start":{"line":13,"column":16},"end":{"line":13,"column":38}},"loc":{"start":{"line":13,"column":84},"end":{"line":47,"column":1}},"line":13},"1":{"name":"(anonymous_1)","decl":{"start":{"line":16,"column":38},"end":{"line":16,"column":39}},"loc":{"start":{"line":16,"column":98},"end":{"line":23,"column":2}},"line":16},"2":{"name":"(anonymous_2)","decl":{"start":{"line":20,"column":8},"end":{"line":20,"column":9}},"loc":{"start":{"line":20,"column":14},"end":{"line":22,"column":2}},"line":20},"3":{"name":"(anonymous_3)","decl":{"start":{"line":25,"column":11},"end":{"line":25,"column":12}},"loc":{"start":{"line":25,"column":17},"end":{"line":40,"column":2}},"line":25},"4":{"name":"(anonymous_4)","decl":{"start":{"line":26,"column":23},"end":{"line":26,"column":24}},"loc":{"start":{"line":26,"column":45},"end":{"line":36,"column":2}},"line":26},"5":{"name":"(anonymous_5)","decl":{"start":{"line":39,"column":8},"end":{"line":39,"column":9}},"loc":{"start":{"line":39,"column":14},"end":{"line":39,"column":66}},"line":39},"6":{"name":"(anonymous_6)","decl":{"start":{"line":49,"column":27},"end":{"line":49,"column":28}},"loc":{"start":{"line":49,"column":87},"end":{"line":57,"column":1}},"line":49},"7":{"name":"(anonymous_7)","decl":{"start":{"line":53,"column":11},"end":{"line":53,"column":12}},"loc":{"start":{"line":53,"column":17},"end":{"line":56,"column":2}},"line":53}},"branchMap":{"0":{"loc":{"start":{"line":17,"column":20},"end":{"line":17,"column":39}},"type":"cond-expr","locations":[{"start":{"line":17,"column":27},"end":{"line":17,"column":34}},{"start":{"line":17,"column":37},"end":{"line":17,"column":39}}],"line":17},"1":{"loc":{"start":{"line":27,"column":1},"end":{"line":27,"column":20}},"type":"if","locations":[{"start":{"line":27,"column":1},"end":{"line":27,"column":20}},{"start":{},"end":{}}],"line":27},"2":{"loc":{"start":{"line":29,"column":16},"end":{"line":29,"column":38}},"type":"binary-expr","locations":[{"start":{"line":29,"column":16},"end":{"line":29,"column":25}},{"start":{"line":29,"column":29},"end":{"line":29,"column":38}}],"line":29},"3":{"loc":{"start":{"line":30,"column":20},"end":{"line":30,"column":41}},"type":"cond-expr","locations":[{"start":{"line":30,"column":29},"end":{"line":30,"column":36}},{"start":{"line":30,"column":39},"end":{"line":30,"column":41}}],"line":30},"4":{"loc":{"start":{"line":32,"column":1},"end":{"line":35,"column":2}},"type":"if","locations":[{"start":{"line":32,"column":1},"end":{"line":35,"column":2}},{"start":{},"end":{}}],"line":32},"5":{"loc":{"start":{"line":51,"column":1},"end":{"line":51,"column":89}},"type":"if","locations":[{"start":{"line":51,"column":1},"end":{"line":51,"column":89}},{"start":{},"end":{}}],"line":51}},"s":{"0":1,"1":1,"2":1,"3":3,"4":3,"5":3,"6":2,"7":1,"8":1,"9":0,"10":0,"11":0,"12":0,"13":0,"14":0,"15":0,"16":0,"17":1,"18":1,"19":0,"20":1,"21":1,"22":3,"23":3,"24":0,"25":3,"26":3,"27":3},"f":{"0":1,"1":3,"2":2,"3":1,"4":0,"5":0,"6":3,"7":3},"b":{"0":[3,0],"1":[0,0],"2":[0,0],"3":[0,0],"4":[0,0],"5":[0,3]},"_coverageSchema":"1a1c01bbd47fc00a2c39e90264f33305004495a9","hash":"52e0b989928faa6ef2162c72b64e88476d0ebd58"},"D:\\project\\egov-enterprise\\frontend\\src\\app\\components\\ui\\api-error-notifier.tsx":{"path":"D:\\project\\egov-enterprise\\frontend\\src\\app\\components\\ui\\api-error-notifier.tsx","statementMap":{"0":{"start":{"line":7,"column":22},"end":{"line":7,"column":32}},"1":{"start":{"line":9,"column":4},"end":{"line":22,"column":16}},"2":{"start":{"line":10,"column":31},"end":{"line":18,"column":9}},"3":{"start":{"line":11,"column":12},"end":{"line":11,"column":38}},"4":{"start":{"line":11,"column":31},"end":{"line":11,"column":38}},"5":{"start":{"line":12,"column":40},"end":{"line":12,"column":52}},"6":{"start":{"line":15,"column":12},"end":{"line":15,"column":39}},"7":{"start":{"line":15,"column":32},"end":{"line":15,"column":39}},"8":{"start":{"line":17,"column":12},"end":{"line":17,"column":61}},"9":{"start":{"line":20,"column":8},"end":{"line":20,"column":61}},"10":{"start":{"line":21,"column":8},"end":{"line":21,"column":77}},"11":{"start":{"line":21,"column":21},"end":{"line":21,"column":76}},"12":{"start":{"line":24,"column":4},"end":{"line":24,"column":16}}},"fnMap":{"0":{"name":"ApiErrorNotifier","decl":{"start":{"line":6,"column":16},"end":{"line":6,"column":32}},"loc":{"start":{"line":6,"column":35},"end":{"line":25,"column":1}},"line":6},"1":{"name":"(anonymous_1)","decl":{"start":{"line":9,"column":14},"end":{"line":9,"column":15}},"loc":{"start":{"line":9,"column":20},"end":{"line":22,"column":5}},"line":9},"2":{"name":"(anonymous_2)","decl":{"start":{"line":10,"column":31},"end":{"line":10,"column":32}},"loc":{"start":{"line":10,"column":47},"end":{"line":18,"column":9}},"line":10},"3":{"name":"(anonymous_3)","decl":{"start":{"line":21,"column":15},"end":{"line":21,"column":16}},"loc":{"start":{"line":21,"column":21},"end":{"line":21,"column":76}},"line":21}},"branchMap":{"0":{"loc":{"start":{"line":11,"column":12},"end":{"line":11,"column":38}},"type":"if","locations":[{"start":{"line":11,"column":12},"end":{"line":11,"column":38}},{"start":{},"end":{}}],"line":11},"1":{"loc":{"start":{"line":15,"column":12},"end":{"line":15,"column":39}},"type":"if","locations":[{"start":{"line":15,"column":12},"end":{"line":15,"column":39}},{"start":{},"end":{}}],"line":15},"2":{"loc":{"start":{"line":17,"column":18},"end":{"line":17,"column":50}},"type":"binary-expr","locations":[{"start":{"line":17,"column":18},"end":{"line":17,"column":25}},{"start":{"line":17,"column":29},"end":{"line":17,"column":50}}],"line":17}},"s":{"0":1,"1":1,"2":1,"3":0,"4":0,"5":0,"6":0,"7":0,"8":0,"9":1,"10":1,"11":0,"12":1},"f":{"0":1,"1":1,"2":0,"3":0},"b":{"0":[0,0],"1":[0,0],"2":[0,0]},"_coverageSchema":"1a1c01bbd47fc00a2c39e90264f33305004495a9","hash":"1d26e0bb976c5ea3f3ca0f4a87e0f233c3178978"},"D:\\project\\egov-enterprise\\frontend\\src\\app\\components\\ui\\standard-error-boundary.tsx":{"path":"D:\\project\\egov-enterprise\\frontend\\src\\app\\components\\ui\\standard-error-boundary.tsx","statementMap":{"0":{"start":{"line":16,"column":24},"end":{"line":19,"column":3}},"1":{"start":{"line":22,"column":4},"end":{"line":22,"column":37}},"2":{"start":{"line":27,"column":4},"end":{"line":27,"column":61}},"3":{"start":{"line":28,"column":4},"end":{"line":28,"column":79}},"4":{"start":{"line":32,"column":4},"end":{"line":32,"column":64}},"5":{"start":{"line":33,"column":4},"end":{"line":33,"column":82}},"6":{"start":{"line":36,"column":30},"end":{"line":41,"column":3}},"7":{"start":{"line":38,"column":4},"end":{"line":40,"column":5}},"8":{"start":{"line":39,"column":6},"end":{"line":39,"column":72}},"9":{"start":{"line":43,"column":35},"end":{"line":45,"column":3}},"10":{"start":{"line":44,"column":4},"end":{"line":44,"column":69}},"11":{"start":{"line":48,"column":4},"end":{"line":48,"column":55}},"12":{"start":{"line":52,"column":4},"end":{"line":86,"column":5}},"13":{"start":{"line":53,"column":6},"end":{"line":85,"column":8}},"14":{"start":{"line":65,"column":29},"end":{"line":65,"column":53}},"15":{"start":{"line":72,"column":29},"end":{"line":72,"column":55}},"16":{"start":{"line":88,"column":4},"end":{"line":88,"column":31}}},"fnMap":{"0":{"name":"(anonymous_0)","decl":{"start":{"line":21,"column":2},"end":{"line":21,"column":3}},"loc":{"start":{"line":21,"column":62},"end":{"line":23,"column":3}},"line":21},"1":{"name":"(anonymous_1)","decl":{"start":{"line":25,"column":2},"end":{"line":25,"column":3}},"loc":{"start":{"line":25,"column":29},"end":{"line":29,"column":3}},"line":25},"2":{"name":"(anonymous_2)","decl":{"start":{"line":31,"column":2},"end":{"line":31,"column":3}},"loc":{"start":{"line":31,"column":32},"end":{"line":34,"column":3}},"line":31},"3":{"name":"(anonymous_3)","decl":{"start":{"line":36,"column":30},"end":{"line":36,"column":31}},"loc":{"start":{"line":36,"column":53},"end":{"line":41,"column":3}},"line":36},"4":{"name":"(anonymous_4)","decl":{"start":{"line":43,"column":35},"end":{"line":43,"column":36}},"loc":{"start":{"line":43,"column":69},"end":{"line":45,"column":3}},"line":43},"5":{"name":"(anonymous_5)","decl":{"start":{"line":47,"column":2},"end":{"line":47,"column":3}},"loc":{"start":{"line":47,"column":63},"end":{"line":49,"column":3}},"line":47},"6":{"name":"(anonymous_6)","decl":{"start":{"line":51,"column":2},"end":{"line":51,"column":3}},"loc":{"start":{"line":51,"column":18},"end":{"line":89,"column":3}},"line":51},"7":{"name":"(anonymous_7)","decl":{"start":{"line":65,"column":23},"end":{"line":65,"column":24}},"loc":{"start":{"line":65,"column":29},"end":{"line":65,"column":53}},"line":65},"8":{"name":"(anonymous_8)","decl":{"start":{"line":72,"column":23},"end":{"line":72,"column":24}},"loc":{"start":{"line":72,"column":29},"end":{"line":72,"column":55}},"line":72}},"branchMap":{"0":{"loc":{"start":{"line":38,"column":4},"end":{"line":40,"column":5}},"type":"if","locations":[{"start":{"line":38,"column":4},"end":{"line":40,"column":5}},{"start":{},"end":{}}],"line":38},"1":{"loc":{"start":{"line":38,"column":8},"end":{"line":38,"column":95}},"type":"binary-expr","locations":[{"start":{"line":38,"column":8},"end":{"line":38,"column":44}},{"start":{"line":38,"column":48},"end":{"line":38,"column":95}}],"line":38},"2":{"loc":{"start":{"line":52,"column":4},"end":{"line":86,"column":5}},"type":"if","locations":[{"start":{"line":52,"column":4},"end":{"line":86,"column":5}},{"start":{},"end":{}}],"line":52},"3":{"loc":{"start":{"line":79,"column":11},"end":{"line":83,"column":11}},"type":"binary-expr","locations":[{"start":{"line":79,"column":11},"end":{"line":79,"column":49}},{"start":{"line":80,"column":12},"end":{"line":82,"column":18}}],"line":79}},"s":{"0":1,"1":0,"2":1,"3":1,"4":0,"5":0,"6":1,"7":0,"8":0,"9":1,"10":0,"11":0,"12":1,"13":0,"14":0,"15":0,"16":1},"f":{"0":0,"1":1,"2":0,"3":0,"4":0,"5":0,"6":1,"7":0,"8":0},"b":{"0":[0,0],"1":[0,0],"2":[0,1],"3":[0,0]},"_coverageSchema":"1a1c01bbd47fc00a2c39e90264f33305004495a9","hash":"5137a1bff6fcb96c6186caf4d84b6c35213500cd"},"D:\\project\\egov-enterprise\\frontend\\src\\components\\ui\\tooltip.tsx":{"path":"D:\\project\\egov-enterprise\\frontend\\src\\components\\ui\\tooltip.tsx","statementMap":{"0":{"start":{"line":12,"column":2},"end":{"line":18,"column":3}},"1":{"start":{"line":24,"column":2},"end":{"line":24,"column":65}},"2":{"start":{"line":30,"column":2},"end":{"line":30,"column":76}},"3":{"start":{"line":39,"column":2},"end":{"line":54,"column":3}}},"fnMap":{"0":{"name":"TooltipProvider","decl":{"start":{"line":8,"column":9},"end":{"line":8,"column":24}},"loc":{"start":{"line":11,"column":59},"end":{"line":19,"column":1}},"line":11},"1":{"name":"Tooltip","decl":{"start":{"line":21,"column":9},"end":{"line":21,"column":16}},"loc":{"start":{"line":23,"column":55},"end":{"line":25,"column":1}},"line":23},"2":{"name":"TooltipTrigger","decl":{"start":{"line":27,"column":9},"end":{"line":27,"column":23}},"loc":{"start":{"line":29,"column":58},"end":{"line":31,"column":1}},"line":29},"3":{"name":"TooltipContent","decl":{"start":{"line":33,"column":9},"end":{"line":33,"column":23}},"loc":{"start":{"line":38,"column":58},"end":{"line":55,"column":1}},"line":38}},"branchMap":{"0":{"loc":{"start":{"line":9,"column":2},"end":{"line":9,"column":19}},"type":"default-arg","locations":[{"start":{"line":9,"column":18},"end":{"line":9,"column":19}}],"line":9},"1":{"loc":{"start":{"line":35,"column":2},"end":{"line":35,"column":16}},"type":"default-arg","locations":[{"start":{"line":35,"column":15},"end":{"line":35,"column":16}}],"line":35}},"s":{"0":2,"1":0,"2":0,"3":0},"f":{"0":2,"1":0,"2":0,"3":0},"b":{"0":[1],"1":[0]},"_coverageSchema":"1a1c01bbd47fc00a2c39e90264f33305004495a9","hash":"928a06385c7b31cba799b7bfa6eec9718b9fd96d"},"D:\\project\\egov-enterprise\\frontend\\src\\app\\providers.tsx":{"path":"D:\\project\\egov-enterprise\\frontend\\src\\app\\providers.tsx","statementMap":{"0":{"start":{"line":17,"column":28},"end":{"line":17,"column":143}},"1":{"start":{"line":17,"column":42},"end":{"line":17,"column":126}},"2":{"start":{"line":17,"column":102},"end":{"line":17,"column":125}},"3":{"start":{"line":18,"column":27},"end":{"line":18,"column":140}},"4":{"start":{"line":18,"column":41},"end":{"line":18,"column":123}},"5":{"start":{"line":18,"column":100},"end":{"line":18,"column":122}},"6":{"start":{"line":19,"column":29},"end":{"line":19,"column":146}},"7":{"start":{"line":19,"column":43},"end":{"line":19,"column":129}},"8":{"start":{"line":19,"column":104},"end":{"line":19,"column":128}},"9":{"start":{"line":31,"column":24},"end":{"line":42,"column":3}},"10":{"start":{"line":33,"column":6},"end":{"line":41,"column":8}},"11":{"start":{"line":45,"column":2},"end":{"line":55,"column":9}},"12":{"start":{"line":46,"column":35},"end":{"line":48,"column":5}},"13":{"start":{"line":47,"column":6},"end":{"line":47,"column":70}},"14":{"start":{"line":51,"column":4},"end":{"line":51,"column":29}},"15":{"start":{"line":53,"column":4},"end":{"line":53,"column":72}},"16":{"start":{"line":54,"column":4},"end":{"line":54,"column":88}},"17":{"start":{"line":54,"column":17},"end":{"line":54,"column":87}},"18":{"start":{"line":57,"column":2},"end":{"line":82,"column":4}}},"fnMap":{"0":{"name":"(anonymous_0)","decl":{"start":{"line":17,"column":36},"end":{"line":17,"column":37}},"loc":{"start":{"line":17,"column":42},"end":{"line":17,"column":126}},"line":17},"1":{"name":"(anonymous_1)","decl":{"start":{"line":17,"column":95},"end":{"line":17,"column":96}},"loc":{"start":{"line":17,"column":102},"end":{"line":17,"column":125}},"line":17},"2":{"name":"(anonymous_2)","decl":{"start":{"line":18,"column":35},"end":{"line":18,"column":36}},"loc":{"start":{"line":18,"column":41},"end":{"line":18,"column":123}},"line":18},"3":{"name":"(anonymous_3)","decl":{"start":{"line":18,"column":93},"end":{"line":18,"column":94}},"loc":{"start":{"line":18,"column":100},"end":{"line":18,"column":122}},"line":18},"4":{"name":"(anonymous_4)","decl":{"start":{"line":19,"column":37},"end":{"line":19,"column":38}},"loc":{"start":{"line":19,"column":43},"end":{"line":19,"column":129}},"line":19},"5":{"name":"(anonymous_5)","decl":{"start":{"line":19,"column":97},"end":{"line":19,"column":98}},"loc":{"start":{"line":19,"column":104},"end":{"line":19,"column":128}},"line":19},"6":{"name":"Providers","decl":{"start":{"line":24,"column":24},"end":{"line":24,"column":33}},"loc":{"start":{"line":30,"column":3},"end":{"line":83,"column":1}},"line":30},"7":{"name":"(anonymous_7)","decl":{"start":{"line":32,"column":4},"end":{"line":32,"column":5}},"loc":{"start":{"line":33,"column":6},"end":{"line":41,"column":8}},"line":33},"8":{"name":"(anonymous_8)","decl":{"start":{"line":45,"column":12},"end":{"line":45,"column":13}},"loc":{"start":{"line":45,"column":18},"end":{"line":55,"column":3}},"line":45},"9":{"name":"(anonymous_9)","decl":{"start":{"line":46,"column":35},"end":{"line":46,"column":36}},"loc":{"start":{"line":46,"column":41},"end":{"line":48,"column":5}},"line":46},"10":{"name":"(anonymous_10)","decl":{"start":{"line":54,"column":11},"end":{"line":54,"column":12}},"loc":{"start":{"line":54,"column":17},"end":{"line":54,"column":87}},"line":54}},"branchMap":{},"s":{"0":1,"1":1,"2":1,"3":1,"4":1,"5":1,"6":1,"7":1,"8":1,"9":1,"10":1,"11":1,"12":1,"13":1,"14":1,"15":1,"16":1,"17":0,"18":1},"f":{"0":1,"1":1,"2":1,"3":1,"4":1,"5":1,"6":1,"7":1,"8":1,"9":1,"10":0},"b":{},"_coverageSchema":"1a1c01bbd47fc00a2c39e90264f33305004495a9","hash":"188966cd58726bda6eb1dd16f5e6c5d7f71d5499"},"D:\\project\\egov-enterprise\\frontend\\src\\components\\ui\\sonner.tsx":{"path":"D:\\project\\egov-enterprise\\frontend\\src\\components\\ui\\sonner.tsx","statementMap":{"0":{"start":{"line":13,"column":16},"end":{"line":38,"column":1}},"1":{"start":{"line":14,"column":31},"end":{"line":14,"column":41}},"2":{"start":{"line":16,"column":2},"end":{"line":37,"column":3}}},"fnMap":{"0":{"name":"(anonymous_0)","decl":{"start":{"line":13,"column":16},"end":{"line":13,"column":17}},"loc":{"start":{"line":13,"column":48},"end":{"line":38,"column":1}},"line":13}},"branchMap":{"0":{"loc":{"start":{"line":14,"column":10},"end":{"line":14,"column":26}},"type":"default-arg","locations":[{"start":{"line":14,"column":18},"end":{"line":14,"column":26}}],"line":14}},"s":{"0":1,"1":1,"2":1},"f":{"0":1},"b":{"0":[0]},"_coverageSchema":"1a1c01bbd47fc00a2c39e90264f33305004495a9","hash":"ec2ae98acee3a4c1c4825b928f860f1463d18e49"},"D:\\project\\egov-enterprise\\frontend\\src\\app\\components\\layout\\GlobalUIComponents.tsx":{"path":"D:\\project\\egov-enterprise\\frontend\\src\\app\\components\\layout\\GlobalUIComponents.tsx","statementMap":{"0":{"start":{"line":7,"column":20},"end":{"line":7,"column":104}},"1":{"start":{"line":7,"column":34},"end":{"line":7,"column":87}},"2":{"start":{"line":7,"column":71},"end":{"line":7,"column":86}},"3":{"start":{"line":8,"column":22},"end":{"line":8,"column":110}},"4":{"start":{"line":8,"column":36},"end":{"line":8,"column":93}},"5":{"start":{"line":8,"column":75},"end":{"line":8,"column":92}},"6":{"start":{"line":9,"column":20},"end":{"line":9,"column":105}},"7":{"start":{"line":9,"column":34},"end":{"line":9,"column":88}},"8":{"start":{"line":9,"column":72},"end":{"line":9,"column":87}},"9":{"start":{"line":12,"column":2},"end":{"line":21,"column":4}}},"fnMap":{"0":{"name":"(anonymous_0)","decl":{"start":{"line":7,"column":28},"end":{"line":7,"column":29}},"loc":{"start":{"line":7,"column":34},"end":{"line":7,"column":87}},"line":7},"1":{"name":"(anonymous_1)","decl":{"start":{"line":7,"column":64},"end":{"line":7,"column":65}},"loc":{"start":{"line":7,"column":71},"end":{"line":7,"column":86}},"line":7},"2":{"name":"(anonymous_2)","decl":{"start":{"line":8,"column":30},"end":{"line":8,"column":31}},"loc":{"start":{"line":8,"column":36},"end":{"line":8,"column":93}},"line":8},"3":{"name":"(anonymous_3)","decl":{"start":{"line":8,"column":68},"end":{"line":8,"column":69}},"loc":{"start":{"line":8,"column":75},"end":{"line":8,"column":92}},"line":8},"4":{"name":"(anonymous_4)","decl":{"start":{"line":9,"column":28},"end":{"line":9,"column":29}},"loc":{"start":{"line":9,"column":34},"end":{"line":9,"column":88}},"line":9},"5":{"name":"(anonymous_5)","decl":{"start":{"line":9,"column":65},"end":{"line":9,"column":66}},"loc":{"start":{"line":9,"column":72},"end":{"line":9,"column":87}},"line":9},"6":{"name":"GlobalUIComponents","decl":{"start":{"line":11,"column":16},"end":{"line":11,"column":34}},"loc":{"start":{"line":11,"column":37},"end":{"line":22,"column":1}},"line":11}},"branchMap":{},"s":{"0":1,"1":1,"2":1,"3":1,"4":1,"5":1,"6":1,"7":1,"8":1,"9":1},"f":{"0":1,"1":1,"2":1,"3":1,"4":1,"5":1,"6":1},"b":{},"_coverageSchema":"1a1c01bbd47fc00a2c39e90264f33305004495a9","hash":"1409649adc3cac44098570c578cff0b82f1ee975"},"D:\\project\\egov-enterprise\\frontend\\src\\app\\components\\ui\\global-command-center.tsx":{"path":"D:\\project\\egov-enterprise\\frontend\\src\\app\\components\\ui\\global-command-center.tsx","statementMap":{"0":{"start":{"line":42,"column":30},"end":{"line":42,"column":45}},"1":{"start":{"line":43,"column":30},"end":{"line":43,"column":42}},"2":{"start":{"line":44,"column":44},"end":{"line":44,"column":55}},"3":{"start":{"line":45,"column":28},"end":{"line":45,"column":55}},"4":{"start":{"line":46,"column":40},"end":{"line":46,"column":55}},"5":{"start":{"line":48,"column":17},"end":{"line":48,"column":28}},"6":{"start":{"line":49,"column":21},"end":{"line":49,"column":30}},"7":{"start":{"line":50,"column":19},"end":{"line":50,"column":49}},"8":{"start":{"line":53,"column":2},"end":{"line":62,"column":5}},"9":{"start":{"line":54,"column":4},"end":{"line":61,"column":7}},"10":{"start":{"line":55,"column":19},"end":{"line":55,"column":24}},"11":{"start":{"line":56,"column":6},"end":{"line":59,"column":7}},"12":{"start":{"line":57,"column":8},"end":{"line":57,"column":28}},"13":{"start":{"line":58,"column":8},"end":{"line":58,"column":22}},"14":{"start":{"line":60,"column":6},"end":{"line":60,"column":18}},"15":{"start":{"line":65,"column":2},"end":{"line":110,"column":29}},"16":{"start":{"line":67,"column":6},"end":{"line":67,"column":26}},"17":{"start":{"line":67,"column":19},"end":{"line":67,"column":26}},"18":{"start":{"line":69,"column":6},"end":{"line":69,"column":27}},"19":{"start":{"line":70,"column":6},"end":{"line":107,"column":7}},"20":{"start":{"line":71,"column":21},"end":{"line":71,"column":53}},"21":{"start":{"line":72,"column":8},"end":{"line":102,"column":9}},"22":{"start":{"line":73,"column":41},"end":{"line":79,"column":13}},"23":{"start":{"line":73,"column":56},"end":{"line":79,"column":11}},"24":{"start":{"line":81,"column":10},"end":{"line":81,"column":28}},"25":{"start":{"line":84,"column":10},"end":{"line":101,"column":11}},"26":{"start":{"line":85,"column":12},"end":{"line":100,"column":15}},"27":{"start":{"line":86,"column":14},"end":{"line":99,"column":15}},"28":{"start":{"line":87,"column":48},"end":{"line":93,"column":19}},"29":{"start":{"line":87,"column":70},"end":{"line":93,"column":17}},"30":{"start":{"line":94,"column":16},"end":{"line":98,"column":19}},"31":{"start":{"line":95,"column":38},"end":{"line":95,"column":66}},"32":{"start":{"line":95,"column":60},"end":{"line":95,"column":64}},"33":{"start":{"line":96,"column":35},"end":{"line":96,"column":79}},"34":{"start":{"line":96,"column":56},"end":{"line":96,"column":78}},"35":{"start":{"line":97,"column":18},"end":{"line":97,"column":48}},"36":{"start":{"line":104,"column":8},"end":{"line":104,"column":57}},"37":{"start":{"line":106,"column":8},"end":{"line":106,"column":30}},"38":{"start":{"line":109,"column":4},"end":{"line":109,"column":54}},"39":{"start":{"line":109,"column":38},"end":{"line":109,"column":54}},"40":{"start":{"line":113,"column":38},"end":{"line":123,"column":3}},"41":{"start":{"line":126,"column":24},"end":{"line":149,"column":35}},"42":{"start":{"line":127,"column":21},"end":{"line":127,"column":48}},"43":{"start":{"line":130,"column":18},"end":{"line":135,"column":16}},"44":{"start":{"line":132,"column":8},"end":{"line":133,"column":76}},"45":{"start":{"line":138,"column":4},"end":{"line":146,"column":5}},"46":{"start":{"line":139,"column":6},"end":{"line":145,"column":9}},"47":{"start":{"line":148,"column":4},"end":{"line":148,"column":32}},"48":{"start":{"line":152,"column":2},"end":{"line":156,"column":15}},"49":{"start":{"line":153,"column":4},"end":{"line":155,"column":5}},"50":{"start":{"line":154,"column":6},"end":{"line":154,"column":55}},"51":{"start":{"line":154,"column":23},"end":{"line":154,"column":48}},"52":{"start":{"line":158,"column":23},"end":{"line":167,"column":14}},"53":{"start":{"line":159,"column":4},"end":{"line":159,"column":22}},"54":{"start":{"line":159,"column":15},"end":{"line":159,"column":22}},"55":{"start":{"line":160,"column":4},"end":{"line":164,"column":5}},"56":{"start":{"line":161,"column":6},"end":{"line":161,"column":20}},"57":{"start":{"line":162
[...]
e":331,"column":21}},{"start":{"line":332,"column":18},"end":{"line":356,"column":15}}],"line":326},"45":{"loc":{"start":{"line":328,"column":49},"end":{"line":328,"column":72}},"type":"cond-expr","locations":[{"start":{"line":328,"column":67},"end":{"line":328,"column":68}},{"start":{"line":328,"column":71},"end":{"line":328,"column":72}}],"line":328},"46":{"loc":{"start":{"line":332,"column":18},"end":{"line":356,"column":15}},"type":"cond-expr","locations":[{"start":{"line":333,"column":16},"end":{"line":337,"column":21}},{"start":{"line":339,"column":16},"end":{"line":355,"column":18}}],"line":332},"47":{"loc":{"start":{"line":332,"column":19},"end":{"line":332,"column":29}},"type":"binary-expr","locations":[{"start":{"line":332,"column":19},"end":{"line":332,"column":23}},{"start":{"line":332,"column":27},"end":{"line":332,"column":29}}],"line":332},"48":{"loc":{"start":{"line":334,"column":49},"end":{"line":334,"column":72}},"type":"cond-expr","locations":[{"start":{"line":334,"column":67},"end":{"line":334,"column":68}},{"start":{"line":334,"column":71},"end":{"line":334,"column":72}}],"line":334},"49":{"loc":{"start":{"line":339,"column":17},"end":{"line":339,"column":27}},"type":"binary-expr","locations":[{"start":{"line":339,"column":17},"end":{"line":339,"column":21}},{"start":{"line":339,"column":25},"end":{"line":339,"column":27}}],"line":339},"50":{"loc":{"start":{"line":340,"column":18},"end":{"line":340,"column":41}},"type":"if","locations":[{"start":{"line":340,"column":18},"end":{"line":340,"column":41}},{"start":{},"end":{}}],"line":340},"51":{"loc":{"start":{"line":341,"column":33},"end":{"line":341,"column":59}},"type":"binary-expr","locations":[{"start":{"line":341,"column":33},"end":{"line":341,"column":49}},{"start":{"line":341,"column":53},"end":{"line":341,"column":59}}],"line":341},"52":{"loc":{"start":{"line":364,"column":9},"end":{"line":395,"column":9}},"type":"cond-expr","locations":[{"start":{"line":365,"column":10},"end":{"line":367,"column":12}},{"start":{"line":368,"column":12},"end":{"line":395,"column":9}}],"line":364},"53":{"loc":{"start":{"line":368,"column":12},"end":{"line":395,"column":9}},"type":"cond-expr","locations":[{"start":{"line":369,"column":10},"end":{"line":371,"column":16}},{"start":{"line":372,"column":12},"end":{"line":395,"column":9}}],"line":368},"54":{"loc":{"start":{"line":372,"column":12},"end":{"line":395,"column":9}},"type":"cond-expr","locations":[{"start":{"line":373,"column":10},"end":{"line":375,"column":16}},{"start":{"line":377,"column":10},"end":{"line":394,"column":16}}],"line":372},"55":{"loc":{"start":{"line":372,"column":13},"end":{"line":372,"column":23}},"type":"binary-expr","locations":[{"start":{"line":372,"column":13},"end":{"line":372,"column":17}},{"start":{"line":372,"column":21},"end":{"line":372,"column":23}}],"line":372},"56":{"loc":{"start":{"line":378,"column":14},"end":{"line":378,"column":24}},"type":"binary-expr","locations":[{"start":{"line":378,"column":14},"end":{"line":378,"column":18}},{"start":{"line":378,"column":22},"end":{"line":378,"column":24}}],"line":378},"57":{"loc":{"start":{"line":379,"column":14},"end":{"line":379,"column":37}},"type":"if","locations":[{"start":{"line":379,"column":14},"end":{"line":379,"column":37}},{"start":{},"end":{}}],"line":379},"58":{"loc":{"start":{"line":380,"column":29},"end":{"line":380,"column":52}},"type":"binary-expr","locations":[{"start":{"line":380,"column":29},"end":{"line":380,"column":45}},{"start":{"line":380,"column":49},"end":{"line":380,"column":52}}],"line":380},"59":{"loc":{"start":{"line":399,"column":7},"end":{"line":429,"column":7}},"type":"binary-expr","locations":[{"start":{"line":399,"column":7},"end":{"line":399,"column":17}},{"start":{"line":399,"column":21},"end":{"line":399,"column":46}},{"start":{"line":400,"column":8},"end":{"line":428,"column":14}}],"line":399},"60":{"loc":{"start":{"line":444,"column":27},"end":{"line":444,"column":106}},"type":"binary-expr","locations":[{"start":{"line":444,"column":27},"end":{"line":444,"column":66}},{"start":{"line":444,"column":70},"end":{"line":444,"column":83}},{"start":{"line":444,"column":87},"end":{"line":444,"column":106}}],"line":444},"61":{"loc":{"start":{"line":456,"column":25},"end":{"line":456,"column":71}},"type":"cond-expr","locations":[{"start":{"line":456,"column":35},"end":{"line":456,"column":44}},{"start":{"line":456,"column":47},"end":{"line":456,"column":71}}],"line":456},"62":{"loc":{"start":{"line":485,"column":23},"end":{"line":485,"column":80}},"type":"binary-expr","locations":[{"start":{"line":485,"column":23},"end":{"line":485,"column":52}},{"start":{"line":485,"column":56},"end":{"line":485,"column":80}}],"line":485}},"s":{"0":1,"1":0,"2":0,"3":0,"4":0,"5":0,"6":0,"7":0,"8":0,"9":0,"10":1,"11":0,"12":0,"13":0,"14":0,"15":0,"16":0,"17":0,"18":0,"19":0,"20":2,"21":2,"22":2,"23":2,"24":0,"25":2,"26":0,"27":0,"28":0,"29":0,"30":0,"31":2,"32":0,"33":0,"34":0,"35":0,"36":0,"37":0,"38":2,"39":0,"40":0,"41":2,"42":0,"43":0,"44":0,"45":0,"46":8,"47":5,"48":20,"49":0,"50":0,"51":0,"52":0,"53":0,"54":3,"55":0,"56":0,"57":0,"58":0,"59":0,"60":0,"61":0,"62":0,"63":0,"64":2,"65":0},"f":{"0":0,"1":0,"2":0,"3":0,"4":0,"5":0,"6":0,"7":0,"8":0,"9":0,"10":2,"11":2,"12":0,"13":0,"14":0,"15":0,"16":0,"17":0,"18":0,"19":0,"20":0,"21":0,"22":0,"23":8,"24":5,"25":20,"26":0,"27":0,"28":3,"29":0,"30":0,"31":0,"32":0,"33":0,"34":0,"35":2,"36":0},"b":{"0":[0,0],"1":[0,0],"2":[0,0,0],"3":[0,0],"4":[0,0],"5":[0,0],"6":[0,0],"7":[0,0],"8":[0,0],"9":[0,0,0],"10":[0,0],"11":[0,0],"12":[0,0],"13":[0,0],"14":[0],"15":[2],"16":[2],"17":[2],"18":[0],"19":[2],"20":[2],"21":[2,0],"22":[0,0],"23":[0,0],"24":[0,0],"25":[0,0],"26":[0,0],"27":[0,0],"28":[0,0],"29":[0,0],"30":[2,0],"31":[2,0],"32":[0,0],"33":[2,0,0],"34":[0,0],"35":[2,0],"36":[2,0],"37":[2,2],"38":[2,0],"39":[0,0],"40":[0,0],"41":[0,0],"42":[1,1],"43":[0,5],"44":[0,1],"45":[0,0],"46":[1,0],"47":[1,0],"48":[0,1],"49":[0,0],"50":[0,0],"51":[0,0],"52":[1,1],"53":[0,1],"54":[1,0],"55":[1,0],"56":[0,0],"57":[0,0],"58":[0,0],"59":[2,0,0],"60":[0,0,0],"61":[0,0],"62":[0,0]},"_coverageSchema":"1a1c01bbd47fc00a2c39e90264f33305004495a9","hash":"5a4d56516a7d356a86871495adc40715ebdff767"},"D:\\project\\egov-enterprise\\frontend\\src\\app\\components\\layout\\page-header.tsx":{"path":"D:\\project\\egov-enterprise\\frontend\\src\\app\\components\\layout\\page-header.tsx","statementMap":{"0":{"start":{"line":21,"column":2},"end":{"line":68,"column":4}},"1":{"start":{"line":31,"column":12},"end":{"line":42,"column":29}}},"fnMap":{"0":{"name":"PageHeader","decl":{"start":{"line":20,"column":16},"end":{"line":20,"column":26}},"loc":{"start":{"line":20,"column":88},"end":{"line":69,"column":1}},"line":20},"1":{"name":"(anonymous_1)","decl":{"start":{"line":30,"column":27},"end":{"line":30,"column":28}},"loc":{"start":{"line":31,"column":12},"end":{"line":42,"column":29}},"line":31}},"branchMap":{"0":{"loc":{"start":{"line":24,"column":7},"end":{"line":45,"column":7}},"type":"binary-expr","locations":[{"start":{"line":24,"column":7},"end":{"line":24,"column":18}},{"start":{"line":25,"column":8},"end":{"line":44,"column":14}}],"line":24},"1":{"loc":{"start":{"line":33,"column":15},"end":{"line":41,"column":15}},"type":"cond-expr","locations":[{"start":{"line":34,"column":16},"end":{"line":36,"column":23}},{"start":{"line":38,"column":16},"end":{"line":40,"column":23}}],"line":33},"2":{"loc":{"start":{"line":38,"column":33},"end":{"line":38,"column":107}},"type":"cond-expr","locations":[{"start":{"line":38,"column":66},"end":{"line":38,"column":102}},{"start":{"line":38,"column":105},"end":{"line":38,"column":107}}],"line":38},"3":{"loc":{"start":{"line":61,"column":9},"end":{"line":65,"column":9}},"type":"binary-expr","locations":[{"start":{"line":61,"column":9},"end":{"line":61,"column":16}},{"start":{"line":62,"column":10},"end":{"line":64,"column":16}}],"line":61}},"s":{"0":2,"1":4},"f":{"0":2,"1":4},"b":{"0":[2,2],"1":[0,4],"2":[2,2],"3":[2,0]},"_coverageSchema":"1a1c01bbd47fc00a2c39e90264f33305004495a9","hash":"fa2b4e83ba656c5be21f7e58e9e9f9d02e06807c"},"D:\\project\\egov-enterprise\\frontend\\src\\app\\admin\\work-hub\\WorkHubClient.tsx":{"path":"D:\\project\\egov-enterprise\\frontend\\src\\app\\admin\\work-hub\\WorkHubClient.tsx","statementMap":{"0":{"start":{"line":39,"column":17},"end":{"line":39,"column":28}},"1":{"start":{"line":40,"column":23},"end":{"line":40,"column":40}},"2":{"start":{"line":41,"column":22},"end":{"line":41,"column":38}},"3":{"start":{"line":43,"column":19},"end":{"line":43,"column":42}},"4":{"start":{"line":44,"column":21},"end":{"line":47,"column":173}},"5":{"start":{"line":49,"column":35},"end":{"line":49,"column":86}},"6":{"start":{"line":50,"column":44},"end":{"line":50,"column":56}},"7":{"start":{"line":51,"column":40},"end":{"line":51,"column":60}},"8":{"start":{"line":53,"column":17},"end":{"line":58,"column":3}},"9":{"start":{"line":54,"column":4},"end":{"line":54,"column":21}},"10":{"start":{"line":55,"column":19},"end":{"line":55,"column":52}},"11":{"start":{"line":56,"column":4},"end":{"line":56,"column":27}},"12":{"start":{"line":57,"column":4},"end":{"line":57,"column":75}},"13":{"start":{"line":60,"column":53},"end":{"line":64,"column":4}},"14":{"start":{"line":62,"column":19},"end":{"line":62,"column":83}},"15":{"start":{"line":65,"column":15},"end":{"line":65,"column":34}},"16":{"start":{"line":67,"column":59},"end":{"line":71,"column":4}},"17":{"start":{"line":69,"column":19},"end":{"line":69,"column":92}},"18":{"start":{"line":72,"column":18},"end":{"line":72,"column":40}},"19":{"start":{"line":74,"column":36},"end":{"line":105,"column":3}},"20":{"start":{"line":77,"column":30},"end":{"line":77,"column":140}},"21":{"start":{"line":83,"column":8},"end":{"line":86,"column":14}},"22":{"start":{"line":91,"column":26},"end":{"line":91,"column":131}},"23":{"start":{"line":97,"column":8},"end":{"line":101,"column":14}},"24":{"start":{"line":107,"column":39},"end":{"line":138,"column":3}},"25":{"start":{"line":110,"column":30},"end":{"line":110,"column":140}},"26":{"start":{"line":116,"column":8},"end":{"line":119,"column":14}},"27":{"start":{"line":124,"column":26},"end":{"line":124,"column":112}},"28":{"start":{"line":130,"column":8},"end":{"line":134,"column":14}},"29":{"start":{"line":140,"column":2},"end":{"line":218,"column":4}},"30":{"start":{"line":159,"column":32},"end":{"line":159,"column":45}},"31":{"start":{"line":167,"column":32},"end":{"line":167,"column":48}},"32":{"start":{"line":198,"column":33},"end":{"line":198,"column":65}}},"fnMap":{"0":{"name":"WorkHubClient","decl":{"start":{"line":38,"column":24},"end":{"line":38,"column":37}},"loc":{"start":{"line":38,"column":121},"end":{"line":219,"column":1}},"line":38},"1":{"name":"(anonymous_1)","decl":{"start":{"line":53,"column":17},"end":{"line":53,"column":18}},"loc":{"start":{"line":53,"column":57},"end":{"line":58,"column":3}},"line":53},"2":{"name":"(anonymous_2)","decl":{"start":{"line":62,"column":13},"end":{"line":62,"column":14}},"loc":{"start":{"line":62,"column":19},"end":{"line":62,"column":83}},"line":62},"3":{"name":"(anonymous_3)","decl":{"start":{"line":69,"column":13},"end":{"line":69,"column":14}},"loc":{"start":{"line":69,"column":19},"end":{"line":69,"column":92}},"line":69},"4":{"name":"(anonymous_4)","decl":{"start":{"line":77,"column":16},"end":{"line":77,"column":17}},"loc":{"start":{"line":77,"column":30},"end":{"line":77,"column":140}},"line":77},"5":{"name":"(anonymous_5)","decl":{"start":{"line":82,"column":16},"end":{"line":82,"column":17}},"loc":{"start":{"line":83,"column":8},"end":{"line":86,"column":14}},"line":83},"6":{"name":"(anonymous_6)","decl":{"start":{"line":91,"column":16},"end":{"line":91,"column":17}},"loc":{"start":{"line":91,"column":26},"end":{"line":91,"column":131}},"line":91},"7":{"name":"(anonymous_7)","decl":{"start":{"line":96,"column":16},"end":{"line":96,"column":17}},"loc":{"start":{"line":97,"column":8},"end":{"line":101,"column":14}},"line":97},"8":{"name":"(anonymous_8)","decl":{"start":{"line":110,"column":16},"end":{"line":110,"column":17}},"loc":{"start":{"line":110,"column":30},"end":{"line":110,"column":140}},"line":110},"9":{"name":"(anonymous_9)","decl":{"start":{"line":115,"column":16},"end":{"line":115,"column":17}},"loc":{"start":{"line":116,"column":8},"end":{"line":119,"column":14}},"line":116},"10":{"name":"(anonymous_10)","decl":{"start":{"line":124,"column":16},"end":{"line":124,"column":17}},"loc":{"start":{"line":124,"column":26},"end":{"line":124,"column":112}},"line":124},"11":{"name":"(anonymous_11)","decl":{"start":{"line":129,"column":16},"end":{"line":129,"column":17}},"loc":{"start":{"line":130,"column":8},"end":{"line":134,"column":14}},"line":130},"12":{"name":"(anonymous_12)","decl":{"start":{"line":159,"column":26},"end":{"line":159,"column":27}},"loc":{"start":{"line":159,"column":32},"end":{"line":159,"column":45}},"line":159},"13":{"name":"(anonymous_13)","decl":{"start":{"line":167,"column":26},"end":{"line":167,"column":27}},"loc":{"start":{"line":167,"column":32},"end":{"line":167,"column":48}},"line":167},"14":{"name":"(anonymous_14)","decl":{"start":{"line":198,"column":26},"end":{"line":198,"column":27}},"loc":{"start":{"line":198,"column":33},"end":{"line":198,"column":65}},"line":198}},"branchMap":{"0":{"loc":{"start":{"line":38,"column":46},"end":{"line":38,"column":62}},"type":"default-arg","locations":[{"start":{"line":38,"column":60},"end":{"line":38,"column":62}}],"line":38},"1":{"loc":{"start":{"line":38,"column":73},"end":{"line":38,"column":92}},"type":"default-arg","locations":[{"start":{"line":38,"column":90},"end":{"line":38,"column":92}}],"line":38},"2":{"loc":{"start":{"line":38,"column":94},"end":{"line":38,"column":112}},"type":"default-arg","locations":[{"start":{"line":38,"column":107},"end":{"line":38,"column":112}}],"line":38},"3":{"loc":{"start":{"line":44,"column":22},"end":{"line":47,"column":139}},"type":"cond-expr","locations":[{"start":{"line":44,"column":48},"end":{"line":44,"column":58}},{"start":{"line":45,"column":4},"end":{"line":47,"column":139}}],"line":44},"4":{"loc":{"start":{"line":45,"column":4},"end":{"line":47,"column":139}},"type":"cond-expr","locations":[{"start":{"line":45,"column":28},"end":{"line":45,"column":36}},{"start":{"line":46,"column":6},"end":{"line":47,"column":139}}],"line":45},"5":{"loc":{"start":{"line":46,"column":6},"end":{"line":47,"column":139}},"type":"cond-expr","locations":[{"start":{"line":46,"column":60},"end":{"line":46,"column":68}},{"start":{"line":47,"column":8},"end":{"line":47,"column":139}}],"line":46},"6":{"loc":{"start":{"line":46,"column":7},"end":{"line":46,"column":23}},"type":"binary-expr","locations":[{"start":{"line":46,"column":7},"end":{"line":46,"column":17}},{"start":{"line":46,"column":21},"end":{"line":46,"column":23}}],"line":46},"7":{"loc":{"start":{"line":47,"column":8},"end":{"line":47,"column":139}},"type":"cond-expr","locations":[{"start":{"line":47,"column":121},"end":{"line":47,"column":131}},{"start":{"line":47,"column":134},"end":{"line":47,"column":139}}],"line":47},"8":{"loc":{"start":{"line":47,"column":8},"end":{"line":47,"column":118}},"type":"binary-expr","locations":[{"start":{"line":47,"column":8},"end":{"line":47,"column":61}},{"start":{"line":47,"column":65},"end":{"line":47,"column":118}}],"line":47},"9":{"loc":{"start":{"line":47,"column":9},"end":{"line":47,"column":25}},"type":"binary-expr","locations":[{"start":{"line":47,"column":9},"end":{"line":47,"column":19}},{"start":{"line":47,"column":23},"end":{"line":47,"column":25}}],"line":47},"10":{"loc":{"start":{"line":47,"column":66},"end":{"line":47,"column":82}},"type":"binary-expr","locations":[{"start":{"line":47,"column":66},"end":{"line":47,"column":76}},{"start":{"line":47,"column":80},"end":{"line":47,"column":82}}],"line":47},"11":{"loc":{"start":{"line":65,"column":15},"end":{"line":65,"column":34}},"type":"binary-expr","locations":[{"start":{"line":65,"column":15},"end":{"line":65,"column":28}},{"start":{"line":65,"column":32},"end":{"line":65,"column":34}}],"line":65},"12":{"loc":{"start":{"line":72,"column":18},"end":{"line":72,"column":40}},"type":"binary-expr","locations":[{"start":{"line":72,"column":18},"end":{"line":72,"column":34}},{"start":{"line":72,"column":38},"end":{"line":72,"column":40}}],"line":72},"13":{"loc":{"start":{"line":91,"column":103},"end":{"line":91,"column":123}},"type":"binary-expr","locations":[{"start":{"line":91,"column":103},"end":{"line":91,"column":114}},{"start":{"line":91,"column":118},"end":{"line":91,"column":123}}],"line":91},"14":{"loc":{"start":{"line":158,"column":102},"end":{"line":158,"column":176}},"type":"cond-expr","locations":[{"start":{"line":158,"column":124},"end":{"line":158,"column":157}},{"start":{"line":158,"column":160},"end":{"line":158,"column":176}}],"line":158},"15":{"loc":{"start":{"line":166,"column":102},"end":{"line":166,"column":179}},"type":"cond-expr","locations":[{"start":{"line":166,"column":127},"end":{"line":166,"column":160}},{"start":{"line":166,"column":163},"end":{"line":166,"column":179}}],"line":166},"16":{"loc":{"start":{"line":187,"column":15},"end":{"line":187,"column":69}},"type":"cond-expr","locations":[{"start":{"line":187,"column":37},"end":{"line":187,"column":52}},{"start":{"line":187,"column":55},"end":{"line":187,"column":69}}],"line":187},"17":{"loc":{"start":{"line":188,"column":21},"end":{"line":188,"column":116}},"type":"cond-expr","locations":[{"start":{"line":188,"column":43},"end":{"line":188,"column":78}},{"start":{"line":188,"column":81},"end":{"line":188,"column":116}}],"line":188},"18":{"loc":{"start":{"line":189,"column":14},"end":{"line":189,"column":60}},"type":"cond-expr","locations":[{"start":{"line":189,"column":36},"end":{"line":189,"column":49}},{"start":{"line":189,"column":52},"end":{"line":189,"column":60}}],"line":189},"19":{"loc":{"start":{"line":207,"column":23},"end":{"line":207,"column":71}},"type":"cond-expr","locations":[{"start":{"line":207,"column":45},"end":{"line":207,"column":55}},{"start":{"line":207,"column":58},"end":{"line":207,"column":71}}],"line":207},"20":{"loc":{"start":{"line":208,"column":20},"end":{"line":208,"column":56}},"type":"cond-expr","locations":[{"start":{"line":208,"column":42},"end":{"line":208,"column":46}},{"start":{"line":208,"column":49},"end":{"line":208,"column":56}}],"line":208},"21":{"loc":{"start":{"line":209,"column":23},"end":{"line":209,"column":75}},"type":"cond-expr","locations":[{"start":{"line":209,"column":45},"end":{"line":209,"column":57}},{"start":{"line":209,"column":60},"end":{"line":209,"column":75}}],"line":209}},"s":{"0":2,"1":2,"2":2,"3":2,"4":2,"5":2,"6":2,"7":2,"8":2,"9":0,"10":0,"11":0,"12":0,"13":2,"14":1,"15":2,"16":2,"17":0,"18":2,"19":2,"20":0,"21":0,"22":0,"23":0,"24":2,"25":0,"26":0,"27":0,"28":0,"29":2,"30":0,"31":0,"32":0},"f":{"0":2,"1":0,"2":1,"3":0,"4":0,"5":0,"6":0,"7":0,"8":0,"9":0,"10":0,"11":0,"12":0,"13":0,"14":0},"b":{"0":[2],"1":[2],"2":[2],"3":[0,2],"4":[0,2],"5":[0,2],"6":[2,0],"7":[0,2],"8":[2,2],"9":[2,0],"10":[2,0],"11":[2,1],"12":[2,2],"13":[0,0],"14":[2,0],"15":[0,2],"16":[2,0],"17":[2,0],"18":[2,0],"19":[2,0],"20":[2,0],"21":[2,0]},"_coverageSchema":"1a1c01bbd47fc00a2c39e90264f33305004495a9","hash":"85bcf234c2be7a6fa202046bdf720fc240f2a9c0"},"D:\\project\\egov-enterprise\\frontend\\src\\app\\admin\\work-hub\\page.tsx":{"path":"D:\\project\\egov-enterprise\\frontend\\src\\app\\admin\\work-hub\\page.tsx","statementMap":{"0":{"start":{"line":7,"column":1},"end":{"line":7,"column":26}}},"fnMap":{"0":{"name":"WorkHubPage","decl":{"start":{"line":6,"column":24},"end":{"line":6,"column":35}},"loc":{"start":{"line":6,"column":38},"end":{"line":8,"column":1}},"line":6}},"branchMap":{},"s":{"0":1},"f":{"0":1},"b":{},"_coverageSchema":"1a1c01bbd47fc00a2c39e90264f33305004495a9","hash":"5f2fd136cbcfb086c3cf54dd134c1d30fb1277e0"}}